

================================================================
== Vivado HLS Report for 'StreamingFCLayer_Batch_6'
================================================================
* Date:           Sat Jan 30 15:27:40 2021

* Version:        2020.1.1 (Build 2951007 on Wed Aug 05 23:24:06 MDT 2020)
* Project:        project_StreamingFCLayer_Batch_6
* Solution:       sol1
* Product family: zynq
* Target device:  xc7z020-clg400-1


================================================================
== Performance Estimates
================================================================
+ Timing: 
    * Summary: 
    +--------+----------+----------+------------+
    |  Clock |  Target  | Estimated| Uncertainty|
    +--------+----------+----------+------------+
    |ap_clk  | 10.00 ns | 8.336 ns |   1.25 ns  |
    +--------+----------+----------+------------+

+ Latency: 
    * Summary: 
    +---------+---------+-----------+-----------+------+------+---------+
    |  Latency (cycles) |   Latency (absolute)  |   Interval  | Pipeline|
    |   min   |   max   |    min    |    max    |  min |  max |   Type  |
    +---------+---------+-----------+-----------+------+------+---------+
    |     1797|     1797| 17.970 us | 17.970 us |  1797|  1797|   none  |
    +---------+---------+-----------+-----------+------+------+---------+

    + Detail: 
        * Instance: 
        +--------------------------------+----------------------+---------+---------+-----------+-----------+------+------+---------+
        |                                |                      |  Latency (cycles) |   Latency (absolute)  |   Interval  | Pipeline|
        |            Instance            |        Module        |   min   |   max   |    min    |    max    |  min |  max |   Type  |
        +--------------------------------+----------------------+---------+---------+-----------+-----------+------+------+---------+
        |grp_Matrix_Vector_Activa_fu_28  |Matrix_Vector_Activa  |     1794|     1794| 17.940 us | 17.940 us |  1794|  1794|   none  |
        +--------------------------------+----------------------+---------+---------+-----------+-----------+------+------+---------+

        * Loop: 
        N/A



================================================================
== Utilization Estimates
================================================================
* Summary: 
+-----------------+---------+-------+--------+-------+-----+
|       Name      | BRAM_18K| DSP48E|   FF   |  LUT  | URAM|
+-----------------+---------+-------+--------+-------+-----+
|DSP              |        -|      -|       -|      -|    -|
|Expression       |        -|      -|       0|      2|    -|
|FIFO             |        -|      -|       -|      -|    -|
|Instance         |        -|      0|    2162|   1800|    -|
|Memory           |        -|      -|       -|      -|    -|
|Multiplexer      |        -|      -|       -|     45|    -|
|Register         |        -|      -|       5|      -|    -|
+-----------------+---------+-------+--------+-------+-----+
|Total            |        0|      0|    2167|   1847|    0|
+-----------------+---------+-------+--------+-------+-----+
|Available        |      280|    220|  106400|  53200|    0|
+-----------------+---------+-------+--------+-------+-----+
|Utilization (%)  |        0|      0|       2|      3|    0|
+-----------------+---------+-------+--------+-------+-----+

+ Detail: 
    * Instance: 
    +--------------------------------+----------------------+---------+-------+------+------+-----+
    |            Instance            |        Module        | BRAM_18K| DSP48E|  FF  |  LUT | URAM|
    +--------------------------------+----------------------+---------+-------+------+------+-----+
    |grp_Matrix_Vector_Activa_fu_28  |Matrix_Vector_Activa  |        0|      0|  2162|  1800|    0|
    +--------------------------------+----------------------+---------+-------+------+------+-----+
    |Total                           |                      |        0|      0|  2162|  1800|    0|
    +--------------------------------+----------------------+---------+-------+------+------+-----+

    * DSP48E: 
    N/A

    * Memory: 
    N/A

    * FIFO: 
    N/A

    * Expression: 
    +-----------------------------------------------+----------+-------+---+----+------------+------------+
    |                 Variable Name                 | Operation| DSP48E| FF| LUT| Bitwidth P0| Bitwidth P1|
    +-----------------------------------------------+----------+-------+---+----+------------+------------+
    |grp_Matrix_Vector_Activa_fu_28_out_V_V_TREADY  |    and   |      0|  0|   2|           1|           1|
    +-----------------------------------------------+----------+-------+---+----+------------+------------+
    |Total                                          |          |      0|  0|   2|           1|           1|
    +-----------------------------------------------+----------+-------+---+----+------------+------------+

    * Multiplexer: 
    +------------------------+----+-----------+-----+-----------+
    |          Name          | LUT| Input Size| Bits| Total Bits|
    +------------------------+----+-----------+-----+-----------+
    |ap_NS_fsm               |  27|          5|    1|          5|
    |in0_V_V_TREADY_int      |   9|          2|    1|          2|
    |weights_V_V_TREADY_int  |   9|          2|    1|          2|
    +------------------------+----+-----------+-----+-----------+
    |Total                   |  45|          9|    3|          9|
    +------------------------+----+-----------+-----+-----------+

    * Register: 
    +---------------------------------------------+---+----+-----+-----------+
    |                     Name                    | FF| LUT| Bits| Const Bits|
    +---------------------------------------------+---+----+-----+-----------+
    |ap_CS_fsm                                    |  4|   0|    4|          0|
    |grp_Matrix_Vector_Activa_fu_28_ap_start_reg  |  1|   0|    1|          0|
    +---------------------------------------------+---+----+-----+-----------+
    |Total                                        |  5|   0|    5|          0|
    +---------------------------------------------+---+----+-----+-----------+



================================================================
== Interface
================================================================
* Summary: 
+--------------------+-----+-----+--------------+--------------------------+--------------+
|      RTL Ports     | Dir | Bits|   Protocol   |       Source Object      |    C Type    |
+--------------------+-----+-----+--------------+--------------------------+--------------+
|ap_clk              |  in |    1| ap_ctrl_none | StreamingFCLayer_Batch_6 | return value |
|ap_rst_n            |  in |    1| ap_ctrl_none | StreamingFCLayer_Batch_6 | return value |
|in0_V_V_TDATA       |  in |    8|     axis     |          in0_V_V         |    pointer   |
|in0_V_V_TVALID      |  in |    1|     axis     |          in0_V_V         |    pointer   |
|in0_V_V_TREADY      | out |    1|     axis     |          in0_V_V         |    pointer   |
|weights_V_V_TDATA   |  in |    8|     axis     |        weights_V_V       |    pointer   |
|weights_V_V_TVALID  |  in |    1|     axis     |        weights_V_V       |    pointer   |
|weights_V_V_TREADY  | out |    1|     axis     |        weights_V_V       |    pointer   |
|out_V_V_TDATA       | out |   16|     axis     |          out_V_V         |    pointer   |
|out_V_V_TVALID      | out |    1|     axis     |          out_V_V         |    pointer   |
|out_V_V_TREADY      |  in |    1|     axis     |          out_V_V         |    pointer   |
+--------------------+-----+-----+--------------+--------------------------+--------------+

