

================================================================
== Vivado HLS Report for 'Matrix_Vector_Activa'
================================================================
* Date:           Sat Jan 30 13:19:54 2021

* Version:        2020.1.1 (Build 2951007 on Wed Aug 05 23:24:06 MDT 2020)
* Project:        project_StreamingFCLayer_Batch_0
* Solution:       sol1
* Product family: zynq
* Target device:  xc7z020-clg400-1


================================================================
== Performance Estimates
================================================================
+ Timing: 
    * Summary: 
    +--------+----------+----------+------------+
    |  Clock |  Target  | Estimated| Uncertainty|
    +--------+----------+----------+------------+
    |ap_clk  | 10.00 ns | 8.573 ns |   1.25 ns  |
    +--------+----------+----------+------------+

+ Latency: 
    * Summary: 
    +---------+---------+-----------+-----------+---------+---------+---------+
    |  Latency (cycles) |   Latency (absolute)  |      Interval     | Pipeline|
    |   min   |   max   |    min    |    max    |   min   |   max   |   Type  |
    +---------+---------+-----------+-----------+---------+---------+---------+
    |  1843202|  1843202| 18.432 ms | 18.432 ms |  1843202|  1843202|   none  |
    +---------+---------+-----------+-----------+---------+---------+---------+

    + Detail: 
        * Instance: 
        N/A

        * Loop: 
        +----------+---------+---------+----------+-----------+-----------+---------+----------+
        |          |  Latency (cycles) | Iteration|  Initiation Interval  |   Trip  |          |
        | Loop Name|   min   |   max   |  Latency |  achieved |   target  |  Count  | Pipelined|
        +----------+---------+---------+----------+-----------+-----------+---------+----------+
        |- Loop 1  |  1843200|  1843200|         2|          1|          1|  1843200|    yes   |
        +----------+---------+---------+----------+-----------+-----------+---------+----------+



================================================================
== Utilization Estimates
================================================================
* Summary: 
+-----------------+---------+-------+--------+-------+-----+
|       Name      | BRAM_18K| DSP48E|   FF   |  LUT  | URAM|
+-----------------+---------+-------+--------+-------+-----+
|DSP              |        -|      -|       -|      -|    -|
|Expression       |        -|      -|       0|    522|    -|
|FIFO             |        -|      -|       -|      -|    -|
|Instance         |        -|      0|       0|   2885|    -|
|Memory           |        -|      -|       -|      -|    -|
|Multiplexer      |        -|      -|       -|    114|    -|
|Register         |        -|      -|    4836|      -|    -|
+-----------------+---------+-------+--------+-------+-----+
|Total            |        0|      0|    4836|   3521|    0|
+-----------------+---------+-------+--------+-------+-----+
|Available        |      280|    220|  106400|  53200|    0|
+-----------------+---------+-------+--------+-------+-----+
|Utilization (%)  |        0|      0|       4|      6|    0|
+-----------------+---------+-------+--------+-------+-----+

+ Detail: 
    * Instance: 
    +-------------------------+----------------------+---------+-------+---+------+-----+
    |         Instance        |        Module        | BRAM_18K| DSP48E| FF|  LUT | URAM|
    +-------------------------+----------------------+---------+-------+---+------+-----+
    |StreamingFCLayer_bkb_U1  |StreamingFCLayer_bkb  |        0|      0|  0|  2693|    0|
    |StreamingFCLayer_cud_U2  |StreamingFCLayer_cud  |        0|      0|  0|    24|    0|
    |StreamingFCLayer_cud_U3  |StreamingFCLayer_cud  |        0|      0|  0|    24|    0|
    |StreamingFCLayer_cud_U4  |StreamingFCLayer_cud  |        0|      0|  0|    24|    0|
    |StreamingFCLayer_cud_U5  |StreamingFCLayer_cud  |        0|      0|  0|    24|    0|
    |StreamingFCLayer_cud_U6  |StreamingFCLayer_cud  |        0|      0|  0|    24|    0|
    |StreamingFCLayer_cud_U7  |StreamingFCLayer_cud  |        0|      0|  0|    24|    0|
    |StreamingFCLayer_cud_U8  |StreamingFCLayer_cud  |        0|      0|  0|    24|    0|
    |StreamingFCLayer_cud_U9  |StreamingFCLayer_cud  |        0|      0|  0|    24|    0|
    +-------------------------+----------------------+---------+-------+---+------+-----+
    |Total                    |                      |        0|      0|  0|  2885|    0|
    +-------------------------+----------------------+---------+-------+---+------+-----+

    * DSP48E: 
    N/A

    * Memory: 
    N/A

    * FIFO: 
    N/A

    * Expression: 
    +----------------------------------+----------+-------+---+----+------------+------------+
    |           Variable Name          | Operation| DSP48E| FF| LUT| Bitwidth P0| Bitwidth P1|
    +----------------------------------+----------+-------+---+----+------------+------------+
    |accu_0_0_V_fu_10765_p2            |     +    |      0|  0|  31|          24|          24|
    |accu_0_1_V_fu_10807_p2            |     +    |      0|  0|  31|          24|          24|
    |accu_0_2_V_fu_10849_p2            |     +    |      0|  0|  31|          24|          24|
    |accu_0_3_V_fu_10891_p2            |     +    |      0|  0|  31|          24|          24|
    |add_ln700_2_fu_10797_p2           |     +    |      0|  0|  15|           9|           9|
    |add_ln700_4_fu_10839_p2           |     +    |      0|  0|  15|           9|           9|
    |add_ln700_6_fu_10881_p2           |     +    |      0|  0|  15|           9|           9|
    |add_ln700_fu_10755_p2             |     +    |      0|  0|  15|           9|           9|
    |i_fu_4775_p2                      |     +    |      0|  0|  28|          21|           1|
    |nf_fu_10933_p2                    |     +    |      0|  0|  39|          32|           1|
    |sf_fu_10650_p2                    |     +    |      0|  0|  39|           1|          32|
    |ap_block_pp0_stage0_01001         |    and   |      0|  0|   2|           1|           1|
    |ap_block_state3_io                |    and   |      0|  0|   2|           1|           1|
    |ap_predicate_op1183_read_state2   |    and   |      0|  0|   2|           1|           1|
    |icmp_ln248_fu_4769_p2             |   icmp   |      0|  0|  18|          21|          19|
    |icmp_ln252_fu_4784_p2             |   icmp   |      0|  0|  18|          32|           1|
    |icmp_ln271_fu_10570_p2            |   icmp   |      0|  0|  18|          32|           1|
    |icmp_ln289_fu_10656_p2            |   icmp   |      0|  0|  18|          32|          10|
    |icmp_ln301_fu_10939_p2            |   icmp   |      0|  0|  18|          32|           6|
    |ap_block_pp0_stage0_11001         |    or    |      0|  0|   2|           1|           1|
    |ap_block_state2_pp0_stage0_iter0  |    or    |      0|  0|   2|           1|           1|
    |select_ln271_1_fu_10686_p3        |  select  |      0|  0|  24|           1|           1|
    |select_ln271_2_fu_10693_p3        |  select  |      0|  0|  24|           1|           1|
    |select_ln271_3_fu_10700_p3        |  select  |      0|  0|  24|           1|           1|
    |select_ln271_fu_10679_p3          |  select  |      0|  0|  24|           1|           1|
    |select_ln301_fu_10945_p3          |  select  |      0|  0|  32|           1|           1|
    |ap_enable_pp0                     |    xor   |      0|  0|   2|           1|           2|
    |ap_enable_reg_pp0_iter1           |    xor   |      0|  0|   2|           2|           1|
    +----------------------------------+----------+-------+---+----+------------+------------+
    |Total                             |          |      0|  0| 522|         348|         216|
    +----------------------------------+----------+-------+---+----+------------+------------+

    * Multiplexer: 
    +-------------------------------------------+----+-----------+-----+-----------+
    |                    Name                   | LUT| Input Size| Bits| Total Bits|
    +-------------------------------------------+----+-----------+-----+-----------+
    |ap_NS_fsm                                  |  21|          4|    1|          4|
    |ap_enable_reg_pp0_iter1                    |  15|          3|    1|          3|
    |ap_phi_reg_pp0_iter1_act_m_val_V_reg_3600  |  15|          3|    8|         24|
    |ap_sig_allocacmp_nf_0_load_1               |   9|          2|   32|         64|
    |i_0_reg_3589                               |   9|          2|   21|         42|
    |in_V_V_TDATA_blk_n                         |   9|          2|    1|          2|
    |nf_0_fu_3566                               |   9|          2|   32|         64|
    |out_V_V_TDATA_blk_n                        |   9|          2|    1|          2|
    |sf_1_fu_1258                               |   9|          2|   32|         64|
    |weight_V_V_TDATA_blk_n                     |   9|          2|    1|          2|
    +-------------------------------------------+----+-----------+-----+-----------+
    |Total                                      | 114|         24|  130|        271|
    +-------------------------------------------+----+-----------+-----+-----------+

    * Register: 
    +-------------------------------------------+----+----+-----+-----------+
    |                    Name                   | FF | LUT| Bits| Const Bits|
    +-------------------------------------------+----+----+-----+-----------+
    |accu_0_0_V_1_fu_1242                       |  24|   0|   24|          0|
    |accu_0_1_V_1_fu_1246                       |  24|   0|   24|          0|
    |accu_0_2_V_1_fu_1250                       |  24|   0|   24|          0|
    |accu_0_3_V_1_fu_1254                       |  24|   0|   24|          0|
    |ap_CS_fsm                                  |   3|   0|    3|          0|
    |ap_enable_reg_pp0_iter0                    |   1|   0|    1|          0|
    |ap_enable_reg_pp0_iter1                    |   1|   0|    1|          0|
    |ap_phi_reg_pp0_iter1_act_m_val_V_reg_3600  |   8|   0|    8|          0|
    |i_0_reg_3589                               |  21|   0|   21|          0|
    |icmp_ln271_reg_15056                       |   1|   0|    1|          0|
    |icmp_ln289_reg_15104                       |   1|   0|    1|          0|
    |nf_0_fu_3566                               |  32|   0|   32|          0|
    |p_Result_1_0_1_reg_15069                   |   4|   0|    4|          0|
    |p_Result_1_1_1_reg_15079                   |   4|   0|    4|          0|
    |p_Result_1_1_reg_15074                     |   4|   0|    4|          0|
    |p_Result_1_2_1_reg_15089                   |   4|   0|    4|          0|
    |p_Result_1_2_reg_15084                     |   4|   0|    4|          0|
    |p_Result_1_3_1_reg_15099                   |   4|   0|    4|          0|
    |p_Result_1_3_reg_15094                     |   4|   0|    4|          0|
    |sf_1_fu_1258                               |  32|   0|   32|          0|
    |tmp_V_100_fu_1658                          |   8|   0|    8|          0|
    |tmp_V_101_fu_1662                          |   8|   0|    8|          0|
    |tmp_V_102_fu_1666                          |   8|   0|    8|          0|
    |tmp_V_103_fu_1670                          |   8|   0|    8|          0|
    |tmp_V_104_fu_1674                          |   8|   0|    8|          0|
    |tmp_V_105_fu_1678                          |   8|   0|    8|          0|
    |tmp_V_106_fu_1682                          |   8|   0|    8|          0|
    |tmp_V_107_fu_1686                          |   8|   0|    8|          0|
    |tmp_V_108_fu_1690                          |   8|   0|    8|          0|
    |tmp_V_109_fu_1694                          |   8|   0|    8|          0|
    |tmp_V_10_fu_1298                           |   8|   0|    8|          0|
    |tmp_V_110_fu_1698                          |   8|   0|    8|          0|
    |tmp_V_111_fu_1702                          |   8|   0|    8|          0|
    |tmp_V_112_fu_1706                          |   8|   0|    8|          0|
    |tmp_V_113_fu_1710                          |   8|   0|    8|          0|
    |tmp_V_114_fu_1714                          |   8|   0|    8|          0|
    |tmp_V_115_fu_1718                          |   8|   0|    8|          0|
    |tmp_V_116_fu_1722                          |   8|   0|    8|          0|
    |tmp_V_117_fu_1726                          |   8|   0|    8|          0|
    |tmp_V_118_fu_1730                          |   8|   0|    8|          0|
    |tmp_V_119_fu_1734                          |   8|   0|    8|          0|
    |tmp_V_11_fu_1302                           |   8|   0|    8|          0|
    |tmp_V_120_fu_1738                          |   8|   0|    8|          0|
    |tmp_V_121_fu_1742                          |   8|   0|    8|          0|
    |tmp_V_122_fu_1746                          |   8|   0|    8|          0|
    |tmp_V_123_fu_1750                          |   8|   0|    8|          0|
    |tmp_V_124_fu_1754                          |   8|   0|    8|          0|
    |tmp_V_125_fu_1758                          |   8|   0|    8|          0|
    |tmp_V_126_fu_1762                          |   8|   0|    8|          0|
    |tmp_V_127_fu_1766                          |   8|   0|    8|          0|
    |tmp_V_128_fu_1770                          |   8|   0|    8|          0|
    |tmp_V_129_fu_1774                          |   8|   0|    8|          0|
    |tmp_V_12_fu_1306                           |   8|   0|    8|          0|
    |tmp_V_130_fu_1778                          |   8|   0|    8|          0|
    |tmp_V_131_fu_1782                          |   8|   0|    8|          0|
    |tmp_V_132_fu_1786                          |   8|   0|    8|          0|
    |tmp_V_133_fu_1790                          |   8|   0|    8|          0|
    |tmp_V_134_fu_1794                          |   8|   0|    8|          0|
    |tmp_V_135_fu_1798                          |   8|   0|    8|          0|
    |tmp_V_136_fu_1802                          |   8|   0|    8|          0|
    |tmp_V_137_fu_1806                          |   8|   0|    8|          0|
    |tmp_V_138_fu_1810                          |   8|   0|    8|          0|
    |tmp_V_139_fu_1814                          |   8|   0|    8|          0|
    |tmp_V_13_fu_1310                           |   8|   0|    8|          0|
    |tmp_V_140_fu_1818                          |   8|   0|    8|          0|
    |tmp_V_141_fu_1822                          |   8|   0|    8|          0|
    |tmp_V_142_fu_1826                          |   8|   0|    8|          0|
    |tmp_V_143_fu_1830                          |   8|   0|    8|          0|
    |tmp_V_144_fu_1834                          |   8|   0|    8|          0|
    |tmp_V_145_fu_1838                          |   8|   0|    8|          0|
    |tmp_V_146_fu_1842                          |   8|   0|    8|          0|
    |tmp_V_147_fu_1846                          |   8|   0|    8|          0|
    |tmp_V_148_fu_1850                          |   8|   0|    8|          0|
    |tmp_V_149_fu_1854                          |   8|   0|    8|          0|
    |tmp_V_14_fu_1314                           |   8|   0|    8|          0|
    |tmp_V_150_fu_1858                          |   8|   0|    8|          0|
    |tmp_V_151_fu_1862                          |   8|   0|    8|          0|
    |tmp_V_152_fu_1866                          |   8|   0|    8|          0|
    |tmp_V_153_fu_1870                          |   8|   0|    8|          0|
    |tmp_V_154_fu_1874                          |   8|   0|    8|          0|
    |tmp_V_155_fu_1878                          |   8|   0|    8|          0|
    |tmp_V_156_fu_1882                          |   8|   0|    8|          0|
    |tmp_V_157_fu_1886                          |   8|   0|    8|          0|
    |tmp_V_158_fu_1890                          |   8|   0|    8|          0|
    |tmp_V_159_fu_1894                          |   8|   0|    8|          0|
    |tmp_V_15_fu_1318                           |   8|   0|    8|          0|
    |tmp_V_160_fu_1898                          |   8|   0|    8|          0|
    |tmp_V_161_fu_1902                          |   8|   0|    8|          0|
    |tmp_V_162_fu_1906                          |   8|   0|    8|          0|
    |tmp_V_163_fu_1910                          |   8|   0|    8|          0|
    |tmp_V_164_fu_1914                          |   8|   0|    8|          0|
    |tmp_V_165_fu_1918                          |   8|   0|    8|          0|
    |tmp_V_166_fu_1922                          |   8|   0|    8|          0|
    |tmp_V_167_fu_1926                          |   8|   0|    8|          0|
    |tmp_V_168_fu_1930                          |   8|   0|    8|          0|
    |tmp_V_169_fu_1934                          |   8|   0|    8|          0|
    |tmp_V_16_fu_1322                           |   8|   0|    8|          0|
    |tmp_V_170_fu_1938                          |   8|   0|    8|          0|
    |tmp_V_171_fu_1942                          |   8|   0|    8|          0|
    |tmp_V_172_fu_1946                          |   8|   0|    8|          0|
    |tmp_V_173_fu_1950                          |   8|   0|    8|          0|
    |tmp_V_174_fu_1954                          |   8|   0|    8|          0|
    |tmp_V_175_fu_1958                          |   8|   0|    8|          0|
    |tmp_V_176_fu_1962                          |   8|   0|    8|          0|
    |tmp_V_177_fu_1966                          |   8|   0|    8|          0|
    |tmp_V_178_fu_1970                          |   8|   0|    8|          0|
    |tmp_V_179_fu_1974                          |   8|   0|    8|          0|
    |tmp_V_17_fu_1326                           |   8|   0|    8|          0|
    |tmp_V_180_fu_1978                          |   8|   0|    8|          0|
    |tmp_V_181_fu_1982                          |   8|   0|    8|          0|
    |tmp_V_182_fu_1986                          |   8|   0|    8|          0|
    |tmp_V_183_fu_1990                          |   8|   0|    8|          0|
    |tmp_V_184_fu_1994                          |   8|   0|    8|          0|
    |tmp_V_185_fu_1998                          |   8|   0|    8|          0|
    |tmp_V_186_fu_2002                          |   8|   0|    8|          0|
    |tmp_V_187_fu_2006                          |   8|   0|    8|          0|
    |tmp_V_188_fu_2010                          |   8|   0|    8|          0|
    |tmp_V_189_fu_2014                          |   8|   0|    8|          0|
    |tmp_V_18_fu_1330                           |   8|   0|    8|          0|
    |tmp_V_190_fu_2018                          |   8|   0|    8|          0|
    |tmp_V_191_fu_2022                          |   8|   0|    8|          0|
    |tmp_V_192_fu_2026                          |   8|   0|    8|          0|
    |tmp_V_193_fu_2030                          |   8|   0|    8|          0|
    |tmp_V_194_fu_2034                          |   8|   0|    8|          0|
    |tmp_V_195_fu_2038                          |   8|   0|    8|          0|
    |tmp_V_196_fu_2042                          |   8|   0|    8|          0|
    |tmp_V_197_fu_2046                          |   8|   0|    8|          0|
    |tmp_V_198_fu_2050                          |   8|   0|    8|          0|
    |tmp_V_199_fu_2054                          |   8|   0|    8|          0|
    |tmp_V_19_fu_1334                           |   8|   0|    8|          0|
    |tmp_V_1_fu_1266                            |   8|   0|    8|          0|
    |tmp_V_200_fu_2058                          |   8|   0|    8|          0|
    |tmp_V_201_fu_2062                          |   8|   0|    8|          0|
    |tmp_V_202_fu_2066                          |   8|   0|    8|          0|
    |tmp_V_203_fu_2070                          |   8|   0|    8|          0|
    |tmp_V_204_fu_2074                          |   8|   0|    8|          0|
    |tmp_V_205_fu_2078                          |   8|   0|    8|          0|
    |tmp_V_206_fu_2082                          |   8|   0|    8|          0|
    |tmp_V_207_fu_2086                          |   8|   0|    8|          0|
    |tmp_V_208_fu_2090                          |   8|   0|    8|          0|
    |tmp_V_209_fu_2094                          |   8|   0|    8|          0|
    |tmp_V_20_fu_1338                           |   8|   0|    8|          0|
    |tmp_V_210_fu_2098                          |   8|   0|    8|          0|
    |tmp_V_211_fu_2102                          |   8|   0|    8|          0|
    |tmp_V_212_fu_2106                          |   8|   0|    8|          0|
    |tmp_V_213_fu_2110                          |   8|   0|    8|          0|
    |tmp_V_214_fu_2114                          |   8|   0|    8|          0|
    |tmp_V_215_fu_2118                          |   8|   0|    8|          0|
    |tmp_V_216_fu_2122                          |   8|   0|    8|          0|
    |tmp_V_217_fu_2126                          |   8|   0|    8|          0|
    |tmp_V_218_fu_2130                          |   8|   0|    8|          0|
    |tmp_V_219_fu_2134                          |   8|   0|    8|          0|
    |tmp_V_21_fu_1342                           |   8|   0|    8|          0|
    |tmp_V_220_fu_2138                          |   8|   0|    8|          0|
    |tmp_V_221_fu_2142                          |   8|   0|    8|          0|
    |tmp_V_222_fu_2146                          |   8|   0|    8|          0|
    |tmp_V_223_fu_2150                          |   8|   0|    8|          0|
    |tmp_V_224_fu_2154                          |   8|   0|    8|          0|
    |tmp_V_225_fu_2158                          |   8|   0|    8|          0|
    |tmp_V_226_fu_2162                          |   8|   0|    8|          0|
    |tmp_V_227_fu_2166                          |   8|   0|    8|          0|
    |tmp_V_228_fu_2170                          |   8|   0|    8|          0|
    |tmp_V_229_fu_2174                          |   8|   0|    8|          0|
    |tmp_V_22_fu_1346                           |   8|   0|    8|          0|
    |tmp_V_230_fu_2178                          |   8|   0|    8|          0|
    |tmp_V_231_fu_2182                          |   8|   0|    8|          0|
    |tmp_V_232_fu_2186                          |   8|   0|    8|          0|
    |tmp_V_233_fu_2190                          |   8|   0|    8|          0|
    |tmp_V_234_fu_2194                          |   8|   0|    8|          0|
    |tmp_V_235_fu_2198                          |   8|   0|    8|          0|
    |tmp_V_236_fu_2202                          |   8|   0|    8|          0|
    |tmp_V_237_fu_2206                          |   8|   0|    8|          0|
    |tmp_V_238_fu_2210                          |   8|   0|    8|          0|
    |tmp_V_239_fu_2214                          |   8|   0|    8|          0|
    |tmp_V_23_fu_1350                           |   8|   0|    8|          0|
    |tmp_V_240_fu_2218                          |   8|   0|    8|          0|
    |tmp_V_241_fu_2222                          |   8|   0|    8|          0|
    |tmp_V_242_fu_2226                          |   8|   0|    8|          0|
    |tmp_V_243_fu_2230                          |   8|   0|    8|          0|
    |tmp_V_244_fu_2234                          |   8|   0|    8|          0|
    |tmp_V_245_fu_2238                          |   8|   0|    8|          0|
    |tmp_V_246_fu_2242                          |   8|   0|    8|          0|
    |tmp_V_247_fu_2246                          |   8|   0|    8|          0|
    |tmp_V_248_fu_2250                          |   8|   0|    8|          0|
    |tmp_V_249_fu_2254                          |   8|   0|    8|          0|
    |tmp_V_24_fu_1354                           |   8|   0|    8|          0|
    |tmp_V_250_fu_2258                          |   8|   0|    8|          0|
    |tmp_V_251_fu_2262                          |   8|   0|    8|          0|
    |tmp_V_252_fu_2266                          |   8|   0|    8|          0|
    |tmp_V_253_fu_2270                          |   8|   0|    8|          0|
    |tmp_V_254_fu_2274                          |   8|   0|    8|          0|
    |tmp_V_255_fu_2278                          |   8|   0|    8|          0|
    |tmp_V_256_fu_2282                          |   8|   0|    8|          0|
    |tmp_V_257_fu_2286                          |   8|   0|    8|          0|
    |tmp_V_258_fu_2290                          |   8|   0|    8|          0|
    |tmp_V_259_fu_2294                          |   8|   0|    8|          0|
    |tmp_V_25_fu_1358                           |   8|   0|    8|          0|
    |tmp_V_260_fu_2298                          |   8|   0|    8|          0|
    |tmp_V_261_fu_2302                          |   8|   0|    8|          0|
    |tmp_V_262_fu_2306                          |   8|   0|    8|          0|
    |tmp_V_263_fu_2310                          |   8|   0|    8|          0|
    |tmp_V_264_fu_2314                          |   8|   0|    8|          0|
    |tmp_V_265_fu_2318                          |   8|   0|    8|          0|
    |tmp_V_266_fu_2322                          |   8|   0|    8|          0|
    |tmp_V_267_fu_2326                          |   8|   0|    8|          0|
    |tmp_V_268_fu_2330                          |   8|   0|    8|          0|
    |tmp_V_269_fu_2334                          |   8|   0|    8|          0|
    |tmp_V_26_fu_1362                           |   8|   0|    8|          0|
    |tmp_V_270_fu_2338                          |   8|   0|    8|          0|
    |tmp_V_271_fu_2342                          |   8|   0|    8|          0|
    |tmp_V_272_fu_2346                          |   8|   0|    8|          0|
    |tmp_V_273_fu_2350                          |   8|   0|    8|          0|
    |tmp_V_274_fu_2354                          |   8|   0|    8|          0|
    |tmp_V_275_fu_2358                          |   8|   0|    8|          0|
    |tmp_V_276_fu_2362                          |   8|   0|    8|          0|
    |tmp_V_277_fu_2366                          |   8|   0|    8|          0|
    |tmp_V_278_fu_2370                          |   8|   0|    8|          0|
    |tmp_V_279_fu_2374                          |   8|   0|    8|          0|
    |tmp_V_27_fu_1366                           |   8|   0|    8|          0|
    |tmp_V_280_fu_2378                          |   8|   0|    8|          0|
    |tmp_V_281_fu_2382                          |   8|   0|    8|          0|
    |tmp_V_282_fu_2386                          |   8|   0|    8|          0|
    |tmp_V_283_fu_2390                          |   8|   0|    8|          0|
    |tmp_V_284_fu_2394                          |   8|   0|    8|          0|
    |tmp_V_285_fu_2398                          |   8|   0|    8|          0|
    |tmp_V_286_fu_2402                          |   8|   0|    8|          0|
    |tmp_V_287_fu_2406                          |   8|   0|    8|          0|
    |tmp_V_288_fu_2410                          |   8|   0|    8|          0|
    |tmp_V_289_fu_2414                          |   8|   0|    8|          0|
    |tmp_V_28_fu_1370                           |   8|   0|    8|          0|
    |tmp_V_290_fu_2418                          |   8|   0|    8|          0|
    |tmp_V_291_fu_2422                          |   8|   0|    8|          0|
    |tmp_V_292_fu_2426                          |   8|   0|    8|          0|
    |tmp_V_293_fu_2430                          |   8|   0|    8|          0|
    |tmp_V_294_fu_2434                          |   8|   0|    8|          0|
    |tmp_V_295_fu_2438                          |   8|   0|    8|          0|
    |tmp_V_296_fu_2442                          |   8|   0|    8|          0|
    |tmp_V_297_fu_2446                          |   8|   0|    8|          0|
    |tmp_V_298_fu_2450                          |   8|   0|    8|          0|
    |tmp_V_299_fu_2454                          |   8|   0|    8|          0|
    |tmp_V_29_fu_1374                           |   8|   0|    8|          0|
    |tmp_V_2_fu_1270                            |   8|   0|    8|          0|
    |tmp_V_300_fu_2458                          |   8|   0|    8|          0|
    |tmp_V_301_fu_2462                          |   8|   0|    8|          0|
    |tmp_V_302_fu_2466                          |   8|   0|    8|          0|
    |tmp_V_303_fu_2470                          |   8|   0|    8|          0|
    |tmp_V_304_fu_2474                          |   8|   0|    8|          0|
    |tmp_V_305_fu_2478                          |   8|   0|    8|          0|
    |tmp_V_306_fu_2482                          |   8|   0|    8|          0|
    |tmp_V_307_fu_2486                          |   8|   0|    8|          0|
    |tmp_V_308_fu_2490                          |   8|   0|    8|          0|
    |tmp_V_309_fu_2494                          |   8|   0|    8|          0|
    |tmp_V_30_fu_1378                           |   8|   0|    8|          0|
    |tmp_V_310_fu_2498                          |   8|   0|    8|          0|
    |tmp_V_311_fu_2502                          |   8|   0|    8|          0|
    |tmp_V_312_fu_2506                          |   8|   0|    8|          0|
    |tmp_V_313_fu_2510                          |   8|   0|    8|          0|
    |tmp_V_314_fu_2514                          |   8|   0|    8|          0|
    |tmp_V_315_fu_2518                          |   8|   0|    8|          0|
    |tmp_V_316_fu_2522                          |   8|   0|    8|          0|
    |tmp_V_317_fu_2526                          |   8|   0|    8|          0|
    |tmp_V_318_fu_2530                          |   8|   0|    8|          0|
    |tmp_V_319_fu_2534                          |   8|   0|    8|          0|
    |tmp_V_31_fu_1382                           |   8|   0|    8|          0|
    |tmp_V_320_fu_2538                          |   8|   0|    8|          0|
    |tmp_V_321_fu_2542                          |   8|   0|    8|          0|
    |tmp_V_322_fu_2546                          |   8|   0|    8|          0|
    |tmp_V_323_fu_2550                          |   8|   0|    8|          0|
    |tmp_V_324_fu_2554                          |   8|   0|    8|          0|
    |tmp_V_325_fu_2558                          |   8|   0|    8|          0|
    |tmp_V_326_fu_2562                          |   8|   0|    8|          0|
    |tmp_V_327_fu_2566                          |   8|   0|    8|          0|
    |tmp_V_328_fu_2570                          |   8|   0|    8|          0|
    |tmp_V_329_fu_2574                          |   8|   0|    8|          0|
    |tmp_V_32_fu_1386                           |   8|   0|    8|          0|
    |tmp_V_330_fu_2578                          |   8|   0|    8|          0|
    |tmp_V_331_fu_2582                          |   8|   0|    8|          0|
    |tmp_V_332_fu_2586                          |   8|   0|    8|          0|
    |tmp_V_333_fu_2590                          |   8|   0|    8|          0|
    |tmp_V_334_fu_2594                          |   8|   0|    8|          0|
    |tmp_V_335_fu_2598                          |   8|   0|    8|          0|
    |tmp_V_336_fu_2602                          |   8|   0|    8|          0|
    |tmp_V_337_fu_2606                          |   8|   0|    8|          0|
    |tmp_V_338_fu_2610                          |   8|   0|    8|          0|
    |tmp_V_339_fu_2614                          |   8|   0|    8|          0|
    |tmp_V_33_fu_1390                           |   8|   0|    8|          0|
    |tmp_V_340_fu_2618                          |   8|   0|    8|          0|
    |tmp_V_341_fu_2622                          |   8|   0|    8|          0|
    |tmp_V_342_fu_2626                          |   8|   0|    8|          0|
    |tmp_V_343_fu_2630                          |   8|   0|    8|          0|
    |tmp_V_344_fu_2634                          |   8|   0|    8|          0|
    |tmp_V_345_fu_2638                          |   8|   0|    8|          0|
    |tmp_V_346_fu_2642                          |   8|   0|    8|          0|
    |tmp_V_347_fu_2646                          |   8|   0|    8|          0|
    |tmp_V_348_fu_2650                          |   8|   0|    8|          0|
    |tmp_V_349_fu_2654                          |   8|   0|    8|          0|
    |tmp_V_34_fu_1394                           |   8|   0|    8|          0|
    |tmp_V_350_fu_2658                          |   8|   0|    8|          0|
    |tmp_V_351_fu_2662                          |   8|   0|    8|          0|
    |tmp_V_352_fu_2666                          |   8|   0|    8|          0|
    |tmp_V_353_fu_2670                          |   8|   0|    8|          0|
    |tmp_V_354_fu_2674                          |   8|   0|    8|          0|
    |tmp_V_355_fu_2678                          |   8|   0|    8|          0|
    |tmp_V_356_fu_2682                          |   8|   0|    8|          0|
    |tmp_V_357_fu_2686                          |   8|   0|    8|          0|
    |tmp_V_358_fu_2690                          |   8|   0|    8|          0|
    |tmp_V_359_fu_2694                          |   8|   0|    8|          0|
    |tmp_V_35_fu_1398                           |   8|   0|    8|          0|
    |tmp_V_360_fu_2698                          |   8|   0|    8|          0|
    |tmp_V_361_fu_2702                          |   8|   0|    8|          0|
    |tmp_V_362_fu_2706                          |   8|   0|    8|          0|
    |tmp_V_363_fu_2710                          |   8|   0|    8|          0|
    |tmp_V_364_fu_2714                          |   8|   0|    8|          0|
    |tmp_V_365_fu_2718                          |   8|   0|    8|          0|
    |tmp_V_366_fu_2722                          |   8|   0|    8|          0|
    |tmp_V_367_fu_2726                          |   8|   0|    8|          0|
    |tmp_V_368_fu_2730                          |   8|   0|    8|          0|
    |tmp_V_369_fu_2734                          |   8|   0|    8|          0|
    |tmp_V_36_fu_1402                           |   8|   0|    8|          0|
    |tmp_V_370_fu_2738                          |   8|   0|    8|          0|
    |tmp_V_371_fu_2742                          |   8|   0|    8|          0|
    |tmp_V_372_fu_2746                          |   8|   0|    8|          0|
    |tmp_V_373_fu_2750                          |   8|   0|    8|          0|
    |tmp_V_374_fu_2754                          |   8|   0|    8|          0|
    |tmp_V_375_fu_2758                          |   8|   0|    8|          0|
    |tmp_V_376_fu_2762                          |   8|   0|    8|          0|
    |tmp_V_377_fu_2766                          |   8|   0|    8|          0|
    |tmp_V_378_fu_2770                          |   8|   0|    8|          0|
    |tmp_V_379_fu_2774                          |   8|   0|    8|          0|
    |tmp_V_37_fu_1406                           |   8|   0|    8|          0|
    |tmp_V_380_fu_2778                          |   8|   0|    8|          0|
    |tmp_V_381_fu_2782                          |   8|   0|    8|          0|
    |tmp_V_382_fu_2786                          |   8|   0|    8|          0|
    |tmp_V_383_fu_2790                          |   8|   0|    8|          0|
    |tmp_V_384_fu_2794                          |   8|   0|    8|          0|
    |tmp_V_385_fu_2798                          |   8|   0|    8|          0|
    |tmp_V_386_fu_2802                          |   8|   0|    8|          0|
    |tmp_V_387_fu_2806                          |   8|   0|    8|          0|
    |tmp_V_388_fu_2810                          |   8|   0|    8|          0|
    |tmp_V_389_fu_2814                          |   8|   0|    8|          0|
    |tmp_V_38_fu_1410                           |   8|   0|    8|          0|
    |tmp_V_390_fu_2818                          |   8|   0|    8|          0|
    |tmp_V_391_fu_2822                          |   8|   0|    8|          0|
    |tmp_V_392_fu_2826                          |   8|   0|    8|          0|
    |tmp_V_393_fu_2830                          |   8|   0|    8|          0|
    |tmp_V_394_fu_2834                          |   8|   0|    8|          0|
    |tmp_V_395_fu_2838                          |   8|   0|    8|          0|
    |tmp_V_396_fu_2842                          |   8|   0|    8|          0|
    |tmp_V_397_fu_2846                          |   8|   0|    8|          0|
    |tmp_V_398_fu_2850                          |   8|   0|    8|          0|
    |tmp_V_399_fu_2854                          |   8|   0|    8|          0|
    |tmp_V_39_fu_1414                           |   8|   0|    8|          0|
    |tmp_V_400_fu_2858                          |   8|   0|    8|          0|
    |tmp_V_401_fu_2862                          |   8|   0|    8|          0|
    |tmp_V_402_fu_2866                          |   8|   0|    8|          0|
    |tmp_V_403_fu_2870                          |   8|   0|    8|          0|
    |tmp_V_404_fu_2874                          |   8|   0|    8|          0|
    |tmp_V_405_fu_2878                          |   8|   0|    8|          0|
    |tmp_V_406_fu_2882                          |   8|   0|    8|          0|
    |tmp_V_407_fu_2886                          |   8|   0|    8|          0|
    |tmp_V_408_fu_2890                          |   8|   0|    8|          0|
    |tmp_V_409_fu_2894                          |   8|   0|    8|          0|
    |tmp_V_40_fu_1418                           |   8|   0|    8|          0|
    |tmp_V_410_fu_2898                          |   8|   0|    8|          0|
    |tmp_V_411_fu_2902                          |   8|   0|    8|          0|
    |tmp_V_412_fu_2906                          |   8|   0|    8|          0|
    |tmp_V_413_fu_2910                          |   8|   0|    8|          0|
    |tmp_V_414_fu_2914                          |   8|   0|    8|          0|
    |tmp_V_415_fu_2918                          |   8|   0|    8|          0|
    |tmp_V_416_fu_2922                          |   8|   0|    8|          0|
    |tmp_V_417_fu_2926                          |   8|   0|    8|          0|
    |tmp_V_418_fu_2930                          |   8|   0|    8|          0|
    |tmp_V_419_fu_2934                          |   8|   0|    8|          0|
    |tmp_V_41_fu_1422                           |   8|   0|    8|          0|
    |tmp_V_420_fu_2938                          |   8|   0|    8|          0|
    |tmp_V_421_fu_2942                          |   8|   0|    8|          0|
    |tmp_V_422_fu_2946                          |   8|   0|    8|          0|
    |tmp_V_423_fu_2950                          |   8|   0|    8|          0|
    |tmp_V_424_fu_2954                          |   8|   0|    8|          0|
    |tmp_V_425_fu_2958                          |   8|   0|    8|          0|
    |tmp_V_426_fu_2962                          |   8|   0|    8|          0|
    |tmp_V_427_fu_2966                          |   8|   0|    8|          0|
    |tmp_V_428_fu_2970                          |   8|   0|    8|          0|
    |tmp_V_429_fu_2974                          |   8|   0|    8|          0|
    |tmp_V_42_fu_1426                           |   8|   0|    8|          0|
    |tmp_V_430_fu_2978                          |   8|   0|    8|          0|
    |tmp_V_431_fu_2982                          |   8|   0|    8|          0|
    |tmp_V_432_fu_2986                          |   8|   0|    8|          0|
    |tmp_V_433_fu_2990                          |   8|   0|    8|          0|
    |tmp_V_434_fu_2994                          |   8|   0|    8|          0|
    |tmp_V_435_fu_2998                          |   8|   0|    8|          0|
    |tmp_V_436_fu_3002                          |   8|   0|    8|          0|
    |tmp_V_437_fu_3006                          |   8|   0|    8|          0|
    |tmp_V_438_fu_3010                          |   8|   0|    8|          0|
    |tmp_V_439_fu_3014                          |   8|   0|    8|          0|
    |tmp_V_43_fu_1430                           |   8|   0|    8|          0|
    |tmp_V_440_fu_3018                          |   8|   0|    8|          0|
    |tmp_V_441_fu_3022                          |   8|   0|    8|          0|
    |tmp_V_442_fu_3026                          |   8|   0|    8|          0|
    |tmp_V_443_fu_3030                          |   8|   0|    8|          0|
    |tmp_V_444_fu_3034                          |   8|   0|    8|          0|
    |tmp_V_445_fu_3038                          |   8|   0|    8|          0|
    |tmp_V_446_fu_3042                          |   8|   0|    8|          0|
    |tmp_V_447_fu_3046                          |   8|   0|    8|          0|
    |tmp_V_448_fu_3050                          |   8|   0|    8|          0|
    |tmp_V_449_fu_3054                          |   8|   0|    8|          0|
    |tmp_V_44_fu_1434                           |   8|   0|    8|          0|
    |tmp_V_450_fu_3058                          |   8|   0|    8|          0|
    |tmp_V_451_fu_3062                          |   8|   0|    8|          0|
    |tmp_V_452_fu_3066                          |   8|   0|    8|          0|
    |tmp_V_453_fu_3070                          |   8|   0|    8|          0|
    |tmp_V_454_fu_3074                          |   8|   0|    8|          0|
    |tmp_V_455_fu_3078                          |   8|   0|    8|          0|
    |tmp_V_456_fu_3082                          |   8|   0|    8|          0|
    |tmp_V_457_fu_3086                          |   8|   0|    8|          0|
    |tmp_V_458_fu_3090                          |   8|   0|    8|          0|
    |tmp_V_459_fu_3094                          |   8|   0|    8|          0|
    |tmp_V_45_fu_1438                           |   8|   0|    8|          0|
    |tmp_V_460_fu_3098                          |   8|   0|    8|          0|
    |tmp_V_461_fu_3102                          |   8|   0|    8|          0|
    |tmp_V_462_fu_3106                          |   8|   0|    8|          0|
    |tmp_V_463_fu_3110                          |   8|   0|    8|          0|
    |tmp_V_464_fu_3114                          |   8|   0|    8|          0|
    |tmp_V_465_fu_3118                          |   8|   0|    8|          0|
    |tmp_V_466_fu_3122                          |   8|   0|    8|          0|
    |tmp_V_467_fu_3126                          |   8|   0|    8|          0|
    |tmp_V_468_fu_3130                          |   8|   0|    8|          0|
    |tmp_V_469_fu_3134                          |   8|   0|    8|          0|
    |tmp_V_46_fu_1442                           |   8|   0|    8|          0|
    |tmp_V_470_fu_3138                          |   8|   0|    8|          0|
    |tmp_V_471_fu_3142                          |   8|   0|    8|          0|
    |tmp_V_472_fu_3146                          |   8|   0|    8|          0|
    |tmp_V_473_fu_3150                          |   8|   0|    8|          0|
    |tmp_V_474_fu_3154                          |   8|   0|    8|          0|
    |tmp_V_475_fu_3158                          |   8|   0|    8|          0|
    |tmp_V_476_fu_3162                          |   8|   0|    8|          0|
    |tmp_V_477_fu_3166                          |   8|   0|    8|          0|
    |tmp_V_478_fu_3170                          |   8|   0|    8|          0|
    |tmp_V_479_fu_3174                          |   8|   0|    8|          0|
    |tmp_V_47_fu_1446                           |   8|   0|    8|          0|
    |tmp_V_480_fu_3178                          |   8|   0|    8|          0|
    |tmp_V_481_fu_3182                          |   8|   0|    8|          0|
    |tmp_V_482_fu_3186                          |   8|   0|    8|          0|
    |tmp_V_483_fu_3190                          |   8|   0|    8|          0|
    |tmp_V_484_fu_3194                          |   8|   0|    8|          0|
    |tmp_V_485_fu_3198                          |   8|   0|    8|          0|
    |tmp_V_486_fu_3202                          |   8|   0|    8|          0|
    |tmp_V_487_fu_3206                          |   8|   0|    8|          0|
    |tmp_V_488_fu_3210                          |   8|   0|    8|          0|
    |tmp_V_489_fu_3214                          |   8|   0|    8|          0|
    |tmp_V_48_fu_1450                           |   8|   0|    8|          0|
    |tmp_V_490_fu_3218                          |   8|   0|    8|          0|
    |tmp_V_491_fu_3222                          |   8|   0|    8|          0|
    |tmp_V_492_fu_3226                          |   8|   0|    8|          0|
    |tmp_V_493_fu_3230                          |   8|   0|    8|          0|
    |tmp_V_494_fu_3234                          |   8|   0|    8|          0|
    |tmp_V_495_fu_3238                          |   8|   0|    8|          0|
    |tmp_V_496_fu_3242                          |   8|   0|    8|          0|
    |tmp_V_497_fu_3246                          |   8|   0|    8|          0|
    |tmp_V_498_fu_3250                          |   8|   0|    8|          0|
    |tmp_V_499_fu_3254                          |   8|   0|    8|          0|
    |tmp_V_49_fu_1454                           |   8|   0|    8|          0|
    |tmp_V_4_fu_1274                            |   8|   0|    8|          0|
    |tmp_V_500_fu_3258                          |   8|   0|    8|          0|
    |tmp_V_501_fu_3262                          |   8|   0|    8|          0|
    |tmp_V_502_fu_3266                          |   8|   0|    8|          0|
    |tmp_V_503_fu_3270                          |   8|   0|    8|          0|
    |tmp_V_504_fu_3274                          |   8|   0|    8|          0|
    |tmp_V_505_fu_3278                          |   8|   0|    8|          0|
    |tmp_V_506_fu_3282                          |   8|   0|    8|          0|
    |tmp_V_507_fu_3286                          |   8|   0|    8|          0|
    |tmp_V_508_fu_3290                          |   8|   0|    8|          0|
    |tmp_V_509_fu_3294                          |   8|   0|    8|          0|
    |tmp_V_50_fu_1458                           |   8|   0|    8|          0|
    |tmp_V_510_fu_3298                          |   8|   0|    8|          0|
    |tmp_V_511_fu_3302                          |   8|   0|    8|          0|
    |tmp_V_512_fu_3306                          |   8|   0|    8|          0|
    |tmp_V_513_fu_3310                          |   8|   0|    8|          0|
    |tmp_V_514_fu_3314                          |   8|   0|    8|          0|
    |tmp_V_515_fu_3318                          |   8|   0|    8|          0|
    |tmp_V_516_fu_3322                          |   8|   0|    8|          0|
    |tmp_V_517_fu_3326                          |   8|   0|    8|          0|
    |tmp_V_518_fu_3330                          |   8|   0|    8|          0|
    |tmp_V_519_fu_3334                          |   8|   0|    8|          0|
    |tmp_V_51_fu_1462                           |   8|   0|    8|          0|
    |tmp_V_520_fu_3338                          |   8|   0|    8|          0|
    |tmp_V_521_fu_3342                          |   8|   0|    8|          0|
    |tmp_V_522_fu_3346                          |   8|   0|    8|          0|
    |tmp_V_523_fu_3350                          |   8|   0|    8|          0|
    |tmp_V_524_fu_3354                          |   8|   0|    8|          0|
    |tmp_V_525_fu_3358                          |   8|   0|    8|          0|
    |tmp_V_526_fu_3362                          |   8|   0|    8|          0|
    |tmp_V_527_fu_3366                          |   8|   0|    8|          0|
    |tmp_V_528_fu_3370                          |   8|   0|    8|          0|
    |tmp_V_529_fu_3374                          |   8|   0|    8|          0|
    |tmp_V_52_fu_1466                           |   8|   0|    8|          0|
    |tmp_V_530_fu_3378                          |   8|   0|    8|          0|
    |tmp_V_531_fu_3382                          |   8|   0|    8|          0|
    |tmp_V_532_fu_3386                          |   8|   0|    8|          0|
    |tmp_V_533_fu_3390                          |   8|   0|    8|          0|
    |tmp_V_534_fu_3394                          |   8|   0|    8|          0|
    |tmp_V_535_fu_3398                          |   8|   0|    8|          0|
    |tmp_V_536_fu_3402                          |   8|   0|    8|          0|
    |tmp_V_537_fu_3406                          |   8|   0|    8|          0|
    |tmp_V_538_fu_3410                          |   8|   0|    8|          0|
    |tmp_V_539_fu_3414                          |   8|   0|    8|          0|
    |tmp_V_53_fu_1470                           |   8|   0|    8|          0|
    |tmp_V_540_fu_3418                          |   8|   0|    8|          0|
    |tmp_V_541_fu_3422                          |   8|   0|    8|          0|
    |tmp_V_542_fu_3426                          |   8|   0|    8|          0|
    |tmp_V_543_fu_3430                          |   8|   0|    8|          0|
    |tmp_V_544_fu_3434                          |   8|   0|    8|          0|
    |tmp_V_545_fu_3438                          |   8|   0|    8|          0|
    |tmp_V_546_fu_3442                          |   8|   0|    8|          0|
    |tmp_V_547_fu_3446                          |   8|   0|    8|          0|
    |tmp_V_548_fu_3450                          |   8|   0|    8|          0|
    |tmp_V_549_fu_3454                          |   8|   0|    8|          0|
    |tmp_V_54_fu_1474                           |   8|   0|    8|          0|
    |tmp_V_550_fu_3458                          |   8|   0|    8|          0|
    |tmp_V_551_fu_3462                          |   8|   0|    8|          0|
    |tmp_V_552_fu_3466                          |   8|   0|    8|          0|
    |tmp_V_553_fu_3470                          |   8|   0|    8|          0|
    |tmp_V_554_fu_3474                          |   8|   0|    8|          0|
    |tmp_V_555_fu_3478                          |   8|   0|    8|          0|
    |tmp_V_556_fu_3482                          |   8|   0|    8|          0|
    |tmp_V_557_fu_3486                          |   8|   0|    8|          0|
    |tmp_V_558_fu_3490                          |   8|   0|    8|          0|
    |tmp_V_559_fu_3494                          |   8|   0|    8|          0|
    |tmp_V_55_fu_1478                           |   8|   0|    8|          0|
    |tmp_V_560_fu_3498                          |   8|   0|    8|          0|
    |tmp_V_561_fu_3502                          |   8|   0|    8|          0|
    |tmp_V_562_fu_3506                          |   8|   0|    8|          0|
    |tmp_V_563_fu_3510                          |   8|   0|    8|          0|
    |tmp_V_564_fu_3514                          |   8|   0|    8|          0|
    |tmp_V_565_fu_3518                          |   8|   0|    8|          0|
    |tmp_V_566_fu_3522                          |   8|   0|    8|          0|
    |tmp_V_567_fu_3526                          |   8|   0|    8|          0|
    |tmp_V_568_fu_3530                          |   8|   0|    8|          0|
    |tmp_V_569_fu_3534                          |   8|   0|    8|          0|
    |tmp_V_56_fu_1482                           |   8|   0|    8|          0|
    |tmp_V_570_fu_3538                          |   8|   0|    8|          0|
    |tmp_V_571_fu_3542                          |   8|   0|    8|          0|
    |tmp_V_572_fu_3546                          |   8|   0|    8|          0|
    |tmp_V_573_fu_3550                          |   8|   0|    8|          0|
    |tmp_V_574_fu_3554                          |   8|   0|    8|          0|
    |tmp_V_575_fu_3558                          |   8|   0|    8|          0|
    |tmp_V_576_fu_3562                          |   8|   0|    8|          0|
    |tmp_V_57_fu_1486                           |   8|   0|    8|          0|
    |tmp_V_58_fu_1490                           |   8|   0|    8|          0|
    |tmp_V_59_fu_1494                           |   8|   0|    8|          0|
    |tmp_V_5_fu_1278                            |   8|   0|    8|          0|
    |tmp_V_60_fu_1498                           |   8|   0|    8|          0|
    |tmp_V_61_fu_1502                           |   8|   0|    8|          0|
    |tmp_V_62_fu_1506                           |   8|   0|    8|          0|
    |tmp_V_63_fu_1510                           |   8|   0|    8|          0|
    |tmp_V_64_fu_1514                           |   8|   0|    8|          0|
    |tmp_V_65_fu_1518                           |   8|   0|    8|          0|
    |tmp_V_66_fu_1522                           |   8|   0|    8|          0|
    |tmp_V_67_fu_1526                           |   8|   0|    8|          0|
    |tmp_V_68_fu_1530                           |   8|   0|    8|          0|
    |tmp_V_69_fu_1534                           |   8|   0|    8|          0|
    |tmp_V_6_fu_1282                            |   8|   0|    8|          0|
    |tmp_V_70_fu_1538                           |   8|   0|    8|          0|
    |tmp_V_71_fu_1542                           |   8|   0|    8|          0|
    |tmp_V_72_fu_1546                           |   8|   0|    8|          0|
    |tmp_V_73_fu_1550                           |   8|   0|    8|          0|
    |tmp_V_74_fu_1554                           |   8|   0|    8|          0|
    |tmp_V_75_fu_1558                           |   8|   0|    8|          0|
    |tmp_V_76_fu_1562                           |   8|   0|    8|          0|
    |tmp_V_77_fu_1566                           |   8|   0|    8|          0|
    |tmp_V_78_fu_1570                           |   8|   0|    8|          0|
    |tmp_V_79_fu_1574                           |   8|   0|    8|          0|
    |tmp_V_7_fu_1286                            |   8|   0|    8|          0|
    |tmp_V_80_fu_1578                           |   8|   0|    8|          0|
    |tmp_V_81_fu_1582                           |   8|   0|    8|          0|
    |tmp_V_82_fu_1586                           |   8|   0|    8|          0|
    |tmp_V_83_fu_1590                           |   8|   0|    8|          0|
    |tmp_V_84_fu_1594                           |   8|   0|    8|          0|
    |tmp_V_85_fu_1598                           |   8|   0|    8|          0|
    |tmp_V_86_fu_1602                           |   8|   0|    8|          0|
    |tmp_V_87_fu_1606                           |   8|   0|    8|          0|
    |tmp_V_88_fu_1610                           |   8|   0|    8|          0|
    |tmp_V_89_fu_1614                           |   8|   0|    8|          0|
    |tmp_V_8_fu_1290                            |   8|   0|    8|          0|
    |tmp_V_90_fu_1618                           |   8|   0|    8|          0|
    |tmp_V_91_fu_1622                           |   8|   0|    8|          0|
    |tmp_V_92_fu_1626                           |   8|   0|    8|          0|
    |tmp_V_93_fu_1630                           |   8|   0|    8|          0|
    |tmp_V_94_fu_1634                           |   8|   0|    8|          0|
    |tmp_V_95_fu_1638                           |   8|   0|    8|          0|
    |tmp_V_96_fu_1642                           |   8|   0|    8|          0|
    |tmp_V_97_fu_1646                           |   8|   0|    8|          0|
    |tmp_V_98_fu_1650                           |   8|   0|    8|          0|
    |tmp_V_99_fu_1654                           |   8|   0|    8|          0|
    |tmp_V_9_fu_1294                            |   8|   0|    8|          0|
    |tmp_V_fu_1262                              |   8|   0|    8|          0|
    |trunc_ln647_reg_15064                      |   4|   0|    4|          0|
    +-------------------------------------------+----+----+-----+-----------+
    |Total                                      |4836|   0| 4836|          0|
    +-------------------------------------------+----+----+-----+-----------+



================================================================
== Interface
================================================================
* Summary: 
+-------------------+-----+-----+------------+----------------------+--------------+
|     RTL Ports     | Dir | Bits|  Protocol  |     Source Object    |    C Type    |
+-------------------+-----+-----+------------+----------------------+--------------+
|ap_clk             |  in |    1| ap_ctrl_hs | Matrix_Vector_Activa | return value |
|ap_rst             |  in |    1| ap_ctrl_hs | Matrix_Vector_Activa | return value |
|ap_start           |  in |    1| ap_ctrl_hs | Matrix_Vector_Activa | return value |
|ap_done            | out |    1| ap_ctrl_hs | Matrix_Vector_Activa | return value |
|ap_idle            | out |    1| ap_ctrl_hs | Matrix_Vector_Activa | return value |
|ap_ready           | out |    1| ap_ctrl_hs | Matrix_Vector_Activa | return value |
|in_V_V_TDATA       |  in |    8|    axis    |        in_V_V        |    pointer   |
|in_V_V_TVALID      |  in |    1|    axis    |        in_V_V        |    pointer   |
|in_V_V_TREADY      | out |    1|    axis    |        in_V_V        |    pointer   |
|out_V_V_TDATA      | out |   96|    axis    |        out_V_V       |    pointer   |
|out_V_V_TVALID     | out |    1|    axis    |        out_V_V       |    pointer   |
|out_V_V_TREADY     |  in |    1|    axis    |        out_V_V       |    pointer   |
|weight_V_V_TDATA   |  in |   32|    axis    |      weight_V_V      |    pointer   |
|weight_V_V_TVALID  |  in |    1|    axis    |      weight_V_V      |    pointer   |
|weight_V_V_TREADY  | out |    1|    axis    |      weight_V_V      |    pointer   |
+-------------------+-----+-----+------------+----------------------+--------------+

