

================================================================
== Vivado HLS Report for 'StreamingDataWidthCo_1'
================================================================
* Date:           Sat Jan 30 15:32:13 2021

* Version:        2020.1.1 (Build 2951007 on Wed Aug 05 23:24:06 MDT 2020)
* Project:        project_StreamingDataWidthConverter_Batch_5
* Solution:       sol1
* Product family: zynq
* Target device:  xc7z020-clg400-1


================================================================
== Performance Estimates
================================================================
+ Timing: 
    * Summary: 
    +--------+----------+----------+------------+
    |  Clock |  Target  | Estimated| Uncertainty|
    +--------+----------+----------+------------+
    |ap_clk  | 10.00 ns | 5.723 ns |   1.25 ns  |
    +--------+----------+----------+------------+

+ Latency: 
    * Summary: 
    +---------+---------+----------+----------+-----+-----+---------+
    |  Latency (cycles) |  Latency (absolute) |  Interval | Pipeline|
    |   min   |   max   |    min   |    max   | min | max |   Type  |
    +---------+---------+----------+----------+-----+-----+---------+
    |      258|      258| 2.580 us | 2.580 us |  258|  258|   none  |
    +---------+---------+----------+----------+-----+-----+---------+

    + Detail: 
        * Instance: 
        N/A

        * Loop: 
        +----------+---------+---------+----------+-----------+-----------+------+----------+
        |          |  Latency (cycles) | Iteration|  Initiation Interval  | Trip |          |
        | Loop Name|   min   |   max   |  Latency |  achieved |   target  | Count| Pipelined|
        +----------+---------+---------+----------+-----------+-----------+------+----------+
        |- Loop 1  |      256|      256|         2|          1|          1|   256|    yes   |
        +----------+---------+---------+----------+-----------+-----------+------+----------+

============================================================
+ Verbose Summary: Synthesis Manager
============================================================
InlineROM: 1
ExposeGlobal: 0
============================================================
+ Verbose Summary: CDFG Model
============================================================
IsTopModel: 0
ResetActiveHigh: 1
IsCombinational: 0
IsDatapathOnly: 0
HasWiredReturn: 1
HasMFsm: 0
HasVarLatency: 1
IsPipeline: 0
IsRtlPipelined: 0
IsInstanceOverlapped: 0
IsDontTouch: 0
HasImplIP: 0
IsGatedGlobalClock: 0

+ Individual pipeline summary: 
  * Pipeline-0: initiation interval (II) = 1, depth = 2


============================================================
+ Verbose Summary: Schedule
============================================================
* Number of FSM states : 4
* Pipeline : 1
  Pipeline-0 : II = 1, D = 2, States = { 2 3 }
* Dataflow Pipeline: 0

* FSM state transitions: 
1 --> 2 
2 --> 4 3 
3 --> 2 
4 --> 

* FSM state operations: 

State 1 <SV = 0> <Delay = 1.76>
ST_1 : Operation 5 [1/1] (0.00ns)   --->   "call void (...)* @_ssdm_op_SpecInterface(i8* %out_V_V, [5 x i8]* @p_str, i32 0, i32 0, [5 x i8]* @p_str1, i32 0, i32 0, [1 x i8]* @p_str2, [1 x i8]* @p_str2, [1 x i8]* @p_str2, i32 0, i32 0, i32 0, i32 0, [1 x i8]* @p_str2, [1 x i8]* @p_str2) nounwind"   --->   Operation 5 'specinterface' <Predicate = true> <Delay = 0.00>
ST_1 : Operation 6 [1/1] (0.00ns)   --->   "call void (...)* @_ssdm_op_SpecInterface(i16* %in_V_V, [5 x i8]* @p_str, i32 0, i32 0, [5 x i8]* @p_str1, i32 0, i32 0, [1 x i8]* @p_str2, [1 x i8]* @p_str2, [1 x i8]* @p_str2, i32 0, i32 0, i32 0, i32 0, [1 x i8]* @p_str2, [1 x i8]* @p_str2) nounwind"   --->   Operation 6 'specinterface' <Predicate = true> <Delay = 0.00>
ST_1 : Operation 7 [1/1] (1.76ns)   --->   "br label %1" [/workspace/finn-hlslib/streamtools.h:370]   --->   Operation 7 'br' <Predicate = true> <Delay = 1.76>

State 2 <SV = 1> <Delay = 5.72>
ST_2 : Operation 8 [1/1] (0.00ns)   --->   "%p_025_0 = phi i8 [ 0, %0 ], [ %trunc_ln, %hls_label_0_end ]" [/workspace/finn-hlslib/streamtools.h:380]   --->   Operation 8 'phi' 'p_025_0' <Predicate = true> <Delay = 0.00>
ST_2 : Operation 9 [1/1] (0.00ns)   --->   "%o_0 = phi i32 [ 0, %0 ], [ %select_ln384, %hls_label_0_end ]" [/workspace/finn-hlslib/streamtools.h:384]   --->   Operation 9 'phi' 'o_0' <Predicate = true> <Delay = 0.00>
ST_2 : Operation 10 [1/1] (0.00ns)   --->   "%t_0 = phi i9 [ 0, %0 ], [ %t, %hls_label_0_end ]"   --->   Operation 10 'phi' 't_0' <Predicate = true> <Delay = 0.00>
ST_2 : Operation 11 [1/1] (1.66ns)   --->   "%icmp_ln370 = icmp eq i9 %t_0, -256" [/workspace/finn-hlslib/streamtools.h:370]   --->   Operation 11 'icmp' 'icmp_ln370' <Predicate = true> <Delay = 1.66> <Core = "Cmp">   --->   Core 25 'Cmp' <Latency = 0> <II = 1> <Delay = 2.47> <FuncUnit> <Opcode : 'icmp'> <InPorts = 2> <OutPorts = 1>
ST_2 : Operation 12 [1/1] (0.00ns)   --->   "%empty = call i32 (...)* @_ssdm_op_SpecLoopTripCount(i64 256, i64 256, i64 256)"   --->   Operation 12 'speclooptripcount' 'empty' <Predicate = true> <Delay = 0.00>
ST_2 : Operation 13 [1/1] (1.82ns)   --->   "%t = add i9 %t_0, 1" [/workspace/finn-hlslib/streamtools.h:370]   --->   Operation 13 'add' 't' <Predicate = true> <Delay = 1.82> <Core = "AddSub">   --->   Core 14 'AddSub' <Latency = 0> <II = 1> <Delay = 2.55> <FuncUnit> <Opcode : 'add' 'sub'> <InPorts = 2> <OutPorts = 1>
ST_2 : Operation 14 [1/1] (0.00ns)   --->   "br i1 %icmp_ln370, label %3, label %hls_label_0_begin" [/workspace/finn-hlslib/streamtools.h:370]   --->   Operation 14 'br' <Predicate = true> <Delay = 0.00>
ST_2 : Operation 15 [1/1] (2.47ns)   --->   "%icmp_ln373 = icmp eq i32 %o_0, 0" [/workspace/finn-hlslib/streamtools.h:373]   --->   Operation 15 'icmp' 'icmp_ln373' <Predicate = (!icmp_ln370)> <Delay = 2.47> <Core = "Cmp">   --->   Core 25 'Cmp' <Latency = 0> <II = 1> <Delay = 2.47> <FuncUnit> <Opcode : 'icmp'> <InPorts = 2> <OutPorts = 1>
ST_2 : Operation 16 [1/1] (0.00ns)   --->   "%tmp_V_1 = call i16 @_ssdm_op_Read.axis.volatile.i16P(i16* %in_V_V)" [/workspace/finn-hlslib/streamtools.h:374]   --->   Operation 16 'read' 'tmp_V_1' <Predicate = (!icmp_ln370 & icmp_ln373)> <Delay = 0.00> <Core = "AXI4Stream">   --->   Core 5 'AXI4Stream' <Latency = 0> <II = 1> <Delay = 1.00> <Adapter> <Opcode : >
ST_2 : Operation 17 [1/1] (1.76ns)   --->   "br label %hls_label_0_end" [/workspace/finn-hlslib/streamtools.h:375]   --->   Operation 17 'br' <Predicate = (!icmp_ln370 & icmp_ln373)> <Delay = 1.76>
ST_2 : Operation 18 [1/1] (2.55ns)   --->   "%o = add i32 1, %o_0" [/workspace/finn-hlslib/streamtools.h:382]   --->   Operation 18 'add' 'o' <Predicate = (!icmp_ln370)> <Delay = 2.55> <Core = "AddSub">   --->   Core 14 'AddSub' <Latency = 0> <II = 1> <Delay = 2.55> <FuncUnit> <Opcode : 'add' 'sub'> <InPorts = 2> <OutPorts = 1>
ST_2 : Operation 19 [1/1] (2.47ns)   --->   "%icmp_ln384 = icmp eq i32 %o, 2" [/workspace/finn-hlslib/streamtools.h:384]   --->   Operation 19 'icmp' 'icmp_ln384' <Predicate = (!icmp_ln370)> <Delay = 2.47> <Core = "Cmp">   --->   Core 25 'Cmp' <Latency = 0> <II = 1> <Delay = 2.47> <FuncUnit> <Opcode : 'icmp'> <InPorts = 2> <OutPorts = 1>
ST_2 : Operation 20 [1/1] (0.69ns)   --->   "%select_ln384 = select i1 %icmp_ln384, i32 0, i32 %o" [/workspace/finn-hlslib/streamtools.h:384]   --->   Operation 20 'select' 'select_ln384' <Predicate = (!icmp_ln370)> <Delay = 0.69> <Core = "Sel">   --->   Core 26 'Sel' <Latency = 0> <II = 1> <Delay = 0.69> <FuncUnit> <Opcode : 'select'> <InPorts = 3> <OutPorts = 1>

State 3 <SV = 2> <Delay = 1.76>
ST_3 : Operation 21 [1/1] (0.00ns)   --->   "%zext_ln370 = zext i8 %p_025_0 to i16" [/workspace/finn-hlslib/streamtools.h:370]   --->   Operation 21 'zext' 'zext_ln370' <Predicate = (!icmp_ln370)> <Delay = 0.00>
ST_3 : Operation 22 [1/1] (0.00ns)   --->   "%tmp = call i32 (...)* @_ssdm_op_SpecRegionBegin([12 x i8]* @p_str4)" [/workspace/finn-hlslib/streamtools.h:370]   --->   Operation 22 'specregionbegin' 'tmp' <Predicate = (!icmp_ln370)> <Delay = 0.00>
ST_3 : Operation 23 [1/1] (0.00ns)   --->   "call void (...)* @_ssdm_op_SpecPipeline(i32 1, i32 1, i32 1, i32 0, [1 x i8]* @p_str2) nounwind" [/workspace/finn-hlslib/streamtools.h:371]   --->   Operation 23 'specpipeline' <Predicate = (!icmp_ln370)> <Delay = 0.00>
ST_3 : Operation 24 [1/1] (1.76ns)   --->   "br i1 %icmp_ln373, label %2, label %hls_label_0_end" [/workspace/finn-hlslib/streamtools.h:373]   --->   Operation 24 'br' <Predicate = (!icmp_ln370)> <Delay = 1.76>
ST_3 : Operation 25 [1/1] (0.00ns)   --->   "%p_Val2_s = phi i16 [ %tmp_V_1, %2 ], [ %zext_ln370, %hls_label_0_begin ]"   --->   Operation 25 'phi' 'p_Val2_s' <Predicate = (!icmp_ln370)> <Delay = 0.00>
ST_3 : Operation 26 [1/1] (0.00ns)   --->   "%eo_V = trunc i16 %p_Val2_s to i8" [/workspace/finn-hlslib/streamtools.h:377]   --->   Operation 26 'trunc' 'eo_V' <Predicate = (!icmp_ln370)> <Delay = 0.00>
ST_3 : Operation 27 [1/1] (0.00ns)   --->   "call void @_ssdm_op_Write.axis.volatile.i8P(i8* %out_V_V, i8 %eo_V)" [/workspace/finn-hlslib/streamtools.h:378]   --->   Operation 27 'write' <Predicate = (!icmp_ln370)> <Delay = 0.00> <Core = "AXI4Stream">   --->   Core 5 'AXI4Stream' <Latency = 0> <II = 1> <Delay = 1.00> <Adapter> <Opcode : >
ST_3 : Operation 28 [1/1] (0.00ns)   --->   "%trunc_ln = call i8 @_ssdm_op_PartSelect.i8.i16.i32.i32(i16 %p_Val2_s, i32 8, i32 15)" [/workspace/finn-hlslib/streamtools.h:380]   --->   Operation 28 'partselect' 'trunc_ln' <Predicate = (!icmp_ln370)> <Delay = 0.00>
ST_3 : Operation 29 [1/1] (0.00ns)   --->   "%empty_5 = call i32 (...)* @_ssdm_op_SpecRegionEnd([12 x i8]* @p_str4, i32 %tmp)" [/workspace/finn-hlslib/streamtools.h:387]   --->   Operation 29 'specregionend' 'empty_5' <Predicate = (!icmp_ln370)> <Delay = 0.00>
ST_3 : Operation 30 [1/1] (0.00ns)   --->   "br label %1" [/workspace/finn-hlslib/streamtools.h:370]   --->   Operation 30 'br' <Predicate = (!icmp_ln370)> <Delay = 0.00>

State 4 <SV = 2> <Delay = 0.00>
ST_4 : Operation 31 [1/1] (0.00ns)   --->   "ret void" [/workspace/finn-hlslib/streamtools.h:417]   --->   Operation 31 'ret' <Predicate = true> <Delay = 0.00>


============================================================
+ Verbose Summary: Timing violations
============================================================
Target clock period: 10ns, clock uncertainty: 1.25ns.

 <State 1>: 1.77ns
The critical path consists of the following:
	multiplexor before 'phi' operation ('p_025_0', /workspace/finn-hlslib/streamtools.h:380) with incoming values : ('trunc_ln', /workspace/finn-hlslib/streamtools.h:380) [7]  (1.77 ns)

 <State 2>: 5.72ns
The critical path consists of the following:
	'phi' operation ('o_0', /workspace/finn-hlslib/streamtools.h:384) with incoming values : ('select_ln384', /workspace/finn-hlslib/streamtools.h:384) [8]  (0 ns)
	'add' operation ('o', /workspace/finn-hlslib/streamtools.h:382) [28]  (2.55 ns)
	'icmp' operation ('icmp_ln384', /workspace/finn-hlslib/streamtools.h:384) [29]  (2.47 ns)
	'select' operation ('select_ln384', /workspace/finn-hlslib/streamtools.h:384) [30]  (0.698 ns)

 <State 3>: 1.77ns
The critical path consists of the following:
	multiplexor before 'phi' operation ('ei.V') with incoming values : ('zext_ln370', /workspace/finn-hlslib/streamtools.h:370) ('tmp.V', /workspace/finn-hlslib/streamtools.h:374) [24]  (1.77 ns)
	'phi' operation ('ei.V') with incoming values : ('zext_ln370', /workspace/finn-hlslib/streamtools.h:370) ('tmp.V', /workspace/finn-hlslib/streamtools.h:374) [24]  (0 ns)

 <State 4>: 0ns
The critical path consists of the following:


============================================================
+ Verbose Summary: Binding
============================================================
N/A
* FSMD analyzer results:
  - Output states:
 - Input state : 
  - Chain level:
	State 1
	State 2
	State 3
	State 4


============================================================
+ Verbose Summary: Datapath Resource usage 
============================================================
N/A
