

================================================================
== Vivado HLS Report for 'StreamingDataWidthCo_1'
================================================================
* Date:           Sat Jan 30 15:32:13 2021

* Version:        2020.1.1 (Build 2951007 on Wed Aug 05 23:24:06 MDT 2020)
* Project:        project_StreamingDataWidthConverter_Batch_5
* Solution:       sol1
* Product family: zynq
* Target device:  xc7z020-clg400-1


================================================================
== Performance Estimates
================================================================
+ Timing: 
    * Summary: 
    +--------+----------+----------+------------+
    |  Clock |  Target  | Estimated| Uncertainty|
    +--------+----------+----------+------------+
    |ap_clk  | 10.00 ns | 5.723 ns |   1.25 ns  |
    +--------+----------+----------+------------+

+ Latency: 
    * Summary: 
    +---------+---------+----------+----------+-----+-----+---------+
    |  Latency (cycles) |  Latency (absolute) |  Interval | Pipeline|
    |   min   |   max   |    min   |    max   | min | max |   Type  |
    +---------+---------+----------+----------+-----+-----+---------+
    |      258|      258| 2.580 us | 2.580 us |  258|  258|   none  |
    +---------+---------+----------+----------+-----+-----+---------+

    + Detail: 
        * Instance: 
        N/A

        * Loop: 
        +----------+---------+---------+----------+-----------+-----------+------+----------+
        |          |  Latency (cycles) | Iteration|  Initiation Interval  | Trip |          |
        | Loop Name|   min   |   max   |  Latency |  achieved |   target  | Count| Pipelined|
        +----------+---------+---------+----------+-----------+-----------+------+----------+
        |- Loop 1  |      256|      256|         2|          1|          1|   256|    yes   |
        +----------+---------+---------+----------+-----------+-----------+------+----------+

============================================================
+ Verbose Summary: Synthesis Manager
============================================================
InlineROM: 1
ExposeGlobal: 0
============================================================
+ Verbose Summary: CDFG Model
============================================================
IsTopModel: 0
ResetActiveHigh: 1
IsCombinational: 0
IsDatapathOnly: 0
HasWiredReturn: 1
HasMFsm: 0
HasVarLatency: 1
IsPipeline: 0
IsRtlPipelined: 0
IsInstanceOverlapped: 0
IsDontTouch: 0
HasImplIP: 0
IsGatedGlobalClock: 0

+ Individual pipeline summary: 
  * Pipeline-0: initiation interval (II) = 1, depth = 2


============================================================
+ Verbose Summary: Schedule
============================================================
* Number of FSM states : 4
* Pipeline : 1
  Pipeline-0 : II = 1, D = 2, States = { 2 3 }
* Dataflow Pipeline: 0

* FSM state transitions: 
1 --> 2 
2 --> 4 3 
3 --> 2 
4 --> 

* FSM state operations: 

State 1 <SV = 0> <Delay = 1.76>
ST_1 : Operation 5 [1/1] (0.00ns)   --->   "call void (...)* @_ssdm_op_SpecInterface(i8* %out_V_V, [5 x i8]* @p_str, i32 0, i32 0, [5 x i8]* @p_str1, i32 0, i32 0, [1 x i8]* @p_str2, [1 x i8]* @p_str2, [1 x i8]* @p_str2, i32 0, i32 0, i32 0, i32 0, [1 x i8]* @p_str2, [1 x i8]* @p_str2) nounwind"   --->   Operation 5 'specinterface' <Predicate = true> <Delay = 0.00>
ST_1 : Operation 6 [1/1] (0.00ns)   --->   "call void (...)* @_ssdm_op_SpecInterface(i16* %in_V_V, [5 x i8]* @p_str, i32 0, i32 0, [5 x i8]* @p_str1, i32 0, i32 0, [1 x i8]* @p_str2, [1 x i8]* @p_str2, [1 x i8]* @p_str2, i32 0, i32 0, i32 0, i32 0, [1 x i8]* @p_str2, [1 x i8]* @p_str2) nounwind"   --->   Operation 6 'specinterface' <Predicate = true> <Delay = 0.00>
ST_1 : Operation 7 [1/1] (1.76ns)   --->   "br label %1" [/workspace/finn-hlslib/streamtools.h:370]   --->   Operation 7 'br' <Predicate = true> <Delay = 1.76>

State 2 <SV = 1> <Delay = 5.72>
ST_2 : Operation 8 [1/1] (0.00ns)   --->   "%p_025_0 = phi i8 [ 0, %0 ], [ %trunc_ln, %hls_label_0_end ]" [/workspace/finn-hlslib/streamtools.h:380]   --->   Operation 8 'phi' 'p_025_0' <Predicate = true> <Delay = 0.00>
ST_2 : Operation 9 [1/1] (0.00ns)   --->   "%o_0 = phi i32 [ 0, %0 ], [ %select_ln384, %hls_label_0_end ]" [/workspace/finn-hlslib/streamtools.h:384]   --->   Operation 9 'phi' 'o_0' <Predicate = true> <Delay = 0.00>
ST_2 : Operation 10 [1/1] (0.00ns)   --->   "%t_0 = phi i9 [ 0, %0 ], [ %t, %hls_label_0_end ]"   --->   Operation 10 'phi' 't_0' <Predicate = true> <Delay = 0.00>
ST_2 : Operation 11 [1/1] (1.66ns)   --->   "%icmp_ln370 = icmp eq i9 %t_0, -256" [/workspace/finn-hlslib/streamtools.h:370]   --->   Operation 11 'icmp' 'icmp_ln370' <Predicate = true> <Delay = 1.66> <Core = "Cmp">   --->   Core 25 'Cmp' <Latency = 0> <II = 1> <Delay = 2.47> <FuncUnit> <Opcode : 'icmp'> <InPorts = 2> <OutPorts = 1>
ST_2 : Operation 12 [1/1] (0.00ns)   --->   "%empty = call i32 (...)* @_ssdm_op_SpecLoopTripCount(i64 256, i64 256, i64 256)"   --->   Operation 12 'speclooptripcount' 'empty' <Predicate = true> <Delay = 0.00>
ST_2 : Operation 13 [1/1] (1.82ns)   --->   "%t = add i9 %t_0, 1" [/workspace/finn-hlslib/streamtools.h:370]   --->   Operation 13 'add' 't' <Predicate = true> <Delay = 1.82> <Core = "AddSub">   --->   Core 14 'AddSub' <Latency = 0> <II = 1> <Delay = 2.55> <FuncUnit> <Opcode : 'add' 'sub'> <InPorts = 2> <OutPorts = 1>
ST_2 : Operation 14 [1/1] (0.00ns)   --->   "br i1 %icmp_ln370, label %3, label %hls_label_0_begin" [/workspace/finn-hlslib/streamtools.h:370]   --->   Operation 14 'br' <Predicate = true> <Delay = 0.00>
ST_2 : Operation 15 [1/1] (2.47ns)   --->   "%icmp_ln373 = icmp eq i32 %o_0, 0" [/workspace/finn-hlslib/streamtools.h:373]   --->   Operation 15 'icmp' 'icmp_ln373' <Predicate = (!icmp_ln370)> <Delay = 2.47> <Core = "Cmp">   --->   Core 25 'Cmp' <Latency = 0> <II = 1> <Delay = 2.47> <FuncUnit> <Opcode : 'icmp'> <InPorts = 2> <OutPorts = 1>
ST_2 : Operation 16 [1/1] (0.00ns)   --->   "%tmp_V_1 = call i16 @_ssdm_op_Read.axis.volatile.i16P(i16* %in_V_V)" [/workspace/finn-hlslib/streamtools.h:374]   --->   Operation 16 'read' 'tmp_V_1' <Predicate = (!icmp_ln370 & icmp_ln373)> <Delay = 0.00> <Core = "AXI4Stream">   --->   Core 5 'AXI4Stream' <Latency = 0> <II = 1> <Delay = 1.00> <Adapter> <Opcode : >
ST_2 : Operation 17 [1/1] (1.76ns)   --->   "br label %hls_label_0_end" [/workspace/finn-hlslib/streamtools.h:375]   --->   Operation 17 'br' <Predicate = (!icmp_ln370 & icmp_ln373)> <Delay = 1.76>
ST_2 : Operation 18 [1/1] (2.55ns)   --->   "%o = add i32 1, %o_0" [/workspace/finn-hlslib/streamtools.h:382]   --->   Operation 18 'add' 'o' <Predicate = (!icmp_ln370)> <Delay = 2.55> <Core = "AddSub">   --->   Core 14 'AddSub' <Latency = 0> <II = 1> <Delay = 2.55> <FuncUnit> <Opcode : 'add' 'sub'> <InPorts = 2> <OutPorts = 1>
ST_2 : Operation 19 [1/1] (2.47ns)   --->   "%icmp_ln384 = icmp eq i32 %o, 2" [/workspace/finn-hlslib/streamtools.h:384]   --->   Operation 19 'icmp' 'icmp_ln384' <Predicate = (!icmp_ln370)> <Delay = 2.47> <Core = "Cmp">   --->   Core 25 'Cmp' <Latency = 0> <II = 1> <Delay = 2.47> <FuncUnit> <Opcode : 'icmp'> <InPorts = 2> <OutPorts = 1>
ST_2 : Operation 20 [1/1] (0.69ns)   --->   "%select_ln384 = select i1 %icmp_ln384, i32 0, i32 %o" [/workspace/finn-hlslib/streamtools.h:384]   --->   Operation 20 'select' 'select_ln384' <Predicate = (!icmp_ln370)> <Delay = 0.69> <Core = "Sel">   --->   Core 26 'Sel' <Latency = 0> <II = 1> <Delay = 0.69> <FuncUnit> <Opcode : 'select'> <InPorts = 3> <OutPorts = 1>

State 3 <SV = 2> <Delay = 1.76>
ST_3 : Operation 21 [1/1] (0.00ns)   --->   "%zext_ln370 = zext i8 %p_025_0 to i16" [/workspace/finn-hlslib/streamtools.h:370]   --->   Operation 21 'zext' 'zext_ln370' <Predicate = (!icmp_ln370)> <Delay = 0.00>
ST_3 : Operation 22 [1/1] (0.00ns)   --->   "%tmp = call i32 (...)* @_ssdm_op_SpecRegionBegin([12 x i8]* @p_str4)" [/workspace/finn-hlslib/streamtools.h:370]   --->   Operation 22 'specregionbegin' 'tmp' <Predicate = (!icmp_ln370)> <Delay = 0.00>
ST_3 : Operation 23 [1/1] (0.00ns)   --->   "call void (...)* @_ssdm_op_SpecPipeline(i32 1, i32 1, i32 1, i32 0, [1 x i8]* @p_str2) nounwind" [/workspace/finn-hlslib/streamtools.h:371]   --->   Operation 23 'specpipeline' <Predicate = (!icmp_ln370)> <Delay = 0.00>
ST_3 : Operation 24 [1/1] (1.76ns)   --->   "br i1 %icmp_ln373, label %2, label %hls_label_0_end" [/workspace/finn-hlslib/streamtools.h:373]   --->   Operation 24 'br' <Predicate = (!icmp_ln370)> <Delay = 1.76>
ST_3 : Operation 25 [1/1] (0.00ns)   --->   "%p_Val2_s = phi i16 [ %tmp_V_1, %2 ], [ %zext_ln370, %hls_label_0_begin ]"   --->   Operation 25 'phi' 'p_Val2_s' <Predicate = (!icmp_ln370)> <Delay = 0.00>
ST_3 : Operation 26 [1/1] (0.00ns)   --->   "%eo_V = trunc i16 %p_Val2_s to i8" [/workspace/finn-hlslib/streamtools.h:377]   --->   Operation 26 'trunc' 'eo_V' <Predicate = (!icmp_ln370)> <Delay = 0.00>
ST_3 : Operation 27 [1/1] (0.00ns)   --->   "call void @_ssdm_op_Write.axis.volatile.i8P(i8* %out_V_V, i8 %eo_V)" [/workspace/finn-hlslib/streamtools.h:378]   --->   Operation 27 'write' <Predicate = (!icmp_ln370)> <Delay = 0.00> <Core = "AXI4Stream">   --->   Core 5 'AXI4Stream' <Latency = 0> <II = 1> <Delay = 1.00> <Adapter> <Opcode : >
ST_3 : Operation 28 [1/1] (0.00ns)   --->   "%trunc_ln = call i8 @_ssdm_op_PartSelect.i8.i16.i32.i32(i16 %p_Val2_s, i32 8, i32 15)" [/workspace/finn-hlslib/streamtools.h:380]   --->   Operation 28 'partselect' 'trunc_ln' <Predicate = (!icmp_ln370)> <Delay = 0.00>
ST_3 : Operation 29 [1/1] (0.00ns)   --->   "%empty_5 = call i32 (...)* @_ssdm_op_SpecRegionEnd([12 x i8]* @p_str4, i32 %tmp)" [/workspace/finn-hlslib/streamtools.h:387]   --->   Operation 29 'specregionend' 'empty_5' <Predicate = (!icmp_ln370)> <Delay = 0.00>
ST_3 : Operation 30 [1/1] (0.00ns)   --->   "br label %1" [/workspace/finn-hlslib/streamtools.h:370]   --->   Operation 30 'br' <Predicate = (!icmp_ln370)> <Delay = 0.00>

State 4 <SV = 2> <Delay = 0.00>
ST_4 : Operation 31 [1/1] (0.00ns)   --->   "ret void" [/workspace/finn-hlslib/streamtools.h:417]   --->   Operation 31 'ret' <Predicate = true> <Delay = 0.00>


============================================================
+ Verbose Summary: Binding
============================================================
STG Binding: 
---------------- STG Properties BEGIN ----------------
- Is combinational: 0
- Is one-state seq: 0
- Is datapath-only: 0
- Is pipelined: 0
- Is top level: 0
Port [ Return ] is wired: 1; IO mode=ap_ctrl_hs:ce=0
Port [ in_V_V]:  wired=1; compound=1; hidden=0; nouse=0; global=0; static=0; extern=0; dir=0; type=0; pingpong=0; private_global=0; IO mode=axis:ce=0
Port [ out_V_V]:  wired=1; compound=1; hidden=0; nouse=0; global=0; static=0; extern=0; dir=1; type=0; pingpong=0; private_global=0; IO mode=axis:ce=0
---------------- STG Properties END ------------------

---------------- Datapath Model BEGIN ----------------

<LifeTime>
<method=bitvector/>
specinterface_ln0  (specinterface    ) [ 00000]
specinterface_ln0  (specinterface    ) [ 00000]
br_ln370           (br               ) [ 01110]
p_025_0            (phi              ) [ 00110]
o_0                (phi              ) [ 00100]
t_0                (phi              ) [ 00100]
icmp_ln370         (icmp             ) [ 00110]
empty              (speclooptripcount) [ 00000]
t                  (add              ) [ 01110]
br_ln370           (br               ) [ 00000]
icmp_ln373         (icmp             ) [ 00110]
tmp_V_1            (read             ) [ 00110]
br_ln375           (br               ) [ 00110]
o                  (add              ) [ 00000]
icmp_ln384         (icmp             ) [ 00000]
select_ln384       (select           ) [ 01110]
zext_ln370         (zext             ) [ 00000]
tmp                (specregionbegin  ) [ 00000]
specpipeline_ln371 (specpipeline     ) [ 00000]
br_ln373           (br               ) [ 00000]
p_Val2_s           (phi              ) [ 00110]
eo_V               (trunc            ) [ 00000]
write_ln378        (write            ) [ 00000]
trunc_ln           (partselect       ) [ 01110]
empty_5            (specregionend    ) [ 00000]
br_ln370           (br               ) [ 01110]
ret_ln417          (ret              ) [ 00000]
</LifeTime>

<model>

<comp_list>
<comp id="0" class="1000" name="in_V_V">
<pin_list>
<pin id="1" dir="1" index="0" bw="1" slack="0"/>
</pin_list>
<bind>
<StgValue><ssdm name="in_V_V"/></StgValue>
</bind>
</comp>

<comp id="2" class="1000" name="out_V_V">
<pin_list>
<pin id="3" dir="1" index="0" bw="1" slack="0"/>
</pin_list>
<bind>
<StgValue><ssdm name="out_V_V"/></StgValue>
</bind>
</comp>

<comp id="4" class="1001" name="const_4">
<pin_list>
<pin id="5" dir="1" index="0" bw="1" slack="2147483647"/>
</pin_list>
<bind>
<StgValue><ssdm name="_ssdm_op_SpecInterface"/></StgValue>
</bind>
</comp>

<comp id="6" class="1001" name="const_6">
<pin_list>
<pin id="7" dir="1" index="0" bw="1" slack="2147483647"/>
</pin_list>
<bind>
<StgValue><ssdm name="p_str"/></StgValue>
</bind>
</comp>

<comp id="8" class="1001" name="const_8">
<pin_list>
<pin id="9" dir="1" index="0" bw="1" slack="0"/>
</pin_list>
<bind>
<StgValue><ssdm name=""/></StgValue>
</bind>
</comp>

<comp id="10" class="1001" name="const_10">
<pin_list>
<pin id="11" dir="1" index="0" bw="1" slack="2147483647"/>
</pin_list>
<bind>
<StgValue><ssdm name="p_str1"/></StgValue>
</bind>
</comp>

<comp id="12" class="1001" name="const_12">
<pin_list>
<pin id="13" dir="1" index="0" bw="1" slack="2147483647"/>
</pin_list>
<bind>
<StgValue><ssdm name="p_str2"/></StgValue>
</bind>
</comp>

<comp id="14" class="1001" name="const_14">
<pin_list>
<pin id="15" dir="1" index="0" bw="1" slack="1"/>
</pin_list>
<bind>
<StgValue><ssdm name=""/></StgValue>
</bind>
</comp>

<comp id="16" class="1001" name="const_16">
<pin_list>
<pin id="17" dir="1" index="0" bw="1" slack="1"/>
</pin_list>
<bind>
<StgValue><ssdm name=""/></StgValue>
</bind>
</comp>

<comp id="18" class="1001" name="const_18">
<pin_list>
<pin id="19" dir="1" index="0" bw="1" slack="0"/>
</pin_list>
<bind>
<StgValue><ssdm name=""/></StgValue>
</bind>
</comp>

<comp id="20" class="1001" name="const_20">
<pin_list>
<pin id="21" dir="1" index="0" bw="1" slack="2147483647"/>
</pin_list>
<bind>
<StgValue><ssdm name="_ssdm_op_SpecLoopTripCount"/></StgValue>
</bind>
</comp>

<comp id="22" class="1001" name="const_22">
<pin_list>
<pin id="23" dir="1" index="0" bw="1" slack="2147483647"/>
</pin_list>
<bind>
<StgValue><ssdm name=""/></StgValue>
</bind>
</comp>

<comp id="24" class="1001" name="const_24">
<pin_list>
<pin id="25" dir="1" index="0" bw="1" slack="0"/>
</pin_list>
<bind>
<StgValue><ssdm name=""/></StgValue>
</bind>
</comp>

<comp id="26" class="1001" name="const_26">
<pin_list>
<pin id="27" dir="1" index="0" bw="1" slack="0"/>
</pin_list>
<bind>
<StgValue><ssdm name="_ssdm_op_Read.axis.volatile.i16P"/></StgValue>
</bind>
</comp>

<comp id="28" class="1001" name="const_28">
<pin_list>
<pin id="29" dir="1" index="0" bw="1" slack="0"/>
</pin_list>
<bind>
<StgValue><ssdm name=""/></StgValue>
</bind>
</comp>

<comp id="30" class="1001" name="const_30">
<pin_list>
<pin id="31" dir="1" index="0" bw="1" slack="0"/>
</pin_list>
<bind>
<StgValue><ssdm name=""/></StgValue>
</bind>
</comp>

<comp id="32" class="1001" name="const_32">
<pin_list>
<pin id="33" dir="1" index="0" bw="1" slack="2147483647"/>
</pin_list>
<bind>
<StgValue><ssdm name="_ssdm_op_SpecRegionBegin"/></StgValue>
</bind>
</comp>

<comp id="34" class="1001" name="const_34">
<pin_list>
<pin id="35" dir="1" index="0" bw="1" slack="2147483647"/>
</pin_list>
<bind>
<StgValue><ssdm name="p_str4"/></StgValue>
</bind>
</comp>

<comp id="36" class="1001" name="const_36">
<pin_list>
<pin id="37" dir="1" index="0" bw="1" slack="2147483647"/>
</pin_list>
<bind>
<StgValue><ssdm name="_ssdm_op_SpecPipeline"/></StgValue>
</bind>
</comp>

<comp id="38" class="1001" name="const_38">
<pin_list>
<pin id="39" dir="1" index="0" bw="1" slack="0"/>
</pin_list>
<bind>
<StgValue><ssdm name="_ssdm_op_Write.axis.volatile.i8P"/></StgValue>
</bind>
</comp>

<comp id="40" class="1001" name="const_40">
<pin_list>
<pin id="41" dir="1" index="0" bw="1" slack="0"/>
</pin_list>
<bind>
<StgValue><ssdm name="_ssdm_op_PartSelect.i8.i16.i32.i32"/></StgValue>
</bind>
</comp>

<comp id="42" class="1001" name="const_42">
<pin_list>
<pin id="43" dir="1" index="0" bw="1" slack="0"/>
</pin_list>
<bind>
<StgValue><ssdm name=""/></StgValue>
</bind>
</comp>

<comp id="44" class="1001" name="const_44">
<pin_list>
<pin id="45" dir="1" index="0" bw="1" slack="0"/>
</pin_list>
<bind>
<StgValue><ssdm name=""/></StgValue>
</bind>
</comp>

<comp id="46" class="1001" name="const_46">
<pin_list>
<pin id="47" dir="1" index="0" bw="1" slack="2147483647"/>
</pin_list>
<bind>
<StgValue><ssdm name="_ssdm_op_SpecRegionEnd"/></StgValue>
</bind>
</comp>

<comp id="48" class="1004" name="tmp_V_1_read_fu_48">
<pin_list>
<pin id="49" dir="0" index="0" bw="16" slack="0"/>
<pin id="50" dir="0" index="1" bw="16" slack="0"/>
<pin id="51" dir="1" index="2" bw="16" slack="1"/>
</pin_list>
<bind>
<opcode="read(1150) " fcode="read"/>
<opset="tmp_V_1/2 "/>
</bind>
</comp>

<comp id="54" class="1004" name="write_ln378_write_fu_54">
<pin_list>
<pin id="55" dir="0" index="0" bw="0" slack="0"/>
<pin id="56" dir="0" index="1" bw="8" slack="0"/>
<pin id="57" dir="0" index="2" bw="8" slack="0"/>
<pin id="58" dir="1" index="3" bw="0" slack="2147483647"/>
</pin_list>
<bind>
<opcode="write(1151) " fcode="write"/>
<opset="write_ln378/3 "/>
</bind>
</comp>

<comp id="61" class="1005" name="p_025_0_reg_61">
<pin_list>
<pin id="62" dir="0" index="0" bw="8" slack="1"/>
<pin id="63" dir="1" index="1" bw="8" slack="1"/>
</pin_list>
<bind>
<opset="p_025_0 (phireg) "/>
</bind>
</comp>

<comp id="65" class="1004" name="p_025_0_phi_fu_65">
<pin_list>
<pin id="66" dir="0" index="0" bw="1" slack="1"/>
<pin id="67" dir="0" index="1" bw="0" slack="2147483647"/>
<pin id="68" dir="0" index="2" bw="8" slack="1"/>
<pin id="69" dir="0" index="3" bw="0" slack="2147483647"/>
<pin id="70" dir="1" index="4" bw="8" slack="1"/>
</pin_list>
<bind>
<opcode="phi(47) " fcode="phi"/>
<opset="p_025_0/2 "/>
</bind>
</comp>

<comp id="73" class="1005" name="o_0_reg_73">
<pin_list>
<pin id="74" dir="0" index="0" bw="32" slack="1"/>
<pin id="75" dir="1" index="1" bw="32" slack="1"/>
</pin_list>
<bind>
<opset="o_0 (phireg) "/>
</bind>
</comp>

<comp id="77" class="1004" name="o_0_phi_fu_77">
<pin_list>
<pin id="78" dir="0" index="0" bw="1" slack="1"/>
<pin id="79" dir="0" index="1" bw="0" slack="2147483647"/>
<pin id="80" dir="0" index="2" bw="32" slack="0"/>
<pin id="81" dir="0" index="3" bw="0" slack="2147483647"/>
<pin id="82" dir="1" index="4" bw="32" slack="0"/>
</pin_list>
<bind>
<opcode="phi(47) " fcode="phi"/>
<opset="o_0/2 "/>
</bind>
</comp>

<comp id="84" class="1005" name="t_0_reg_84">
<pin_list>
<pin id="85" dir="0" index="0" bw="9" slack="1"/>
<pin id="86" dir="1" index="1" bw="9" slack="1"/>
</pin_list>
<bind>
<opset="t_0 (phireg) "/>
</bind>
</comp>

<comp id="88" class="1004" name="t_0_phi_fu_88">
<pin_list>
<pin id="89" dir="0" index="0" bw="1" slack="1"/>
<pin id="90" dir="0" index="1" bw="0" slack="2147483647"/>
<pin id="91" dir="0" index="2" bw="9" slack="0"/>
<pin id="92" dir="0" index="3" bw="0" slack="2147483647"/>
<pin id="93" dir="1" index="4" bw="9" slack="0"/>
</pin_list>
<bind>
<opcode="phi(47) " fcode="phi"/>
<opset="t_0/2 "/>
</bind>
</comp>

<comp id="95" class="1005" name="p_Val2_s_reg_95">
<pin_list>
<pin id="96" dir="0" index="0" bw="16" slack="2147483647"/>
<pin id="97" dir="1" index="1" bw="16" slack="2147483647"/>
</pin_list>
<bind>
<opset="p_Val2_s (phireg) "/>
</bind>
</comp>

<comp id="98" class="1004" name="p_Val2_s_phi_fu_98">
<pin_list>
<pin id="99" dir="0" index="0" bw="16" slack="1"/>
<pin id="100" dir="0" index="1" bw="0" slack="2147483647"/>
<pin id="101" dir="0" index="2" bw="8" slack="0"/>
<pin id="102" dir="0" index="3" bw="0" slack="2147483647"/>
<pin id="103" dir="1" index="4" bw="16" slack="0"/>
</pin_list>
<bind>
<opcode="phi(47) " fcode="phi"/>
<opset="p_Val2_s/3 "/>
</bind>
</comp>

<comp id="104" class="1004" name="icmp_ln370_fu_104">
<pin_list>
<pin id="105" dir="0" index="0" bw="9" slack="0"/>
<pin id="106" dir="0" index="1" bw="9" slack="0"/>
<pin id="107" dir="1" index="2" bw="1" slack="1"/>
</pin_list>
<bind>
<opcode="icmp(45) " fcode="icmp"/>
<opset="icmp_ln370/2 "/>
</bind>
</comp>

<comp id="110" class="1004" name="t_fu_110">
<pin_list>
<pin id="111" dir="0" index="0" bw="9" slack="0"/>
<pin id="112" dir="0" index="1" bw="1" slack="0"/>
<pin id="113" dir="1" index="2" bw="9" slack="0"/>
</pin_list>
<bind>
<opcode="add(8) " fcode="add"/>
<opset="t/2 "/>
</bind>
</comp>

<comp id="116" class="1004" name="icmp_ln373_fu_116">
<pin_list>
<pin id="117" dir="0" index="0" bw="32" slack="0"/>
<pin id="118" dir="0" index="1" bw="1" slack="0"/>
<pin id="119" dir="1" index="2" bw="1" slack="1"/>
</pin_list>
<bind>
<opcode="icmp(45) " fcode="icmp"/>
<opset="icmp_ln373/2 "/>
</bind>
</comp>

<comp id="122" class="1004" name="o_fu_122">
<pin_list>
<pin id="123" dir="0" index="0" bw="1" slack="0"/>
<pin id="124" dir="0" index="1" bw="32" slack="0"/>
<pin id="125" dir="1" index="2" bw="32" slack="0"/>
</pin_list>
<bind>
<opcode="add(8) " fcode="add"/>
<opset="o/2 "/>
</bind>
</comp>

<comp id="128" class="1004" name="icmp_ln384_fu_128">
<pin_list>
<pin id="129" dir="0" index="0" bw="32" slack="0"/>
<pin id="130" dir="0" index="1" bw="3" slack="0"/>
<pin id="131" dir="1" index="2" bw="1" slack="0"/>
</pin_list>
<bind>
<opcode="icmp(45) " fcode="icmp"/>
<opset="icmp_ln384/2 "/>
</bind>
</comp>

<comp id="134" class="1004" name="select_ln384_fu_134">
<pin_list>
<pin id="135" dir="0" index="0" bw="1" slack="0"/>
<pin id="136" dir="0" index="1" bw="1" slack="0"/>
<pin id="137" dir="0" index="2" bw="32" slack="0"/>
<pin id="138" dir="1" index="3" bw="32" slack="0"/>
</pin_list>
<bind>
<opcode="select(49) " fcode="select"/>
<opset="select_ln384/2 "/>
</bind>
</comp>

<comp id="142" class="1004" name="zext_ln370_fu_142">
<pin_list>
<pin id="143" dir="0" index="0" bw="8" slack="1"/>
<pin id="144" dir="1" index="1" bw="16" slack="0"/>
</pin_list>
<bind>
<opcode="zext(34) " fcode="zext"/>
<opset="zext_ln370/3 "/>
</bind>
</comp>

<comp id="147" class="1004" name="eo_V_fu_147">
<pin_list>
<pin id="148" dir="0" index="0" bw="16" slack="0"/>
<pin id="149" dir="1" index="1" bw="8" slack="0"/>
</pin_list>
<bind>
<opcode="trunc(33) " fcode="trunc"/>
<opset="eo_V/3 "/>
</bind>
</comp>

<comp id="152" class="1004" name="trunc_ln_fu_152">
<pin_list>
<pin id="153" dir="0" index="0" bw="8" slack="0"/>
<pin id="154" dir="0" index="1" bw="16" slack="0"/>
<pin id="155" dir="0" index="2" bw="5" slack="0"/>
<pin id="156" dir="0" index="3" bw="5" slack="0"/>
<pin id="157" dir="1" index="4" bw="8" slack="1"/>
</pin_list>
<bind>
<opcode="partselect(1002) " fcode="partselect"/>
<opset="trunc_ln/3 "/>
</bind>
</comp>

<comp id="162" class="1005" name="icmp_ln370_reg_162">
<pin_list>
<pin id="163" dir="0" index="0" bw="1" slack="1"/>
<pin id="164" dir="1" index="1" bw="1" slack="2147483647"/>
</pin_list>
<bind>
<opset="icmp_ln370 "/>
</bind>
</comp>

<comp id="166" class="1005" name="t_reg_166">
<pin_list>
<pin id="167" dir="0" index="0" bw="9" slack="0"/>
<pin id="168" dir="1" index="1" bw="9" slack="0"/>
</pin_list>
<bind>
<opset="t "/>
</bind>
</comp>

<comp id="171" class="1005" name="icmp_ln373_reg_171">
<pin_list>
<pin id="172" dir="0" index="0" bw="1" slack="1"/>
<pin id="173" dir="1" index="1" bw="1" slack="2147483647"/>
</pin_list>
<bind>
<opset="icmp_ln373 "/>
</bind>
</comp>

<comp id="175" class="1005" name="tmp_V_1_reg_175">
<pin_list>
<pin id="176" dir="0" index="0" bw="16" slack="1"/>
<pin id="177" dir="1" index="1" bw="16" slack="1"/>
</pin_list>
<bind>
<opset="tmp_V_1 "/>
</bind>
</comp>

<comp id="180" class="1005" name="select_ln384_reg_180">
<pin_list>
<pin id="181" dir="0" index="0" bw="32" slack="0"/>
<pin id="182" dir="1" index="1" bw="32" slack="0"/>
</pin_list>
<bind>
<opset="select_ln384 "/>
</bind>
</comp>

<comp id="185" class="1005" name="trunc_ln_reg_185">
<pin_list>
<pin id="186" dir="0" index="0" bw="8" slack="1"/>
<pin id="187" dir="1" index="1" bw="8" slack="1"/>
</pin_list>
<bind>
<opset="trunc_ln "/>
</bind>
</comp>

</comp_list>

<net_list>
<net id="52"><net_src comp="26" pin="0"/><net_sink comp="48" pin=0"/></net>

<net id="53"><net_src comp="0" pin="0"/><net_sink comp="48" pin=1"/></net>

<net id="59"><net_src comp="38" pin="0"/><net_sink comp="54" pin=0"/></net>

<net id="60"><net_src comp="2" pin="0"/><net_sink comp="54" pin=1"/></net>

<net id="64"><net_src comp="14" pin="0"/><net_sink comp="61" pin=0"/></net>

<net id="71"><net_src comp="61" pin="1"/><net_sink comp="65" pin=0"/></net>

<net id="72"><net_src comp="65" pin="4"/><net_sink comp="61" pin=0"/></net>

<net id="76"><net_src comp="8" pin="0"/><net_sink comp="73" pin=0"/></net>

<net id="83"><net_src comp="73" pin="1"/><net_sink comp="77" pin=0"/></net>

<net id="87"><net_src comp="16" pin="0"/><net_sink comp="84" pin=0"/></net>

<net id="94"><net_src comp="84" pin="1"/><net_sink comp="88" pin=0"/></net>

<net id="108"><net_src comp="88" pin="4"/><net_sink comp="104" pin=0"/></net>

<net id="109"><net_src comp="18" pin="0"/><net_sink comp="104" pin=1"/></net>

<net id="114"><net_src comp="88" pin="4"/><net_sink comp="110" pin=0"/></net>

<net id="115"><net_src comp="24" pin="0"/><net_sink comp="110" pin=1"/></net>

<net id="120"><net_src comp="77" pin="4"/><net_sink comp="116" pin=0"/></net>

<net id="121"><net_src comp="8" pin="0"/><net_sink comp="116" pin=1"/></net>

<net id="126"><net_src comp="28" pin="0"/><net_sink comp="122" pin=0"/></net>

<net id="127"><net_src comp="77" pin="4"/><net_sink comp="122" pin=1"/></net>

<net id="132"><net_src comp="122" pin="2"/><net_sink comp="128" pin=0"/></net>

<net id="133"><net_src comp="30" pin="0"/><net_sink comp="128" pin=1"/></net>

<net id="139"><net_src comp="128" pin="2"/><net_sink comp="134" pin=0"/></net>

<net id="140"><net_src comp="8" pin="0"/><net_sink comp="134" pin=1"/></net>

<net id="141"><net_src comp="122" pin="2"/><net_sink comp="134" pin=2"/></net>

<net id="145"><net_src comp="61" pin="1"/><net_sink comp="142" pin=0"/></net>

<net id="146"><net_src comp="142" pin="1"/><net_sink comp="98" pin=2"/></net>

<net id="150"><net_src comp="98" pin="4"/><net_sink comp="147" pin=0"/></net>

<net id="151"><net_src comp="147" pin="1"/><net_sink comp="54" pin=2"/></net>

<net id="158"><net_src comp="40" pin="0"/><net_sink comp="152" pin=0"/></net>

<net id="159"><net_src comp="98" pin="4"/><net_sink comp="152" pin=1"/></net>

<net id="160"><net_src comp="42" pin="0"/><net_sink comp="152" pin=2"/></net>

<net id="161"><net_src comp="44" pin="0"/><net_sink comp="152" pin=3"/></net>

<net id="165"><net_src comp="104" pin="2"/><net_sink comp="162" pin=0"/></net>

<net id="169"><net_src comp="110" pin="2"/><net_sink comp="166" pin=0"/></net>

<net id="170"><net_src comp="166" pin="1"/><net_sink comp="88" pin=2"/></net>

<net id="174"><net_src comp="116" pin="2"/><net_sink comp="171" pin=0"/></net>

<net id="178"><net_src comp="48" pin="2"/><net_sink comp="175" pin=0"/></net>

<net id="179"><net_src comp="175" pin="1"/><net_sink comp="98" pin=0"/></net>

<net id="183"><net_src comp="134" pin="3"/><net_sink comp="180" pin=0"/></net>

<net id="184"><net_src comp="180" pin="1"/><net_sink comp="77" pin=2"/></net>

<net id="188"><net_src comp="152" pin="4"/><net_sink comp="185" pin=0"/></net>

<net id="189"><net_src comp="185" pin="1"/><net_sink comp="65" pin=2"/></net>

</net_list>

</model> 
---------------- Datapath Model END ------------------

* FSMD analyzer results:
  - Output states:
	Port: out_V_V | {3 }
 - Input state : 
	Port: StreamingDataWidthCo.1 : in_V_V | {2 }
  - Chain level:
	State 1
	State 2
		icmp_ln370 : 1
		t : 1
		br_ln370 : 2
		icmp_ln373 : 1
		o : 1
		icmp_ln384 : 2
		select_ln384 : 3
	State 3
		p_Val2_s : 1
		eo_V : 2
		write_ln378 : 3
		trunc_ln : 2
		empty_5 : 1
	State 4


============================================================
+ Verbose Summary: Datapath Resource usage 
============================================================

* Functional unit list:
|----------|-------------------------|---------|---------|
| Operation|     Functional Unit     |    FF   |   LUT   |
|----------|-------------------------|---------|---------|
|    add   |         t_fu_110        |    0    |    15   |
|          |         o_fu_122        |    0    |    39   |
|----------|-------------------------|---------|---------|
|          |    icmp_ln370_fu_104    |    0    |    13   |
|   icmp   |    icmp_ln373_fu_116    |    0    |    18   |
|          |    icmp_ln384_fu_128    |    0    |    18   |
|----------|-------------------------|---------|---------|
|  select  |   select_ln384_fu_134   |    0    |    32   |
|----------|-------------------------|---------|---------|
|   read   |    tmp_V_1_read_fu_48   |    0    |    0    |
|----------|-------------------------|---------|---------|
|   write  | write_ln378_write_fu_54 |    0    |    0    |
|----------|-------------------------|---------|---------|
|   zext   |    zext_ln370_fu_142    |    0    |    0    |
|----------|-------------------------|---------|---------|
|   trunc  |       eo_V_fu_147       |    0    |    0    |
|----------|-------------------------|---------|---------|
|partselect|     trunc_ln_fu_152     |    0    |    0    |
|----------|-------------------------|---------|---------|
|   Total  |                         |    0    |   135   |
|----------|-------------------------|---------|---------|

Memories:
N/A

* Register list:
+--------------------+--------+
|                    |   FF   |
+--------------------+--------+
| icmp_ln370_reg_162 |    1   |
| icmp_ln373_reg_171 |    1   |
|     o_0_reg_73     |   32   |
|   p_025_0_reg_61   |    8   |
|   p_Val2_s_reg_95  |   16   |
|select_ln384_reg_180|   32   |
|     t_0_reg_84     |    9   |
|      t_reg_166     |    9   |
|   tmp_V_1_reg_175  |   16   |
|  trunc_ln_reg_185  |    8   |
+--------------------+--------+
|        Total       |   132  |
+--------------------+--------+

* Multiplexer (MUX) list: 
|----------------|------|------|------|--------||---------||---------|
|      Comp      |  Pin | Size |  BW  | S x BW ||  Delay  ||   LUT   |
|----------------|------|------|------|--------||---------||---------|
| p_025_0_reg_61 |  p0  |   2  |   8  |   16   ||    9    |
|----------------|------|------|------|--------||---------||---------|
|      Total     |      |      |      |   16   ||  1.769  ||    9    |
|----------------|------|------|------|--------||---------||---------|



* Summary:
+-----------+--------+--------+--------+
|           |  Delay |   FF   |   LUT  |
+-----------+--------+--------+--------+
|  Function |    -   |    0   |   135  |
|   Memory  |    -   |    -   |    -   |
|Multiplexer|    1   |    -   |    9   |
|  Register |    -   |   132  |    -   |
+-----------+--------+--------+--------+
|   Total   |    1   |   132  |   144  |
+-----------+--------+--------+--------+
