==============================================================
Vivado(TM) HLS - High-Level Synthesis from C, C++ and SystemC v2020.1.1 (64-bit)
Copyright 1986-2020 Xilinx, Inc. All Rights Reserved.
==============================================================
INFO: [HLS 200-10] Setting target device to 'xc7z020-clg400-1'
WARNING: [XFORM 203-506] Disable code size check when do loop unroll.
WARNING: [ANALYSIS 214-1] Skip long-run-time warning caused by lots of load/store instructions.
WARNING: [HLS 200-483] The 'config_rtl -auto_prefix' command is deprecated and will be removed in a future release. Use 'config_rtl -module_auto_prefix' as its replacement.
INFO: [SYN 201-201] Setting up clock 'default' with a period of 10ns.
INFO: [SCHED 204-61] Option 'relax_ii_for_timing' is enabled, will increase II to preserve clock frequency constraints.
INFO: [HLS 200-10] Analyzing design file '/home/grgov/Diplomski_rad/finn_modified_docker_output_dir/code_gen_ipgen_StreamingFCLayer_Batch_6_emgw76in/top_StreamingFCLayer_Batch_6.cpp' ... 
INFO: [HLS 200-111] Finished Linking Time (s): cpu = 00:00:33 ; elapsed = 00:00:34 . Memory (MB): peak = 1661.020 ; gain = 1227.777 ; free physical = 3493 ; free virtual = 42465
INFO: [HLS 200-111] Finished Checking Pragmas Time (s): cpu = 00:00:33 ; elapsed = 00:00:34 . Memory (MB): peak = 1661.020 ; gain = 1227.777 ; free physical = 3493 ; free virtual = 42465
INFO: [HLS 200-10] Starting code transformations ...
INFO: [HLS 200-489] Unrolling loop 'Loop-3.1' (/workspace/finn-hlslib/mvau.hpp:265) in function 'void Matrix_Vector_Activate_Stream_Batch<512u, 7u, 2u, 1u, Slice<ap_int<4>, 4u>, Slice<ap_int<16>, 16u>, Identity, ap_int<4>, ap_uint<8>, ap_uint<16>, PassThroughActivation<ap_int<16> >, ap_resource_lut>(hls::stream<FORWARD_REFERENCE, 0>&, hls::stream<FORWARD_REFERENCE, 0>&, hls::stream<ap_uint<((FORWARD_REFERENCE) * (FORWARD_REFERENCE)) * (FORWARD_REFERENCE::width)>, 0>&, FORWARD_REFERENCE const&, int, FORWARD_REFERENCE const&)' completely with a factor of 1.
INFO: [HLS 200-489] Unrolling loop 'Loop-3.2' (/workspace/finn-hlslib/mvau.hpp:272) in function 'void Matrix_Vector_Activate_Stream_Batch<512u, 7u, 2u, 1u, Slice<ap_int<4>, 4u>, Slice<ap_int<16>, 16u>, Identity, ap_int<4>, ap_uint<8>, ap_uint<16>, PassThroughActivation<ap_int<16> >, ap_resource_lut>(hls::stream<FORWARD_REFERENCE, 0>&, hls::stream<FORWARD_REFERENCE, 0>&, hls::stream<ap_uint<((FORWARD_REFERENCE) * (FORWARD_REFERENCE)) * (FORWARD_REFERENCE::width)>, 0>&, FORWARD_REFERENCE const&, int, FORWARD_REFERENCE const&)' completely with a factor of 1.
INFO: [HLS 200-489] Unrolling loop 'Loop-3.3' (/workspace/finn-hlslib/mvau.hpp:279) in function 'void Matrix_Vector_Activate_Stream_Batch<512u, 7u, 2u, 1u, Slice<ap_int<4>, 4u>, Slice<ap_int<16>, 16u>, Identity, ap_int<4>, ap_uint<8>, ap_uint<16>, PassThroughActivation<ap_int<16> >, ap_resource_lut>(hls::stream<FORWARD_REFERENCE, 0>&, hls::stream<FORWARD_REFERENCE, 0>&, hls::stream<ap_uint<((FORWARD_REFERENCE) * (FORWARD_REFERENCE)) * (FORWARD_REFERENCE::width)>, 0>&, FORWARD_REFERENCE const&, int, FORWARD_REFERENCE const&)' completely with a factor of 1.
INFO: [HLS 200-489] Unrolling loop 'Loop-3.4' (/workspace/finn-hlslib/mvau.hpp:292) in function 'void Matrix_Vector_Activate_Stream_Batch<512u, 7u, 2u, 1u, Slice<ap_int<4>, 4u>, Slice<ap_int<16>, 16u>, Identity, ap_int<4>, ap_uint<8>, ap_uint<16>, PassThroughActivation<ap_int<16> >, ap_resource_lut>(hls::stream<FORWARD_REFERENCE, 0>&, hls::stream<FORWARD_REFERENCE, 0>&, hls::stream<ap_uint<((FORWARD_REFERENCE) * (FORWARD_REFERENCE)) * (FORWARD_REFERENCE::width)>, 0>&, FORWARD_REFERENCE const&, int, FORWARD_REFERENCE const&)' completely with a factor of 1.
INFO: [XFORM 203-603] Inlining function 'Activation<ap_int<16>, ap_int<16> >::init' into 'Matrix_Vector_Activate_Stream_Batch<512u, 7u, 2u, 1u, Slice<ap_int<4>, 4u>, Slice<ap_int<16>, 16u>, Identity, ap_int<4>, ap_uint<8>, ap_uint<16>, PassThroughActivation<ap_int<16> >, ap_resource_lut>' (/workspace/finn-hlslib/mvau.hpp:274).
INFO: [XFORM 203-603] Inlining function 'Slice<ap_int<4>, 4u>::operator()<ap_uint<8> >' into 'Matrix_Vector_Activate_Stream_Batch<512u, 7u, 2u, 1u, Slice<ap_int<4>, 4u>, Slice<ap_int<16>, 16u>, Identity, ap_int<4>, ap_uint<8>, ap_uint<16>, PassThroughActivation<ap_int<16> >, ap_resource_lut>' (/workspace/finn-hlslib/mvau.hpp:281).
INFO: [XFORM 203-603] Inlining function 'std::array<ap_int<4>, 2ul>::operator[].1' into 'Weights_Tile<2u, ap_int<4>, 1u>::operator[]' (/workspace/finn-hlslib/weights.hpp:166).
INFO: [XFORM 203-603] Inlining function 'Weights_Tile<2u, ap_int<4>, 1u>::operator[]' into 'Matrix_Vector_Activate_Stream_Batch<512u, 7u, 2u, 1u, Slice<ap_int<4>, 4u>, Slice<ap_int<16>, 16u>, Identity, ap_int<4>, ap_uint<8>, ap_uint<16>, PassThroughActivation<ap_int<16> >, ap_resource_lut>' (/workspace/finn-hlslib/mvau.hpp:282).
INFO: [XFORM 203-603] Inlining function 'Identity::operator()<std::array<ap_int<4>, 2ul> >' into 'Matrix_Vector_Activate_Stream_Batch<512u, 7u, 2u, 1u, Slice<ap_int<4>, 4u>, Slice<ap_int<16>, 16u>, Identity, ap_int<4>, ap_uint<8>, ap_uint<16>, PassThroughActivation<ap_int<16> >, ap_resource_lut>' (/workspace/finn-hlslib/mvau.hpp:282).
INFO: [XFORM 203-603] Inlining function 'std::array<ap_int<4>, 2ul>::operator[]' into 'mac<2u, ap_int<16>, std::array<ap_int<4>, 2ul>, Slice<ap_int<4>, 4u>::Container<ap_uint<8> >, ap_resource_lut>' (/workspace/finn-hlslib/mac.hpp:169).
INFO: [XFORM 203-603] Inlining function 'Slice<ap_int<4>, 4u>::Container<ap_uint<8> >::operator()' into 'mac<2u, ap_int<16>, std::array<ap_int<4>, 2ul>, Slice<ap_int<4>, 4u>::Container<ap_uint<8> >, ap_resource_lut>' (/workspace/finn-hlslib/mac.hpp:169).
INFO: [XFORM 203-603] Inlining function 'mul<ap_int<4>, ap_int<4> >' into 'mac<2u, ap_int<16>, std::array<ap_int<4>, 2ul>, Slice<ap_int<4>, 4u>::Container<ap_uint<8> >, ap_resource_lut>' (/workspace/finn-hlslib/mac.hpp:169).
INFO: [XFORM 203-603] Inlining function 'mac<2u, ap_int<16>, std::array<ap_int<4>, 2ul>, Slice<ap_int<4>, 4u>::Container<ap_uint<8> >, ap_resource_lut>' into 'Matrix_Vector_Activate_Stream_Batch<512u, 7u, 2u, 1u, Slice<ap_int<4>, 4u>, Slice<ap_int<16>, 16u>, Identity, ap_int<4>, ap_uint<8>, ap_uint<16>, PassThroughActivation<ap_int<16> >, ap_resource_lut>' (/workspace/finn-hlslib/mvau.hpp:284).
INFO: [XFORM 203-603] Inlining function 'Slice<ap_int<16>, 16u>::operator()<ap_uint<16> >' into 'Matrix_Vector_Activate_Stream_Batch<512u, 7u, 2u, 1u, Slice<ap_int<4>, 4u>, Slice<ap_int<16>, 16u>, Identity, ap_int<4>, ap_uint<8>, ap_uint<16>, PassThroughActivation<ap_int<16> >, ap_resource_lut>' (/workspace/finn-hlslib/mvau.hpp:291).
INFO: [XFORM 203-603] Inlining function 'Slice<ap_int<16>, 16u>::Container<ap_uint<16> >::operator()' into 'Matrix_Vector_Activate_Stream_Batch<512u, 7u, 2u, 1u, Slice<ap_int<4>, 4u>, Slice<ap_int<16>, 16u>, Identity, ap_int<4>, ap_uint<8>, ap_uint<16>, PassThroughActivation<ap_int<16> >, ap_resource_lut>' (/workspace/finn-hlslib/mvau.hpp:294).
INFO: [XFORM 203-603] Inlining function 'PassThroughActivation<ap_int<16> >::activate' into 'Matrix_Vector_Activate_Stream_Batch<512u, 7u, 2u, 1u, Slice<ap_int<4>, 4u>, Slice<ap_int<16>, 16u>, Identity, ap_int<4>, ap_uint<8>, ap_uint<16>, PassThroughActivation<ap_int<16> >, ap_resource_lut>' (/workspace/finn-hlslib/mvau.hpp:294).
INFO: [XFORM 203-603] Inlining function 'Slice<ap_int<16>, 16u>::Container<ap_uint<16> >::operator ap_uint<16> const&' into 'Matrix_Vector_Activate_Stream_Batch<512u, 7u, 2u, 1u, Slice<ap_int<4>, 4u>, Slice<ap_int<16>, 16u>, Identity, ap_int<4>, ap_uint<8>, ap_uint<16>, PassThroughActivation<ap_int<16> >, ap_resource_lut>' (/workspace/finn-hlslib/mvau.hpp:297).
INFO: [HLS 200-111] Finished Standard Transforms Time (s): cpu = 00:00:35 ; elapsed = 00:00:36 . Memory (MB): peak = 1661.020 ; gain = 1227.777 ; free physical = 3337 ; free virtual = 42313
INFO: [HLS 200-10] Checking synthesizability ...
INFO: [XFORM 203-602] Inlining function 'Caster<ap_int<4> >::cast<4>' into 'Matrix_Vector_Activate_Stream_Batch<512u, 7u, 2u, 1u, Slice<ap_int<4>, 4u>, Slice<ap_int<16>, 16u>, Identity, ap_int<4>, ap_uint<8>, ap_uint<16>, PassThroughActivation<ap_int<16> >, ap_resource_lut>' (/workspace/finn-hlslib/interpret.hpp:216->/workspace/finn-hlslib/mac.hpp:169->/workspace/finn-hlslib/mvau.hpp:284) automatically.
WARNING: [SYNCHK 200-23] /workspace/finn-hlslib/weights.hpp:164: variable-indexed range selection may cause suboptimal QoR.
