==============================================================
Vivado(TM) HLS - High-Level Synthesis from C, C++ and SystemC v2020.1.1 (64-bit)
Copyright 1986-2020 Xilinx, Inc. All Rights Reserved.
==============================================================
INFO: [HLS 200-10] Setting target device to 'xc7z020-clg400-1'
WARNING: [XFORM 203-506] Disable code size check when do loop unroll.
WARNING: [ANALYSIS 214-1] Skip long-run-time warning caused by lots of load/store instructions.
WARNING: [HLS 200-483] The 'config_rtl -auto_prefix' command is deprecated and will be removed in a future release. Use 'config_rtl -module_auto_prefix' as its replacement.
INFO: [SYN 201-201] Setting up clock 'default' with a period of 10ns.
INFO: [SCHED 204-61] Option 'relax_ii_for_timing' is enabled, will increase II to preserve clock frequency constraints.
INFO: [HLS 200-10] Analyzing design file '/home/grgov/Diplomski_rad/finn_modified_docker_output_dir/code_gen_ipgen_StreamingFCLayer_Batch_0_wkar_7k5/top_StreamingFCLayer_Batch_0.cpp' ... 
INFO: [HLS 200-111] Finished Linking Time (s): cpu = 00:00:30 ; elapsed = 00:00:30 . Memory (MB): peak = 1661.020 ; gain = 1227.777 ; free physical = 3047 ; free virtual = 42204
INFO: [HLS 200-111] Finished Checking Pragmas Time (s): cpu = 00:00:30 ; elapsed = 00:00:30 . Memory (MB): peak = 1661.020 ; gain = 1227.777 ; free physical = 3046 ; free virtual = 42204
INFO: [HLS 200-10] Starting code transformations ...
INFO: [XFORM 203-603] Inlining function 'Activation<ap_int<24>, ap_int<24> >::init' into 'Matrix_Vector_Activate_Stream_Batch<1152u, 128u, 2u, 4u, Slice<ap_int<4>, 4u>, Slice<ap_int<24>, 24u>, Identity, ap_int<4>, ap_uint<8>, ap_uint<96>, PassThroughActivation<ap_int<24> >, ap_resource_lut>' (/workspace/finn-hlslib/mvau.hpp:274).
INFO: [XFORM 203-603] Inlining function 'Slice<ap_int<4>, 4u>::operator()<ap_uint<8> >' into 'Matrix_Vector_Activate_Stream_Batch<1152u, 128u, 2u, 4u, Slice<ap_int<4>, 4u>, Slice<ap_int<24>, 24u>, Identity, ap_int<4>, ap_uint<8>, ap_uint<96>, PassThroughActivation<ap_int<24> >, ap_resource_lut>' (/workspace/finn-hlslib/mvau.hpp:281).
INFO: [XFORM 203-603] Inlining function 'std::array<ap_int<4>, 2ul>::operator[].1' into 'Weights_Tile<2u, ap_int<4>, 4u>::operator[]' (/workspace/finn-hlslib/weights.hpp:166).
INFO: [XFORM 203-603] Inlining function 'Weights_Tile<2u, ap_int<4>, 4u>::operator[]' into 'Matrix_Vector_Activate_Stream_Batch<1152u, 128u, 2u, 4u, Slice<ap_int<4>, 4u>, Slice<ap_int<24>, 24u>, Identity, ap_int<4>, ap_uint<8>, ap_uint<96>, PassThroughActivation<ap_int<24> >, ap_resource_lut>' (/workspace/finn-hlslib/mvau.hpp:282).
INFO: [XFORM 203-603] Inlining function 'Identity::operator()<std::array<ap_int<4>, 2ul> >' into 'Matrix_Vector_Activate_Stream_Batch<1152u, 128u, 2u, 4u, Slice<ap_int<4>, 4u>, Slice<ap_int<24>, 24u>, Identity, ap_int<4>, ap_uint<8>, ap_uint<96>, PassThroughActivation<ap_int<24> >, ap_resource_lut>' (/workspace/finn-hlslib/mvau.hpp:282).
INFO: [XFORM 203-603] Inlining function 'std::array<ap_int<4>, 2ul>::operator[]' into 'mac<2u, ap_int<24>, std::array<ap_int<4>, 2ul>, Slice<ap_int<4>, 4u>::Container<ap_uint<8> >, ap_resource_lut>' (/workspace/finn-hlslib/mac.hpp:169).
INFO: [XFORM 203-603] Inlining function 'Slice<ap_int<4>, 4u>::Container<ap_uint<8> >::operator()' into 'mac<2u, ap_int<24>, std::array<ap_int<4>, 2ul>, Slice<ap_int<4>, 4u>::Container<ap_uint<8> >, ap_resource_lut>' (/workspace/finn-hlslib/mac.hpp:169).
INFO: [XFORM 203-603] Inlining function 'mul<ap_int<4>, ap_int<4> >' into 'mac<2u, ap_int<24>, std::array<ap_int<4>, 2ul>, Slice<ap_int<4>, 4u>::Container<ap_uint<8> >, ap_resource_lut>' (/workspace/finn-hlslib/mac.hpp:169).
INFO: [XFORM 203-603] Inlining function 'mac<2u, ap_int<24>, std::array<ap_int<4>, 2ul>, Slice<ap_int<4>, 4u>::Container<ap_uint<8> >, ap_resource_lut>' into 'Matrix_Vector_Activate_Stream_Batch<1152u, 128u, 2u, 4u, Slice<ap_int<4>, 4u>, Slice<ap_int<24>, 24u>, Identity, ap_int<4>, ap_uint<8>, ap_uint<96>, PassThroughActivation<ap_int<24> >, ap_resource_lut>' (/workspace/finn-hlslib/mvau.hpp:284).
INFO: [XFORM 203-603] Inlining function 'Slice<ap_int<24>, 24u>::operator()<ap_uint<96> >' into 'Matrix_Vector_Activate_Stream_Batch<1152u, 128u, 2u, 4u, Slice<ap_int<4>, 4u>, Slice<ap_int<24>, 24u>, Identity, ap_int<4>, ap_uint<8>, ap_uint<96>, PassThroughActivation<ap_int<24> >, ap_resource_lut>' (/workspace/finn-hlslib/mvau.hpp:291).
INFO: [XFORM 203-603] Inlining function 'Slice<ap_int<24>, 24u>::Container<ap_uint<96> >::operator()' into 'Matrix_Vector_Activate_Stream_Batch<1152u, 128u, 2u, 4u, Slice<ap_int<4>, 4u>, Slice<ap_int<24>, 24u>, Identity, ap_int<4>, ap_uint<8>, ap_uint<96>, PassThroughActivation<ap_int<24> >, ap_resource_lut>' (/workspace/finn-hlslib/mvau.hpp:294).
INFO: [XFORM 203-603] Inlining function 'PassThroughActivation<ap_int<24> >::activate' into 'Matrix_Vector_Activate_Stream_Batch<1152u, 128u, 2u, 4u, Slice<ap_int<4>, 4u>, Slice<ap_int<24>, 24u>, Identity, ap_int<4>, ap_uint<8>, ap_uint<96>, PassThroughActivation<ap_int<24> >, ap_resource_lut>' (/workspace/finn-hlslib/mvau.hpp:294).
INFO: [XFORM 203-603] Inlining function 'Slice<ap_int<24>, 24u>::Container<ap_uint<96> >::operator ap_uint<96> const&' into 'Matrix_Vector_Activate_Stream_Batch<1152u, 128u, 2u, 4u, Slice<ap_int<4>, 4u>, Slice<ap_int<24>, 24u>, Identity, ap_int<4>, ap_uint<8>, ap_uint<96>, PassThroughActivation<ap_int<24> >, ap_resource_lut>' (/workspace/finn-hlslib/mvau.hpp:297).
INFO: [HLS 200-111] Finished Standard Transforms Time (s): cpu = 00:00:32 ; elapsed = 00:00:32 . Memory (MB): peak = 1661.020 ; gain = 1227.777 ; free physical = 3053 ; free virtual = 42196
INFO: [HLS 200-10] Checking synthesizability ...
INFO: [XFORM 203-602] Inlining function 'Caster<ap_int<4> >::cast<4>' into 'Matrix_Vector_Activate_Stream_Batch<1152u, 128u, 2u, 4u, Slice<ap_int<4>, 4u>, Slice<ap_int<24>, 24u>, Identity, ap_int<4>, ap_uint<8>, ap_uint<96>, PassThroughActivation<ap_int<24> >, ap_resource_lut>' (/workspace/finn-hlslib/interpret.hpp:216->/workspace/finn-hlslib/mac.hpp:169->/workspace/finn-hlslib/mvau.hpp:284) automatically.
WARNING: [SYNCHK 200-23] /workspace/finn-hlslib/mvau.hpp:267: variable-indexed range selection may cause suboptimal QoR.
INFO: [SYNCHK 200-10] 0 error(s), 1 warning(s).
INFO: [HLS 200-111] Finished Checking Synthesizability Time (s): cpu = 00:00:32 ; elapsed = 00:00:33 . Memory (MB): peak = 1661.020 ; gain = 1227.777 ; free physical = 3037 ; free virtual = 42181
INFO: [XFORM 203-502] Unrolling all sub-loops inside loop 'Loop-1' (/workspace/finn-hlslib/mvau.hpp:248) in function 'Matrix_Vector_Activate_Stream_Batch<1152u, 128u, 2u, 4u, Slice<ap_int<4>, 4u>, Slice<ap_int<24>, 24u>, Identity, ap_int<4>, ap_uint<8>, ap_uint<96>, PassThroughActivation<ap_int<24> >, ap_resource_lut>' for pipelining.
INFO: [HLS 200-489] Unrolling loop 'Loop-1.1' (/workspace/finn-hlslib/mvau.hpp:265) in function 'Matrix_Vector_Activate_Stream_Batch<1152u, 128u, 2u, 4u, Slice<ap_int<4>, 4u>, Slice<ap_int<24>, 24u>, Identity, ap_int<4>, ap_uint<8>, ap_uint<96>, PassThroughActivation<ap_int<24> >, ap_resource_lut>' completely with a factor of 4.
INFO: [HLS 200-489] Unrolling loop 'Loop-1.2' (/workspace/finn-hlslib/mvau.hpp:272) in function 'Matrix_Vector_Activate_Stream_Batch<1152u, 128u, 2u, 4u, Slice<ap_int<4>, 4u>, Slice<ap_int<24>, 24u>, Identity, ap_int<4>, ap_uint<8>, ap_uint<96>, PassThroughActivation<ap_int<24> >, ap_resource_lut>' completely with a factor of 4.
INFO: [HLS 200-489] Unrolling loop 'Loop-1.3' (/workspace/finn-hlslib/mvau.hpp:279) in function 'Matrix_Vector_Activate_Stream_Batch<1152u, 128u, 2u, 4u, Slice<ap_int<4>, 4u>, Slice<ap_int<24>, 24u>, Identity, ap_int<4>, ap_uint<8>, ap_uint<96>, PassThroughActivation<ap_int<24> >, ap_resource_lut>' completely with a factor of 4.
INFO: [HLS 200-489] Unrolling loop 'Loop-1.3.1' (/workspace/finn-hlslib/weights.hpp:161) in function 'Matrix_Vector_Activate_Stream_Batch<1152u, 128u, 2u, 4u, Slice<ap_int<4>, 4u>, Slice<ap_int<24>, 24u>, Identity, ap_int<4>, ap_uint<8>, ap_uint<96>, PassThroughActivation<ap_int<24> >, ap_resource_lut>' completely with a factor of 2.
INFO: [HLS 200-489] Unrolling loop 'Loop-1.3.2' (/workspace/finn-hlslib/mac.hpp:167) in function 'Matrix_Vector_Activate_Stream_Batch<1152u, 128u, 2u, 4u, Slice<ap_int<4>, 4u>, Slice<ap_int<24>, 24u>, Identity, ap_int<4>, ap_uint<8>, ap_uint<96>, PassThroughActivation<ap_int<24> >, ap_resource_lut>' completely with a factor of 2.
