
*** Running vivado
    with args -log StreamingDataflowPartition_1_StreamingDataflowPartition_1_ConvolutionInputGenerator_0_0.vds -m64 -product Vivado -mode batch -messageDb vivado.pb -notrace -source StreamingDataflowPartition_1_StreamingDataflowPartition_1_ConvolutionInputGenerator_0_0.tcl


****** Vivado v2020.1.1 (64-bit)
  **** SW Build 2960000 on Wed Aug  5 22:57:21 MDT 2020
  **** IP Build 2956692 on Thu Aug  6 01:41:30 MDT 2020
    ** Copyright 1986-2020 Xilinx, Inc. All Rights Reserved.

source StreamingDataflowPartition_1_StreamingDataflowPartition_1_ConvolutionInputGenerator_0_0.tcl -notrace
INFO: [IP_Flow 19-234] Refreshing IP repositories
INFO: [IP_Flow 19-1700] Loaded user IP repository '/workspace/finn/finn-rtllib/memstream'.
INFO: [IP_Flow 19-1700] Loaded user IP repository '/home/grgov/Diplomski_rad/finn_modified_docker_output_dir/code_gen_ipgen_StreamingDataflowPartition_1_StreamingFIFO_0_g1udqpbi/project_StreamingDataflowPartition_1_StreamingFIFO_0/sol1/impl/verilog'.
INFO: [IP_Flow 19-1700] Loaded user IP repository '/home/grgov/Diplomski_rad/finn_modified_docker_output_dir/code_gen_ipgen_ConvolutionInputGenerator_1_pr5h6pi5/project_ConvolutionInputGenerator_1/sol1/impl/ip'.
INFO: [IP_Flow 19-1700] Loaded user IP repository '/home/grgov/Diplomski_rad/finn_modified_docker_output_dir/code_gen_ipgen_StreamingFCLayer_Batch_1_0qzig8el/project_StreamingFCLayer_Batch_1/sol1/impl/ip'.
INFO: [IP_Flow 19-1700] Loaded user IP repository '/home/grgov/Diplomski_rad/finn_modified_docker_output_dir/code_gen_ipgen_StreamingDataWidthConverter_Batch_2_z4qs8z2w/project_StreamingDataWidthConverter_Batch_2/sol1/impl/ip'.
INFO: [IP_Flow 19-1700] Loaded user IP repository '/home/grgov/Diplomski_rad/finn_modified_docker_output_dir/code_gen_ipgen_StreamingFCLayer_Batch_3_svfl8kgq/project_StreamingFCLayer_Batch_3/sol1/impl/ip'.
INFO: [IP_Flow 19-1700] Loaded user IP repository '/home/grgov/Diplomski_rad/finn_modified_docker_output_dir/code_gen_ipgen_StreamingDataWidthConverter_Batch_3_hwc2o176/project_StreamingDataWidthConverter_Batch_3/sol1/impl/ip'.
INFO: [IP_Flow 19-1700] Loaded user IP repository '/home/grgov/Diplomski_rad/finn_modified_docker_output_dir/code_gen_ipgen_StreamingFCLayer_Batch_4_r20yx0xx/project_StreamingFCLayer_Batch_4/sol1/impl/ip'.
INFO: [IP_Flow 19-1700] Loaded user IP repository '/home/grgov/Diplomski_rad/finn_modified_docker_output_dir/code_gen_ipgen_StreamingDataWidthConverter_Batch_5_5k1ks66a/project_StreamingDataWidthConverter_Batch_5/sol1/impl/ip'.
INFO: [IP_Flow 19-1700] Loaded user IP repository '/home/grgov/Diplomski_rad/finn_modified_docker_output_dir/code_gen_ipgen_StreamingFCLayer_Batch_6_emgw76in/project_StreamingFCLayer_Batch_6/sol1/impl/ip'.
INFO: [IP_Flow 19-1700] Loaded user IP repository '/home/grgov/Diplomski_rad/finn_modified_docker_output_dir/code_gen_ipgen_LabelSelect_Batch_0_7fb3c_62/project_LabelSelect_Batch_0/sol1/impl/ip'.
INFO: [IP_Flow 19-1700] Loaded user IP repository '/home/grgov/Diplomski_rad/finn_modified_docker_output_dir/code_gen_ipgen_StreamingDataflowPartition_1_StreamingFIFO_1_8hl4yq_7/project_StreamingDataflowPartition_1_StreamingFIFO_1/sol1/impl/verilog'.
INFO: [IP_Flow 19-2313] Loaded Vivado IP repository '/tools/Xilinx/Vivado/2020.1/data/ip'.
Command: synth_design -top StreamingDataflowPartition_1_StreamingDataflowPartition_1_ConvolutionInputGenerator_0_0 -part xc7z020clg400-1 -mode out_of_context
Starting synth_design
Attempting to get a license for feature 'Synthesis' and/or device 'xc7z020'
INFO: [Common 17-349] Got license for feature 'Synthesis' and/or device 'xc7z020'
INFO: [Device 21-403] Loading part xc7z020clg400-1
INFO: [Synth 8-7079] Multithreading enabled for synth_design using a maximum of 4 processes.
INFO: [Synth 8-7078] Launching helper process for spawning children vivado processes
INFO: [Synth 8-7075] Helper process launched with PID 9792
---------------------------------------------------------------------------------
Starting RTL Elaboration : Time (s): cpu = 00:00:07 ; elapsed = 00:00:12 . Memory (MB): peak = 2149.465 ; gain = 6.914 ; free physical = 922 ; free virtual = 37424
---------------------------------------------------------------------------------
INFO: [Synth 8-6157] synthesizing module 'StreamingDataflowPartition_1_StreamingDataflowPartition_1_ConvolutionInputGenerator_0_0' [/home/grgov/Diplomski_rad/finn_modified_docker_output_dir/vivado_stitch_proj_nvos70pa/finn_vivado_stitch_proj.srcs/sources_1/bd/StreamingDataflowPartition_1/ip/StreamingDataflowPartition_1_StreamingDataflowPartition_1_ConvolutionInputGenerator_0_0/synth/StreamingDataflowPartition_1_StreamingDataflowPartition_1_ConvolutionInputGenerator_0_0.v:58]
INFO: [Synth 8-6157] synthesizing module 'ConvolutionInputGenerator_1_ConvolutionInputGenerator_1' [/home/grgov/Diplomski_rad/finn_modified_docker_output_dir/vivado_stitch_proj_nvos70pa/finn_vivado_stitch_proj.srcs/sources_1/bd/StreamingDataflowPartition_1/ipshared/2aa7/hdl/verilog/ConvolutionInputGenerator_1_ConvolutionInputGenerator_1.v:12]
	Parameter ap_ST_fsm_state1 bound to: 4'b0001 
	Parameter ap_ST_fsm_state2 bound to: 4'b0010 
	Parameter ap_ST_fsm_state3 bound to: 4'b0100 
	Parameter ap_ST_fsm_state4 bound to: 4'b1000 
INFO: [Synth 8-6157] synthesizing module 'ConvolutionInputGenerator_1_ConvolutionInputGene_1' [/home/grgov/Diplomski_rad/finn_modified_docker_output_dir/vivado_stitch_proj_nvos70pa/finn_vivado_stitch_proj.srcs/sources_1/bd/StreamingDataflowPartition_1/ipshared/2aa7/hdl/verilog/ConvolutionInputGenerator_1_ConvolutionInputGene_1.v:10]
	Parameter ap_ST_fsm_state1 bound to: 3'b001 
	Parameter ap_ST_fsm_pp0_stage0 bound to: 3'b010 
	Parameter ap_ST_fsm_state4 bound to: 3'b100 
INFO: [Synth 8-6157] synthesizing module 'ConvolutionInputGenerator_1_ConvolutionInputGbkb' [/home/grgov/Diplomski_rad/finn_modified_docker_output_dir/vivado_stitch_proj_nvos70pa/finn_vivado_stitch_proj.srcs/sources_1/bd/StreamingDataflowPartition_1/ipshared/2aa7/hdl/verilog/ConvolutionInputGenerator_1_ConvolutionInputGbkb.v:46]
	Parameter DataWidth bound to: 16 - type: integer 
	Parameter AddressRange bound to: 192 - type: integer 
	Parameter AddressWidth bound to: 8 - type: integer 
INFO: [Synth 8-6157] synthesizing module 'ConvolutionInputGenerator_1_ConvolutionInputGbkb_ram' [/home/grgov/Diplomski_rad/finn_modified_docker_output_dir/vivado_stitch_proj_nvos70pa/finn_vivado_stitch_proj.srcs/sources_1/bd/StreamingDataflowPartition_1/ipshared/2aa7/hdl/verilog/ConvolutionInputGenerator_1_ConvolutionInputGbkb.v:6]
	Parameter DWIDTH bound to: 16 - type: integer 
	Parameter AWIDTH bound to: 8 - type: integer 
	Parameter MEM_SIZE bound to: 192 - type: integer 
INFO: [Synth 8-6155] done synthesizing module 'ConvolutionInputGenerator_1_ConvolutionInputGbkb_ram' (1#1) [/home/grgov/Diplomski_rad/finn_modified_docker_output_dir/vivado_stitch_proj_nvos70pa/finn_vivado_stitch_proj.srcs/sources_1/bd/StreamingDataflowPartition_1/ipshared/2aa7/hdl/verilog/ConvolutionInputGenerator_1_ConvolutionInputGbkb.v:6]
INFO: [Synth 8-6155] done synthesizing module 'ConvolutionInputGenerator_1_ConvolutionInputGbkb' (2#1) [/home/grgov/Diplomski_rad/finn_modified_docker_output_dir/vivado_stitch_proj_nvos70pa/finn_vivado_stitch_proj.srcs/sources_1/bd/StreamingDataflowPartition_1/ipshared/2aa7/hdl/verilog/ConvolutionInputGenerator_1_ConvolutionInputGbkb.v:46]
INFO: [Synth 8-6157] synthesizing module 'ConvolutionInputGenerator_1_ConvolutionInputGfYi' [/home/grgov/Diplomski_rad/finn_modified_docker_output_dir/vivado_stitch_proj_nvos70pa/finn_vivado_stitch_proj.srcs/sources_1/bd/StreamingDataflowPartition_1/ipshared/2aa7/hdl/verilog/ConvolutionInputGenerator_1_ConvolutionInputGfYi.v:8]
	Parameter ID bound to: 1 - type: integer 
	Parameter NUM_STAGE bound to: 1 - type: integer 
	Parameter din0_WIDTH bound to: 16 - type: integer 
	Parameter din1_WIDTH bound to: 16 - type: integer 
	Parameter din2_WIDTH bound to: 16 - type: integer 
	Parameter din3_WIDTH bound to: 16 - type: integer 
	Parameter din4_WIDTH bound to: 2 - type: integer 
	Parameter dout_WIDTH bound to: 16 - type: integer 
INFO: [Synth 8-6155] done synthesizing module 'ConvolutionInputGenerator_1_ConvolutionInputGfYi' (3#1) [/home/grgov/Diplomski_rad/finn_modified_docker_output_dir/vivado_stitch_proj_nvos70pa/finn_vivado_stitch_proj.srcs/sources_1/bd/StreamingDataflowPartition_1/ipshared/2aa7/hdl/verilog/ConvolutionInputGenerator_1_ConvolutionInputGfYi.v:8]
WARNING: [Synth 8-589] replacing case/wildcard equality operator === with logical equality operator == [/home/grgov/Diplomski_rad/finn_modified_docker_output_dir/vivado_stitch_proj_nvos70pa/finn_vivado_stitch_proj.srcs/sources_1/bd/StreamingDataflowPartition_1/ipshared/2aa7/hdl/verilog/ConvolutionInputGenerator_1_ConvolutionInputGene_1.v:971]
WARNING: [Synth 8-589] replacing case/wildcard equality operator === with logical equality operator == [/home/grgov/Diplomski_rad/finn_modified_docker_output_dir/vivado_stitch_proj_nvos70pa/finn_vivado_stitch_proj.srcs/sources_1/bd/StreamingDataflowPartition_1/ipshared/2aa7/hdl/verilog/ConvolutionInputGenerator_1_ConvolutionInputGene_1.v:973]
WARNING: [Synth 8-589] replacing case/wildcard equality operator === with logical equality operator == [/home/grgov/Diplomski_rad/finn_modified_docker_output_dir/vivado_stitch_proj_nvos70pa/finn_vivado_stitch_proj.srcs/sources_1/bd/StreamingDataflowPartition_1/ipshared/2aa7/hdl/verilog/ConvolutionInputGenerator_1_ConvolutionInputGene_1.v:975]
WARNING: [Synth 8-589] replacing case/wildcard equality operator === with logical equality operator == [/home/grgov/Diplomski_rad/finn_modified_docker_output_dir/vivado_stitch_proj_nvos70pa/finn_vivado_stitch_proj.srcs/sources_1/bd/StreamingDataflowPartition_1/ipshared/2aa7/hdl/verilog/ConvolutionInputGenerator_1_ConvolutionInputGene_1.v:977]
WARNING: [Synth 8-589] replacing case/wildcard equality operator === with logical equality operator == [/home/grgov/Diplomski_rad/finn_modified_docker_output_dir/vivado_stitch_proj_nvos70pa/finn_vivado_stitch_proj.srcs/sources_1/bd/StreamingDataflowPartition_1/ipshared/2aa7/hdl/verilog/ConvolutionInputGenerator_1_ConvolutionInputGene_1.v:979]
WARNING: [Synth 8-589] replacing case/wildcard equality operator === with logical equality operator == [/home/grgov/Diplomski_rad/finn_modified_docker_output_dir/vivado_stitch_proj_nvos70pa/finn_vivado_stitch_proj.srcs/sources_1/bd/StreamingDataflowPartition_1/ipshared/2aa7/hdl/verilog/ConvolutionInputGenerator_1_ConvolutionInputGene_1.v:981]
WARNING: [Synth 8-589] replacing case/wildcard equality operator === with logical equality operator == [/home/grgov/Diplomski_rad/finn_modified_docker_output_dir/vivado_stitch_proj_nvos70pa/finn_vivado_stitch_proj.srcs/sources_1/bd/StreamingDataflowPartition_1/ipshared/2aa7/hdl/verilog/ConvolutionInputGenerator_1_ConvolutionInputGene_1.v:983]
WARNING: [Synth 8-589] replacing case/wildcard equality operator === with logical equality operator == [/home/grgov/Diplomski_rad/finn_modified_docker_output_dir/vivado_stitch_proj_nvos70pa/finn_vivado_stitch_proj.srcs/sources_1/bd/StreamingDataflowPartition_1/ipshared/2aa7/hdl/verilog/ConvolutionInputGenerator_1_ConvolutionInputGene_1.v:985]
INFO: [Synth 8-6155] done synthesizing module 'ConvolutionInputGenerator_1_ConvolutionInputGene_1' (4#1) [/home/grgov/Diplomski_rad/finn_modified_docker_output_dir/vivado_stitch_proj_nvos70pa/finn_vivado_stitch_proj.srcs/sources_1/bd/StreamingDataflowPartition_1/ipshared/2aa7/hdl/verilog/ConvolutionInputGenerator_1_ConvolutionInputGene_1.v:10]
INFO: [Synth 8-6157] synthesizing module 'regslice_both' [/home/grgov/Diplomski_rad/finn_modified_docker_output_dir/vivado_stitch_proj_nvos70pa/finn_vivado_stitch_proj.srcs/sources_1/bd/StreamingDataflowPartition_1/ipshared/2aa7/hdl/verilog/regslice_core.v:8]
	Parameter DataWidth bound to: 16 - type: integer 
	Parameter W bound to: 17 - type: integer 
INFO: [Synth 8-6157] synthesizing module 'ibuf' [/home/grgov/Diplomski_rad/finn_modified_docker_output_dir/vivado_stitch_proj_nvos70pa/finn_vivado_stitch_proj.srcs/sources_1/bd/StreamingDataflowPartition_1/ipshared/2aa7/hdl/verilog/regslice_core.v:372]
	Parameter W bound to: 17 - type: integer 
INFO: [Synth 8-6155] done synthesizing module 'ibuf' (5#1) [/home/grgov/Diplomski_rad/finn_modified_docker_output_dir/vivado_stitch_proj_nvos70pa/finn_vivado_stitch_proj.srcs/sources_1/bd/StreamingDataflowPartition_1/ipshared/2aa7/hdl/verilog/regslice_core.v:372]
INFO: [Synth 8-6157] synthesizing module 'obuf' [/home/grgov/Diplomski_rad/finn_modified_docker_output_dir/vivado_stitch_proj_nvos70pa/finn_vivado_stitch_proj.srcs/sources_1/bd/StreamingDataflowPartition_1/ipshared/2aa7/hdl/verilog/regslice_core.v:402]
	Parameter W bound to: 17 - type: integer 
INFO: [Synth 8-6155] done synthesizing module 'obuf' (6#1) [/home/grgov/Diplomski_rad/finn_modified_docker_output_dir/vivado_stitch_proj_nvos70pa/finn_vivado_stitch_proj.srcs/sources_1/bd/StreamingDataflowPartition_1/ipshared/2aa7/hdl/verilog/regslice_core.v:402]
INFO: [Synth 8-6155] done synthesizing module 'regslice_both' (7#1) [/home/grgov/Diplomski_rad/finn_modified_docker_output_dir/vivado_stitch_proj_nvos70pa/finn_vivado_stitch_proj.srcs/sources_1/bd/StreamingDataflowPartition_1/ipshared/2aa7/hdl/verilog/regslice_core.v:8]
INFO: [Synth 8-6155] done synthesizing module 'ConvolutionInputGenerator_1_ConvolutionInputGenerator_1' (8#1) [/home/grgov/Diplomski_rad/finn_modified_docker_output_dir/vivado_stitch_proj_nvos70pa/finn_vivado_stitch_proj.srcs/sources_1/bd/StreamingDataflowPartition_1/ipshared/2aa7/hdl/verilog/ConvolutionInputGenerator_1_ConvolutionInputGenerator_1.v:12]
INFO: [Synth 8-6155] done synthesizing module 'StreamingDataflowPartition_1_StreamingDataflowPartition_1_ConvolutionInputGenerator_0_0' (9#1) [/home/grgov/Diplomski_rad/finn_modified_docker_output_dir/vivado_stitch_proj_nvos70pa/finn_vivado_stitch_proj.srcs/sources_1/bd/StreamingDataflowPartition_1/ip/StreamingDataflowPartition_1_StreamingDataflowPartition_1_ConvolutionInputGenerator_0_0/synth/StreamingDataflowPartition_1_StreamingDataflowPartition_1_ConvolutionInputGenerator_0_0.v:58]
---------------------------------------------------------------------------------
Finished RTL Elaboration : Time (s): cpu = 00:00:09 ; elapsed = 00:00:14 . Memory (MB): peak = 2193.402 ; gain = 50.852 ; free physical = 848 ; free virtual = 37353
---------------------------------------------------------------------------------
---------------------------------------------------------------------------------
Start Handling Custom Attributes
---------------------------------------------------------------------------------
---------------------------------------------------------------------------------
Finished Handling Custom Attributes : Time (s): cpu = 00:00:10 ; elapsed = 00:00:15 . Memory (MB): peak = 2208.246 ; gain = 65.695 ; free physical = 894 ; free virtual = 37399
---------------------------------------------------------------------------------
---------------------------------------------------------------------------------
Finished RTL Optimization Phase 1 : Time (s): cpu = 00:00:10 ; elapsed = 00:00:15 . Memory (MB): peak = 2208.246 ; gain = 65.695 ; free physical = 894 ; free virtual = 37399
---------------------------------------------------------------------------------
Netlist sorting complete. Time (s): cpu = 00:00:00.01 ; elapsed = 00:00:00.01 . Memory (MB): peak = 2208.246 ; gain = 0.000 ; free physical = 884 ; free virtual = 37389
INFO: [Project 1-570] Preparing netlist for logic optimization

Processing XDC Constraints
Initializing timing engine
Parsing XDC File [/home/grgov/Diplomski_rad/finn_modified_docker_output_dir/vivado_stitch_proj_nvos70pa/finn_vivado_stitch_proj.srcs/sources_1/bd/StreamingDataflowPartition_1/ip/StreamingDataflowPartition_1_StreamingDataflowPartition_1_ConvolutionInputGenerator_0_0/constraints/ConvolutionInputGenerator_1_ConvolutionInputGenerator_1_ooc.xdc] for cell 'inst'
Finished Parsing XDC File [/home/grgov/Diplomski_rad/finn_modified_docker_output_dir/vivado_stitch_proj_nvos70pa/finn_vivado_stitch_proj.srcs/sources_1/bd/StreamingDataflowPartition_1/ip/StreamingDataflowPartition_1_StreamingDataflowPartition_1_ConvolutionInputGenerator_0_0/constraints/ConvolutionInputGenerator_1_ConvolutionInputGenerator_1_ooc.xdc] for cell 'inst'
Parsing XDC File [/workspace/Diplomski_rad/finn_modified_docker_output_dir/vivado_stitch_proj_nvos70pa/finn_vivado_stitch_proj.runs/StreamingDataflowPartition_1_StreamingDataflowPartition_1_ConvolutionInputGenerator_0_0_synth_1/dont_touch.xdc]
Finished Parsing XDC File [/workspace/Diplomski_rad/finn_modified_docker_output_dir/vivado_stitch_proj_nvos70pa/finn_vivado_stitch_proj.runs/StreamingDataflowPartition_1_StreamingDataflowPartition_1_ConvolutionInputGenerator_0_0_synth_1/dont_touch.xdc]
Completed Processing XDC Constraints

Netlist sorting complete. Time (s): cpu = 00:00:00 ; elapsed = 00:00:00 . Memory (MB): peak = 2375.027 ; gain = 0.000 ; free physical = 886 ; free virtual = 37393
INFO: [Project 1-111] Unisim Transformation Summary:
No Unisim elements were transformed.

Constraint Validation Runtime : Time (s): cpu = 00:00:00.05 ; elapsed = 00:00:00.06 . Memory (MB): peak = 2378.996 ; gain = 3.969 ; free physical = 889 ; free virtual = 37396
---------------------------------------------------------------------------------
Finished Constraint Validation : Time (s): cpu = 00:00:20 ; elapsed = 00:00:28 . Memory (MB): peak = 2378.996 ; gain = 236.445 ; free physical = 865 ; free virtual = 37373
---------------------------------------------------------------------------------
---------------------------------------------------------------------------------
Start Loading Part and Timing Information
---------------------------------------------------------------------------------
Loading part: xc7z020clg400-1
---------------------------------------------------------------------------------
Finished Loading Part and Timing Information : Time (s): cpu = 00:00:20 ; elapsed = 00:00:28 . Memory (MB): peak = 2378.996 ; gain = 236.445 ; free physical = 867 ; free virtual = 37376
---------------------------------------------------------------------------------
---------------------------------------------------------------------------------
Start Applying 'set_property' XDC Constraints
---------------------------------------------------------------------------------
Applied set_property DONT_TOUCH = true for inst. (constraint file  /workspace/Diplomski_rad/finn_modified_docker_output_dir/vivado_stitch_proj_nvos70pa/finn_vivado_stitch_proj.runs/StreamingDataflowPartition_1_StreamingDataflowPartition_1_ConvolutionInputGenerator_0_0_synth_1/dont_touch.xdc, line 9).
---------------------------------------------------------------------------------
Finished applying 'set_property' XDC Constraints : Time (s): cpu = 00:00:20 ; elapsed = 00:00:28 . Memory (MB): peak = 2378.996 ; gain = 236.445 ; free physical = 864 ; free virtual = 37372
---------------------------------------------------------------------------------
INFO: [Synth 8-4490] FSM extraction disabled for register 'ap_CS_fsm_reg' through user attribute
INFO: [Synth 8-4490] FSM extraction disabled for register 'ap_CS_fsm_reg' through user attribute
---------------------------------------------------------------------------------
Finished RTL Optimization Phase 2 : Time (s): cpu = 00:00:21 ; elapsed = 00:00:29 . Memory (MB): peak = 2378.996 ; gain = 236.445 ; free physical = 981 ; free virtual = 37489
---------------------------------------------------------------------------------
---------------------------------------------------------------------------------
Start RTL Component Statistics 
---------------------------------------------------------------------------------
Detailed RTL Component Info : 
+---Adders : 
	   2 Input   32 Bit       Adders := 7     
	   2 Input   11 Bit       Adders := 1     
	   2 Input    8 Bit       Adders := 1     
	   2 Input    2 Bit       Adders := 2     
	   3 Input    2 Bit       Adders := 1     
+---XORs : 
	   2 Input      1 Bit         XORs := 1     
+---Registers : 
	               32 Bit    Registers := 2     
	               17 Bit    Registers := 4     
	               16 Bit    Registers := 4     
	               11 Bit    Registers := 1     
	                4 Bit    Registers := 1     
	                3 Bit    Registers := 1     
	                2 Bit    Registers := 3     
	                1 Bit    Registers := 5     
+---Muxes : 
	   2 Input   32 Bit        Muxes := 7     
	   2 Input   17 Bit        Muxes := 2     
	   2 Input   16 Bit        Muxes := 3     
	   6 Input    4 Bit        Muxes := 1     
	   2 Input    4 Bit        Muxes := 1     
	   6 Input    3 Bit        Muxes := 1     
	   2 Input    2 Bit        Muxes := 3     
	   4 Input    2 Bit        Muxes := 2     
	   2 Input    1 Bit        Muxes := 19    
---------------------------------------------------------------------------------
Finished RTL Component Statistics 
---------------------------------------------------------------------------------
---------------------------------------------------------------------------------
Start Part Resource Summary
---------------------------------------------------------------------------------
Part Resources:
DSPs: 220 (col length:60)
BRAMs: 280 (col length: RAMB18 60 RAMB36 30)
---------------------------------------------------------------------------------
Finished Part Resource Summary
---------------------------------------------------------------------------------
---------------------------------------------------------------------------------
Start Cross Boundary and Area Optimization
---------------------------------------------------------------------------------
---------------------------------------------------------------------------------
Finished Cross Boundary and Area Optimization : Time (s): cpu = 00:00:31 ; elapsed = 00:00:39 . Memory (MB): peak = 2378.996 ; gain = 236.445 ; free physical = 1476 ; free virtual = 37832
---------------------------------------------------------------------------------
---------------------------------------------------------------------------------
Start ROM, RAM, DSP and Shift Register Reporting
---------------------------------------------------------------------------------

Distributed RAM: Preliminary Mapping	Report (see note below)
+------------+----------------------------------------------------------------------------------------------------------------+----------------+----------------------+---------------------------+
|Module Name | RTL Object                                                                                                     | Inference      | Size (Depth x Width) | Primitives                | 
+------------+----------------------------------------------------------------------------------------------------------------+----------------+----------------------+---------------------------+
|inst        | grp_ConvolutionInputGene_1_fu_26/inputBuf_3_V_U/ConvolutionInputGenerator_1_ConvolutionInputGbkb_ram_U/ram_reg | User Attribute | 256 x 16             | RAM64X1D x 3	RAM64M x 15	 | 
|inst        | grp_ConvolutionInputGene_1_fu_26/inputBuf_2_V_U/ConvolutionInputGenerator_1_ConvolutionInputGbkb_ram_U/ram_reg | User Attribute | 256 x 16             | RAM64X1D x 3	RAM64M x 15	 | 
|inst        | grp_ConvolutionInputGene_1_fu_26/inputBuf_1_V_U/ConvolutionInputGenerator_1_ConvolutionInputGbkb_ram_U/ram_reg | User Attribute | 256 x 16             | RAM64X1D x 3	RAM64M x 15	 | 
|inst        | grp_ConvolutionInputGene_1_fu_26/inputBuf_0_V_U/ConvolutionInputGenerator_1_ConvolutionInputGbkb_ram_U/ram_reg | User Attribute | 256 x 16             | RAM64X1D x 3	RAM64M x 15	 | 
+------------+----------------------------------------------------------------------------------------------------------------+----------------+----------------------+---------------------------+

Note: The table above is a preliminary report that shows the Distributed RAMs at the current stage of the synthesis flow. Some Distributed RAMs may be reimplemented as non Distributed RAM primitives later in the synthesis flow. Multiple instantiated RAMs are reported only once.
---------------------------------------------------------------------------------
Finished ROM, RAM, DSP and Shift Register Reporting
---------------------------------------------------------------------------------
---------------------------------------------------------------------------------
Start Applying XDC Timing Constraints
---------------------------------------------------------------------------------
---------------------------------------------------------------------------------
Finished Applying XDC Timing Constraints : Time (s): cpu = 00:00:40 ; elapsed = 00:00:50 . Memory (MB): peak = 2378.996 ; gain = 236.445 ; free physical = 3502 ; free virtual = 39859
---------------------------------------------------------------------------------
---------------------------------------------------------------------------------
Start Timing Optimization
---------------------------------------------------------------------------------
---------------------------------------------------------------------------------
Finished Timing Optimization : Time (s): cpu = 00:00:45 ; elapsed = 00:00:54 . Memory (MB): peak = 2378.996 ; gain = 236.445 ; free physical = 3225 ; free virtual = 39582
---------------------------------------------------------------------------------
---------------------------------------------------------------------------------
Start ROM, RAM, DSP and Shift Register Reporting
---------------------------------------------------------------------------------

Distributed RAM: Final Mapping	Report
+------------+----------------------------------------------------------------------------------------------------------------+----------------+----------------------+---------------------------+
|Module Name | RTL Object                                                                                                     | Inference      | Size (Depth x Width) | Primitives                | 
+------------+----------------------------------------------------------------------------------------------------------------+----------------+----------------------+---------------------------+
|inst        | grp_ConvolutionInputGene_1_fu_26/inputBuf_3_V_U/ConvolutionInputGenerator_1_ConvolutionInputGbkb_ram_U/ram_reg | User Attribute | 256 x 16             | RAM64X1D x 3	RAM64M x 15	 | 
|inst        | grp_ConvolutionInputGene_1_fu_26/inputBuf_2_V_U/ConvolutionInputGenerator_1_ConvolutionInputGbkb_ram_U/ram_reg | User Attribute | 256 x 16             | RAM64X1D x 3	RAM64M x 15	 | 
|inst        | grp_ConvolutionInputGene_1_fu_26/inputBuf_1_V_U/ConvolutionInputGenerator_1_ConvolutionInputGbkb_ram_U/ram_reg | User Attribute | 256 x 16             | RAM64X1D x 3	RAM64M x 15	 | 
|inst        | grp_ConvolutionInputGene_1_fu_26/inputBuf_0_V_U/ConvolutionInputGenerator_1_ConvolutionInputGbkb_ram_U/ram_reg | User Attribute | 256 x 16             | RAM64X1D x 3	RAM64M x 15	 | 
+------------+----------------------------------------------------------------------------------------------------------------+----------------+----------------------+---------------------------+

---------------------------------------------------------------------------------
Finished ROM, RAM, DSP and Shift Register Reporting
---------------------------------------------------------------------------------
---------------------------------------------------------------------------------
Start Technology Mapping
---------------------------------------------------------------------------------
---------------------------------------------------------------------------------
Finished Technology Mapping : Time (s): cpu = 00:00:46 ; elapsed = 00:00:55 . Memory (MB): peak = 2378.996 ; gain = 236.445 ; free physical = 3162 ; free virtual = 39518
---------------------------------------------------------------------------------
---------------------------------------------------------------------------------
Start IO Insertion
---------------------------------------------------------------------------------
---------------------------------------------------------------------------------
Start Flattening Before IO Insertion
---------------------------------------------------------------------------------
---------------------------------------------------------------------------------
Finished Flattening Before IO Insertion
---------------------------------------------------------------------------------
---------------------------------------------------------------------------------
Start Final Netlist Cleanup
---------------------------------------------------------------------------------
---------------------------------------------------------------------------------
Finished Final Netlist Cleanup
---------------------------------------------------------------------------------
---------------------------------------------------------------------------------
Finished IO Insertion : Time (s): cpu = 00:00:51 ; elapsed = 00:01:00 . Memory (MB): peak = 2378.996 ; gain = 236.445 ; free physical = 2624 ; free virtual = 38981
---------------------------------------------------------------------------------
---------------------------------------------------------------------------------
Start Renaming Generated Instances
---------------------------------------------------------------------------------
---------------------------------------------------------------------------------
Finished Renaming Generated Instances : Time (s): cpu = 00:00:51 ; elapsed = 00:01:00 . Memory (MB): peak = 2378.996 ; gain = 236.445 ; free physical = 2621 ; free virtual = 38979
---------------------------------------------------------------------------------
---------------------------------------------------------------------------------
Start Rebuilding User Hierarchy
---------------------------------------------------------------------------------
---------------------------------------------------------------------------------
Finished Rebuilding User Hierarchy : Time (s): cpu = 00:00:51 ; elapsed = 00:01:01 . Memory (MB): peak = 2378.996 ; gain = 236.445 ; free physical = 2581 ; free virtual = 38938
---------------------------------------------------------------------------------
---------------------------------------------------------------------------------
Start Renaming Generated Ports
---------------------------------------------------------------------------------
---------------------------------------------------------------------------------
Finished Renaming Generated Ports : Time (s): cpu = 00:00:51 ; elapsed = 00:01:01 . Memory (MB): peak = 2378.996 ; gain = 236.445 ; free physical = 2580 ; free virtual = 38937
---------------------------------------------------------------------------------
---------------------------------------------------------------------------------
Start Handling Custom Attributes
---------------------------------------------------------------------------------
---------------------------------------------------------------------------------
Finished Handling Custom Attributes : Time (s): cpu = 00:00:51 ; elapsed = 00:01:01 . Memory (MB): peak = 2378.996 ; gain = 236.445 ; free physical = 2595 ; free virtual = 38952
---------------------------------------------------------------------------------
---------------------------------------------------------------------------------
Start Renaming Generated Nets
---------------------------------------------------------------------------------
---------------------------------------------------------------------------------
Finished Renaming Generated Nets : Time (s): cpu = 00:00:51 ; elapsed = 00:01:01 . Memory (MB): peak = 2378.996 ; gain = 236.445 ; free physical = 2595 ; free virtual = 38952
---------------------------------------------------------------------------------
---------------------------------------------------------------------------------
Start Writing Synthesis Report
---------------------------------------------------------------------------------

Report BlackBoxes: 
+-+--------------+----------+
| |BlackBox name |Instances |
+-+--------------+----------+
+-+--------------+----------+

Report Cell Usage: 
+------+---------+------+
|      |Cell     |Count |
+------+---------+------+
|1     |CARRY4   |   112|
|2     |LUT1     |     9|
|3     |LUT2     |    42|
|4     |LUT3     |    45|
|5     |LUT4     |    84|
|6     |LUT5     |   124|
|7     |LUT6     |    50|
|8     |RAM64M   |    60|
|9     |RAM64X1D |    12|
|10    |FDRE     |   453|
|11    |FDSE     |     2|
+------+---------+------+
---------------------------------------------------------------------------------
Finished Writing Synthesis Report : Time (s): cpu = 00:00:51 ; elapsed = 00:01:01 . Memory (MB): peak = 2378.996 ; gain = 236.445 ; free physical = 2591 ; free virtual = 38948
---------------------------------------------------------------------------------
Synthesis finished with 0 errors, 0 critical warnings and 0 warnings.
Synthesis Optimization Runtime : Time (s): cpu = 00:00:48 ; elapsed = 00:00:57 . Memory (MB): peak = 2378.996 ; gain = 65.695 ; free physical = 2527 ; free virtual = 38891
Synthesis Optimization Complete : Time (s): cpu = 00:00:51 ; elapsed = 00:01:01 . Memory (MB): peak = 2378.996 ; gain = 236.445 ; free physical = 2527 ; free virtual = 38891
INFO: [Project 1-571] Translating synthesized netlist
Netlist sorting complete. Time (s): cpu = 00:00:00.02 ; elapsed = 00:00:00.02 . Memory (MB): peak = 2378.996 ; gain = 0.000 ; free physical = 2584 ; free virtual = 38955
INFO: [Netlist 29-17] Analyzing 184 Unisim elements for replacement
INFO: [Netlist 29-28] Unisim Transformation completed in 0 CPU seconds
INFO: [Project 1-570] Preparing netlist for logic optimization
INFO: [Opt 31-138] Pushed 0 inverter(s) to 0 load pin(s).
Netlist sorting complete. Time (s): cpu = 00:00:00 ; elapsed = 00:00:00 . Memory (MB): peak = 2408.668 ; gain = 0.000 ; free physical = 2393 ; free virtual = 38764
INFO: [Project 1-111] Unisim Transformation Summary:
  A total of 72 instances were transformed.
  RAM64M => RAM64M (RAMD64E(x4)): 60 instances
  RAM64X1D => RAM64X1D (RAMD64E(x2)): 12 instances

INFO: [Common 17-83] Releasing license: Synthesis
48 Infos, 8 Warnings, 0 Critical Warnings and 0 Errors encountered.
synth_design completed successfully
synth_design: Time (s): cpu = 00:01:08 ; elapsed = 00:01:15 . Memory (MB): peak = 2408.668 ; gain = 266.141 ; free physical = 2476 ; free virtual = 38847
INFO: [Common 17-1381] The checkpoint '/workspace/Diplomski_rad/finn_modified_docker_output_dir/vivado_stitch_proj_nvos70pa/finn_vivado_stitch_proj.runs/StreamingDataflowPartition_1_StreamingDataflowPartition_1_ConvolutionInputGenerator_0_0_synth_1/StreamingDataflowPartition_1_StreamingDataflowPartition_1_ConvolutionInputGenerator_0_0.dcp' has been generated.
WARNING: [Common 17-576] 'use_project_ipc' is deprecated. This option is deprecated and no longer used.
INFO: [Coretcl 2-1648] Added synthesis output to IP cache for IP StreamingDataflowPartition_1_StreamingDataflowPartition_1_ConvolutionInputGenerator_0_0, cache-ID = 818c331852bd9670
INFO: [Coretcl 2-1174] Renamed 16 cell refs.
INFO: [Common 17-1381] The checkpoint '/workspace/Diplomski_rad/finn_modified_docker_output_dir/vivado_stitch_proj_nvos70pa/finn_vivado_stitch_proj.runs/StreamingDataflowPartition_1_StreamingDataflowPartition_1_ConvolutionInputGenerator_0_0_synth_1/StreamingDataflowPartition_1_StreamingDataflowPartition_1_ConvolutionInputGenerator_0_0.dcp' has been generated.
INFO: [runtcl-4] Executing : report_utilization -file StreamingDataflowPartition_1_StreamingDataflowPartition_1_ConvolutionInputGenerator_0_0_utilization_synth.rpt -pb StreamingDataflowPartition_1_StreamingDataflowPartition_1_ConvolutionInputGenerator_0_0_utilization_synth.pb
INFO: [Common 17-206] Exiting Vivado at Sat Jan 30 17:39:21 2021...
