
****** Vivado(TM) HLS - High-Level Synthesis from C, C++ and SystemC v2020.1.1 (64-bit)
  **** SW Build 2960000 on Wed Aug  5 22:57:21 MDT 2020
  **** IP Build 2956692 on Thu Aug  6 01:41:30 MDT 2020
    ** Copyright 1986-2020 Xilinx, Inc. All Rights Reserved.

source /tools/Xilinx/Vivado/2020.1/scripts/vivado_hls/hls.tcl -notrace
INFO: [HLS 200-10] Running '/tools/Xilinx/Vivado/2020.1/bin/unwrapped/lnx64.o/vivado_hls'
INFO: [HLS 200-10] For user 'grgov' on host 'finn_dev_grgov' (Linux_x86_64 version 5.8.0-41-generic) on Sat Jan 30 15:26:42 +0000 2021
INFO: [HLS 200-10] In directory '/workspace/Diplomski_rad/finn_modified_docker_output_dir/code_gen_ipgen_StreamingFCLayer_Batch_6_emgw76in'
Sourcing Tcl script '/home/grgov/Diplomski_rad/finn_modified_docker_output_dir/code_gen_ipgen_StreamingFCLayer_Batch_6_emgw76in/hls_syn_StreamingFCLayer_Batch_6.tcl'
HLS project: project_StreamingFCLayer_Batch_6
HW source dir: /home/grgov/Diplomski_rad/finn_modified_docker_output_dir/code_gen_ipgen_StreamingFCLayer_Batch_6_emgw76in
INFO: [HLS 200-10] Creating and opening project '/workspace/Diplomski_rad/finn_modified_docker_output_dir/code_gen_ipgen_StreamingFCLayer_Batch_6_emgw76in/project_StreamingFCLayer_Batch_6'.
INFO: [HLS 200-10] Adding design file '/home/grgov/Diplomski_rad/finn_modified_docker_output_dir/code_gen_ipgen_StreamingFCLayer_Batch_6_emgw76in/top_StreamingFCLayer_Batch_6.cpp' to the project
INFO: [HLS 200-10] Creating and opening solution '/workspace/Diplomski_rad/finn_modified_docker_output_dir/code_gen_ipgen_StreamingFCLayer_Batch_6_emgw76in/project_StreamingFCLayer_Batch_6/sol1'.
INFO: [HLS 200-10] Setting target device to 'xc7z020-clg400-1'
WARNING: [XFORM 203-506] Disable code size check when do loop unroll.
WARNING: [ANALYSIS 214-1] Skip long-run-time warning caused by lots of load/store instructions.
WARNING: [HLS 200-483] The 'config_rtl -auto_prefix' command is deprecated and will be removed in a future release. Use 'config_rtl -module_auto_prefix' as its replacement.
INFO: [SYN 201-201] Setting up clock 'default' with a period of 10ns.
INFO: [SCHED 204-61] Option 'relax_ii_for_timing' is enabled, will increase II to preserve clock frequency constraints.
INFO: [HLS 200-10] Analyzing design file '/home/grgov/Diplomski_rad/finn_modified_docker_output_dir/code_gen_ipgen_StreamingFCLayer_Batch_6_emgw76in/top_StreamingFCLayer_Batch_6.cpp' ... 
INFO: [HLS 200-111] Finished Linking Time (s): cpu = 00:00:33 ; elapsed = 00:00:34 . Memory (MB): peak = 1661.020 ; gain = 1227.777 ; free physical = 3493 ; free virtual = 42465
INFO: [HLS 200-111] Finished Checking Pragmas Time (s): cpu = 00:00:33 ; elapsed = 00:00:34 . Memory (MB): peak = 1661.020 ; gain = 1227.777 ; free physical = 3493 ; free virtual = 42465
INFO: [HLS 200-10] Starting code transformations ...
INFO: [HLS 200-489] Unrolling loop 'Loop-3.1' (/workspace/finn-hlslib/mvau.hpp:265) in function 'void Matrix_Vector_Activate_Stream_Batch<512u, 7u, 2u, 1u, Slice<ap_int<4>, 4u>, Slice<ap_int<16>, 16u>, Identity, ap_int<4>, ap_uint<8>, ap_uint<16>, PassThroughActivation<ap_int<16> >, ap_resource_lut>(hls::stream<FORWARD_REFERENCE, 0>&, hls::stream<FORWARD_REFERENCE, 0>&, hls::stream<ap_uint<((FORWARD_REFERENCE) * (FORWARD_REFERENCE)) * (FORWARD_REFERENCE::width)>, 0>&, FORWARD_REFERENCE const&, int, FORWARD_REFERENCE const&)' completely with a factor of 1.
INFO: [HLS 200-489] Unrolling loop 'Loop-3.2' (/workspace/finn-hlslib/mvau.hpp:272) in function 'void Matrix_Vector_Activate_Stream_Batch<512u, 7u, 2u, 1u, Slice<ap_int<4>, 4u>, Slice<ap_int<16>, 16u>, Identity, ap_int<4>, ap_uint<8>, ap_uint<16>, PassThroughActivation<ap_int<16> >, ap_resource_lut>(hls::stream<FORWARD_REFERENCE, 0>&, hls::stream<FORWARD_REFERENCE, 0>&, hls::stream<ap_uint<((FORWARD_REFERENCE) * (FORWARD_REFERENCE)) * (FORWARD_REFERENCE::width)>, 0>&, FORWARD_REFERENCE const&, int, FORWARD_REFERENCE const&)' completely with a factor of 1.
INFO: [HLS 200-489] Unrolling loop 'Loop-3.3' (/workspace/finn-hlslib/mvau.hpp:279) in function 'void Matrix_Vector_Activate_Stream_Batch<512u, 7u, 2u, 1u, Slice<ap_int<4>, 4u>, Slice<ap_int<16>, 16u>, Identity, ap_int<4>, ap_uint<8>, ap_uint<16>, PassThroughActivation<ap_int<16> >, ap_resource_lut>(hls::stream<FORWARD_REFERENCE, 0>&, hls::stream<FORWARD_REFERENCE, 0>&, hls::stream<ap_uint<((FORWARD_REFERENCE) * (FORWARD_REFERENCE)) * (FORWARD_REFERENCE::width)>, 0>&, FORWARD_REFERENCE const&, int, FORWARD_REFERENCE const&)' completely with a factor of 1.
INFO: [HLS 200-489] Unrolling loop 'Loop-3.4' (/workspace/finn-hlslib/mvau.hpp:292) in function 'void Matrix_Vector_Activate_Stream_Batch<512u, 7u, 2u, 1u, Slice<ap_int<4>, 4u>, Slice<ap_int<16>, 16u>, Identity, ap_int<4>, ap_uint<8>, ap_uint<16>, PassThroughActivation<ap_int<16> >, ap_resource_lut>(hls::stream<FORWARD_REFERENCE, 0>&, hls::stream<FORWARD_REFERENCE, 0>&, hls::stream<ap_uint<((FORWARD_REFERENCE) * (FORWARD_REFERENCE)) * (FORWARD_REFERENCE::width)>, 0>&, FORWARD_REFERENCE const&, int, FORWARD_REFERENCE const&)' completely with a factor of 1.
INFO: [XFORM 203-603] Inlining function 'Activation<ap_int<16>, ap_int<16> >::init' into 'Matrix_Vector_Activate_Stream_Batch<512u, 7u, 2u, 1u, Slice<ap_int<4>, 4u>, Slice<ap_int<16>, 16u>, Identity, ap_int<4>, ap_uint<8>, ap_uint<16>, PassThroughActivation<ap_int<16> >, ap_resource_lut>' (/workspace/finn-hlslib/mvau.hpp:274).
INFO: [XFORM 203-603] Inlining function 'Slice<ap_int<4>, 4u>::operator()<ap_uint<8> >' into 'Matrix_Vector_Activate_Stream_Batch<512u, 7u, 2u, 1u, Slice<ap_int<4>, 4u>, Slice<ap_int<16>, 16u>, Identity, ap_int<4>, ap_uint<8>, ap_uint<16>, PassThroughActivation<ap_int<16> >, ap_resource_lut>' (/workspace/finn-hlslib/mvau.hpp:281).
INFO: [XFORM 203-603] Inlining function 'std::array<ap_int<4>, 2ul>::operator[].1' into 'Weights_Tile<2u, ap_int<4>, 1u>::operator[]' (/workspace/finn-hlslib/weights.hpp:166).
INFO: [XFORM 203-603] Inlining function 'Weights_Tile<2u, ap_int<4>, 1u>::operator[]' into 'Matrix_Vector_Activate_Stream_Batch<512u, 7u, 2u, 1u, Slice<ap_int<4>, 4u>, Slice<ap_int<16>, 16u>, Identity, ap_int<4>, ap_uint<8>, ap_uint<16>, PassThroughActivation<ap_int<16> >, ap_resource_lut>' (/workspace/finn-hlslib/mvau.hpp:282).
INFO: [XFORM 203-603] Inlining function 'Identity::operator()<std::array<ap_int<4>, 2ul> >' into 'Matrix_Vector_Activate_Stream_Batch<512u, 7u, 2u, 1u, Slice<ap_int<4>, 4u>, Slice<ap_int<16>, 16u>, Identity, ap_int<4>, ap_uint<8>, ap_uint<16>, PassThroughActivation<ap_int<16> >, ap_resource_lut>' (/workspace/finn-hlslib/mvau.hpp:282).
INFO: [XFORM 203-603] Inlining function 'std::array<ap_int<4>, 2ul>::operator[]' into 'mac<2u, ap_int<16>, std::array<ap_int<4>, 2ul>, Slice<ap_int<4>, 4u>::Container<ap_uint<8> >, ap_resource_lut>' (/workspace/finn-hlslib/mac.hpp:169).
INFO: [XFORM 203-603] Inlining function 'Slice<ap_int<4>, 4u>::Container<ap_uint<8> >::operator()' into 'mac<2u, ap_int<16>, std::array<ap_int<4>, 2ul>, Slice<ap_int<4>, 4u>::Container<ap_uint<8> >, ap_resource_lut>' (/workspace/finn-hlslib/mac.hpp:169).
INFO: [XFORM 203-603] Inlining function 'mul<ap_int<4>, ap_int<4> >' into 'mac<2u, ap_int<16>, std::array<ap_int<4>, 2ul>, Slice<ap_int<4>, 4u>::Container<ap_uint<8> >, ap_resource_lut>' (/workspace/finn-hlslib/mac.hpp:169).
INFO: [XFORM 203-603] Inlining function 'mac<2u, ap_int<16>, std::array<ap_int<4>, 2ul>, Slice<ap_int<4>, 4u>::Container<ap_uint<8> >, ap_resource_lut>' into 'Matrix_Vector_Activate_Stream_Batch<512u, 7u, 2u, 1u, Slice<ap_int<4>, 4u>, Slice<ap_int<16>, 16u>, Identity, ap_int<4>, ap_uint<8>, ap_uint<16>, PassThroughActivation<ap_int<16> >, ap_resource_lut>' (/workspace/finn-hlslib/mvau.hpp:284).
INFO: [XFORM 203-603] Inlining function 'Slice<ap_int<16>, 16u>::operator()<ap_uint<16> >' into 'Matrix_Vector_Activate_Stream_Batch<512u, 7u, 2u, 1u, Slice<ap_int<4>, 4u>, Slice<ap_int<16>, 16u>, Identity, ap_int<4>, ap_uint<8>, ap_uint<16>, PassThroughActivation<ap_int<16> >, ap_resource_lut>' (/workspace/finn-hlslib/mvau.hpp:291).
INFO: [XFORM 203-603] Inlining function 'Slice<ap_int<16>, 16u>::Container<ap_uint<16> >::operator()' into 'Matrix_Vector_Activate_Stream_Batch<512u, 7u, 2u, 1u, Slice<ap_int<4>, 4u>, Slice<ap_int<16>, 16u>, Identity, ap_int<4>, ap_uint<8>, ap_uint<16>, PassThroughActivation<ap_int<16> >, ap_resource_lut>' (/workspace/finn-hlslib/mvau.hpp:294).
INFO: [XFORM 203-603] Inlining function 'PassThroughActivation<ap_int<16> >::activate' into 'Matrix_Vector_Activate_Stream_Batch<512u, 7u, 2u, 1u, Slice<ap_int<4>, 4u>, Slice<ap_int<16>, 16u>, Identity, ap_int<4>, ap_uint<8>, ap_uint<16>, PassThroughActivation<ap_int<16> >, ap_resource_lut>' (/workspace/finn-hlslib/mvau.hpp:294).
INFO: [XFORM 203-603] Inlining function 'Slice<ap_int<16>, 16u>::Container<ap_uint<16> >::operator ap_uint<16> const&' into 'Matrix_Vector_Activate_Stream_Batch<512u, 7u, 2u, 1u, Slice<ap_int<4>, 4u>, Slice<ap_int<16>, 16u>, Identity, ap_int<4>, ap_uint<8>, ap_uint<16>, PassThroughActivation<ap_int<16> >, ap_resource_lut>' (/workspace/finn-hlslib/mvau.hpp:297).
INFO: [HLS 200-111] Finished Standard Transforms Time (s): cpu = 00:00:35 ; elapsed = 00:00:36 . Memory (MB): peak = 1661.020 ; gain = 1227.777 ; free physical = 3337 ; free virtual = 42313
INFO: [HLS 200-10] Checking synthesizability ...
INFO: [XFORM 203-602] Inlining function 'Caster<ap_int<4> >::cast<4>' into 'Matrix_Vector_Activate_Stream_Batch<512u, 7u, 2u, 1u, Slice<ap_int<4>, 4u>, Slice<ap_int<16>, 16u>, Identity, ap_int<4>, ap_uint<8>, ap_uint<16>, PassThroughActivation<ap_int<16> >, ap_resource_lut>' (/workspace/finn-hlslib/interpret.hpp:216->/workspace/finn-hlslib/mac.hpp:169->/workspace/finn-hlslib/mvau.hpp:284) automatically.
WARNING: [SYNCHK 200-23] /workspace/finn-hlslib/weights.hpp:164: variable-indexed range selection may cause suboptimal QoR.
INFO: [SYNCHK 200-10] 0 error(s), 1 warning(s).
INFO: [HLS 200-111] Finished Checking Synthesizability Time (s): cpu = 00:00:35 ; elapsed = 00:00:37 . Memory (MB): peak = 1661.020 ; gain = 1227.777 ; free physical = 3232 ; free virtual = 42210
INFO: [XFORM 203-502] Unrolling all sub-loops inside loop 'Loop-1' (/workspace/finn-hlslib/mvau.hpp:248) in function 'Matrix_Vector_Activate_Stream_Batch<512u, 7u, 2u, 1u, Slice<ap_int<4>, 4u>, Slice<ap_int<16>, 16u>, Identity, ap_int<4>, ap_uint<8>, ap_uint<16>, PassThroughActivation<ap_int<16> >, ap_resource_lut>' for pipelining.
INFO: [HLS 200-489] Unrolling loop 'Loop-1.1' (/workspace/finn-hlslib/weights.hpp:161) in function 'Matrix_Vector_Activate_Stream_Batch<512u, 7u, 2u, 1u, Slice<ap_int<4>, 4u>, Slice<ap_int<16>, 16u>, Identity, ap_int<4>, ap_uint<8>, ap_uint<16>, PassThroughActivation<ap_int<16> >, ap_resource_lut>' completely with a factor of 2.
INFO: [HLS 200-489] Unrolling loop 'Loop-1.2' (/workspace/finn-hlslib/mac.hpp:167) in function 'Matrix_Vector_Activate_Stream_Batch<512u, 7u, 2u, 1u, Slice<ap_int<4>, 4u>, Slice<ap_int<16>, 16u>, Identity, ap_int<4>, ap_uint<8>, ap_uint<16>, PassThroughActivation<ap_int<16> >, ap_resource_lut>' completely with a factor of 2.
INFO: [XFORM 203-102] Partitioning array 'wgt._M_instance.V' (/workspace/finn-hlslib/mvau.hpp:282) automatically.
INFO: [XFORM 203-102] Partitioning array 'temp._M_instance.V' (/workspace/finn-hlslib/weights.hpp:160) automatically.
WARNING: [XFORM 203-104] Completely partitioning array 'inputBuf.V' (/workspace/finn-hlslib/mvau.hpp:230) accessed through non-constant indices on dimension 1 (/workspace/finn-hlslib/mvau.hpp:256:7), which may result in long runtime and suboptimal QoR due to large multiplexers. Please consider wrapping the array access into a function or using a register file core instead.
INFO: [XFORM 203-101] Partitioning array 'inputBuf.V' (/workspace/finn-hlslib/mvau.hpp:230) in dimension 1 completely.
INFO: [XFORM 203-101] Partitioning array 'accu.V' (/workspace/finn-hlslib/mvau.hpp:233) in dimension 1 completely.
INFO: [XFORM 203-101] Partitioning array 'w.m_weights.V' (/workspace/finn-hlslib/mvau.hpp:236) in dimension 1 completely.
INFO: [XFORM 203-101] Partitioning array 'accu.V' (/workspace/finn-hlslib/mvau.hpp:233) in dimension 2 completely.
INFO: [XFORM 203-602] Inlining function 'Caster<ap_int<4> >::cast<4>' into 'Matrix_Vector_Activate_Stream_Batch<512u, 7u, 2u, 1u, Slice<ap_int<4>, 4u>, Slice<ap_int<16>, 16u>, Identity, ap_int<4>, ap_uint<8>, ap_uint<16>, PassThroughActivation<ap_int<16> >, ap_resource_lut>' (/workspace/finn-hlslib/interpret.hpp:216->/workspace/finn-hlslib/mac.hpp:169->/workspace/finn-hlslib/mvau.hpp:284) automatically.
INFO: [HLS 200-111] Finished Pre-synthesis Time (s): cpu = 00:00:40 ; elapsed = 00:00:42 . Memory (MB): peak = 1661.020 ; gain = 1227.777 ; free physical = 3199 ; free virtual = 42188
WARNING: [XFORM 203-631] Renaming function 'Matrix_Vector_Activate_Stream_Batch<512u, 7u, 2u, 1u, Slice<ap_int<4>, 4u>, Slice<ap_int<16>, 16u>, Identity, ap_int<4>, ap_uint<8>, ap_uint<16>, PassThroughActivation<ap_int<16> >, ap_resource_lut>' to 'Matrix_Vector_Activa' (/workspace/finn-hlslib/mvau.hpp:115:46)
INFO: [HLS 200-111] Finished Architecture Synthesis Time (s): cpu = 00:00:50 ; elapsed = 00:00:51 . Memory (MB): peak = 1661.020 ; gain = 1227.777 ; free physical = 2073 ; free virtual = 41072
INFO: [HLS 200-10] Starting hardware synthesis ...
INFO: [HLS 200-10] Synthesizing 'StreamingFCLayer_Batch_6' ...
INFO: [HLS 200-10] ----------------------------------------------------------------
INFO: [HLS 200-42] -- Implementing module 'Matrix_Vector_Activa' 
INFO: [HLS 200-10] ----------------------------------------------------------------
INFO: [SCHED 204-11] Starting scheduling ...
INFO: [SCHED 204-61] Pipelining loop 'Loop 1'.
INFO: [SCHED 204-61] Pipelining result : Target II = 1, Final II = 1, Depth = 2.
INFO: [SCHED 204-11] Finished scheduling.
INFO: [HLS 200-111]  Elapsed time: 53.78 seconds; current allocated memory: 212.896 MB.
INFO: [BIND 205-100] Starting micro-architecture generation ...
INFO: [BIND 205-101] Performing variable lifetime analysis.
INFO: [BIND 205-101] Exploring resource sharing.
INFO: [BIND 205-101] Binding ...
INFO: [BIND 205-100] Finished micro-architecture generation.
INFO: [HLS 200-111]  Elapsed time: 1.83 seconds; current allocated memory: 217.780 MB.
INFO: [HLS 200-10] ----------------------------------------------------------------
INFO: [HLS 200-42] -- Implementing module 'StreamingFCLayer_Batch_6' 
INFO: [HLS 200-10] ----------------------------------------------------------------
INFO: [SCHED 204-11] Starting scheduling ...
INFO: [SCHED 204-11] Finished scheduling.
INFO: [HLS 200-111]  Elapsed time: 0.8 seconds; current allocated memory: 217.848 MB.
INFO: [BIND 205-100] Starting micro-architecture generation ...
INFO: [BIND 205-101] Performing variable lifetime analysis.
INFO: [BIND 205-101] Exploring resource sharing.
INFO: [BIND 205-101] Binding ...
INFO: [BIND 205-100] Finished micro-architecture generation.
INFO: [HLS 200-111]  Elapsed time: 0.07 seconds; current allocated memory: 217.919 MB.
INFO: [HLS 200-10] ----------------------------------------------------------------
INFO: [HLS 200-10] -- Generating RTL for module 'Matrix_Vector_Activa' 
INFO: [HLS 200-10] ----------------------------------------------------------------
INFO: [SYN 201-210] Renamed object name 'StreamingFCLayer_Batch_6_mux_2568_8_1_1' to 'StreamingFCLayer_bkb' due to the length limit 20
INFO: [SYN 201-210] Renamed object name 'StreamingFCLayer_Batch_6_mul_4s_4s_8_1_1' to 'StreamingFCLayer_cud' due to the length limit 20
INFO: [RTGEN 206-100] Generating core module 'StreamingFCLayer_bkb': 1 instance(s).
INFO: [RTGEN 206-100] Generating core module 'StreamingFCLayer_cud': 2 instance(s).
INFO: [RTGEN 206-100] Finished creating RTL model for 'Matrix_Vector_Activa'.
INFO: [HLS 200-111]  Elapsed time: 0.59 seconds; current allocated memory: 224.108 MB.
INFO: [HLS 200-10] ----------------------------------------------------------------
INFO: [HLS 200-10] -- Generating RTL for module 'StreamingFCLayer_Batch_6' 
INFO: [HLS 200-10] ----------------------------------------------------------------
INFO: [RTGEN 206-500] Setting interface mode on port 'StreamingFCLayer_Batch_6/in0_V_V' to 'axis' (register, both mode).
INFO: [RTGEN 206-500] Setting interface mode on port 'StreamingFCLayer_Batch_6/weights_V_V' to 'axis' (register, both mode).
INFO: [RTGEN 206-500] Setting interface mode on port 'StreamingFCLayer_Batch_6/out_V_V' to 'axis' (register, both mode).
INFO: [RTGEN 206-500] Setting interface mode on function 'StreamingFCLayer_Batch_6' to 'ap_ctrl_none'.
INFO: [RTGEN 206-100] Finished creating RTL model for 'StreamingFCLayer_Batch_6'.
INFO: [HLS 200-111]  Elapsed time: 1.06 seconds; current allocated memory: 240.233 MB.
INFO: [HLS 200-790] **** Loop Constraint Status: All loop constraints were satisfied.
INFO: [HLS 200-789] **** Estimated Fmax: 119.96 MHz
INFO: [RTMG 210-282] Generating pipelined core: 'StreamingFCLayer_Batch_6_StreamingFCLayer_cud_Mul_LUT_0'
INFO: [HLS 200-111] Finished generating all RTL models Time (s): cpu = 00:00:57 ; elapsed = 00:01:00 . Memory (MB): peak = 1661.020 ; gain = 1227.777 ; free physical = 1300 ; free virtual = 40317
INFO: [VHDL 208-304] Generating VHDL RTL for StreamingFCLayer_Batch_6 with prefix StreamingFCLayer_Batch_6_.
INFO: [VLOG 209-307] Generating Verilog RTL for StreamingFCLayer_Batch_6 with prefix StreamingFCLayer_Batch_6_.
INFO: [IMPL 213-8] Exporting RTL as a Vivado IP.

****** Vivado v2020.1.1 (64-bit)
  **** SW Build 2960000 on Wed Aug  5 22:57:21 MDT 2020
  **** IP Build 2956692 on Thu Aug  6 01:41:30 MDT 2020
    ** Copyright 1986-2020 Xilinx, Inc. All Rights Reserved.

source run_ippack.tcl -notrace
INFO: [IP_Flow 19-234] Refreshing IP repositories
INFO: [IP_Flow 19-1704] No user IP repositories specified
INFO: [IP_Flow 19-2313] Loaded Vivado IP repository '/tools/Xilinx/Vivado/2020.1/data/ip'.
INFO: [Common 17-206] Exiting Vivado at Sat Jan 30 15:28:04 2021...
INFO: [HLS 200-112] Total elapsed time: 86.4 seconds; peak allocated memory: 240.233 MB.
INFO: [Common 17-206] Exiting vivado_hls at Sat Jan 30 15:28:08 2021...
