
****** Vivado(TM) HLS - High-Level Synthesis from C, C++ and SystemC v2020.1.1 (64-bit)
  **** SW Build 2960000 on Wed Aug  5 22:57:21 MDT 2020
  **** IP Build 2956692 on Thu Aug  6 01:41:30 MDT 2020
    ** Copyright 1986-2020 Xilinx, Inc. All Rights Reserved.

source /tools/Xilinx/Vivado/2020.1/scripts/vivado_hls/hls.tcl -notrace
INFO: [HLS 200-10] Running '/tools/Xilinx/Vivado/2020.1/bin/unwrapped/lnx64.o/vivado_hls'
INFO: [HLS 200-10] For user 'grgov' on host 'finn_dev_grgov' (Linux_x86_64 version 5.8.0-41-generic) on Sat Jan 30 13:20:51 +0000 2021
INFO: [HLS 200-10] In directory '/workspace/Diplomski_rad/finn_modified_docker_output_dir/code_gen_ipgen_StreamingDataWidthConverter_Batch_5_wvb4fpq3'
Sourcing Tcl script '/home/grgov/Diplomski_rad/finn_modified_docker_output_dir/code_gen_ipgen_StreamingDataWidthConverter_Batch_5_wvb4fpq3/hls_syn_StreamingDataWidthConverter_Batch_5.tcl'
HLS project: project_StreamingDataWidthConverter_Batch_5
HW source dir: /home/grgov/Diplomski_rad/finn_modified_docker_output_dir/code_gen_ipgen_StreamingDataWidthConverter_Batch_5_wvb4fpq3
INFO: [HLS 200-10] Creating and opening project '/workspace/Diplomski_rad/finn_modified_docker_output_dir/code_gen_ipgen_StreamingDataWidthConverter_Batch_5_wvb4fpq3/project_StreamingDataWidthConverter_Batch_5'.
INFO: [HLS 200-10] Adding design file '/home/grgov/Diplomski_rad/finn_modified_docker_output_dir/code_gen_ipgen_StreamingDataWidthConverter_Batch_5_wvb4fpq3/top_StreamingDataWidthConverter_Batch_5.cpp' to the project
INFO: [HLS 200-10] Creating and opening solution '/workspace/Diplomski_rad/finn_modified_docker_output_dir/code_gen_ipgen_StreamingDataWidthConverter_Batch_5_wvb4fpq3/project_StreamingDataWidthConverter_Batch_5/sol1'.
INFO: [HLS 200-10] Setting target device to 'xc7z020-clg400-1'
WARNING: [XFORM 203-506] Disable code size check when do loop unroll.
WARNING: [ANALYSIS 214-1] Skip long-run-time warning caused by lots of load/store instructions.
WARNING: [HLS 200-483] The 'config_rtl -auto_prefix' command is deprecated and will be removed in a future release. Use 'config_rtl -module_auto_prefix' as its replacement.
INFO: [SYN 201-201] Setting up clock 'default' with a period of 10ns.
INFO: [SCHED 204-61] Option 'relax_ii_for_timing' is enabled, will increase II to preserve clock frequency constraints.
INFO: [HLS 200-10] Analyzing design file '/home/grgov/Diplomski_rad/finn_modified_docker_output_dir/code_gen_ipgen_StreamingDataWidthConverter_Batch_5_wvb4fpq3/top_StreamingDataWidthConverter_Batch_5.cpp' ... 
INFO: [HLS 200-111] Finished Linking Time (s): cpu = 00:00:30 ; elapsed = 00:00:31 . Memory (MB): peak = 1661.020 ; gain = 1227.777 ; free physical = 3151 ; free virtual = 43076
INFO: [HLS 200-111] Finished Checking Pragmas Time (s): cpu = 00:00:30 ; elapsed = 00:00:31 . Memory (MB): peak = 1661.020 ; gain = 1227.777 ; free physical = 3151 ; free virtual = 43076
INFO: [HLS 200-10] Starting code transformations ...
INFO: [HLS 200-111] Finished Standard Transforms Time (s): cpu = 00:00:31 ; elapsed = 00:00:33 . Memory (MB): peak = 1661.020 ; gain = 1227.777 ; free physical = 3134 ; free virtual = 43061
INFO: [HLS 200-10] Checking synthesizability ...
INFO: [HLS 200-111] Finished Checking Synthesizability Time (s): cpu = 00:00:32 ; elapsed = 00:00:33 . Memory (MB): peak = 1661.020 ; gain = 1227.777 ; free physical = 3127 ; free virtual = 43054
INFO: [HLS 200-111] Finished Pre-synthesis Time (s): cpu = 00:00:32 ; elapsed = 00:00:33 . Memory (MB): peak = 1661.020 ; gain = 1227.777 ; free physical = 3091 ; free virtual = 43016
WARNING: [XFORM 203-631] Renaming function 'StreamingDataWidthConverter_Batch<16u, 8u, 128u>' to 'StreamingDataWidthCo.1' (/workspace/finn-hlslib/streamtools.h:370:46)
INFO: [HLS 200-111] Finished Architecture Synthesis Time (s): cpu = 00:00:32 ; elapsed = 00:00:33 . Memory (MB): peak = 1661.020 ; gain = 1227.777 ; free physical = 3076 ; free virtual = 43001
INFO: [HLS 200-10] Starting hardware synthesis ...
INFO: [HLS 200-10] Synthesizing 'StreamingDataWidthConverter_Batch_5' ...
WARNING: [SYN 201-103] Legalizing function name 'StreamingDataWidthCo.1' to 'StreamingDataWidthCo_1'.
INFO: [HLS 200-10] ----------------------------------------------------------------
INFO: [HLS 200-42] -- Implementing module 'StreamingDataWidthCo_1' 
INFO: [HLS 200-10] ----------------------------------------------------------------
INFO: [SCHED 204-11] Starting scheduling ...
INFO: [SCHED 204-61] Pipelining loop 'Loop 1'.
INFO: [SCHED 204-61] Pipelining result : Target II = 1, Final II = 1, Depth = 2.
INFO: [SCHED 204-11] Finished scheduling.
INFO: [HLS 200-111]  Elapsed time: 33.14 seconds; current allocated memory: 161.426 MB.
INFO: [BIND 205-100] Starting micro-architecture generation ...
INFO: [BIND 205-101] Performing variable lifetime analysis.
INFO: [BIND 205-101] Exploring resource sharing.
INFO: [BIND 205-101] Binding ...
INFO: [BIND 205-100] Finished micro-architecture generation.
INFO: [HLS 200-111]  Elapsed time: 0.04 seconds; current allocated memory: 161.629 MB.
INFO: [HLS 200-10] ----------------------------------------------------------------
INFO: [HLS 200-42] -- Implementing module 'StreamingDataWidthConverter_Batch_5' 
INFO: [HLS 200-10] ----------------------------------------------------------------
INFO: [SCHED 204-11] Starting scheduling ...
INFO: [SCHED 204-11] Finished scheduling.
INFO: [HLS 200-111]  Elapsed time: 0.04 seconds; current allocated memory: 161.683 MB.
INFO: [BIND 205-100] Starting micro-architecture generation ...
INFO: [BIND 205-101] Performing variable lifetime analysis.
INFO: [BIND 205-101] Exploring resource sharing.
INFO: [BIND 205-101] Binding ...
INFO: [BIND 205-100] Finished micro-architecture generation.
INFO: [HLS 200-111]  Elapsed time: 0.02 seconds; current allocated memory: 161.746 MB.
INFO: [HLS 200-10] ----------------------------------------------------------------
INFO: [HLS 200-10] -- Generating RTL for module 'StreamingDataWidthCo_1' 
INFO: [HLS 200-10] ----------------------------------------------------------------
INFO: [RTGEN 206-100] Finished creating RTL model for 'StreamingDataWidthCo_1'.
INFO: [HLS 200-111]  Elapsed time: 0.04 seconds; current allocated memory: 162.059 MB.
INFO: [HLS 200-10] ----------------------------------------------------------------
INFO: [HLS 200-10] -- Generating RTL for module 'StreamingDataWidthConverter_Batch_5' 
INFO: [HLS 200-10] ----------------------------------------------------------------
INFO: [RTGEN 206-500] Setting interface mode on port 'StreamingDataWidthConverter_Batch_5/in0_V_V' to 'axis' (register, both mode).
INFO: [RTGEN 206-500] Setting interface mode on port 'StreamingDataWidthConverter_Batch_5/out_V_V' to 'axis' (register, both mode).
INFO: [RTGEN 206-500] Setting interface mode on function 'StreamingDataWidthConverter_Batch_5' to 'ap_ctrl_none'.
INFO: [RTGEN 206-100] Finished creating RTL model for 'StreamingDataWidthConverter_Batch_5'.
INFO: [HLS 200-111]  Elapsed time: 0.13 seconds; current allocated memory: 162.816 MB.
INFO: [HLS 200-790] **** Loop Constraint Status: All loop constraints were satisfied.
INFO: [HLS 200-789] **** Estimated Fmax: 174.73 MHz
INFO: [HLS 200-111] Finished generating all RTL models Time (s): cpu = 00:00:33 ; elapsed = 00:00:35 . Memory (MB): peak = 1661.020 ; gain = 1227.777 ; free physical = 1622 ; free virtual = 41570
INFO: [VHDL 208-304] Generating VHDL RTL for StreamingDataWidthConverter_Batch_5 with prefix StreamingDataWidthConverter_Batch_5_.
INFO: [VLOG 209-307] Generating Verilog RTL for StreamingDataWidthConverter_Batch_5 with prefix StreamingDataWidthConverter_Batch_5_.
INFO: [IMPL 213-8] Exporting RTL as a Vivado IP.

****** Vivado v2020.1.1 (64-bit)
  **** SW Build 2960000 on Wed Aug  5 22:57:21 MDT 2020
  **** IP Build 2956692 on Thu Aug  6 01:41:30 MDT 2020
    ** Copyright 1986-2020 Xilinx, Inc. All Rights Reserved.

source run_ippack.tcl -notrace
INFO: [IP_Flow 19-234] Refreshing IP repositories
INFO: [IP_Flow 19-1704] No user IP repositories specified
INFO: [IP_Flow 19-2313] Loaded Vivado IP repository '/tools/Xilinx/Vivado/2020.1/data/ip'.
INFO: [Common 17-206] Exiting Vivado at Sat Jan 30 13:21:49 2021...
INFO: [HLS 200-112] Total elapsed time: 60.92 seconds; peak allocated memory: 162.816 MB.
INFO: [Common 17-206] Exiting vivado_hls at Sat Jan 30 13:21:52 2021...
