
****** Vivado(TM) HLS - High-Level Synthesis from C, C++ and SystemC v2020.1.1 (64-bit)
  **** SW Build 2960000 on Wed Aug  5 22:57:21 MDT 2020
  **** IP Build 2956692 on Thu Aug  6 01:41:30 MDT 2020
    ** Copyright 1986-2020 Xilinx, Inc. All Rights Reserved.

source /tools/Xilinx/Vivado/2020.1/scripts/vivado_hls/hls.tcl -notrace
INFO: [HLS 200-10] Running '/tools/Xilinx/Vivado/2020.1/bin/unwrapped/lnx64.o/vivado_hls'
INFO: [HLS 200-10] For user 'grgov' on host 'finn_dev_grgov' (Linux_x86_64 version 5.8.0-41-generic) on Sat Jan 30 15:26:42 +0000 2021
INFO: [HLS 200-10] In directory '/workspace/Diplomski_rad/finn_modified_docker_output_dir/code_gen_ipgen_ConvolutionInputGenerator_3_fk4j0e65'
Sourcing Tcl script '/home/grgov/Diplomski_rad/finn_modified_docker_output_dir/code_gen_ipgen_ConvolutionInputGenerator_3_fk4j0e65/hls_syn_ConvolutionInputGenerator_3.tcl'
HLS project: project_ConvolutionInputGenerator_3
HW source dir: /home/grgov/Diplomski_rad/finn_modified_docker_output_dir/code_gen_ipgen_ConvolutionInputGenerator_3_fk4j0e65
INFO: [HLS 200-10] Creating and opening project '/workspace/Diplomski_rad/finn_modified_docker_output_dir/code_gen_ipgen_ConvolutionInputGenerator_3_fk4j0e65/project_ConvolutionInputGenerator_3'.
INFO: [HLS 200-10] Adding design file '/home/grgov/Diplomski_rad/finn_modified_docker_output_dir/code_gen_ipgen_ConvolutionInputGenerator_3_fk4j0e65/top_ConvolutionInputGenerator_3.cpp' to the project
INFO: [HLS 200-10] Creating and opening solution '/workspace/Diplomski_rad/finn_modified_docker_output_dir/code_gen_ipgen_ConvolutionInputGenerator_3_fk4j0e65/project_ConvolutionInputGenerator_3/sol1'.
INFO: [HLS 200-10] Setting target device to 'xc7z020-clg400-1'
WARNING: [XFORM 203-506] Disable code size check when do loop unroll.
WARNING: [ANALYSIS 214-1] Skip long-run-time warning caused by lots of load/store instructions.
WARNING: [HLS 200-483] The 'config_rtl -auto_prefix' command is deprecated and will be removed in a future release. Use 'config_rtl -module_auto_prefix' as its replacement.
INFO: [SYN 201-201] Setting up clock 'default' with a period of 10ns.
INFO: [SCHED 204-61] Option 'relax_ii_for_timing' is enabled, will increase II to preserve clock frequency constraints.
INFO: [HLS 200-10] Analyzing design file '/home/grgov/Diplomski_rad/finn_modified_docker_output_dir/code_gen_ipgen_ConvolutionInputGenerator_3_fk4j0e65/top_ConvolutionInputGenerator_3.cpp' ... 
INFO: [HLS 200-111] Finished Linking Time (s): cpu = 00:00:30 ; elapsed = 00:00:31 . Memory (MB): peak = 1661.020 ; gain = 1227.777 ; free physical = 3603 ; free virtual = 42554
INFO: [HLS 200-111] Finished Checking Pragmas Time (s): cpu = 00:00:30 ; elapsed = 00:00:31 . Memory (MB): peak = 1661.020 ; gain = 1227.777 ; free physical = 3603 ; free virtual = 42554
INFO: [HLS 200-10] Starting code transformations ...
INFO: [XFORM 203-603] Inlining function 'memory_resource<ap_uint<32> (*) [240]>' into 'ConvolutionInputGenerator<3u, 64u, 4u, 30u, 28u, 8u, 1u, ap_resource_lutram>' (/workspace/finn-hlslib/slidingwindow.h:183).
INFO: [HLS 200-111] Finished Standard Transforms Time (s): cpu = 00:00:31 ; elapsed = 00:00:33 . Memory (MB): peak = 1661.020 ; gain = 1227.777 ; free physical = 3539 ; free virtual = 42495
INFO: [HLS 200-10] Checking synthesizability ...
INFO: [HLS 200-111] Finished Checking Synthesizability Time (s): cpu = 00:00:32 ; elapsed = 00:00:33 . Memory (MB): peak = 1661.020 ; gain = 1227.777 ; free physical = 3528 ; free virtual = 42496
WARNING: [XFORM 203-311] Ignored reset directive (/workspace/finn-hlslib/slidingwindow.h:195:1): variable 'inp' is not static or global variable.
INFO: [XFORM 203-502] Unrolling small iteration loop 'Loop-1' (/workspace/finn-hlslib/slidingwindow.h:196) in function 'ConvolutionInputGenerator<3u, 64u, 4u, 30u, 28u, 8u, 1u, ap_resource_lutram>' automatically.
INFO: [HLS 200-489] Unrolling loop 'Loop-1' (/workspace/finn-hlslib/slidingwindow.h:196) in function 'ConvolutionInputGenerator<3u, 64u, 4u, 30u, 28u, 8u, 1u, ap_resource_lutram>' completely with a factor of 1.
INFO: [XFORM 203-101] Partitioning array 'inputBuf.V' (/workspace/finn-hlslib/slidingwindow.h:180) in dimension 1 completely.
INFO: [XFORM 203-401] Performing if-conversion on hyperblock from (/workspace/finn-hlslib/slidingwindow.h:249:1) to (/workspace/finn-hlslib/slidingwindow.h:262:9) in function 'ConvolutionInputGenerator<3u, 64u, 4u, 30u, 28u, 8u, 1u, ap_resource_lutram>'... converting 3 basic blocks.
INFO: [HLS 200-111] Finished Pre-synthesis Time (s): cpu = 00:00:32 ; elapsed = 00:00:33 . Memory (MB): peak = 1661.020 ; gain = 1227.777 ; free physical = 3529 ; free virtual = 42502
WARNING: [XFORM 203-631] Renaming function 'ConvolutionInputGenerator<3u, 64u, 4u, 30u, 28u, 8u, 1u, ap_resource_lutram>' to 'ConvolutionInputGene.1' (/workspace/finn-hlslib/slidingwindow.h:141:19)
WARNING: [ANALYSIS 214-52] Found false intra dependency for variable 'inputBuf[0].V' (/workspace/finn-hlslib/slidingwindow.h:180).
WARNING: [ANALYSIS 214-52] Found false intra dependency for variable 'inputBuf[1].V' (/workspace/finn-hlslib/slidingwindow.h:180).
WARNING: [ANALYSIS 214-52] Found false intra dependency for variable 'inputBuf[2].V' (/workspace/finn-hlslib/slidingwindow.h:180).
WARNING: [ANALYSIS 214-52] Found false intra dependency for variable 'inputBuf[3].V' (/workspace/finn-hlslib/slidingwindow.h:180).
WARNING: [ANALYSIS 214-52] Found false inter dependency for variable 'inputBuf[0].V' (/workspace/finn-hlslib/slidingwindow.h:180).
WARNING: [ANALYSIS 214-52] Found false inter dependency for variable 'inputBuf[1].V' (/workspace/finn-hlslib/slidingwindow.h:180).
WARNING: [ANALYSIS 214-52] Found false inter dependency for variable 'inputBuf[2].V' (/workspace/finn-hlslib/slidingwindow.h:180).
WARNING: [ANALYSIS 214-52] Found false inter dependency for variable 'inputBuf[3].V' (/workspace/finn-hlslib/slidingwindow.h:180).
WARNING: [ANALYSIS 214-52] Found false intra dependency for variable 'select.ln257' (/workspace/finn-hlslib/slidingwindow.h:257:13).
INFO: [HLS 200-472] Inferring partial write operation for 'inputBuf[0].V' (/workspace/finn-hlslib/slidingwindow.h:248:11)
INFO: [HLS 200-472] Inferring partial write operation for 'inputBuf[0].V' (/workspace/finn-hlslib/slidingwindow.h:202:9)
INFO: [HLS 200-111] Finished Architecture Synthesis Time (s): cpu = 00:00:32 ; elapsed = 00:00:34 . Memory (MB): peak = 1661.020 ; gain = 1227.777 ; free physical = 3495 ; free virtual = 42469
INFO: [HLS 200-10] Starting hardware synthesis ...
INFO: [HLS 200-10] Synthesizing 'ConvolutionInputGenerator_3' ...
WARNING: [SYN 201-103] Legalizing function name 'ConvolutionInputGene.1' to 'ConvolutionInputGene_1'.
INFO: [HLS 200-10] ----------------------------------------------------------------
INFO: [HLS 200-42] -- Implementing module 'ConvolutionInputGene_1' 
INFO: [HLS 200-10] ----------------------------------------------------------------
INFO: [SCHED 204-11] Starting scheduling ...
INFO: [SCHED 204-61] Pipelining loop 'Loop 1'.
INFO: [SCHED 204-61] Pipelining result : Target II = 1, Final II = 1, Depth = 2.
INFO: [SCHED 204-11] Finished scheduling.
INFO: [HLS 200-111]  Elapsed time: 33.8 seconds; current allocated memory: 162.162 MB.
INFO: [BIND 205-100] Starting micro-architecture generation ...
INFO: [BIND 205-101] Performing variable lifetime analysis.
INFO: [BIND 205-101] Exploring resource sharing.
WARNING: [BIND 205-102] The specified resource core for memory 'inputBuf_0_V' will be ignored if a simpler one can be used.
WARNING: [BIND 205-102] The specified resource core for memory 'inputBuf_1_V' will be ignored if a simpler one can be used.
WARNING: [BIND 205-102] The specified resource core for memory 'inputBuf_2_V' will be ignored if a simpler one can be used.
WARNING: [BIND 205-102] The specified resource core for memory 'inputBuf_3_V' will be ignored if a simpler one can be used.
INFO: [BIND 205-101] Binding ...
INFO: [BIND 205-100] Finished micro-architecture generation.
INFO: [HLS 200-111]  Elapsed time: 0.16 seconds; current allocated memory: 162.849 MB.
INFO: [HLS 200-10] ----------------------------------------------------------------
INFO: [HLS 200-42] -- Implementing module 'ConvolutionInputGenerator_3' 
INFO: [HLS 200-10] ----------------------------------------------------------------
INFO: [SCHED 204-11] Starting scheduling ...
INFO: [SCHED 204-11] Finished scheduling.
INFO: [HLS 200-111]  Elapsed time: 0.2 seconds; current allocated memory: 162.954 MB.
INFO: [BIND 205-100] Starting micro-architecture generation ...
INFO: [BIND 205-101] Performing variable lifetime analysis.
INFO: [BIND 205-101] Exploring resource sharing.
INFO: [BIND 205-101] Binding ...
INFO: [BIND 205-100] Finished micro-architecture generation.
INFO: [HLS 200-111]  Elapsed time: 0.04 seconds; current allocated memory: 163.017 MB.
INFO: [HLS 200-10] ----------------------------------------------------------------
INFO: [HLS 200-10] -- Generating RTL for module 'ConvolutionInputGene_1' 
INFO: [HLS 200-10] ----------------------------------------------------------------
INFO: [SYN 201-210] Renamed object name 'ConvolutionInputGene_1_inputBuf_0_V' to 'ConvolutionInputGbkb' due to the length limit 20
INFO: [SYN 201-210] Renamed object name 'ConvolutionInputGene_1_inputBuf_1_V' to 'ConvolutionInputGcud' due to the length limit 20
INFO: [SYN 201-210] Renamed object name 'ConvolutionInputGene_1_inputBuf_2_V' to 'ConvolutionInputGdEe' due to the length limit 20
INFO: [SYN 201-210] Renamed object name 'ConvolutionInputGene_1_inputBuf_3_V' to 'ConvolutionInputGeOg' due to the length limit 20
INFO: [SYN 201-210] Renamed object name 'ConvolutionInputGenerator_3_mux_42_32_1_1' to 'ConvolutionInputGfYi' due to the length limit 20
INFO: [RTGEN 206-100] Generating core module 'ConvolutionInputGfYi': 1 instance(s).
INFO: [RTGEN 206-100] Finished creating RTL model for 'ConvolutionInputGene_1'.
INFO: [HLS 200-111]  Elapsed time: 0.23 seconds; current allocated memory: 164.146 MB.
INFO: [HLS 200-10] ----------------------------------------------------------------
INFO: [HLS 200-10] -- Generating RTL for module 'ConvolutionInputGenerator_3' 
INFO: [HLS 200-10] ----------------------------------------------------------------
INFO: [RTGEN 206-500] Setting interface mode on port 'ConvolutionInputGenerator_3/in0_V_V' to 'axis' (register, both mode).
INFO: [RTGEN 206-500] Setting interface mode on port 'ConvolutionInputGenerator_3/out_V_V' to 'axis' (register, both mode).
INFO: [RTGEN 206-500] Setting interface mode on function 'ConvolutionInputGenerator_3' to 'ap_ctrl_none'.
INFO: [RTGEN 206-100] Finished creating RTL model for 'ConvolutionInputGenerator_3'.
INFO: [HLS 200-111]  Elapsed time: 0.6 seconds; current allocated memory: 167.318 MB.
INFO: [HLS 200-790] **** Loop Constraint Status: All loop constraints were satisfied.
INFO: [HLS 200-789] **** Estimated Fmax: 124.15 MHz
INFO: [RTMG 210-278] Implementing memory 'ConvolutionInputGenerator_3_ConvolutionInputGbkb_ram (RAM_S2P_LUTRAM)' using distributed RAMs.
INFO: [HLS 200-111] Finished generating all RTL models Time (s): cpu = 00:00:35 ; elapsed = 00:00:37 . Memory (MB): peak = 1661.020 ; gain = 1227.777 ; free physical = 3187 ; free virtual = 42166
INFO: [VHDL 208-304] Generating VHDL RTL for ConvolutionInputGenerator_3 with prefix ConvolutionInputGenerator_3_.
INFO: [VLOG 209-307] Generating Verilog RTL for ConvolutionInputGenerator_3 with prefix ConvolutionInputGenerator_3_.
INFO: [IMPL 213-8] Exporting RTL as a Vivado IP.

****** Vivado v2020.1.1 (64-bit)
  **** SW Build 2960000 on Wed Aug  5 22:57:21 MDT 2020
  **** IP Build 2956692 on Thu Aug  6 01:41:30 MDT 2020
    ** Copyright 1986-2020 Xilinx, Inc. All Rights Reserved.

source run_ippack.tcl -notrace
INFO: [IP_Flow 19-234] Refreshing IP repositories
INFO: [IP_Flow 19-1704] No user IP repositories specified
INFO: [IP_Flow 19-2313] Loaded Vivado IP repository '/tools/Xilinx/Vivado/2020.1/data/ip'.
INFO: [Common 17-206] Exiting Vivado at Sat Jan 30 15:27:41 2021...
INFO: [HLS 200-112] Total elapsed time: 62.58 seconds; peak allocated memory: 167.318 MB.
INFO: [Common 17-206] Exiting vivado_hls at Sat Jan 30 15:27:44 2021...
