

================================================================
== Vivado HLS Report for 'StreamingDataWidthCo_1'
================================================================
* Date:           Sat Jan 30 15:32:36 2021

* Version:        2020.1.1 (Build 2951007 on Wed Aug 05 23:24:06 MDT 2020)
* Project:        project_StreamingDataWidthConverter_Batch_4
* Solution:       sol1
* Product family: zynq
* Target device:  xc7z020-clg400-1


================================================================
== Performance Estimates
================================================================
+ Timing: 
    * Summary: 
    +--------+----------+----------+------------+
    |  Clock |  Target  | Estimated| Uncertainty|
    +--------+----------+----------+------------+
    |ap_clk  | 10.00 ns | 5.025 ns |   1.25 ns  |
    +--------+----------+----------+------------+

+ Latency: 
    * Summary: 
    +---------+---------+----------+----------+-------+-------+---------+
    |  Latency (cycles) |  Latency (absolute) |    Interval   | Pipeline|
    |   min   |   max   |    min   |    max   |  min  |  max  |   Type  |
    +---------+---------+----------+----------+-------+-------+---------+
    |    14402|    14402| 0.144 ms | 0.144 ms |  14402|  14402|   none  |
    +---------+---------+----------+----------+-------+-------+---------+

    + Detail: 
        * Instance: 
        N/A

        * Loop: 
        +----------+---------+---------+----------+-----------+-----------+-------+----------+
        |          |  Latency (cycles) | Iteration|  Initiation Interval  |  Trip |          |
        | Loop Name|   min   |   max   |  Latency |  achieved |   target  | Count | Pipelined|
        +----------+---------+---------+----------+-----------+-----------+-------+----------+
        |- Loop 1  |    14400|    14400|         2|          1|          1|  14400|    yes   |
        +----------+---------+---------+----------+-----------+-----------+-------+----------+



================================================================
== Utilization Estimates
================================================================
* Summary: 
+-----------------+---------+-------+--------+-------+-----+
|       Name      | BRAM_18K| DSP48E|   FF   |  LUT  | URAM|
+-----------------+---------+-------+--------+-------+-----+
|DSP              |        -|      -|       -|      -|    -|
|Expression       |        -|      -|       0|    101|    -|
|FIFO             |        -|      -|       -|      -|    -|
|Instance         |        -|      -|       -|      -|    -|
|Memory           |        -|      -|       -|      -|    -|
|Multiplexer      |        -|      -|       -|     90|    -|
|Register         |        -|      -|     117|      -|    -|
+-----------------+---------+-------+--------+-------+-----+
|Total            |        0|      0|     117|    191|    0|
+-----------------+---------+-------+--------+-------+-----+
|Available        |      280|    220|  106400|  53200|    0|
+-----------------+---------+-------+--------+-------+-----+
|Utilization (%)  |        0|      0|   ~0   |   ~0  |    0|
+-----------------+---------+-------+--------+-------+-----+

+ Detail: 
    * Instance: 
    N/A

    * DSP48E: 
    N/A

    * Memory: 
    N/A

    * FIFO: 
    N/A

    * Expression: 
    +----------------------------------+----------+-------+---+----+------------+------------+
    |           Variable Name          | Operation| DSP48E| FF| LUT| Bitwidth P0| Bitwidth P1|
    +----------------------------------+----------+-------+---+----+------------+------------+
    |i_fu_111_p2                       |     +    |      0|  0|  39|          32|           1|
    |t_fu_94_p2                        |     +    |      0|  0|  19|          14|           1|
    |ap_block_pp0_stage0_01001         |    and   |      0|  0|   2|           1|           1|
    |ap_block_state2_pp0_stage0_iter0  |    and   |      0|  0|   2|           1|           1|
    |ap_block_state3_io                |    and   |      0|  0|   2|           1|           1|
    |icmp_ln402_fu_88_p2               |   icmp   |      0|  0|  13|          14|          12|
    |icmp_ln411_fu_117_p2              |   icmp   |      0|  0|  18|          32|           2|
    |ap_block_pp0_stage0_11001         |    or    |      0|  0|   2|           1|           1|
    |ap_enable_pp0                     |    xor   |      0|  0|   2|           1|           2|
    |ap_enable_reg_pp0_iter1           |    xor   |      0|  0|   2|           2|           1|
    +----------------------------------+----------+-------+---+----+------------+------------+
    |Total                             |          |      0|  0| 101|          99|          23|
    +----------------------------------+----------+-------+---+----+------------+------------+

    * Multiplexer: 
    +-----------------------------+----+-----------+-----+-----------+
    |             Name            | LUT| Input Size| Bits| Total Bits|
    +-----------------------------+----+-----------+-----+-----------+
    |ap_NS_fsm                    |  21|          4|    1|          4|
    |ap_enable_reg_pp0_iter1      |  15|          3|    1|          3|
    |ap_phi_mux_r_V_phi_fu_65_p4  |   9|          2|   16|         32|
    |i_1_fu_44                    |   9|          2|   32|         64|
    |in_V_V_TDATA_blk_n           |   9|          2|    1|          2|
    |out_V_V_TDATA_blk_n          |   9|          2|    1|          2|
    |r_V_reg_61                   |   9|          2|   16|         32|
    |t_0_reg_72                   |   9|          2|   14|         28|
    +-----------------------------+----+-----------+-----+-----------+
    |Total                        |  90|         19|   82|        167|
    +-----------------------------+----+-----------+-----+-----------+

    * Register: 
    +-------------------------+----+----+-----+-----------+
    |           Name          | FF | LUT| Bits| Const Bits|
    +-------------------------+----+----+-----+-----------+
    |ap_CS_fsm                |   3|   0|    3|          0|
    |ap_enable_reg_pp0_iter0  |   1|   0|    1|          0|
    |ap_enable_reg_pp0_iter1  |   1|   0|    1|          0|
    |i_1_fu_44                |  32|   0|   32|          0|
    |icmp_ln402_reg_135       |   1|   0|    1|          0|
    |icmp_ln411_reg_154       |   1|   0|    1|          0|
    |p_Result_s_reg_149       |  32|   0|   32|          0|
    |r_V_reg_61               |  16|   0|   16|          0|
    |t_0_reg_72               |  14|   0|   14|          0|
    |tmp_V_reg_144            |  16|   0|   16|          0|
    +-------------------------+----+----+-----+-----------+
    |Total                    | 117|   0|  117|          0|
    +-------------------------+----+----+-----+-----------+



================================================================
== Interface
================================================================
* Summary: 
+----------------+-----+-----+------------+------------------------+--------------+
|    RTL Ports   | Dir | Bits|  Protocol  |      Source Object     |    C Type    |
+----------------+-----+-----+------------+------------------------+--------------+
|ap_clk          |  in |    1| ap_ctrl_hs | StreamingDataWidthCo.1 | return value |
|ap_rst          |  in |    1| ap_ctrl_hs | StreamingDataWidthCo.1 | return value |
|ap_start        |  in |    1| ap_ctrl_hs | StreamingDataWidthCo.1 | return value |
|ap_done         | out |    1| ap_ctrl_hs | StreamingDataWidthCo.1 | return value |
|ap_idle         | out |    1| ap_ctrl_hs | StreamingDataWidthCo.1 | return value |
|ap_ready        | out |    1| ap_ctrl_hs | StreamingDataWidthCo.1 | return value |
|in_V_V_TDATA    |  in |   16|    axis    |         in_V_V         |    pointer   |
|in_V_V_TVALID   |  in |    1|    axis    |         in_V_V         |    pointer   |
|in_V_V_TREADY   | out |    1|    axis    |         in_V_V         |    pointer   |
|out_V_V_TDATA   | out |   32|    axis    |         out_V_V        |    pointer   |
|out_V_V_TVALID  | out |    1|    axis    |         out_V_V        |    pointer   |
|out_V_V_TREADY  |  in |    1|    axis    |         out_V_V        |    pointer   |
+----------------+-----+-----+------------+------------------------+--------------+

