==============================================================
Vivado(TM) HLS - High-Level Synthesis from C, C++ and SystemC v2020.1.1 (64-bit)
Copyright 1986-2020 Xilinx, Inc. All Rights Reserved.
==============================================================
INFO: [HLS 200-10] Setting target device to 'xc7z020-clg400-1'
WARNING: [XFORM 203-506] Disable code size check when do loop unroll.
WARNING: [ANALYSIS 214-1] Skip long-run-time warning caused by lots of load/store instructions.
WARNING: [HLS 200-483] The 'config_rtl -auto_prefix' command is deprecated and will be removed in a future release. Use 'config_rtl -module_auto_prefix' as its replacement.
INFO: [SYN 201-201] Setting up clock 'default' with a period of 10ns.
INFO: [SCHED 204-61] Option 'relax_ii_for_timing' is enabled, will increase II to preserve clock frequency constraints.
INFO: [HLS 200-10] Analyzing design file '/home/grgov/Diplomski_rad/finn_modified_docker_output_dir/code_gen_ipgen_StreamingDataflowPartition_3_IODMA_0_bmbfu00o/top_StreamingDataflowPartition_3_IODMA_0.cpp' ... 
WARNING: [HLS 214-113] Either use an argument of the function or declare the variable inside the dataflow loop body: /home/grgov/Diplomski_rad/finn_modified_docker_output_dir/code_gen_ipgen_StreamingDataflowPartition_3_IODMA_0_bmbfu00o/top_StreamingDataflowPartition_3_IODMA_0.cpp:25:24
WARNING: [HLS 200-471] Dataflow form checks found 1 issue(s) in file /home/grgov/Diplomski_rad/finn_modified_docker_output_dir/code_gen_ipgen_StreamingDataflowPartition_3_IODMA_0_bmbfu00o/top_StreamingDataflowPartition_3_IODMA_0.cpp
INFO: [HLS 200-111] Finished Linking Time (s): cpu = 00:00:20 ; elapsed = 00:00:23 . Memory (MB): peak = 1661.020 ; gain = 1227.777 ; free physical = 8375 ; free virtual = 43600
INFO: [HLS 200-111] Finished Checking Pragmas Time (s): cpu = 00:00:20 ; elapsed = 00:00:23 . Memory (MB): peak = 1661.020 ; gain = 1227.777 ; free physical = 8375 ; free virtual = 43600
INFO: [HLS 200-10] Starting code transformations ...
INFO: [XFORM 203-603] Inlining function 'WidthAdjustedInputStream<8u, 8u, 1u>::operator hls::stream<ap_uint<8>, 0>&' into 'StreamingDataflowPartition_3_IODMA_0' (/home/grgov/Diplomski_rad/finn_modified_docker_output_dir/code_gen_ipgen_StreamingDataflowPartition_3_IODMA_0_bmbfu00o/top_StreamingDataflowPartition_3_IODMA_0.cpp:25).
INFO: [XFORM 203-603] Inlining function 'WidthAdjustedInputStream<8u, 8u, 1u>::operator hls::stream<ap_uint<8>, 0>&' into 'StreamingDataflowPartition_3_IODMA_0' (/home/grgov/Diplomski_rad/finn_modified_docker_output_dir/code_gen_ipgen_StreamingDataflowPartition_3_IODMA_0_bmbfu00o/top_StreamingDataflowPartition_3_IODMA_0.cpp:24).
INFO: [HLS 200-111] Finished Standard Transforms Time (s): cpu = 00:00:22 ; elapsed = 00:00:24 . Memory (MB): peak = 1661.020 ; gain = 1227.777 ; free physical = 8374 ; free virtual = 43594
INFO: [HLS 200-10] Checking synthesizability ...
INFO: [HLS 200-111] Finished Checking Synthesizability Time (s): cpu = 00:00:22 ; elapsed = 00:00:24 . Memory (MB): peak = 1661.020 ; gain = 1227.777 ; free physical = 8370 ; free virtual = 43591
INFO: [XFORM 203-712] Applying dataflow to function 'StreamingDataflowPartition_3_IODMA_0', detected/extracted 1 process function(s): 
	 'Stream2Mem_Batch<8u, 1u>'.
INFO: [HLS 200-111] Finished Pre-synthesis Time (s): cpu = 00:00:22 ; elapsed = 00:00:25 . Memory (MB): peak = 1661.020 ; gain = 1227.777 ; free physical = 8347 ; free virtual = 43569
WARNING: [XFORM 203-631] Renaming function 'Stream2Mem_Batch<8u, 1u>' to 'Stream2Mem_Batch' (/workspace/finn-hlslib/dma.h:187:7)
INFO: [HLS 200-444] Inferring multiple bus burst write of a total cumulative length 16 on port 'out.V' (/workspace/finn-hlslib/dma.h:156:2). These data requests might be further partitioned to multiple requests during RTL generation, based on max_read_burst_length or max_write_burst_length settings.
INFO: [HLS 200-111] Finished Architecture Synthesis Time (s): cpu = 00:00:22 ; elapsed = 00:00:25 . Memory (MB): peak = 1661.020 ; gain = 1227.777 ; free physical = 8332 ; free virtual = 43543
INFO: [HLS 200-10] Starting hardware synthesis ...
INFO: [HLS 200-10] Synthesizing 'StreamingDataflowPartition_3_IODMA_0' ...
WARNING: [SYN 201-103] Legalizing function name 'Stream2Mem<8u, 1u>' to 'Stream2Mem_8u_1u_s'.
WARNING: [SYN 201-103] Legalizing function name 'Stream2Mem<8u, 16u>' to 'Stream2Mem_8u_16u_s'.
INFO: [HLS 200-10] ----------------------------------------------------------------
INFO: [HLS 200-42] -- Implementing module 'Stream2Mem_8u_1u_s' 
INFO: [HLS 200-10] ----------------------------------------------------------------
INFO: [SCHED 204-11] Starting scheduling ...
INFO: [SCHED 204-61] Pipelining function 'Stream2Mem<8u, 1u>'.
INFO: [SCHED 204-61] Pipelining result : Target II = 1, Final II = 1, Depth = 8.
INFO: [SCHED 204-11] Finished scheduling.
INFO: [HLS 200-111]  Elapsed time: 24.8 seconds; current allocated memory: 180.109 MB.
INFO: [BIND 205-100] Starting micro-architecture generation ...
INFO: [BIND 205-101] Performing variable lifetime analysis.
INFO: [BIND 205-101] Exploring resource sharing.
INFO: [BIND 205-101] Binding ...
INFO: [BIND 205-100] Finished micro-architecture generation.
INFO: [HLS 200-111]  Elapsed time: 0.08 seconds; current allocated memory: 180.256 MB.
INFO: [HLS 200-10] ----------------------------------------------------------------
INFO: [HLS 200-42] -- Implementing module 'Stream2Mem_8u_16u_s' 
INFO: [HLS 200-10] ----------------------------------------------------------------
INFO: [SCHED 204-11] Starting scheduling ...
INFO: [SCHED 204-61] Pipelining loop 'Loop 1'.
INFO: [SCHED 204-61] Pipelining result : Target II = 1, Final II = 1, Depth = 2.
INFO: [SCHED 204-11] Finished scheduling.
INFO: [HLS 200-111]  Elapsed time: 0.03 seconds; current allocated memory: 180.360 MB.
INFO: [BIND 205-100] Starting micro-architecture generation ...
INFO: [BIND 205-101] Performing variable lifetime analysis.
INFO: [BIND 205-101] Exploring resource sharing.
INFO: [BIND 205-101] Binding ...
INFO: [BIND 205-100] Finished micro-architecture generation.
INFO: [HLS 200-111]  Elapsed time: 0.03 seconds; current allocated memory: 180.490 MB.
INFO: [HLS 200-10] ----------------------------------------------------------------
INFO: [HLS 200-42] -- Implementing module 'Stream2Mem_Batch' 
INFO: [HLS 200-10] ----------------------------------------------------------------
INFO: [SCHED 204-11] Starting scheduling ...
INFO: [SCHED 204-11] Finished scheduling.
INFO: [HLS 200-111]  Elapsed time: 0.02 seconds; current allocated memory: 180.590 MB.
INFO: [BIND 205-100] Starting micro-architecture generation ...
INFO: [BIND 205-101] Performing variable lifetime analysis.
INFO: [BIND 205-101] Exploring resource sharing.
INFO: [BIND 205-101] Binding ...
INFO: [BIND 205-100] Finished micro-architecture generation.
INFO: [HLS 200-111]  Elapsed time: 0.02 seconds; current allocated memory: 180.735 MB.
INFO: [HLS 200-10] ----------------------------------------------------------------
INFO: [HLS 200-42] -- Implementing module 'StreamingDataflowPartition_3_IODMA_0' 
INFO: [HLS 200-10] ----------------------------------------------------------------
INFO: [SCHED 204-11] Starting scheduling ...
INFO: [SCHED 204-11] Finished scheduling.
INFO: [HLS 200-111]  Elapsed time: 0.03 seconds; current allocated memory: 180.785 MB.
INFO: [BIND 205-100] Starting micro-architecture generation ...
INFO: [BIND 205-101] Performing variable lifetime analysis.
INFO: [BIND 205-101] Exploring resource sharing.
INFO: [BIND 205-101] Binding ...
INFO: [BIND 205-100] Finished micro-architecture generation.
INFO: [HLS 200-111]  Elapsed time: 0.01 seconds; current allocated memory: 180.882 MB.
INFO: [HLS 200-10] ----------------------------------------------------------------
INFO: [HLS 200-10] -- Generating RTL for module 'Stream2Mem_8u_1u_s' 
INFO: [HLS 200-10] ----------------------------------------------------------------
INFO: [RTGEN 206-100] Finished creating RTL model for 'Stream2Mem_8u_1u_s'.
INFO: [HLS 200-111]  Elapsed time: 0.03 seconds; current allocated memory: 181.267 MB.
INFO: [HLS 200-10] ----------------------------------------------------------------
INFO: [HLS 200-10] -- Generating RTL for module 'Stream2Mem_8u_16u_s' 
INFO: [HLS 200-10] ----------------------------------------------------------------
INFO: [RTGEN 206-100] Finished creating RTL model for 'Stream2Mem_8u_16u_s'.
INFO: [HLS 200-111]