

================================================================
== Vivado HLS Report for 'ConvolutionInputGene_1'
================================================================
* Date:           Sat Jan 30 15:29:04 2021

* Version:        2020.1.1 (Build 2951007 on Wed Aug 05 23:24:06 MDT 2020)
* Project:        project_ConvolutionInputGenerator_2
* Solution:       sol1
* Product family: zynq
* Target device:  xc7z020-clg400-1


================================================================
== Performance Estimates
================================================================
+ Timing: 
    * Summary: 
    +--------+----------+----------+------------+
    |  Clock |  Target  | Estimated| Uncertainty|
    +--------+----------+----------+------------+
    |ap_clk  | 10.00 ns | 8.028 ns |   1.25 ns  |
    +--------+----------+----------+------------+

+ Latency: 
    * Summary: 
    +---------+---------+-----------+-----------+------+------+---------+
    |  Latency (cycles) |   Latency (absolute)  |   Interval  | Pipeline|
    |   min   |   max   |    min    |    max    |  min |  max |   Type  |
    +---------+---------+-----------+-----------+------+------+---------+
    |     8198|     8198| 81.980 us | 81.980 us |  8198|  8198|   none  |
    +---------+---------+-----------+-----------+------+------+---------+

    + Detail: 
        * Instance: 
        N/A

        * Loop: 
        +----------+---------+---------+----------+-----------+-----------+------+----------+
        |          |  Latency (cycles) | Iteration|  Initiation Interval  | Trip |          |
        | Loop Name|   min   |   max   |  Latency |  achieved |   target  | Count| Pipelined|
        +----------+---------+---------+----------+-----------+-----------+------+----------+
        |- Loop 1  |     8196|     8196|         2|          1|          1|  8196|    yes   |
        +----------+---------+---------+----------+-----------+-----------+------+----------+



================================================================
== Utilization Estimates
================================================================
* Summary: 
+-----------------+---------+-------+--------+-------+-----+
|       Name      | BRAM_18K| DSP48E|   FF   |  LUT  | URAM|
+-----------------+---------+-------+--------+-------+-----+
|DSP              |        -|      -|       -|      -|    -|
|Expression       |        -|      -|       0|   1020|    -|
|FIFO             |        -|      -|       -|      -|    -|
|Instance         |        -|      -|       0|     21|    -|
|Memory           |        -|      -|     192|     48|    -|
|Multiplexer      |        -|      -|       -|    237|    -|
|Register         |        -|      -|     343|      -|    -|
+-----------------+---------+-------+--------+-------+-----+
|Total            |        0|      0|     535|   1326|    0|
+-----------------+---------+-------+--------+-------+-----+
|Available        |      280|    220|  106400|  53200|    0|
+-----------------+---------+-------+--------+-------+-----+
|Utilization (%)  |        0|      0|   ~0   |      2|    0|
+-----------------+---------+-------+--------+-------+-----+

+ Detail: 
    * Instance: 
    +-------------------------+----------------------+---------+-------+---+----+-----+
    |         Instance        |        Module        | BRAM_18K| DSP48E| FF| LUT| URAM|
    +-------------------------+----------------------+---------+-------+---+----+-----+
    |ConvolutionInputGfYi_U1  |ConvolutionInputGfYi  |        0|      0|  0|  21|    0|
    +-------------------------+----------------------+---------+-------+---+----+-----+
    |Total                    |                      |        0|      0|  0|  21|    0|
    +-------------------------+----------------------+---------+-------+---+----+-----+

    * DSP48E: 
    N/A

    * Memory: 
    +----------------+----------------------+---------+----+----+-----+------+-----+------+-------------+
    |     Memory     |        Module        | BRAM_18K| FF | LUT| URAM| Words| Bits| Banks| W*Bits*Banks|
    +----------------+----------------------+---------+----+----+-----+------+-----+------+-------------+
    |inputBuf_0_V_U  |ConvolutionInputGbkb  |        0|  48|  12|    0|    32|   24|     1|          768|
    |inputBuf_1_V_U  |ConvolutionInputGbkb  |        0|  48|  12|    0|    32|   24|     1|          768|
    |inputBuf_2_V_U  |ConvolutionInputGbkb  |        0|  48|  12|    0|    32|   24|     1|          768|
    |inputBuf_3_V_U  |ConvolutionInputGbkb  |        0|  48|  12|    0|    32|   24|     1|          768|
    +----------------+----------------------+---------+----+----+-----+------+-----+------+-------------+
    |Total           |                      |        0| 192|  48|    0|   128|   96|     4|         3072|
    +----------------+----------------------+---------+----+----+-----+------+-----+------+-------------+

    * FIFO: 
    N/A

    * Expression: 
    +-----------------------------------+----------+-------+---+----+------------+------------+
    |           Variable Name           | Operation| DSP48E| FF| LUT| Bitwidth P0| Bitwidth P1|
    +-----------------------------------+----------+-------+---+----+------------+------------+
    |add_ln197_fu_378_p2                |     +    |      0|  0|  19|          14|           1|
    |add_ln204_fu_728_p2                |     +    |      0|  0|  39|          32|           1|
    |add_ln207_fu_744_p2                |     +    |      0|  0|  39|          32|           1|
    |add_ln211_fu_764_p2                |     +    |      0|  0|  39|          32|           1|
    |add_ln216_fu_425_p2                |     +    |      0|  0|  39|           1|          32|
    |add_ln220_1_fu_441_p2              |     +    |      0|  0|   2|          32|          32|
    |add_ln220_fu_435_p2                |     +    |      0|  0|   2|          32|          32|
    |add_ln221_1_fu_455_p2              |     +    |      0|  0|   2|           1|           2|
    |add_ln221_fu_461_p2                |     +    |      0|  0|   2|           2|           2|
    |add_ln223_fu_467_p2                |     +    |      0|  0|  39|           1|          32|
    |add_ln226_fu_484_p2                |     +    |      0|  0|  39|          32|           1|
    |add_ln232_fu_515_p2                |     +    |      0|  0|  39|          32|           1|
    |add_ln235_fu_535_p2                |     +    |      0|  0|  39|          32|           1|
    |add_ln256_1_fu_619_p2              |     +    |      0|  0|  15|           6|           1|
    |add_ln256_fu_625_p2                |     +    |      0|  0|  39|          32|           1|
    |add_ln263_fu_691_p2                |     +    |      0|  0|  39|          32|           1|
    |grp_fu_334_p2                      |     +    |      0|  0|  39|          32|           1|
    |and_ln245_fu_598_p2                |    and   |      0|  0|   2|           1|           1|
    |ap_block_pp0                       |    and   |      0|  0|   2|           1|           1|
    |ap_block_pp0_stage0_01001          |    and   |      0|  0|   2|           1|           1|
    |ap_block_state3_io                 |    and   |      0|  0|   2|           1|           1|
    |ap_condition_230                   |    and   |      0|  0|   2|           1|           1|
    |ap_condition_654                   |    and   |      0|  0|   2|           1|           1|
    |ap_condition_660                   |    and   |      0|  0|   2|           1|           1|
    |ap_condition_664                   |    and   |      0|  0|   2|           1|           1|
    |ap_condition_668                   |    and   |      0|  0|   2|           1|           1|
    |ap_enable_state2_pp0_iter0_stage0  |    and   |      0|  0|   2|           1|           1|
    |ap_enable_state3_pp0_iter1_stage0  |    and   |      0|  0|   2|           1|           1|
    |ap_predicate_op117_read_state2     |    and   |      0|  0|   2|           1|           1|
    |ap_predicate_op125_store_state2    |    and   |      0|  0|   2|           1|           1|
    |ap_predicate_op127_store_state2    |    and   |      0|  0|   2|           1|           1|
    |ap_predicate_op129_store_state2    |    and   |      0|  0|   2|           1|           1|
    |ap_predicate_op131_store_state2    |    and   |      0|  0|   2|           1|           1|
    |ap_predicate_op160_read_state2     |    and   |      0|  0|   2|           1|           1|
    |ap_predicate_op168_store_state2    |    and   |      0|  0|   2|           1|           1|
    |ap_predicate_op170_store_state2    |    and   |      0|  0|   2|           1|           1|
    |ap_predicate_op172_store_state2    |    and   |      0|  0|   2|           1|           1|
    |ap_predicate_op174_store_state2    |    and   |      0|  0|   2|           1|           1|
    |ap_predicate_op198_load_state3     |    and   |      0|  0|   2|           1|           1|
    |ap_predicate_op62_load_state2      |    and   |      0|  0|   2|           1|           1|
    |icmp_ln197_fu_372_p2               |   icmp   |      0|  0|  13|          14|          14|
    |icmp_ln199_fu_394_p2               |   icmp   |      0|  0|  18|          32|           7|
    |icmp_ln205_fu_346_p2               |   icmp   |      0|  0|  18|          32|           6|
    |icmp_ln208_fu_750_p2               |   icmp   |      0|  0|  18|          32|           3|
    |icmp_ln215_fu_403_p2               |   icmp   |      0|  0|  18|          32|           9|
    |icmp_ln224_fu_473_p2               |   icmp   |      0|  0|  18|          32|           1|
    |icmp_ln227_fu_490_p2               |   icmp   |      0|  0|  18|          32|           2|
    |icmp_ln230_fu_501_p2               |   icmp   |      0|  0|  18|          32|           2|
    |icmp_ln233_fu_521_p2               |   icmp   |      0|  0|  18|          32|           5|
    |icmp_ln236_fu_541_p2               |   icmp   |      0|  0|  18|          32|           5|
    |icmp_ln245_1_fu_592_p2             |   icmp   |      0|  0|  18|          27|           1|
    |icmp_ln245_fu_576_p2               |   icmp   |      0|  0|  18|          32|           5|
    |icmp_ln252_fu_340_p2               |   icmp   |      0|  0|  18|          32|           6|
    |icmp_ln257_fu_631_p2               |   icmp   |      0|  0|  18|          32|           3|
    |icmp_ln264_fu_697_p2               |   icmp   |      0|  0|  18|          32|           9|
    |ap_block_pp0_stage0_11001          |    or    |      0|  0|   2|           1|           1|
    |ap_block_state2_pp0_stage0_iter0   |    or    |      0|  0|   2|           1|           1|
    |select_ln208_fu_756_p3             |  select  |      0|  0|  32|           1|           1|
    |select_ln236_1_fu_555_p3           |  select  |      0|  0|  32|           1|           1|
    |select_ln236_fu_547_p3             |  select  |      0|  0|  32|           1|           1|
    |select_ln252_1_fu_653_p3           |  select  |      0|  0|  32|           1|           1|
    |select_ln252_2_fu_661_p3           |  select  |      0|  0|   6|           1|           6|
    |select_ln252_fu_645_p3             |  select  |      0|  0|  32|           1|          32|
    |select_ln257_fu_637_p3             |  select  |      0|  0|  32|           1|           1|
    |select_ln264_fu_703_p3             |  select  |      0|  0|  32|           1|           1|
    |ap_enable_pp0                      |    xor   |      0|  0|   2|           1|           2|
    |ap_enable_reg_pp0_iter1            |    xor   |      0|  0|   2|           2|           1|
    +-----------------------------------+----------+-------+---+----+------------+------------+
    |Total                              |          |      0|  0|1020|         870|         293|
    +-----------------------------------+----------+-------+---+----+------------+------------+

    * Multiplexer: 
    +------------------------------+----+-----------+-----+-----------+
    |             Name             | LUT| Input Size| Bits| Total Bits|
    +------------------------------+----+-----------+-----+-----------+
    |ap_NS_fsm                     |  21|          4|    1|          4|
    |ap_enable_reg_pp0_iter1       |  15|          3|    1|          3|
    |count_simd_1_0_fu_102         |   9|          2|   32|         64|
    |counter_internal_blo_fu_118   |   9|          2|   32|         64|
    |current_block_write_s_fu_110  |  15|          3|   32|         96|
    |current_line_1_0_fu_114       |  15|          3|   32|         96|
    |i_0_0_reg_275                 |   9|          2|   14|         28|
    |in_V_V_TDATA_blk_n            |   9|          2|    1|          2|
    |inp_15_0_fu_94                |  15|          3|   32|         96|
    |inputBuf_0_V_address1         |  15|          3|    5|         15|
    |inputBuf_1_V_address1         |  15|          3|    5|         15|
    |inputBuf_2_V_address1         |  15|          3|    5|         15|
    |inputBuf_3_V_address1         |  15|          3|    5|         15|
    |k_x_1_0_fu_98                 |   9|          2|   32|         64|
    |k_y_1_0_fu_90                 |   9|          2|   32|         64|
    |ofm_x_1_0_fu_86               |   9|          2|   32|         64|
    |ofm_y_1_0_fu_82               |   9|          2|   32|         64|
    |out_V_V_TDATA_blk_n           |   9|          2|    1|          2|
    |read_block_1_0_fu_106         |  15|          3|   32|         96|
    +------------------------------+----+-----------+-----+-----------+
    |Total                         | 237|         49|  358|        867|
    +------------------------------+----+-----------+-----+-----------+

    * Register: 
    +------------------------------+----+----+-----+-----------+
    |             Name             | FF | LUT| Bits| Const Bits|
    +------------------------------+----+----+-----+-----------+
    |add_ln221_reg_893             |   2|   0|    2|          0|
    |ap_CS_fsm                     |   3|   0|    3|          0|
    |ap_enable_reg_pp0_iter0       |   1|   0|    1|          0|
    |ap_enable_reg_pp0_iter1       |   1|   0|    1|          0|
    |count_simd_1_0_fu_102         |  32|   0|   32|          0|
    |counter_internal_blo_fu_118   |  32|   0|   32|          0|
    |current_block_write_s_fu_110  |  32|   0|   32|          0|
    |current_line_1_0_fu_114       |  32|   0|   32|          0|
    |i_0_0_reg_275                 |  14|   0|   14|          0|
    |icmp_ln199_reg_885            |   1|   0|    1|          0|
    |icmp_ln215_reg_889            |   1|   0|    1|          0|
    |inp_15_0_fu_94                |  32|   0|   32|          0|
    |k_x_1_0_fu_98                 |  32|   0|   32|          0|
    |k_y_1_0_fu_90                 |  32|   0|   32|          0|
    |ofm_x_1_0_fu_86               |  32|   0|   32|          0|
    |ofm_y_1_0_fu_82               |  32|   0|   32|          0|
    |read_block_1_0_fu_106         |  32|   0|   32|          0|
    +------------------------------+----+----+-----+-----------+
    |Total                         | 343|   0|  343|          0|
    +------------------------------+----+----+-----+-----------+



================================================================
== Interface
================================================================
* Summary: 
+----------------+-----+-----+------------+------------------------+--------------+
|    RTL Ports   | Dir | Bits|  Protocol  |      Source Object     |    C Type    |
+----------------+-----+-----+------------+------------------------+--------------+
|ap_clk          |  in |    1| ap_ctrl_hs | ConvolutionInputGene.1 | return value |
|ap_rst          |  in |    1| ap_ctrl_hs | ConvolutionInputGene.1 | return value |
|ap_start        |  in |    1| ap_ctrl_hs | ConvolutionInputGene.1 | return value |
|ap_done         | out |    1| ap_ctrl_hs | ConvolutionInputGene.1 | return value |
|ap_idle         | out |    1| ap_ctrl_hs | ConvolutionInputGene.1 | return value |
|ap_ready        | out |    1| ap_ctrl_hs | ConvolutionInputGene.1 | return value |
|in_V_V_TDATA    |  in |   24|    axis    |         in_V_V         |    pointer   |
|in_V_V_TVALID   |  in |    1|    axis    |         in_V_V         |    pointer   |
|in_V_V_TREADY   | out |    1|    axis    |         in_V_V         |    pointer   |
|out_V_V_TDATA   | out |   24|    axis    |         out_V_V        |    pointer   |
|out_V_V_TVALID  | out |    1|    axis    |         out_V_V        |    pointer   |
|out_V_V_TREADY  |  in |    1|    axis    |         out_V_V        |    pointer   |
+----------------+-----+-----+------------+------------------------+--------------+

