#-----------------------------------------------------------
# Vivado v2020.1.1 (64-bit)
# SW Build 2960000 on Wed Aug  5 22:57:21 MDT 2020
# IP Build 2956692 on Thu Aug  6 01:41:30 MDT 2020
# Start of session at: Sat Jan 30 15:34:11 2021
# Process ID: 8080
# Current directory: /workspace/Diplomski_rad/finn_modified_docker_output_dir/vivado_stitch_proj_8ultobct
# Command line: vivado -mode batch -source make_project.tcl
# Log file: /workspace/Diplomski_rad/finn_modified_docker_output_dir/vivado_stitch_proj_8ultobct/vivado.log
# Journal file: /workspace/Diplomski_rad/finn_modified_docker_output_dir/vivado_stitch_proj_8ultobct/vivado.jou
#-----------------------------------------------------------
source make_project.tcl
# create_project finn_vivado_stitch_proj /home/grgov/Diplomski_rad/finn_modified_docker_output_dir/vivado_stitch_proj_8ultobct -part xc7z020clg400-1
# set_property ip_repo_paths [list /workspace/finn/finn-rtllib/memstream /home/grgov/Diplomski_rad/finn_modified_docker_output_dir/code_gen_ipgen_StreamingFIFO_0_e2lnr5td/project_StreamingFIFO_0/sol1/impl/verilog /home/grgov/Diplomski_rad/finn_modified_docker_output_dir/code_gen_ipgen_ConvolutionInputGenerator_0_mu38feos/project_ConvolutionInputGenerator_0/sol1/impl/ip /home/grgov/Diplomski_rad/finn_modified_docker_output_dir/code_gen_ipgen_ConvolutionInputGenerator_1_pr5h6pi5/project_ConvolutionInputGenerator_1/sol1/impl/ip /home/grgov/Diplomski_rad/finn_modified_docker_output_dir/code_gen_ipgen_Thresholding_Batch_0_r03oilew/project_Thresholding_Batch_0/sol1/impl/ip /home/grgov/Diplomski_rad/finn_modified_docker_output_dir/code_gen_ipgen_StreamingFIFO_1_bg8mui40/project_StreamingFIFO_1/sol1/impl/verilog /home/grgov/Diplomski_rad/finn_modified_docker_output_dir/code_gen_ipgen_StreamingFIFO_2_vdq5aqbo/project_StreamingFIFO_2/sol1/impl/verilog /home/grgov/Diplomski_rad/finn_modified_docker_output_dir/code_gen_ipgen_StreamingFIFO_3_6qihoyuy/project_StreamingFIFO_3/sol1/impl/verilog /home/grgov/Diplomski_rad/finn_modified_docker_output_dir/code_gen_ipgen_StreamingFCLayer_Batch_0_wkar_7k5/project_StreamingFCLayer_Batch_0/sol1/impl/ip /home/grgov/Diplomski_rad/finn_modified_docker_output_dir/code_gen_ipgen_StreamingFCLayer_Batch_1_0qzig8el/project_StreamingFCLayer_Batch_1/sol1/impl/ip /home/grgov/Diplomski_rad/finn_modified_docker_output_dir/code_gen_ipgen_StreamingDataWidthConverter_Batch_0_agkg4rks/project_StreamingDataWidthConverter_Batch_0/sol1/impl/ip /home/grgov/Diplomski_rad/finn_modified_docker_output_dir/code_gen_ipgen_StreamingFIFO_4_cberv__2/project_StreamingFIFO_4/sol1/impl/verilog /home/grgov/Diplomski_rad/finn_modified_docker_output_dir/code_gen_ipgen_StreamingFIFO_5_sn8vq0uy/project_StreamingFIFO_5/sol1/impl/verilog /home/grgov/Diplomski_rad/finn_modified_docker_output_dir/code_gen_ipgen_StreamingFIFO_6__l_b4sf2/project_StreamingFIFO_6/sol1/impl/verilog /home/grgov/Diplomski_rad/finn_modified_docker_output_dir/code_gen_ipgen_StreamingDataWidthConverter_Batch_1_vjbv255x/project_StreamingDataWidthConverter_Batch_1/sol1/impl/ip /home/grgov/Diplomski_rad/finn_modified_docker_output_dir/code_gen_ipgen_StreamingDataWidthConverter_Batch_2_z4qs8z2w/project_StreamingDataWidthConverter_Batch_2/sol1/impl/ip /home/grgov/Diplomski_rad/finn_modified_docker_output_dir/code_gen_ipgen_ConvolutionInputGenerator_2_co33bz1u/project_ConvolutionInputGenerator_2/sol1/impl/ip /home/grgov/Diplomski_rad/finn_modified_docker_output_dir/code_gen_ipgen_StreamingFIFO_7__klmp5l1/project_StreamingFIFO_7/sol1/impl/verilog /home/grgov/Diplomski_rad/finn_modified_docker_output_dir/code_gen_ipgen_StreamingFIFO_8_0titor_6/project_StreamingFIFO_8/sol1/impl/verilog /home/grgov/Diplomski_rad/finn_modified_docker_output_dir/code_gen_ipgen_StreamingFIFO_9_n0n6tytj/project_StreamingFIFO_9/sol1/impl/verilog /home/grgov/Diplomski_rad/finn_modified_docker_output_dir/code_gen_ipgen_Thresholding_Batch_1_ixg745fo/project_Thresholding_Batch_1/sol1/impl/ip /home/grgov/Diplomski_rad/finn_modified_docker_output_dir/code_gen_ipgen_StreamingFCLayer_Batch_3_svfl8kgq/project_StreamingFCLayer_Batch_3/sol1/impl/ip /home/grgov/Diplomski_rad/finn_modified_docker_output_dir/code_gen_ipgen_StreamingFCLayer_Batch_2_zoujzpy3/project_StreamingFCLayer_Batch_2/sol1/impl/ip /home/grgov/Diplomski_rad/finn_modified_docker_output_dir/code_gen_ipgen_StreamingFIFO_10_p0eu_9c7/project_StreamingFIFO_10/sol1/impl/verilog /home/grgov/Diplomski_rad/finn_modified_docker_output_dir/code_gen_ipgen_StreamingFIFO_11_psm29g_r/project_StreamingFIFO_11/sol1/impl/verilog /home/grgov/Diplomski_rad/finn_modified_docker_output_dir/code_gen_ipgen_StreamingDataWidthConverter_Batch_3_hwc2o176/project_StreamingDataWidthConverter_Batch_3/sol1/impl/ip /home/grgov/Diplomski_rad/finn_modified_docker_output_dir/code_gen_ipgen_StreamingDataWidthConverter_Batch_4_2ftprr51/project_StreamingDataWidthConverter_Batch_4/sol1/impl/ip /home/grgov/Diplomski_rad/finn_modified_docker_output_dir/code_gen_ipgen_StreamingFIFO_12_09w8rysb/project_StreamingFIFO_12/sol1/impl/verilog /home/grgov/Diplomski_rad/finn_modified_docker_output_dir/code_gen_ipgen_StreamingFIFO_13_8gx0im5q/project_StreamingFIFO_13/sol1/impl/verilog /home/grgov/Diplomski_rad/finn_modified_docker_output_dir/code_gen_ipgen_StreamingFCLayer_Batch_4_r20yx0xx/project_StreamingFCLayer_Batch_4/sol1/impl/ip /home/grgov/Diplomski_rad/finn_modified_docker_output_dir/code_gen_ipgen_ConvolutionInputGenerator_3_fk4j0e65/project_ConvolutionInputGenerator_3/sol1/impl/ip /home/grgov/Diplomski_rad/finn_modified_docker_output_dir/code_gen_ipgen_StreamingFIFO_14_2w8pqxq9/project_StreamingFIFO_14/sol1/impl/verilog /home/grgov/Diplomski_rad/finn_modified_docker_output_dir/code_gen_ipgen_StreamingFIFO_15_yb_6ukei/project_StreamingFIFO_15/sol1/impl/verilog /home/grgov/Diplomski_rad/finn_modified_docker_output_dir/code_gen_ipgen_StreamingDataWidthConverter_Batch_5_5k1ks66a/project_StreamingDataWidthConverter_Batch_5/sol1/impl/ip /home/grgov/Diplomski_rad/finn_modified_docker_output_dir/code_gen_ipgen_StreamingFIFO_16_xfeo8vd1/project_StreamingFIFO_16/sol1/impl/verilog /home/grgov/Diplomski_rad/finn_modified_docker_output_dir/code_gen_ipgen_StreamingFCLayer_Batch_5_rxclvy1e/project_StreamingFCLayer_Batch_5/sol1/impl/ip /home/grgov/Diplomski_rad/finn_modified_docker_output_dir/code_gen_ipgen_StreamingFIFO_17_0xo9zovx/project_StreamingFIFO_17/sol1/impl/verilog /home/grgov/Diplomski_rad/finn_modified_docker_output_dir/code_gen_ipgen_StreamingFCLayer_Batch_6_emgw76in/project_StreamingFCLayer_Batch_6/sol1/impl/ip /home/grgov/Diplomski_rad/finn_modified_docker_output_dir/code_gen_ipgen_StreamingFIFO_18_nmk6ticz/project_StreamingFIFO_18/sol1/impl/verilog /home/grgov/Diplomski_rad/finn_modified_docker_output_dir/code_gen_ipgen_Thresholding_Batch_2_74ymc1_c/project_Thresholding_Batch_2/sol1/impl/ip /home/grgov/Diplomski_rad/finn_modified_docker_output_dir/code_gen_ipgen_LabelSelect_Batch_0_7fb3c_62/project_LabelSelect_Batch_0/sol1/impl/ip /home/grgov/Diplomski_rad/finn_modified_docker_output_dir/code_gen_ipgen_StreamingFIFO_19_mthi5fwd/project_StreamingFIFO_19/sol1/impl/verilog] [current_project]
# update_ip_catalog
INFO: [IP_Flow 19-234] Refreshing IP repositories
INFO: [IP_Flow 19-1700] Loaded user IP repository '/workspace/finn/finn-rtllib/memstream'.
INFO: [IP_Flow 19-1700] Loaded user IP repository '/home/grgov/Diplomski_rad/finn_modified_docker_output_dir/code_gen_ipgen_StreamingFIFO_0_e2lnr5td/project_StreamingFIFO_0/sol1/impl/verilog'.
INFO: [IP_Flow 19-1700] Loaded user IP repository '/home/grgov/Diplomski_rad/finn_modified_docker_output_dir/code_gen_ipgen_ConvolutionInputGenerator_0_mu38feos/project_ConvolutionInputGenerator_0/sol1/impl/ip'.
INFO: [IP_Flow 19-1700] Loaded user IP repository '/home/grgov/Diplomski_rad/finn_modified_docker_output_dir/code_gen_ipgen_ConvolutionInputGenerator_1_pr5h6pi5/project_ConvolutionInputGenerator_1/sol1/impl/ip'.
INFO: [IP_Flow 19-1700] Loaded user IP repository '/home/grgov/Diplomski_rad/finn_modified_docker_output_dir/code_gen_ipgen_Thresholding_Batch_0_r03oilew/project_Thresholding_Batch_0/sol1/impl/ip'.
INFO: [IP_Flow 19-1700] Loaded user IP repository '/home/grgov/Diplomski_rad/finn_modified_docker_output_dir/code_gen_ipgen_StreamingFIFO_1_bg8mui40/project_StreamingFIFO_1/sol1/impl/verilog'.
INFO: [IP_Flow 19-1700] Loaded user IP repository '/home/grgov/Diplomski_rad/finn_modified_docker_output_dir/code_gen_ipgen_StreamingFIFO_2_vdq5aqbo/project_StreamingFIFO_2/sol1/impl/verilog'.
INFO: [IP_Flow 19-1700] Loaded user IP repository '/home/grgov/Diplomski_rad/finn_modified_docker_output_dir/code_gen_ipgen_StreamingFIFO_3_6qihoyuy/project_StreamingFIFO_3/sol1/impl/verilog'.
INFO: [IP_Flow 19-1700] Loaded user IP repository '/home/grgov/Diplomski_rad/finn_modified_docker_output_dir/code_gen_ipgen_StreamingFCLayer_Batch_0_wkar_7k5/project_StreamingFCLayer_Batch_0/sol1/impl/ip'.
INFO: [IP_Flow 19-1700] Loaded user IP repository '/home/grgov/Diplomski_rad/finn_modified_docker_output_dir/code_gen_ipgen_StreamingFCLayer_Batch_1_0qzig8el/project_StreamingFCLayer_Batch_1/sol1/impl/ip'.
INFO: [IP_Flow 19-1700] Loaded user IP repository '/home/grgov/Diplomski_rad/finn_modified_docker_output_dir/code_gen_ipgen_StreamingDataWidthConverter_Batch_0_agkg4rks/project_StreamingDataWidthConverter_Batch_0/sol1/impl/ip'.
INFO: [IP_Flow 19-1700] Loaded user IP repository '/home/grgov/Diplomski_rad/finn_modified_docker_output_dir/code_gen_ipgen_StreamingFIFO_4_cberv__2/project_StreamingFIFO_4/sol1/impl/verilog'.
INFO: [IP_Flow 19-1700] Loaded user IP repository '/home/grgov/Diplomski_rad/finn_modified_docker_output_dir/code_gen_ipgen_StreamingFIFO_5_sn8vq0uy/project_StreamingFIFO_5/sol1/impl/verilog'.
INFO: [IP_Flow 19-1700] Loaded user IP repository '/home/grgov/Diplomski_rad/finn_modified_docker_output_dir/code_gen_ipgen_StreamingFIFO_6__l_b4sf2/project_StreamingFIFO_6/sol1/impl/verilog'.
INFO: [IP_Flow 19-1700] Loaded user IP repository '/home/grgov/Diplomski_rad/finn_modified_docker_output_dir/code_gen_ipgen_StreamingDataWidthConverter_Batch_1_vjbv255x/project_StreamingDataWidthConverter_Batch_1/sol1/impl/ip'.
INFO: [IP_Flow 19-1700] Loaded user IP repository '/home/grgov/Diplomski_rad/finn_modified_docker_output_dir/code_gen_ipgen_StreamingDataWidthConverter_Batch_2_z4qs8z2w/project_StreamingDataWidthConverter_Batch_2/sol1/impl/ip'.
INFO: [IP_Flow 19-1700] Loaded user IP repository '/home/grgov/Diplomski_rad/finn_modified_docker_output_dir/code_gen_ipgen_ConvolutionInputGenerator_2_co33bz1u/project_ConvolutionInputGenerator_2/sol1/impl/ip'.
INFO: [IP_Flow 19-1700] Loaded user IP repository '/home/grgov/Diplomski_rad/finn_modified_docker_output_dir/code_gen_ipgen_StreamingFIFO_7__klmp5l1/project_StreamingFIFO_7/sol1/impl/verilog'.
INFO: [IP_Flow 19-1700] Loaded user IP repository '/home/grgov/Diplomski_rad/finn_modified_docker_output_dir/code_gen_ipgen_StreamingFIFO_8_0titor_6/project_StreamingFIFO_8/sol1/impl/verilog'.
INFO: [IP_Flow 19-1700] Loaded user IP repository '/home/grgov/Diplomski_rad/finn_modified_docker_output_dir/code_gen_ipgen_StreamingFIFO_9_n0n6tytj/project_StreamingFIFO_9/sol1/impl/verilog'.
INFO: [IP_Flow 19-1700] Loaded user IP repository '/home/grgov/Diplomski_rad/finn_modified_docker_output_dir/code_gen_ipgen_Thresholding_Batch_1_ixg745fo/project_Thresholding_Batch_1/sol1/impl/ip'.
INFO: [IP_Flow 19-1700] Loaded user IP repository '/home/grgov/Diplomski_rad/finn_modified_docker_output_dir/code_gen_ipgen_StreamingFCLayer_Batch_3_svfl8kgq/project_StreamingFCLayer_Batch_3/sol1/impl/ip'.
INFO: [IP_Flow 19-1700] Loaded user IP repository '/home/grgov/Diplomski_rad/finn_modified_docker_output_dir/code_gen_ipgen_StreamingFCLayer_Batch_2_zoujzpy3/project_StreamingFCLayer_Batch_2/sol1/impl/ip'.
INFO: [IP_Flow 19-1700] Loaded user IP repository '/home/grgov/Diplomski_rad/finn_modified_docker_output_dir/code_gen_ipgen_StreamingFIFO_10_p0eu_9c7/project_StreamingFIFO_10/sol1/impl/verilog'.
INFO: [IP_Flow 19-1700] Loaded user IP repository '/home/grgov/Diplomski_rad/finn_modified_docker_output_dir/code_gen_ipgen_StreamingFIFO_11_psm29g_r/project_StreamingFIFO_11/sol1/impl/verilog'.
INFO: [IP_Flow 19-1700] Loaded user IP repository '/home/grgov/Diplomski_rad/finn_modified_docker_output_dir/code_gen_ipgen_StreamingDataWidthConverter_Batch_3_hwc2o176/project_StreamingDataWidthConverter_Batch_3/sol1/impl/ip'.
INFO: [IP_Flow 19-1700] Loaded user IP repository '/home/grgov/Diplomski_rad/finn_modified_docker_output_dir/code_gen_ipgen_StreamingDataWidthConverter_Batch_4_2ftprr51/project_StreamingDataWidthConverter_Batch_4/sol1/impl/ip'.
INFO: [IP_Flow 19-1700] Loaded user IP repository '/home/grgov/Diplomski_rad/finn_modified_docker_output_dir/code_gen_ipgen_StreamingFIFO_12_09w8rysb/project_StreamingFIFO_12/sol1/impl/verilog'.
INFO: [IP_Flow 19-1700] Loaded user IP repository '/home/grgov/Diplomski_rad/finn_modified_docker_output_dir/code_gen_ipgen_StreamingFIFO_13_8gx0im5q/project_StreamingFIFO_13/sol1/impl/verilog'.
INFO: [IP_Flow 19-1700] Loaded user IP repository '/home/grgov/Diplomski_rad/finn_modified_docker_output_dir/code_gen_ipgen_StreamingFCLayer_Batch_4_r20yx0xx/project_StreamingFCLayer_Batch_4/sol1/impl/ip'.
INFO: [IP_Flow 19-1700] Loaded user IP repository '/home/grgov/Diplomski_rad/finn_modified_docker_output_dir/code_gen_ipgen_ConvolutionInputGenerator_3_fk4j0e65/project_ConvolutionInputGenerator_3/sol1/impl/ip'.
INFO: [IP_Flow 19-1700] Loaded user IP repository '/home/grgov/Diplomski_rad/finn_modified_docker_output_dir/code_gen_ipgen_StreamingFIFO_14_2w8pqxq9/project_StreamingFIFO_14/sol1/impl/verilog'.
INFO: [IP_Flow 19-1700] Loaded user IP repository '/home/grgov/Diplomski_rad/finn_modified_docker_output_dir/code_gen_ipgen_StreamingFIFO_15_yb_6ukei/project_StreamingFIFO_15/sol1/impl/verilog'.
INFO: [IP_Flow 19-1700] Loaded user IP repository '/home/grgov/Diplomski_rad/finn_modified_docker_output_dir/code_gen_ipgen_StreamingDataWidthConverter_Batch_5_5k1ks66a/project_StreamingDataWidthConverter_Batch_5/sol1/impl/ip'.
INFO: [IP_Flow 19-1700] Loaded user IP repository '/home/grgov/Diplomski_rad/finn_modified_docker_output_dir/code_gen_ipgen_StreamingFIFO_16_xfeo8vd1/project_StreamingFIFO_16/sol1/impl/verilog'.
INFO: [IP_Flow 19-1700] Loaded user IP repository '/home/grgov/Diplomski_rad/finn_modified_docker_output_dir/code_gen_ipgen_StreamingFCLayer_Batch_5_rxclvy1e/project_StreamingFCLayer_Batch_5/sol1/impl/ip'.
INFO: [IP_Flow 19-1700] Loaded user IP repository '/home/grgov/Diplomski_rad/finn_modified_docker_output_dir/code_gen_ipgen_StreamingFIFO_17_0xo9zovx/project_StreamingFIFO_17/sol1/impl/verilog'.
INFO: [IP_Flow 19-1700] Loaded user IP repository '/home/grgov/Diplomski_rad/finn_modified_docker_output_dir/code_gen_ipgen_StreamingFCLayer_Batch_6_emgw76in/project_StreamingFCLayer_Batch_6/sol1/impl/ip'.
INFO: [IP_Flow 19-1700] Loaded user IP repository '/home/grgov/Diplomski_rad/finn_modified_docker_output_dir/code_gen_ipgen_StreamingFIFO_18_nmk6ticz/project_StreamingFIFO_18/sol1/impl/verilog'.
INFO: [IP_Flow 19-1700] Loaded user IP repository '/home/grgov/Diplomski_rad/finn_modified_docker_output_dir/code_gen_ipgen_Thresholding_Batch_2_74ymc1_c/project_Thresholding_Batch_2/sol1/impl/ip'.
INFO: [IP_Flow 19-1700] Loaded user IP repository '/home/grgov/Diplomski_rad/finn_modified_docker_output_dir/code_gen_ipgen_LabelSelect_Batch_0_7fb3c_62/project_LabelSelect_Batch_0/sol1/impl/ip'.
INFO: [IP_Flow 19-1700] Loaded user IP repository '/home/grgov/Diplomski_rad/finn_modified_docker_output_dir/code_gen_ipgen_StreamingFIFO_19_mthi5fwd/project_StreamingFIFO_19/sol1/impl/verilog'.
INFO: [IP_Flow 19-2313] Loaded Vivado IP repository '/tools/Xilinx/Vivado/2020.1/data/ip'.
# create_bd_design "finn_design"
Wrote  : </home/grgov/Diplomski_rad/finn_modified_docker_output_dir/vivado_stitch_proj_8ultobct/finn_vivado_stitch_proj.srcs/sources_1/bd/finn_design/finn_design.bd> 
# create_bd_cell -type ip -vlnv xilinx.com:hls:StreamingFIFO_0:1.0 StreamingFIFO_0
# create_bd_cell -type ip -vlnv xilinx.com:hls:ConvolutionInputGenerator_0:1.0 ConvolutionInputGenerator_0
WARNING: [BD 41-1753] The name 'ConvolutionInputGenerator_0' you have specified is long. The Windows OS has path length limitations. It is recommended you use shorter names(less than 25 characters) to reduce the likelihood of issues when/if running on windows OS.
# create_bd_cell -type ip -vlnv xilinx.com:hls:ConvolutionInputGenerator_1:1.0 ConvolutionInputGenerator_1
WARNING: [BD 41-1753] The name 'ConvolutionInputGenerator_1' you have specified is long. The Windows OS has path length limitations. It is recommended you use shorter names(less than 25 characters) to reduce the likelihood of issues when/if running on windows OS.
# create_bd_cell -type ip -vlnv xilinx.com:hls:Thresholding_Batch_0:1.0 Thresholding_Batch_0
# create_bd_cell -type ip -vlnv xilinx.com:hls:StreamingFIFO_1:1.0 StreamingFIFO_1
# create_bd_cell -type ip -vlnv xilinx.com:hls:StreamingFIFO_2:1.0 StreamingFIFO_2
# create_bd_cell -type ip -vlnv xilinx.com:hls:StreamingFIFO_3:1.0 StreamingFIFO_3
# create_bd_cell -type hier StreamingFCLayer_Batch_0
# create_bd_pin -dir I -type clk /StreamingFCLayer_Batch_0/ap_clk
# create_bd_pin -dir I -type rst /StreamingFCLayer_Batch_0/ap_rst_n
# create_bd_intf_pin -mode Master -vlnv xilinx.com:interface:axis_rtl:1.0 /StreamingFCLayer_Batch_0/out_V_V
# create_bd_intf_pin -mode Slave -vlnv xilinx.com:interface:axis_rtl:1.0 /StreamingFCLayer_Batch_0/in0_V_V
# create_bd_cell -type ip -vlnv xilinx.com:hls:StreamingFCLayer_Batch_0:1.0 /StreamingFCLayer_Batch_0/StreamingFCLayer_Batch_0
# create_bd_cell -type ip -vlnv xilinx.com:user:memstream:1.0 /StreamingFCLayer_Batch_0/StreamingFCLayer_Batch_0_wstrm
WARNING: [BD 41-1753] The name 'StreamingFCLayer_Batch_0_wstrm' you have specified is long. The Windows OS has path length limitations. It is recommended you use shorter names(less than 25 characters) to reduce the likelihood of issues when/if running on windows OS.
# set_property -dict [list CONFIG.NSTREAMS {1} CONFIG.MEM_DEPTH {18432} CONFIG.MEM_WIDTH {32} CONFIG.MEM_INIT {/home/grgov/Diplomski_rad/finn_modified_docker_output_dir/code_gen_ipgen_StreamingFCLayer_Batch_0_wkar_7k5/} CONFIG.RAM_STYLE {auto} CONFIG.STRM0_DEPTH {18432} CONFIG.STRM0_WIDTH {32} CONFIG.STRM0_OFFSET {0} ] [get_bd_cells /StreamingFCLayer_Batch_0/StreamingFCLayer_Batch_0_wstrm]
WARNING: [IP_Flow 19-4684] Expected long value for param AXILITE_ADDR_WIDTH but, float/scientific notation value 17.0 is provided. The value is converted to long type(17)
# connect_bd_intf_net [get_bd_intf_pins StreamingFCLayer_Batch_0/StreamingFCLayer_Batch_0_wstrm/m_axis_0] [get_bd_intf_pins StreamingFCLayer_Batch_0/StreamingFCLayer_Batch_0/weights_V_V]
# connect_bd_net [get_bd_pins StreamingFCLayer_Batch_0/ap_rst_n] [get_bd_pins StreamingFCLayer_Batch_0/StreamingFCLayer_Batch_0_wstrm/aresetn]
# connect_bd_net [get_bd_pins StreamingFCLayer_Batch_0/ap_clk] [get_bd_pins StreamingFCLayer_Batch_0/StreamingFCLayer_Batch_0_wstrm/aclk]
# connect_bd_net [get_bd_pins StreamingFCLayer_Batch_0/ap_rst_n] [get_bd_pins StreamingFCLayer_Batch_0/StreamingFCLayer_Batch_0/ap_rst_n]
# connect_bd_net [get_bd_pins StreamingFCLayer_Batch_0/ap_clk] [get_bd_pins StreamingFCLayer_Batch_0/StreamingFCLayer_Batch_0/ap_clk]
# connect_bd_intf_net [get_bd_intf_pins StreamingFCLayer_Batch_0/in0_V_V] [get_bd_intf_pins StreamingFCLayer_Batch_0/StreamingFCLayer_Batch_0/in0_V_V]
# connect_bd_intf_net [get_bd_intf_pins StreamingFCLayer_Batch_0/out_V_V] [get_bd_intf_pins StreamingFCLayer_Batch_0/StreamingFCLayer_Batch_0/out_V_V]
# save_bd_design
Wrote  : </home/grgov/Diplomski_rad/finn_modified_docker_output_dir/vivado_stitch_proj_8ultobct/finn_vivado_stitch_proj.srcs/sources_1/bd/finn_design/finn_design.bd> 
# create_bd_cell -type hier StreamingFCLayer_Batch_1
# create_bd_pin -dir I -type clk /StreamingFCLayer_Batch_1/ap_clk
# create_bd_pin -dir I -type rst /StreamingFCLayer_Batch_1/ap_rst_n
# create_bd_intf_pin -mode Master -vlnv xilinx.com:interface:axis_rtl:1.0 /StreamingFCLayer_Batch_1/out_V_V
# create_bd_intf_pin -mode Slave -vlnv xilinx.com:interface:axis_rtl:1.0 /StreamingFCLayer_Batch_1/in0_V_V
# create_bd_cell -type ip -vlnv xilinx.com:hls:StreamingFCLayer_Batch_1:1.0 /StreamingFCLayer_Batch_1/StreamingFCLayer_Batch_1
# create_bd_cell -type ip -vlnv xilinx.com:user:memstream:1.0 /StreamingFCLayer_Batch_1/StreamingFCLayer_Batch_1_wstrm
WARNING: [BD 41-1753] The name 'StreamingFCLayer_Batch_1_wstrm' you have specified is long. The Windows OS has path length limitations. It is recommended you use shorter names(less than 25 characters) to reduce the likelihood of issues when/if running on windows OS.
# set_property -dict [list CONFIG.NSTREAMS {1} CONFIG.MEM_DEPTH {36864} CONFIG.MEM_WIDTH {64} CONFIG.MEM_INIT {/home/grgov/Diplomski_rad/finn_modified_docker_output_dir/code_gen_ipgen_StreamingFCLayer_Batch_1_0qzig8el/} CONFIG.RAM_STYLE {auto} CONFIG.STRM0_DEPTH {36864} CONFIG.STRM0_WIDTH {64} CONFIG.STRM0_OFFSET {0} ] [get_bd_cells /StreamingFCLayer_Batch_1/StreamingFCLayer_Batch_1_wstrm]
WARNING: [IP_Flow 19-4684] Expected long value for param AXILITE_ADDR_WIDTH but, float/scientific notation value 17.0 is provided. The value is converted to long type(17)
WARNING: [IP_Flow 19-4684] Expected long value for param AXILITE_ADDR_WIDTH but, float/scientific notation value 19.0 is provided. The value is converted to long type(19)
# connect_bd_intf_net [get_bd_intf_pins StreamingFCLayer_Batch_1/StreamingFCLayer_Batch_1_wstrm/m_axis_0] [get_bd_intf_pins StreamingFCLayer_Batch_1/StreamingFCLayer_Batch_1/weights_V_V]
# connect_bd_net [get_bd_pins StreamingFCLayer_Batch_1/ap_rst_n] [get_bd_pins StreamingFCLayer_Batch_1/StreamingFCLayer_Batch_1_wstrm/aresetn]
# connect_bd_net [get_bd_pins StreamingFCLayer_Batch_1/ap_clk] [get_bd_pins StreamingFCLayer_Batch_1/StreamingFCLayer_Batch_1_wstrm/aclk]
# connect_bd_net [get_bd_pins StreamingFCLayer_Batch_1/ap_rst_n] [get_bd_pins StreamingFCLayer_Batch_1/StreamingFCLayer_Batch_1/ap_rst_n]
# connect_bd_net [get_bd_pins StreamingFCLayer_Batch_1/ap_clk] [get_bd_pins StreamingFCLayer_Batch_1/StreamingFCLayer_Batch_1/ap_clk]
# connect_bd_intf_net [get_bd_intf_pins StreamingFCLayer_Batch_1/in0_V_V] [get_bd_intf_pins StreamingFCLayer_Batch_1/StreamingFCLayer_Batch_1/in0_V_V]
# connect_bd_intf_net [get_bd_intf_pins StreamingFCLayer_Batch_1/out_V_V] [get_bd_intf_pins StreamingFCLayer_Batch_1/StreamingFCLayer_Batch_1/out_V_V]
# save_bd_design
Wrote  : </home/grgov/Diplomski_rad/finn_modified_docker_output_dir/vivado_stitch_proj_8ultobct/finn_vivado_stitch_proj.srcs/sources_1/bd/finn_design/finn_design.bd> 
# create_bd_cell -type ip -vlnv xilinx.com:hls:StreamingDataWidthConverter_Batch_0:1.0 StreamingDataWidthConverter_Batch_0
WARNING: [BD 41-1753] The name 'StreamingDataWidthConverter_Batch_0' you have specified is long. The Windows OS has path length limitations. It is recommended you use shorter names(less than 25 characters) to reduce the likelihood of issues when/if running on windows OS.
# create_bd_cell -type ip -vlnv xilinx.com:hls:StreamingFIFO_4:1.0 StreamingFIFO_4
# create_bd_cell -type ip -vlnv xilinx.com:hls:StreamingFIFO_5:1.0 StreamingFIFO_5
# create_bd_cell -type ip -vlnv xilinx.com:hls:StreamingFIFO_6:1.0 StreamingFIFO_6
# create_bd_cell -type ip -vlnv xilinx.com:hls:StreamingDataWidthConverter_Batch_1:1.0 StreamingDataWidthConverter_Batch_1
WARNING: [BD 41-1753] The name 'StreamingDataWidthConverter_Batch_1' you have specified is long. The Windows OS has path length limitations. It is recommended you use shorter names(less than 25 characters) to reduce the likelihood of issues when/if running on windows OS.
# create_bd_cell -type ip -vlnv xilinx.com:hls:StreamingDataWidthConverter_Batch_2:1.0 StreamingDataWidthConverter_Batch_2
WARNING: [BD 41-1753] The name 'StreamingDataWidthConverter_Batch_2' you have specified is long. The Windows OS has path length limitations. It is recommended you use shorter names(less than 25 characters) to reduce the likelihood of issues when/if running on windows OS.
# create_bd_cell -type ip -vlnv xilinx.com:hls:ConvolutionInputGenerator_2:1.0 ConvolutionInputGenerator_2
WARNING: [BD 41-1753] The name 'ConvolutionInputGenerator_2' you have specified is long. The Windows OS has path length limitations. It is recommended you use shorter names(less than 25 characters) to reduce the likelihood of issues when/if running on windows OS.
# create_bd_cell -type ip -vlnv xilinx.com:hls:StreamingFIFO_7:1.0 StreamingFIFO_7
# create_bd_cell -type ip -vlnv xilinx.com:hls:StreamingFIFO_8:1.0 StreamingFIFO_8
# create_bd_cell -type ip -vlnv xilinx.com:hls:StreamingFIFO_9:1.0 StreamingFIFO_9
# create_bd_cell -type ip -vlnv xilinx.com:hls:Thresholding_Batch_1:1.0 Thresholding_Batch_1
# create_bd_cell -type hier StreamingFCLayer_Batch_2
# create_bd_pin -dir I -type clk /StreamingFCLayer_Batch_2/ap_clk
# create_bd_pin -dir I -type rst /StreamingFCLayer_Batch_2/ap_rst_n
# create_bd_intf_pin -mode Master -vlnv xilinx.com:interface:axis_rtl:1.0 /StreamingFCLayer_Batch_2/out_V_V
# create_bd_intf_pin -mode Slave -vlnv xilinx.com:interface:axis_rtl:1.0 /StreamingFCLayer_Batch_2/in0_V_V
# create_bd_cell -type ip -vlnv xilinx.com:hls:StreamingFCLayer_Batch_3:1.0 /StreamingFCLayer_Batch_2/StreamingFCLayer_Batch_2
# create_bd_cell -type ip -vlnv xilinx.com:user:memstream:1.0 /StreamingFCLayer_Batch_2/StreamingFCLayer_Batch_2_wstrm
WARNING: [BD 41-1753] The name 'StreamingFCLayer_Batch_2_wstrm' you have specified is long. The Windows OS has path length limitations. It is recommended you use shorter names(less than 25 characters) to reduce the likelihood of issues when/if running on windows OS.
# set_property -dict [list CONFIG.NSTREAMS {1} CONFIG.MEM_DEPTH {4096} CONFIG.MEM_WIDTH {128} CONFIG.MEM_INIT {/home/grgov/Diplomski_rad/finn_modified_docker_output_dir/code_gen_ipgen_StreamingFCLayer_Batch_3_svfl8kgq/} CONFIG.RAM_STYLE {block} CONFIG.STRM0_DEPTH {4096} CONFIG.STRM0_WIDTH {128} CONFIG.STRM0_OFFSET {0} ] [get_bd_cells /StreamingFCLayer_Batch_2/StreamingFCLayer_Batch_2_wstrm]
WARNING: [IP_Flow 19-4684] Expected long value for param AXILITE_ADDR_WIDTH but, float/scientific notation value 18.0 is provided. The value is converted to long type(18)
WARNING: [IP_Flow 19-4684] Expected long value for param AXILITE_ADDR_WIDTH but, float/scientific notation value 16.0 is provided. The value is converted to long type(16)
# connect_bd_intf_net [get_bd_intf_pins StreamingFCLayer_Batch_2/StreamingFCLayer_Batch_2_wstrm/m_axis_0] [get_bd_intf_pins StreamingFCLayer_Batch_2/StreamingFCLayer_Batch_2/weights_V_V]
# connect_bd_net [get_bd_pins StreamingFCLayer_Batch_2/ap_rst_n] [get_bd_pins StreamingFCLayer_Batch_2/StreamingFCLayer_Batch_2_wstrm/aresetn]
# connect_bd_net [get_bd_pins StreamingFCLayer_Batch_2/ap_clk] [get_bd_pins StreamingFCLayer_Batch_2/StreamingFCLayer_Batch_2_wstrm/aclk]
# connect_bd_net [get_bd_pins StreamingFCLayer_Batch_2/ap_rst_n] [get_bd_pins StreamingFCLayer_Batch_2/StreamingFCLayer_Batch_2/ap_rst_n]
# connect_bd_net [get_bd_pins StreamingFCLayer_Batch_2/ap_clk] [get_bd_pins StreamingFCLayer_Batch_2/StreamingFCLayer_Batch_2/ap_clk]
# connect_bd_intf_net [get_bd_intf_pins StreamingFCLayer_Batch_2/in0_V_V] [get_bd_intf_pins StreamingFCLayer_Batch_2/StreamingFCLayer_Batch_2/in0_V_V]
# connect_bd_intf_net [get_bd_intf_pins StreamingFCLayer_Batch_2/out_V_V] [get_bd_intf_pins StreamingFCLayer_Batch_2/StreamingFCLayer_Batch_2/out_V_V]
# save_bd_design
Wrote  : </home/grgov/Diplomski_rad/finn_modified_docker_output_dir/vivado_stitch_proj_8ultobct/finn_vivado_stitch_proj.srcs/sources_1/bd/finn_design/finn_design.bd> 
# create_bd_cell -type hier StreamingFCLayer_Batch_3
# create_bd_pin -dir I -type clk /StreamingFCLayer_Batch_3/ap_clk
# create_bd_pin -dir I -type rst /StreamingFCLayer_Batch_3/ap_rst_n
# create_bd_intf_pin -mode Master -vlnv xilinx.com:interface:axis_rtl:1.0 /StreamingFCLayer_Batch_3/out_V_V
# create_bd_intf_pin -mode Slave -vlnv xilinx.com:interface:axis_rtl:1.0 /StreamingFCLayer_Batch_3/in0_V_V
# create_bd_cell -type ip -vlnv xilinx.com:hls:StreamingFCLayer_Batch_2:1.0 /StreamingFCLayer_Batch_3/StreamingFCLayer_Batch_3
# create_bd_cell -type ip -vlnv xilinx.com:user:memstream:1.0 /StreamingFCLayer_Batch_3/StreamingFCLayer_Batch_3_wstrm
WARNING: [BD 41-1753] The name 'StreamingFCLayer_Batch_3_wstrm' you have specified is long. The Windows OS has path length limitations. It is recommended you use shorter names(less than 25 characters) to reduce the likelihood of issues when/if running on windows OS.
# set_property -dict [list CONFIG.NSTREAMS {1} CONFIG.MEM_DEPTH {144} CONFIG.MEM_WIDTH {48} CONFIG.MEM_INIT {/home/grgov/Diplomski_rad/finn_modified_docker_output_dir/code_gen_ipgen_StreamingFCLayer_Batch_2_zoujzpy3/} CONFIG.RAM_STYLE {auto} CONFIG.STRM0_DEPTH {144} CONFIG.STRM0_WIDTH {48} CONFIG.STRM0_OFFSET {0} ] [get_bd_cells /StreamingFCLayer_Batch_3/StreamingFCLayer_Batch_3_wstrm]
WARNING: [IP_Flow 19-4684] Expected long value for param AXILITE_ADDR_WIDTH but, float/scientific notation value 17.0 is provided. The value is converted to long type(17)
WARNING: [IP_Flow 19-4684] Expected long value for param AXILITE_ADDR_WIDTH but, float/scientific notation value 11.0 is provided. The value is converted to long type(11)
# connect_bd_intf_net [get_bd_intf_pins StreamingFCLayer_Batch_3/StreamingFCLayer_Batch_3_wstrm/m_axis_0] [get_bd_intf_pins StreamingFCLayer_Batch_3/StreamingFCLayer_Batch_3/weights_V_V]
# connect_bd_net [get_bd_pins StreamingFCLayer_Batch_3/ap_rst_n] [get_bd_pins StreamingFCLayer_Batch_3/StreamingFCLayer_Batch_3_wstrm/aresetn]
# connect_bd_net [get_bd_pins StreamingFCLayer_Batch_3/ap_clk] [get_bd_pins StreamingFCLayer_Batch_3/StreamingFCLayer_Batch_3_wstrm/aclk]
# connect_bd_net [get_bd_pins StreamingFCLayer_Batch_3/ap_rst_n] [get_bd_pins StreamingFCLayer_Batch_3/StreamingFCLayer_Batch_3/ap_rst_n]
# connect_bd_net [get_bd_pins StreamingFCLayer_Batch_3/ap_clk] [get_bd_pins StreamingFCLayer_Batch_3/StreamingFCLayer_Batch_3/ap_clk]
# connect_bd_intf_net [get_bd_intf_pins StreamingFCLayer_Batch_3/in0_V_V] [get_bd_intf_pins StreamingFCLayer_Batch_3/StreamingFCLayer_Batch_3/in0_V_V]
# connect_bd_intf_net [get_bd_intf_pins StreamingFCLayer_Batch_3/out_V_V] [get_bd_intf_pins StreamingFCLayer_Batch_3/StreamingFCLayer_Batch_3/out_V_V]
# save_bd_design
Wrote  : </home/grgov/Diplomski_rad/finn_modified_docker_output_dir/vivado_stitch_proj_8ultobct/finn_vivado_stitch_proj.srcs/sources_1/bd/finn_design/finn_design.bd> 
# create_bd_cell -type ip -vlnv xilinx.com:hls:StreamingFIFO_10:1.0 StreamingFIFO_10
# create_bd_cell -type ip -vlnv xilinx.com:hls:StreamingFIFO_11:1.0 StreamingFIFO_11
# create_bd_cell -type ip -vlnv xilinx.com:hls:StreamingDataWidthConverter_Batch_3:1.0 StreamingDataWidthConverter_Batch_3
WARNING: [BD 41-1753] The name 'StreamingDataWidthConverter_Batch_3' you have specified is long. The Windows OS has path length limitations. It is recommended you use shorter names(less than 25 characters) to reduce the likelihood of issues when/if running on windows OS.
# create_bd_cell -type ip -vlnv xilinx.com:hls:StreamingDataWidthConverter_Batch_4:1.0 StreamingDataWidthConverter_Batch_4
WARNING: [BD 41-1753] The name 'StreamingDataWidthConverter_Batch_4' you have specified is long. The Windows OS has path length limitations. It is recommended you use shorter names(less than 25 characters) to reduce the likelihood of issues when/if running on windows OS.
# create_bd_cell -type ip -vlnv xilinx.com:hls:StreamingFIFO_12:1.0 StreamingFIFO_12
# create_bd_cell -type ip -vlnv xilinx.com:hls:StreamingFIFO_13:1.0 StreamingFIFO_13
# create_bd_cell -type hier StreamingFCLayer_Batch_4
# create_bd_pin -dir I -type clk /StreamingFCLayer_Batch_4/ap_clk
# create_bd_pin -dir I -type rst /StreamingFCLayer_Batch_4/ap_rst_n
# create_bd_intf_pin -mode Master -vlnv xilinx.com:interface:axis_rtl:1.0 /StreamingFCLayer_Batch_4/out_V_V
# create_bd_intf_pin -mode Slave -vlnv xilinx.com:interface:axis_rtl:1.0 /StreamingFCLayer_Batch_4/in0_V_V
# create_bd_cell -type ip -vlnv xilinx.com:hls:StreamingFCLayer_Batch_4:1.0 /StreamingFCLayer_Batch_4/StreamingFCLayer_Batch_4
# create_bd_cell -type ip -vlnv xilinx.com:user:memstream:1.0 /StreamingFCLayer_Batch_4/StreamingFCLayer_Batch_4_wstrm
WARNING: [BD 41-1753] The name 'StreamingFCLayer_Batch_4_wstrm' you have specified is long. The Windows OS has path length limitations. It is recommended you use shorter names(less than 25 characters) to reduce the likelihood of issues when/if running on windows OS.
# set_property -dict [list CONFIG.NSTREAMS {1} CONFIG.MEM_DEPTH {8192} CONFIG.MEM_WIDTH {128} CONFIG.MEM_INIT {/home/grgov/Diplomski_rad/finn_modified_docker_output_dir/code_gen_ipgen_StreamingFCLayer_Batch_4_r20yx0xx/} CONFIG.RAM_STYLE {auto} CONFIG.STRM0_DEPTH {8192} CONFIG.STRM0_WIDTH {128} CONFIG.STRM0_OFFSET {0} ] [get_bd_cells /StreamingFCLayer_Batch_4/StreamingFCLayer_Batch_4_wstrm]
WARNING: [IP_Flow 19-4684] Expected long value for param AXILITE_ADDR_WIDTH but, float/scientific notation value 18.0 is provided. The value is converted to long type(18)
WARNING: [IP_Flow 19-4684] Expected long value for param AXILITE_ADDR_WIDTH but, float/scientific notation value 17.0 is provided. The value is converted to long type(17)
# connect_bd_intf_net [get_bd_intf_pins StreamingFCLayer_Batch_4/StreamingFCLayer_Batch_4_wstrm/m_axis_0] [get_bd_intf_pins StreamingFCLayer_Batch_4/StreamingFCLayer_Batch_4/weights_V_V]
# connect_bd_net [get_bd_pins StreamingFCLayer_Batch_4/ap_rst_n] [get_bd_pins StreamingFCLayer_Batch_4/StreamingFCLayer_Batch_4_wstrm/aresetn]
# connect_bd_net [get_bd_pins StreamingFCLayer_Batch_4/ap_clk] [get_bd_pins StreamingFCLayer_Batch_4/StreamingFCLayer_Batch_4_wstrm/aclk]
# connect_bd_net [get_bd_pins StreamingFCLayer_Batch_4/ap_rst_n] [get_bd_pins StreamingFCLayer_Batch_4/StreamingFCLayer_Batch_4/ap_rst_n]
# connect_bd_net [get_bd_pins StreamingFCLayer_Batch_4/ap_clk] [get_bd_pins StreamingFCLayer_Batch_4/StreamingFCLayer_Batch_4/ap_clk]
# connect_bd_intf_net [get_bd_intf_pins StreamingFCLayer_Batch_4/in0_V_V] [get_bd_intf_pins StreamingFCLayer_Batch_4/StreamingFCLayer_Batch_4/in0_V_V]
# connect_bd_intf_net [get_bd_intf_pins StreamingFCLayer_Batch_4/out_V_V] [get_bd_intf_pins StreamingFCLayer_Batch_4/StreamingFCLayer_Batch_4/out_V_V]
# save_bd_design
Wrote  : </home/grgov/Diplomski_rad/finn_modified_docker_output_dir/vivado_stitch_proj_8ultobct/finn_vivado_stitch_proj.srcs/sources_1/bd/finn_design/finn_design.bd> 
# create_bd_cell -type ip -vlnv xilinx.com:hls:ConvolutionInputGenerator_3:1.0 ConvolutionInputGenerator_3
WARNING: [BD 41-1753] The name 'ConvolutionInputGenerator_3' you have specified is long. The Windows OS has path length limitations. It is recommended you use shorter names(less than 25 characters) to reduce the likelihood of issues when/if running on windows OS.
# create_bd_cell -type ip -vlnv xilinx.com:hls:StreamingFIFO_14:1.0 StreamingFIFO_14
# create_bd_cell -type ip -vlnv xilinx.com:hls:StreamingFIFO_15:1.0 StreamingFIFO_15
# create_bd_cell -type ip -vlnv xilinx.com:hls:StreamingDataWidthConverter_Batch_5:1.0 StreamingDataWidthConverter_Batch_5
WARNING: [BD 41-1753] The name 'StreamingDataWidthConverter_Batch_5' you have specified is long. The Windows OS has path length limitations. It is recommended you use shorter names(less than 25 characters) to reduce the likelihood of issues when/if running on windows OS.
# create_bd_cell -type ip -vlnv xilinx.com:hls:StreamingFIFO_16:1.0 StreamingFIFO_16
# create_bd_cell -type hier StreamingFCLayer_Batch_5
# create_bd_pin -dir I -type clk /StreamingFCLayer_Batch_5/ap_clk
# create_bd_pin -dir I -type rst /StreamingFCLayer_Batch_5/ap_rst_n
# create_bd_intf_pin -mode Master -vlnv xilinx.com:interface:axis_rtl:1.0 /StreamingFCLayer_Batch_5/out_V_V
# create_bd_intf_pin -mode Slave -vlnv xilinx.com:interface:axis_rtl:1.0 /StreamingFCLayer_Batch_5/in0_V_V
# create_bd_cell -type ip -vlnv xilinx.com:hls:StreamingFCLayer_Batch_5:1.0 /StreamingFCLayer_Batch_5/StreamingFCLayer_Batch_5
# create_bd_cell -type ip -vlnv xilinx.com:user:memstream:1.0 /StreamingFCLayer_Batch_5/StreamingFCLayer_Batch_5_wstrm
WARNING: [BD 41-1753] The name 'StreamingFCLayer_Batch_5_wstrm' you have specified is long. The Windows OS has path length limitations. It is recommended you use shorter names(less than 25 characters) to reduce the likelihood of issues when/if running on windows OS.
# set_property -dict [list CONFIG.NSTREAMS {1} CONFIG.MEM_DEPTH {4608} CONFIG.MEM_WIDTH {32} CONFIG.MEM_INIT {/home/grgov/Diplomski_rad/finn_modified_docker_output_dir/code_gen_ipgen_StreamingFCLayer_Batch_5_rxclvy1e/} CONFIG.RAM_STYLE {auto} CONFIG.STRM0_DEPTH {4608} CONFIG.STRM0_WIDTH {32} CONFIG.STRM0_OFFSET {0} ] [get_bd_cells /StreamingFCLayer_Batch_5/StreamingFCLayer_Batch_5_wstrm]
WARNING: [IP_Flow 19-4684] Expected long value for param AXILITE_ADDR_WIDTH but, float/scientific notation value 15.0 is provided. The value is converted to long type(15)
# connect_bd_intf_net [get_bd_intf_pins StreamingFCLayer_Batch_5/StreamingFCLayer_Batch_5_wstrm/m_axis_0] [get_bd_intf_pins StreamingFCLayer_Batch_5/StreamingFCLayer_Batch_5/weights_V_V]
# connect_bd_net [get_bd_pins StreamingFCLayer_Batch_5/ap_rst_n] [get_bd_pins StreamingFCLayer_Batch_5/StreamingFCLayer_Batch_5_wstrm/aresetn]
# connect_bd_net [get_bd_pins StreamingFCLayer_Batch_5/ap_clk] [get_bd_pins StreamingFCLayer_Batch_5/StreamingFCLayer_Batch_5_wstrm/aclk]
# connect_bd_net [get_bd_pins StreamingFCLayer_Batch_5/ap_rst_n] [get_bd_pins StreamingFCLayer_Batch_5/StreamingFCLayer_Batch_5/ap_rst_n]
# connect_bd_net [get_bd_pins StreamingFCLayer_Batch_5/ap_clk] [get_bd_pins StreamingFCLayer_Batch_5/StreamingFCLayer_Batch_5/ap_clk]
# connect_bd_intf_net [get_bd_intf_pins StreamingFCLayer_Batch_5/in0_V_V] [get_bd_intf_pins StreamingFCLayer_Batch_5/StreamingFCLayer_Batch_5/in0_V_V]
# connect_bd_intf_net [get_bd_intf_pins StreamingFCLayer_Batch_5/out_V_V] [get_bd_intf_pins StreamingFCLayer_Batch_5/StreamingFCLayer_Batch_5/out_V_V]
# save_bd_design
Wrote  : </home/grgov/Diplomski_rad/finn_modified_docker_output_dir/vivado_stitch_proj_8ultobct/finn_vivado_stitch_proj.srcs/sources_1/bd/finn_design/finn_design.bd> 
# create_bd_cell -type ip -vlnv xilinx.com:hls:StreamingFIFO_17:1.0 StreamingFIFO_17
# create_bd_cell -type hier StreamingFCLayer_Batch_6
# create_bd_pin -dir I -type clk /StreamingFCLayer_Batch_6/ap_clk
# create_bd_pin -dir I -type rst /StreamingFCLayer_Batch_6/ap_rst_n
# create_bd_intf_pin -mode Master -vlnv xilinx.com:interface:axis_rtl:1.0 /StreamingFCLayer_Batch_6/out_V_V
# create_bd_intf_pin -mode Slave -vlnv xilinx.com:interface:axis_rtl:1.0 /StreamingFCLayer_Batch_6/in0_V_V
# create_bd_cell -type ip -vlnv xilinx.com:hls:StreamingFCLayer_Batch_6:1.0 /StreamingFCLayer_Batch_6/StreamingFCLayer_Batch_6
# create_bd_cell -type ip -vlnv xilinx.com:user:memstream:1.0 /StreamingFCLayer_Batch_6/StreamingFCLayer_Batch_6_wstrm
WARNING: [BD 41-1753] The name 'StreamingFCLayer_Batch_6_wstrm' you have specified is long. The Windows OS has path length limitations. It is recommended you use shorter names(less than 25 characters) to reduce the likelihood of issues when/if running on windows OS.
# set_property -dict [list CONFIG.NSTREAMS {1} CONFIG.MEM_DEPTH {1792} CONFIG.MEM_WIDTH {8} CONFIG.MEM_INIT {/home/grgov/Diplomski_rad/finn_modified_docker_output_dir/code_gen_ipgen_StreamingFCLayer_Batch_6_emgw76in/} CONFIG.RAM_STYLE {distributed} CONFIG.STRM0_DEPTH {1792} CONFIG.STRM0_WIDTH {8} CONFIG.STRM0_OFFSET {0} ] [get_bd_cells /StreamingFCLayer_Batch_6/StreamingFCLayer_Batch_6_wstrm]
WARNING: [IP_Flow 19-4684] Expected long value for param AXILITE_ADDR_WIDTH but, float/scientific notation value 16.0 is provided. The value is converted to long type(16)
WARNING: [IP_Flow 19-4684] Expected long value for param AXILITE_ADDR_WIDTH but, float/scientific notation value 13.0 is provided. The value is converted to long type(13)
# connect_bd_intf_net [get_bd_intf_pins StreamingFCLayer_Batch_6/StreamingFCLayer_Batch_6_wstrm/m_axis_0] [get_bd_intf_pins StreamingFCLayer_Batch_6/StreamingFCLayer_Batch_6/weights_V_V]
# connect_bd_net [get_bd_pins StreamingFCLayer_Batch_6/ap_rst_n] [get_bd_pins StreamingFCLayer_Batch_6/StreamingFCLayer_Batch_6_wstrm/aresetn]
# connect_bd_net [get_bd_pins StreamingFCLayer_Batch_6/ap_clk] [get_bd_pins StreamingFCLayer_Batch_6/StreamingFCLayer_Batch_6_wstrm/aclk]
# connect_bd_net [get_bd_pins StreamingFCLayer_Batch_6/ap_rst_n] [get_bd_pins StreamingFCLayer_Batch_6/StreamingFCLayer_Batch_6/ap_rst_n]
# connect_bd_net [get_bd_pins StreamingFCLayer_Batch_6/ap_clk] [get_bd_pins StreamingFCLayer_Batch_6/StreamingFCLayer_Batch_6/ap_clk]
# connect_bd_intf_net [get_bd_intf_pins StreamingFCLayer_Batch_6/in0_V_V] [get_bd_intf_pins StreamingFCLayer_Batch_6/StreamingFCLayer_Batch_6/in0_V_V]
# connect_bd_intf_net [get_bd_intf_pins StreamingFCLayer_Batch_6/out_V_V] [get_bd_intf_pins StreamingFCLayer_Batch_6/StreamingFCLayer_Batch_6/out_V_V]
# save_bd_design
Wrote  : </home/grgov/Diplomski_rad/finn_modified_docker_output_dir/vivado_stitch_proj_8ultobct/finn_vivado_stitch_proj.srcs/sources_1/bd/finn_design/finn_design.bd> 
# create_bd_cell -type ip -vlnv xilinx.com:hls:StreamingFIFO_18:1.0 StreamingFIFO_18
# create_bd_cell -type ip -vlnv xilinx.com:hls:Thresholding_Batch_2:1.0 Thresholding_Batch_2
# create_bd_cell -type ip -vlnv xilinx.com:hls:LabelSelect_Batch_0:1.0 LabelSelect_Batch_0
# create_bd_cell -type ip -vlnv xilinx.com:hls:StreamingFIFO_19:1.0 StreamingFIFO_19
# make_bd_pins_external [get_bd_pins StreamingFIFO_0/ap_clk]
# set_property name ap_clk [get_bd_ports ap_clk_0]
# make_bd_pins_external [get_bd_pins StreamingFIFO_0/ap_rst_n]
# set_property name ap_rst_n [get_bd_ports ap_rst_n_0]
# make_bd_intf_pins_external [get_bd_intf_pins StreamingFIFO_0/in0_V_V]
# set_property name s_axis_0 [get_bd_intf_ports in0_V_V_0]
# connect_bd_net [get_bd_ports ap_rst_n] [get_bd_pins ConvolutionInputGenerator_0/ap_rst_n]
# connect_bd_net [get_bd_ports ap_clk] [get_bd_pins ConvolutionInputGenerator_0/ap_clk]
# make_bd_intf_pins_external [get_bd_intf_pins ConvolutionInputGenerator_0/in0_V_V]
# set_property name s_axis_1 [get_bd_intf_ports in0_V_V_0]
# connect_bd_net [get_bd_ports ap_rst_n] [get_bd_pins ConvolutionInputGenerator_1/ap_rst_n]
# connect_bd_net [get_bd_ports ap_clk] [get_bd_pins ConvolutionInputGenerator_1/ap_clk]
# make_bd_intf_pins_external [get_bd_intf_pins ConvolutionInputGenerator_1/in0_V_V]
# set_property name s_axis_2 [get_bd_intf_ports in0_V_V_0]
# connect_bd_net [get_bd_ports ap_rst_n] [get_bd_pins Thresholding_Batch_0/ap_rst_n]
# connect_bd_net [get_bd_ports ap_clk] [get_bd_pins Thresholding_Batch_0/ap_clk]
# connect_bd_intf_net [get_bd_intf_pins StreamingFIFO_0/out_V_V] [get_bd_intf_pins Thresholding_Batch_0/in0_V_V]
# connect_bd_net [get_bd_ports ap_rst_n] [get_bd_pins StreamingFIFO_1/ap_rst_n]
# connect_bd_net [get_bd_ports ap_clk] [get_bd_pins StreamingFIFO_1/ap_clk]
# connect_bd_intf_net [get_bd_intf_pins ConvolutionInputGenerator_0/out_V_V] [get_bd_intf_pins StreamingFIFO_1/in0_V_V]
# connect_bd_net [get_bd_ports ap_rst_n] [get_bd_pins StreamingFIFO_2/ap_rst_n]
# connect_bd_net [get_bd_ports ap_clk] [get_bd_pins StreamingFIFO_2/ap_clk]
# connect_bd_intf_net [get_bd_intf_pins ConvolutionInputGenerator_1/out_V_V] [get_bd_intf_pins StreamingFIFO_2/in0_V_V]
# connect_bd_net [get_bd_ports ap_rst_n] [get_bd_pins StreamingFIFO_3/ap_rst_n]
# connect_bd_net [get_bd_ports ap_clk] [get_bd_pins StreamingFIFO_3/ap_clk]
# connect_bd_intf_net [get_bd_intf_pins Thresholding_Batch_0/out_V_V] [get_bd_intf_pins StreamingFIFO_3/in0_V_V]
# connect_bd_net [get_bd_ports ap_rst_n] [get_bd_pins StreamingFCLayer_Batch_0/ap_rst_n]
# connect_bd_net [get_bd_ports ap_clk] [get_bd_pins StreamingFCLayer_Batch_0/ap_clk]
# connect_bd_intf_net [get_bd_intf_pins StreamingFIFO_1/out_V_V] [get_bd_intf_pins StreamingFCLayer_Batch_0/in0_V_V]
# connect_bd_net [get_bd_ports ap_rst_n] [get_bd_pins StreamingFCLayer_Batch_1/ap_rst_n]
# connect_bd_net [get_bd_ports ap_clk] [get_bd_pins StreamingFCLayer_Batch_1/ap_clk]
# connect_bd_intf_net [get_bd_intf_pins StreamingFIFO_2/out_V_V] [get_bd_intf_pins StreamingFCLayer_Batch_1/in0_V_V]
# connect_bd_net [get_bd_ports ap_rst_n] [get_bd_pins StreamingDataWidthConverter_Batch_0/ap_rst_n]
# connect_bd_net [get_bd_ports ap_clk] [get_bd_pins StreamingDataWidthConverter_Batch_0/ap_clk]
# connect_bd_intf_net [get_bd_intf_pins StreamingFIFO_3/out_V_V] [get_bd_intf_pins StreamingDataWidthConverter_Batch_0/in0_V_V]
# connect_bd_net [get_bd_ports ap_rst_n] [get_bd_pins StreamingFIFO_4/ap_rst_n]
# connect_bd_net [get_bd_ports ap_clk] [get_bd_pins StreamingFIFO_4/ap_clk]
# connect_bd_intf_net [get_bd_intf_pins StreamingFCLayer_Batch_0/out_V_V] [get_bd_intf_pins StreamingFIFO_4/in0_V_V]
# connect_bd_net [get_bd_ports ap_rst_n] [get_bd_pins StreamingFIFO_5/ap_rst_n]
# connect_bd_net [get_bd_ports ap_clk] [get_bd_pins StreamingFIFO_5/ap_clk]
# connect_bd_intf_net [get_bd_intf_pins StreamingFCLayer_Batch_1/out_V_V] [get_bd_intf_pins StreamingFIFO_5/in0_V_V]
# connect_bd_net [get_bd_ports ap_rst_n] [get_bd_pins StreamingFIFO_6/ap_rst_n]
# connect_bd_net [get_bd_ports ap_clk] [get_bd_pins StreamingFIFO_6/ap_clk]
# connect_bd_intf_net [get_bd_intf_pins StreamingDataWidthConverter_Batch_0/out_V_V] [get_bd_intf_pins StreamingFIFO_6/in0_V_V]
# connect_bd_net [get_bd_ports ap_rst_n] [get_bd_pins StreamingDataWidthConverter_Batch_1/ap_rst_n]
# connect_bd_net [get_bd_ports ap_clk] [get_bd_pins StreamingDataWidthConverter_Batch_1/ap_clk]
# connect_bd_intf_net [get_bd_intf_pins StreamingFIFO_4/out_V_V] [get_bd_intf_pins StreamingDataWidthConverter_Batch_1/in0_V_V]
# connect_bd_net [get_bd_ports ap_rst_n] [get_bd_pins StreamingDataWidthConverter_Batch_2/ap_rst_n]
# connect_bd_net [get_bd_ports ap_clk] [get_bd_pins StreamingDataWidthConverter_Batch_2/ap_clk]
# connect_bd_intf_net [get_bd_intf_pins StreamingFIFO_5/out_V_V] [get_bd_intf_pins StreamingDataWidthConverter_Batch_2/in0_V_V]
# connect_bd_net [get_bd_ports ap_rst_n] [get_bd_pins ConvolutionInputGenerator_2/ap_rst_n]
# connect_bd_net [get_bd_ports ap_clk] [get_bd_pins ConvolutionInputGenerator_2/ap_clk]
# connect_bd_intf_net [get_bd_intf_pins StreamingFIFO_6/out_V_V] [get_bd_intf_pins ConvolutionInputGenerator_2/in0_V_V]
# connect_bd_net [get_bd_ports ap_rst_n] [get_bd_pins StreamingFIFO_7/ap_rst_n]
# connect_bd_net [get_bd_ports ap_clk] [get_bd_pins StreamingFIFO_7/ap_clk]
# connect_bd_intf_net [get_bd_intf_pins StreamingDataWidthConverter_Batch_1/out_V_V] [get_bd_intf_pins StreamingFIFO_7/in0_V_V]
# connect_bd_net [get_bd_ports ap_rst_n] [get_bd_pins StreamingFIFO_8/ap_rst_n]
# connect_bd_net [get_bd_ports ap_clk] [get_bd_pins StreamingFIFO_8/ap_clk]
# connect_bd_intf_net [get_bd_intf_pins StreamingDataWidthConverter_Batch_2/out_V_V] [get_bd_intf_pins StreamingFIFO_8/in0_V_V]
# connect_bd_net [get_bd_ports ap_rst_n] [get_bd_pins StreamingFIFO_9/ap_rst_n]
# connect_bd_net [get_bd_ports ap_clk] [get_bd_pins StreamingFIFO_9/ap_clk]
# connect_bd_intf_net [get_bd_intf_pins ConvolutionInputGenerator_2/out_V_V] [get_bd_intf_pins StreamingFIFO_9/in0_V_V]
# connect_bd_net [get_bd_ports ap_rst_n] [get_bd_pins Thresholding_Batch_1/ap_rst_n]
# connect_bd_net [get_bd_ports ap_clk] [get_bd_pins Thresholding_Batch_1/ap_clk]
# connect_bd_intf_net [get_bd_intf_pins StreamingFIFO_7/out_V_V] [get_bd_intf_pins Thresholding_Batch_1/in0_V_V]
# make_bd_intf_pins_external [get_bd_intf_pins Thresholding_Batch_1/out_V_V]
# set_property name m_axis_0 [get_bd_intf_ports out_V_V_0]
# connect_bd_net [get_bd_ports ap_rst_n] [get_bd_pins StreamingFCLayer_Batch_2/ap_rst_n]
# connect_bd_net [get_bd_ports ap_clk] [get_bd_pins StreamingFCLayer_Batch_2/ap_clk]
# connect_bd_intf_net [get_bd_intf_pins StreamingFIFO_8/out_V_V] [get_bd_intf_pins StreamingFCLayer_Batch_2/in0_V_V]
# connect_bd_net [get_bd_ports ap_rst_n] [get_bd_pins StreamingFCLayer_Batch_3/ap_rst_n]
# connect_bd_net [get_bd_ports ap_clk] [get_bd_pins StreamingFCLayer_Batch_3/ap_clk]
# connect_bd_intf_net [get_bd_intf_pins StreamingFIFO_9/out_V_V] [get_bd_intf_pins StreamingFCLayer_Batch_3/in0_V_V]
# connect_bd_net [get_bd_ports ap_rst_n] [get_bd_pins StreamingFIFO_10/ap_rst_n]
# connect_bd_net [get_bd_ports ap_clk] [get_bd_pins StreamingFIFO_10/ap_clk]
# connect_bd_intf_net [get_bd_intf_pins StreamingFCLayer_Batch_2/out_V_V] [get_bd_intf_pins StreamingFIFO_10/in0_V_V]
# connect_bd_net [get_bd_ports ap_rst_n] [get_bd_pins StreamingFIFO_11/ap_rst_n]
# connect_bd_net [get_bd_ports ap_clk] [get_bd_pins StreamingFIFO_11/ap_clk]
# connect_bd_intf_net [get_bd_intf_pins StreamingFCLayer_Batch_3/out_V_V] [get_bd_intf_pins StreamingFIFO_11/in0_V_V]
# connect_bd_net [get_bd_ports ap_rst_n] [get_bd_pins StreamingDataWidthConverter_Batch_3/ap_rst_n]
# connect_bd_net [get_bd_ports ap_clk] [get_bd_pins StreamingDataWidthConverter_Batch_3/ap_clk]
# connect_bd_intf_net [get_bd_intf_pins StreamingFIFO_10/out_V_V] [get_bd_intf_pins StreamingDataWidthConverter_Batch_3/in0_V_V]
# connect_bd_net [get_bd_ports ap_rst_n] [get_bd_pins StreamingDataWidthConverter_Batch_4/ap_rst_n]
# connect_bd_net [get_bd_ports ap_clk] [get_bd_pins StreamingDataWidthConverter_Batch_4/ap_clk]
# connect_bd_intf_net [get_bd_intf_pins StreamingFIFO_11/out_V_V] [get_bd_intf_pins StreamingDataWidthConverter_Batch_4/in0_V_V]
# connect_bd_net [get_bd_ports ap_rst_n] [get_bd_pins StreamingFIFO_12/ap_rst_n]
# connect_bd_net [get_bd_ports ap_clk] [get_bd_pins StreamingFIFO_12/ap_clk]
# connect_bd_intf_net [get_bd_intf_pins StreamingDataWidthConverter_Batch_3/out_V_V] [get_bd_intf_pins StreamingFIFO_12/in0_V_V]
# connect_bd_net [get_bd_ports ap_rst_n] [get_bd_pins StreamingFIFO_13/ap_rst_n]
# connect_bd_net [get_bd_ports ap_clk] [get_bd_pins StreamingFIFO_13/ap_clk]
# connect_bd_intf_net [get_bd_intf_pins StreamingDataWidthConverter_Batch_4/out_V_V] [get_bd_intf_pins StreamingFIFO_13/in0_V_V]
# connect_bd_net [get_bd_ports ap_rst_n] [get_bd_pins StreamingFCLayer_Batch_4/ap_rst_n]
# connect_bd_net [get_bd_ports ap_clk] [get_bd_pins StreamingFCLayer_Batch_4/ap_clk]
# connect_bd_intf_net [get_bd_intf_pins StreamingFIFO_12/out_V_V] [get_bd_intf_pins StreamingFCLayer_Batch_4/in0_V_V]
# connect_bd_net [get_bd_ports ap_rst_n] [get_bd_pins ConvolutionInputGenerator_3/ap_rst_n]
# connect_bd_net [get_bd_ports ap_clk] [get_bd_pins ConvolutionInputGenerator_3/ap_clk]
# connect_bd_intf_net [get_bd_intf_pins StreamingFIFO_13/out_V_V] [get_bd_intf_pins ConvolutionInputGenerator_3/in0_V_V]
# connect_bd_net [get_bd_ports ap_rst_n] [get_bd_pins StreamingFIFO_14/ap_rst_n]
# connect_bd_net [get_bd_ports ap_clk] [get_bd_pins StreamingFIFO_14/ap_clk]
# connect_bd_intf_net [get_bd_intf_pins StreamingFCLayer_Batch_4/out_V_V] [get_bd_intf_pins StreamingFIFO_14/in0_V_V]
# connect_bd_net [get_bd_ports ap_rst_n] [get_bd_pins StreamingFIFO_15/ap_rst_n]
# connect_bd_net [get_bd_ports ap_clk] [get_bd_pins StreamingFIFO_15/ap_clk]
# connect_bd_intf_net [get_bd_intf_pins ConvolutionInputGenerator_3/out_V_V] [get_bd_intf_pins StreamingFIFO_15/in0_V_V]
# connect_bd_net [get_bd_ports ap_rst_n] [get_bd_pins StreamingDataWidthConverter_Batch_5/ap_rst_n]
# connect_bd_net [get_bd_ports ap_clk] [get_bd_pins StreamingDataWidthConverter_Batch_5/ap_clk]
# connect_bd_intf_net [get_bd_intf_pins StreamingFIFO_14/out_V_V] [get_bd_intf_pins StreamingDataWidthConverter_Batch_5/in0_V_V]
# connect_bd_net [get_bd_ports ap_rst_n] [get_bd_pins StreamingFIFO_16/ap_rst_n]
# connect_bd_net [get_bd_ports ap_clk] [get_bd_pins StreamingFIFO_16/ap_clk]
# connect_bd_intf_net [get_bd_intf_pins StreamingDataWidthConverter_Batch_5/out_V_V] [get_bd_intf_pins StreamingFIFO_16/in0_V_V]
# connect_bd_net [get_bd_ports ap_rst_n] [get_bd_pins StreamingFCLayer_Batch_5/ap_rst_n]
# connect_bd_net [get_bd_ports ap_clk] [get_bd_pins StreamingFCLayer_Batch_5/ap_clk]
# connect_bd_intf_net [get_bd_intf_pins StreamingFIFO_15/out_V_V] [get_bd_intf_pins StreamingFCLayer_Batch_5/in0_V_V]
# connect_bd_net [get_bd_ports ap_rst_n] [get_bd_pins StreamingFIFO_17/ap_rst_n]
# connect_bd_net [get_bd_ports ap_clk] [get_bd_pins StreamingFIFO_17/ap_clk]
# connect_bd_intf_net [get_bd_intf_pins StreamingFCLayer_Batch_5/out_V_V] [get_bd_intf_pins StreamingFIFO_17/in0_V_V]
# connect_bd_net [get_bd_ports ap_rst_n] [get_bd_pins StreamingFCLayer_Batch_6/ap_rst_n]
# connect_bd_net [get_bd_ports ap_clk] [get_bd_pins StreamingFCLayer_Batch_6/ap_clk]
# connect_bd_intf_net [get_bd_intf_pins StreamingFIFO_16/out_V_V] [get_bd_intf_pins StreamingFCLayer_Batch_6/in0_V_V]
# connect_bd_net [get_bd_ports ap_rst_n] [get_bd_pins StreamingFIFO_18/ap_rst_n]
# connect_bd_net [get_bd_ports ap_clk] [get_bd_pins StreamingFIFO_18/ap_clk]
# connect_bd_intf_net [get_bd_intf_pins StreamingFCLayer_Batch_6/out_V_V] [get_bd_intf_pins StreamingFIFO_18/in0_V_V]
# connect_bd_net [get_bd_ports ap_rst_n] [get_bd_pins Thresholding_Batch_2/ap_rst_n]
# connect_bd_net [get_bd_ports ap_clk] [get_bd_pins Thresholding_Batch_2/ap_clk]
# connect_bd_intf_net [get_bd_intf_pins StreamingFIFO_17/out_V_V] [get_bd_intf_pins Thresholding_Batch_2/in0_V_V]
# make_bd_intf_pins_external [get_bd_intf_pins Thresholding_Batch_2/out_V_V]
# set_property name m_axis_1 [get_bd_intf_ports out_V_V_0]
# connect_bd_net [get_bd_ports ap_rst_n] [get_bd_pins LabelSelect_Batch_0/ap_rst_n]
# connect_bd_net [get_bd_ports ap_clk] [get_bd_pins LabelSelect_Batch_0/ap_clk]
# connect_bd_intf_net [get_bd_intf_pins StreamingFIFO_18/out_V_V] [get_bd_intf_pins LabelSelect_Batch_0/in0_V_V]
# connect_bd_net [get_bd_ports ap_rst_n] [get_bd_pins StreamingFIFO_19/ap_rst_n]
# connect_bd_net [get_bd_ports ap_clk] [get_bd_pins StreamingFIFO_19/ap_clk]
# connect_bd_intf_net [get_bd_intf_pins LabelSelect_Batch_0/out_V_V] [get_bd_intf_pins StreamingFIFO_19/in0_V_V]
# make_bd_intf_pins_external [get_bd_intf_pins StreamingFIFO_19/out_V_V]
# set_property name m_axis_2 [get_bd_intf_ports out_V_V_0]
# set_property CONFIG.FREQ_HZ 100000000.000000 [get_bd_ports /ap_clk]
# regenerate_bd_layout
# validate_bd_design
WARNING: [BD 41-927] Following properties on pin /StreamingFCLayer_Batch_0/StreamingFCLayer_Batch_0_wstrm/aclk have been updated from connected ip, but BD cell '/StreamingFCLayer_Batch_0/StreamingFCLayer_Batch_0_wstrm' does not accept parameter changes, so they may not be synchronized with cell properties:
	FREQ_HZ = 100000000.000000 
Please resolve any mismatches by directly setting properties on BD cell </StreamingFCLayer_Batch_0/StreamingFCLayer_Batch_0_wstrm> to completely resolve these warnings.
WARNING: [BD 41-927] Following properties on pin /StreamingFCLayer_Batch_1/StreamingFCLayer_Batch_1_wstrm/aclk have been updated from connected ip, but BD cell '/StreamingFCLayer_Batch_1/StreamingFCLayer_Batch_1_wstrm' does not accept parameter changes, so they may not be synchronized with cell properties:
	FREQ_HZ = 100000000.000000 
Please resolve any mismatches by directly setting properties on BD cell </StreamingFCLayer_Batch_1/StreamingFCLayer_Batch_1_wstrm> to completely resolve these warnings.
WARNING: [BD 41-927] Following properties on pin /StreamingFCLayer_Batch_2/StreamingFCLayer_Batch_2_wstrm/aclk have been updated from connected ip, but BD cell '/StreamingFCLayer_Batch_2/StreamingFCLayer_Batch_2_wstrm' does not accept parameter changes, so they may not be synchronized with cell properties:
	FREQ_HZ = 100000000.000000 
Please resolve any mismatches by directly setting properties on BD cell </StreamingFCLayer_Batch_2/StreamingFCLayer_Batch_2_wstrm> to completely resolve these warnings.
WARNING: [BD 41-927] Following properties on pin /StreamingFCLayer_Batch_3/StreamingFCLayer_Batch_3_wstrm/aclk have been updated from connected ip, but BD cell '/StreamingFCLayer_Batch_3/StreamingFCLayer_Batch_3_wstrm' does not accept parameter changes, so they may not be synchronized with cell properties:
	FREQ_HZ = 100000000.000000 
Please resolve any mismatches by directly setting properties on BD cell </StreamingFCLayer_Batch_3/StreamingFCLayer_Batch_3_wstrm> to completely resolve these warnings.
WARNING: [BD 41-927] Following properties on pin /StreamingFCLayer_Batch_4/StreamingFCLayer_Batch_4_wstrm/aclk have been updated from connected ip, but BD cell '/StreamingFCLayer_Batch_4/StreamingFCLayer_Batch_4_wstrm' does not accept parameter changes, so they may not be synchronized with cell properties:
	FREQ_HZ = 100000000.000000 
Please resolve any mismatches by directly setting properties on BD cell </StreamingFCLayer_Batch_4/StreamingFCLayer_Batch_4_wstrm> to completely resolve these warnings.
WARNING: [BD 41-927] Following properties on pin /StreamingFCLayer_Batch_5/StreamingFCLayer_Batch_5_wstrm/aclk have been updated from connected ip, but BD cell '/StreamingFCLayer_Batch_5/StreamingFCLayer_Batch_5_wstrm' does not accept parameter changes, so they may not be synchronized with cell properties:
	FREQ_HZ = 100000000.000000 
Please resolve any mismatches by directly setting properties on BD cell </StreamingFCLayer_Batch_5/StreamingFCLayer_Batch_5_wstrm> to completely resolve these warnings.
WARNING: [BD 41-927] Following properties on pin /StreamingFCLayer_Batch_6/StreamingFCLayer_Batch_6_wstrm/aclk have been updated from connected ip, but BD cell '/StreamingFCLayer_Batch_6/StreamingFCLayer_Batch_6_wstrm' does not accept parameter changes, so they may not be synchronized with cell properties:
	FREQ_HZ = 100000000.000000 
Please resolve any mismatches by directly setting properties on BD cell </StreamingFCLayer_Batch_6/StreamingFCLayer_Batch_6_wstrm> to completely resolve these warnings.
# save_bd_design
Wrote  : </home/grgov/Diplomski_rad/finn_modified_docker_output_dir/vivado_stitch_proj_8ultobct/finn_vivado_stitch_proj.srcs/sources_1/bd/finn_design/finn_design.bd> 
# make_wrapper -files [get_files /home/grgov/Diplomski_rad/finn_modified_docker_output_dir/vivado_stitch_proj_8ultobct/finn_vivado_stitch_proj.srcs/sources_1/bd/finn_design/finn_design.bd] -top
INFO: [BD 41-1662] The design 'finn_design.bd' is already validated. Therefore parameter propagation will not be re-run.
VHDL Output written to : /home/grgov/Diplomski_rad/finn_modified_docker_output_dir/vivado_stitch_proj_8ultobct/finn_vivado_stitch_proj.srcs/sources_1/bd/finn_design/synth/finn_design.v
VHDL Output written to : /home/grgov/Diplomski_rad/finn_modified_docker_output_dir/vivado_stitch_proj_8ultobct/finn_vivado_stitch_proj.srcs/sources_1/bd/finn_design/sim/finn_design.v
VHDL Output written to : /home/grgov/Diplomski_rad/finn_modified_docker_output_dir/vivado_stitch_proj_8ultobct/finn_vivado_stitch_proj.srcs/sources_1/bd/finn_design/hdl/finn_design_wrapper.v
# add_files -norecurse /home/grgov/Diplomski_rad/finn_modified_docker_output_dir/vivado_stitch_proj_8ultobct/finn_vivado_stitch_proj.srcs/sources_1/bd/finn_design/hdl/finn_design_wrapper.v
# ipx::package_project -root_dir /home/grgov/Diplomski_rad/finn_modified_docker_output_dir/vivado_stitch_proj_8ultobct/ip -vendor xilinx_finn -library finn -taxonomy /UserIP -module finn_design -import_files
INFO: [BD 41-1662] The design 'finn_design.bd' is already validated. Therefore parameter propagation will not be re-run.
VHDL Output written to : /home/grgov/Diplomski_rad/finn_modified_docker_output_dir/vivado_stitch_proj_8ultobct/finn_vivado_stitch_proj.srcs/sources_1/bd/finn_design/synth/finn_design.v
VHDL Output written to : /home/grgov/Diplomski_rad/finn_modified_docker_output_dir/vivado_stitch_proj_8ultobct/finn_vivado_stitch_proj.srcs/sources_1/bd/finn_design/sim/finn_design.v
VHDL Output written to : /home/grgov/Diplomski_rad/finn_modified_docker_output_dir/vivado_stitch_proj_8ultobct/finn_vivado_stitch_proj.srcs/sources_1/bd/finn_design/hdl/finn_design_wrapper.v
INFO: [BD 41-1029] Generation completed for the IP Integrator block StreamingFIFO_0 .
INFO: [BD 41-1029] Generation completed for the IP Integrator block ConvolutionInputGenerator_0 .
INFO: [BD 41-1029] Generation completed for the IP Integrator block ConvolutionInputGenerator_1 .
INFO: [BD 41-1029] Generation completed for the IP Integrator block Thresholding_Batch_0 .
INFO: [BD 41-1029] Generation completed for the IP Integrator block StreamingFIFO_1 .
INFO: [BD 41-1029] Generation completed for the IP Integrator block StreamingFIFO_2 .
INFO: [BD 41-1029] Generation completed for the IP Integrator block StreamingFIFO_3 .
INFO: [BD 41-1029] Generation completed for the IP Integrator block StreamingFCLayer_Batch_0/StreamingFCLayer_Batch_0 .
INFO: [BD 41-1029] Generation completed for the IP Integrator block StreamingFCLayer_Batch_0/StreamingFCLayer_Batch_0_wstrm .
INFO: [BD 41-1029] Generation completed for the IP Integrator block StreamingFCLayer_Batch_1/StreamingFCLayer_Batch_1 .
INFO: [BD 41-1029] Generation completed for the IP Integrator block StreamingFCLayer_Batch_1/StreamingFCLayer_Batch_1_wstrm .
INFO: [BD 41-1029] Generation completed for the IP Integrator block StreamingDataWidthConverter_Batch_0 .
INFO: [BD 41-1029] Generation completed for the IP Integrator block StreamingFIFO_4 .
INFO: [BD 41-1029] Generation completed for the IP Integrator block StreamingFIFO_5 .
INFO: [BD 41-1029] Generation completed for the IP Integrator block StreamingFIFO_6 .
INFO: [BD 41-1029] Generation completed for the IP Integrator block StreamingDataWidthConverter_Batch_1 .
INFO: [BD 41-1029] Generation completed for the IP Integrator block StreamingDataWidthConverter_Batch_2 .
INFO: [BD 41-1029] Generation completed for the IP Integrator block ConvolutionInputGenerator_2 .
INFO: [BD 41-1029] Generation completed for the IP Integrator block StreamingFIFO_7 .
INFO: [BD 41-1029] Generation completed for the IP Integrator block StreamingFIFO_8 .
INFO: [BD 41-1029] Generation completed for the IP Integrator block StreamingFIFO_9 .
INFO: [BD 41-1029] Generation completed for the IP Integrator block Thresholding_Batch_1 .
INFO: [BD 41-1029] Generation completed for the IP Integrator block StreamingFCLayer_Batch_2/StreamingFCLayer_Batch_2 .
INFO: [BD 41-1029] Generation completed for the IP Integrator block StreamingFCLayer_Batch_2/StreamingFCLayer_Batch_2_wstrm .
INFO: [BD 41-1029] Generation completed for the IP Integrator block StreamingFCLayer_Batch_3/StreamingFCLayer_Batch_3 .
INFO: [BD 41-1029] Generation completed for the IP Integrator block StreamingFCLayer_Batch_3/StreamingFCLayer_Batch_3_wstrm .
INFO: [BD 41-1029] Generation completed for the IP Integrator block StreamingFIFO_10 .
INFO: [BD 41-1029] Generation completed for the IP Integrator block StreamingFIFO_11 .
INFO: [BD 41-1029] Generation completed for the IP Integrator block StreamingDataWidthConverter_Batch_3 .
INFO: [BD 41-1029] Generation completed for the IP Integrator block StreamingDataWidthConverter_Batch_4 .
INFO: [BD 41-1029] Generation completed for the IP Integrator block StreamingFIFO_12 .
INFO: [BD 41-1029] Generation completed for the IP Integrator block StreamingFIFO_13 .
INFO: [BD 41-1029] Generation completed for the IP Integrator block StreamingFCLayer_Batch_4/StreamingFCLayer_Batch_4 .
INFO: [BD 41-1029] Generation completed for the IP Integrator block StreamingFCLayer_Batch_4/StreamingFCLayer_Batch_4_wstrm .
INFO: [BD 41-1029] Generation completed for the IP Integrator block ConvolutionInputGenerator_3 .
INFO: [BD 41-1029] Generation completed for the IP Integrator block StreamingFIFO_14 .
INFO: [BD 41-1029] Generation completed for the IP Integrator block StreamingFIFO_15 .
INFO: [BD 41-1029] Generation completed for the IP Integrator block StreamingDataWidthConverter_Batch_5 .
INFO: [BD 41-1029] Generation completed for the IP Integrator block StreamingFIFO_16 .
INFO: [BD 41-1029] Generation completed for the IP Integrator block StreamingFCLayer_Batch_5/StreamingFCLayer_Batch_5 .
INFO: [BD 41-1029] Generation completed for the IP Integrator block StreamingFCLayer_Batch_5/StreamingFCLayer_Batch_5_wstrm .
INFO: [BD 41-1029] Generation completed for the IP Integrator block StreamingFIFO_17 .
INFO: [BD 41-1029] Generation completed for the IP Integrator block StreamingFCLayer_Batch_6/StreamingFCLayer_Batch_6 .
INFO: [BD 41-1029] Generation completed for the IP Integrator block StreamingFCLayer_Batch_6/StreamingFCLayer_Batch_6_wstrm .
INFO: [BD 41-1029] Generation completed for the IP Integrator block StreamingFIFO_18 .
INFO: [BD 41-1029] Generation completed for the IP Integrator block Thresholding_Batch_2 .
INFO: [BD 41-1029] Generation completed for the IP Integrator block LabelSelect_Batch_0 .
INFO: [BD 41-1029] Generation completed for the IP Integrator block StreamingFIFO_19 .
Exporting to file /home/grgov/Diplomski_rad/finn_modified_docker_output_dir/vivado_stitch_proj_8ultobct/finn_vivado_stitch_proj.srcs/sources_1/bd/finn_design/hw_handoff/finn_design.hwh
Generated Block Design Tcl file /home/grgov/Diplomski_rad/finn_modified_docker_output_dir/vivado_stitch_proj_8ultobct/finn_vivado_stitch_proj.srcs/sources_1/bd/finn_design/hw_handoff/finn_design_bd.tcl
Generated Hardware Definition File /home/grgov/Diplomski_rad/finn_modified_docker_output_dir/vivado_stitch_proj_8ultobct/finn_vivado_stitch_proj.srcs/sources_1/bd/finn_design/synth/finn_design.hwdef
CRITICAL WARNING: [IP_Flow 19-5234] Found an invalid attribute: 'Misformed interface info attr: xilinx.com:interface:axis:1.0 m_axis_0'
CRITICAL WARNING: [IP_Flow 19-5234] Found an invalid attribute: 'Misformed interface info attr: xilinx.com:interface:axis:1.0 m_axis_0'
CRITICAL WARNING: [IP_Flow 19-5234] Found an invalid attribute: 'Misformed interface info attr: xilinx.com:interface:axis:1.0 m_axis_0'
CRITICAL WARNING: [IP_Flow 19-5234] Found an invalid attribute: 'Misformed interface info attr: xilinx.com:interface:axis:1.0 m_axis_1'
CRITICAL WARNING: [IP_Flow 19-5234] Found an invalid attribute: 'Misformed interface info attr: xilinx.com:interface:axis:1.0 m_axis_1'
CRITICAL WARNING: [IP_Flow 19-5234] Found an invalid attribute: 'Misformed interface info attr: xilinx.com:interface:axis:1.0 m_axis_1'
CRITICAL WARNING: [IP_Flow 19-5234] Found an invalid attribute: 'Misformed interface info attr: xilinx.com:interface:axis:1.0 m_axis_2'
CRITICAL WARNING: [IP_Flow 19-5234] Found an invalid attribute: 'Misformed interface info attr: xilinx.com:interface:axis:1.0 m_axis_2'
CRITICAL WARNING: [IP_Flow 19-5234] Found an invalid attribute: 'Misformed interface info attr: xilinx.com:interface:axis:1.0 m_axis_2'
CRITICAL WARNING: [IP_Flow 19-5234] Found an invalid attribute: 'Misformed interface info attr: xilinx.com:interface:axis:1.0 s_axis_0'
CRITICAL WARNING: [IP_Flow 19-5234] Found an invalid attribute: 'Misformed interface info attr: xilinx.com:interface:axis:1.0 s_axis_0'
CRITICAL WARNING: [IP_Flow 19-5234] Found an invalid attribute: 'Misformed interface info attr: xilinx.com:interface:axis:1.0 s_axis_0'
CRITICAL WARNING: [IP_Flow 19-5234] Found an invalid attribute: 'Misformed interface info attr: xilinx.com:interface:axis:1.0 s_axis_1'
CRITICAL WARNING: [IP_Flow 19-5234] Found an invalid attribute: 'Misformed interface info attr: xilinx.com:interface:axis:1.0 s_axis_1'
CRITICAL WARNING: [IP_Flow 19-5234] Found an invalid attribute: 'Misformed interface info attr: xilinx.com:interface:axis:1.0 s_axis_1'
CRITICAL WARNING: [IP_Flow 19-5234] Found an invalid attribute: 'Misformed interface info attr: xilinx.com:interface:axis:1.0 s_axis_2'
CRITICAL WARNING: [IP_Flow 19-5234] Found an invalid attribute: 'Misformed interface info attr: xilinx.com:interface:axis:1.0 s_axis_2'
CRITICAL WARNING: [IP_Flow 19-5234] Found an invalid attribute: 'Misformed interface info attr: xilinx.com:interface:axis:1.0 s_axis_2'
WARNING: [IP_Flow 19-3157] Bus Interface 'RST.AP_RST_N': Bus parameter POLARITY is ACTIVE_LOW but port 'ap_rst_n' is not *resetn - please double check the POLARITY setting.
INFO: [IP_Flow 19-2181] Payment Required is not set for this core.
INFO: [IP_Flow 19-2187] The Product Guide file is missing.
# set_property core_revision 2 [ipx::find_open_core xilinx_finn:finn:finn_design:1.0]
# ipx::create_xgui_files [ipx::find_open_core xilinx_finn:finn:finn_design:1.0]
# ipx::update_checksums [ipx::find_open_core xilinx_finn:finn:finn_design:1.0]
# ipx::save_core [ipx::find_open_core xilinx_finn:finn:finn_design:1.0]
# set all_v_files [get_files -filter {FILE_TYPE == Verilog && USED_IN_SYNTHESIS == 1} ]
# set fp [open /home/grgov/Diplomski_rad/finn_modified_docker_output_dir/vivado_stitch_proj_8ultobct/all_verilog_srcs.txt w]
# foreach vf $all_v_files {puts $fp $vf}
# close $fp
INFO: [Common 17-206] Exiting Vivado at Sat Jan 30 15:34:36 2021...
