

================================================================
== Vivado HLS Report for 'LabelSelect_Batch'
================================================================
* Date:           Sat Jan 30 13:15:48 2021

* Version:        2020.1.1 (Build 2951007 on Wed Aug 05 23:24:06 MDT 2020)
* Project:        project_LabelSelect_Batch_0
* Solution:       sol1
* Product family: zynq
* Target device:  xc7z020-clg400-1


================================================================
== Performance Estimates
================================================================
+ Timing: 
    * Summary: 
    +--------+----------+----------+------------+
    |  Clock |  Target  | Estimated| Uncertainty|
    +--------+----------+----------+------------+
    |ap_clk  | 10.00 ns | 3.677 ns |   1.25 ns  |
    +--------+----------+----------+------------+

+ Latency: 
    * Summary: 
    +---------+---------+-----------+-----------+-----+-----+---------+
    |  Latency (cycles) |   Latency (absolute)  |  Interval | Pipeline|
    |   min   |   max   |    min    |    max    | min | max |   Type  |
    +---------+---------+-----------+-----------+-----+-----+---------+
    |        9|        9| 90.000 ns | 90.000 ns |    9|    9|   none  |
    +---------+---------+-----------+-----------+-----+-----+---------+

    + Detail: 
        * Instance: 
        N/A

        * Loop: 
        +----------+---------+---------+----------+-----------+-----------+------+----------+
        |          |  Latency (cycles) | Iteration|  Initiation Interval  | Trip |          |
        | Loop Name|   min   |   max   |  Latency |  achieved |   target  | Count| Pipelined|
        +----------+---------+---------+----------+-----------+-----------+------+----------+
        |- Loop 1  |        7|        7|         1|          1|          1|     7|    yes   |
        +----------+---------+---------+----------+-----------+-----------+------+----------+



================================================================
== Utilization Estimates
================================================================
* Summary: 
+-----------------+---------+-------+--------+-------+-----+
|       Name      | BRAM_18K| DSP48E|   FF   |  LUT  | URAM|
+-----------------+---------+-------+--------+-------+-----+
|DSP              |        -|      -|       -|      -|    -|
|Expression       |        -|      -|       0|     60|    -|
|FIFO             |        -|      -|       -|      -|    -|
|Instance         |        -|      -|       -|      -|    -|
|Memory           |        -|      -|       -|      -|    -|
|Multiplexer      |        -|      -|       -|     57|    -|
|Register         |        -|      -|      30|      -|    -|
+-----------------+---------+-------+--------+-------+-----+
|Total            |        0|      0|      30|    117|    0|
+-----------------+---------+-------+--------+-------+-----+
|Available        |      280|    220|  106400|  53200|    0|
+-----------------+---------+-------+--------+-------+-----+
|Utilization (%)  |        0|      0|   ~0   |   ~0  |    0|
+-----------------+---------+-------+--------+-------+-----+

+ Detail: 
    * Instance: 
    N/A

    * DSP48E: 
    N/A

    * Memory: 
    N/A

    * FIFO: 
    N/A

    * Expression: 
    +---------------------------+----------+-------+---+----+------------+------------+
    |       Variable Name       | Operation| DSP48E| FF| LUT| Bitwidth P0| Bitwidth P1|
    +---------------------------+----------+-------+---+----+------------+------------+
    |add_ln397_fu_89_p2         |     +    |      0|  0|  12|           3|           1|
    |ap_block_state2            |    and   |      0|  0|   2|           1|           1|
    |icmp_ln374_fu_83_p2        |   icmp   |      0|  0|   9|           3|           2|
    |icmp_ln895_fu_95_p2        |   icmp   |      0|  0|  13|          16|          16|
    |toplabels_0_V_1_fu_113_p3  |  select  |      0|  0|   8|           1|           8|
    |topval_0_V_1_fu_105_p3     |  select  |      0|  0|  16|           1|          16|
    +---------------------------+----------+-------+---+----+------------+------------+
    |Total                      |          |      0|  0|  60|          25|          44|
    +---------------------------+----------+-------+---+----+------------+------------+

    * Multiplexer: 
    +---------------------+----+-----------+-----+-----------+
    |         Name        | LUT| Input Size| Bits| Total Bits|
    +---------------------+----+-----------+-----+-----------+
    |ap_NS_fsm            |  21|          4|    1|          4|
    |idx_0_0_reg_68       |   9|          2|    3|          6|
    |in_V_V_TDATA_blk_n   |   9|          2|    1|          2|
    |out_V_V_TDATA_blk_n  |   9|          2|    1|          2|
    |topval_V_0_0_reg_57  |   9|          2|   16|         32|
    +---------------------+----+-----------+-----+-----------+
    |Total                |  57|         12|   22|         46|
    +---------------------+----+-----------+-----+-----------+

    * Register: 
    +---------------------+----+----+-----+-----------+
    |         Name        | FF | LUT| Bits| Const Bits|
    +---------------------+----+----+-----+-----------+
    |ap_CS_fsm            |   3|   0|    3|          0|
    |idx_0_0_reg_68       |   3|   0|    3|          0|
    |tmp_V_fu_40          |   8|   0|    8|          0|
    |topval_V_0_0_reg_57  |  16|   0|   16|          0|
    +---------------------+----+----+-----+-----------+
    |Total                |  30|   0|   30|          0|
    +---------------------+----+----+-----+-----------+



================================================================
== Interface
================================================================
* Summary: 
+----------------+-----+-----+------------+-------------------+--------------+
|    RTL Ports   | Dir | Bits|  Protocol  |   Source Object   |    C Type    |
+----------------+-----+-----+------------+-------------------+--------------+
|ap_clk          |  in |    1| ap_ctrl_hs | LabelSelect_Batch | return value |
|ap_rst          |  in |    1| ap_ctrl_hs | LabelSelect_Batch | return value |
|ap_start        |  in |    1| ap_ctrl_hs | LabelSelect_Batch | return value |
|ap_done         | out |    1| ap_ctrl_hs | LabelSelect_Batch | return value |
|ap_idle         | out |    1| ap_ctrl_hs | LabelSelect_Batch | return value |
|ap_ready        | out |    1| ap_ctrl_hs | LabelSelect_Batch | return value |
|in_V_V_TDATA    |  in |   16|    axis    |       in_V_V      |    pointer   |
|in_V_V_TVALID   |  in |    1|    axis    |       in_V_V      |    pointer   |
|in_V_V_TREADY   | out |    1|    axis    |       in_V_V      |    pointer   |
|out_V_V_TDATA   | out |    8|    axis    |      out_V_V      |    pointer   |
|out_V_V_TVALID  | out |    1|    axis    |      out_V_V      |    pointer   |
|out_V_V_TREADY  |  in |    1|    axis    |      out_V_V      |    pointer   |
+----------------+-----+-----+------------+-------------------+--------------+

