
*** Running vivado
    with args -log StreamingDataflowPartition_0_wrapper.vds -m64 -product Vivado -mode batch -messageDb vivado.pb -notrace -source StreamingDataflowPartition_0_wrapper.tcl


****** Vivado v2020.1.1 (64-bit)
  **** SW Build 2960000 on Wed Aug  5 22:57:21 MDT 2020
  **** IP Build 2956692 on Thu Aug  6 01:41:30 MDT 2020
    ** Copyright 1986-2020 Xilinx, Inc. All Rights Reserved.

source StreamingDataflowPartition_0_wrapper.tcl -notrace
INFO: [IP_Flow 19-234] Refreshing IP repositories
INFO: [IP_Flow 19-1700] Loaded user IP repository '/workspace/finn/finn-rtllib/memstream'.
INFO: [IP_Flow 19-1700] Loaded user IP repository '/home/grgov/Diplomski_rad/finn_modified_docker_output_dir/code_gen_ipgen_StreamingDataflowPartition_0_IODMA_0_bh67u2ww/project_StreamingDataflowPartition_0_IODMA_0/sol1/impl/ip'.
INFO: [IP_Flow 19-2313] Loaded Vivado IP repository '/tools/Xilinx/Vivado/2020.1/data/ip'.
Command: synth_design -top StreamingDataflowPartition_0_wrapper -part xc7z020clg400-1 -mode out_of_context
Starting synth_design
Attempting to get a license for feature 'Synthesis' and/or device 'xc7z020'
INFO: [Common 17-349] Got license for feature 'Synthesis' and/or device 'xc7z020'
INFO: [Device 21-403] Loading part xc7z020clg400-1
INFO: [Synth 8-7079] Multithreading enabled for synth_design using a maximum of 4 processes.
INFO: [Synth 8-7078] Launching helper process for spawning children vivado processes
INFO: [Synth 8-7075] Helper process launched with PID 8789
---------------------------------------------------------------------------------
Starting RTL Elaboration : Time (s): cpu = 00:00:04 ; elapsed = 00:00:05 . Memory (MB): peak = 2151.465 ; gain = 5.914 ; free physical = 1862 ; free virtual = 41813
---------------------------------------------------------------------------------
INFO: [Synth 8-6157] synthesizing module 'StreamingDataflowPartition_0_wrapper' [/home/grgov/Diplomski_rad/finn_modified_docker_output_dir/vivado_stitch_proj_xajsc2lq/finn_vivado_stitch_proj.srcs/sources_1/bd/StreamingDataflowPartition_0/hdl/StreamingDataflowPartition_0_wrapper.v:12]
INFO: [Synth 8-6157] synthesizing module 'StreamingDataflowPartition_0' [/home/grgov/Diplomski_rad/finn_modified_docker_output_dir/vivado_stitch_proj_xajsc2lq/finn_vivado_stitch_proj.srcs/sources_1/bd/StreamingDataflowPartition_0/synth/StreamingDataflowPartition_0.v:13]
INFO: [Synth 8-6157] synthesizing module 'StreamingDataflowPartition_0_StreamingDataflowPartition_0_IODMA_0_0' [/workspace/Diplomski_rad/finn_modified_docker_output_dir/vivado_stitch_proj_xajsc2lq/finn_vivado_stitch_proj.runs/synth_1/.Xil/Vivado-8784-finn_dev_grgov/realtime/StreamingDataflowPartition_0_StreamingDataflowPartition_0_IODMA_0_0_stub.v:6]
INFO: [Synth 8-6155] done synthesizing module 'StreamingDataflowPartition_0_StreamingDataflowPartition_0_IODMA_0_0' (1#1) [/workspace/Diplomski_rad/finn_modified_docker_output_dir/vivado_stitch_proj_xajsc2lq/finn_vivado_stitch_proj.runs/synth_1/.Xil/Vivado-8784-finn_dev_grgov/realtime/StreamingDataflowPartition_0_StreamingDataflowPartition_0_IODMA_0_0_stub.v:6]
WARNING: [Synth 8-7071] port 'interrupt' of module 'StreamingDataflowPartition_0_StreamingDataflowPartition_0_IODMA_0_0' is unconnected for instance 'StreamingDataflowPartition_0_IODMA_0' [/home/grgov/Diplomski_rad/finn_modified_docker_output_dir/vivado_stitch_proj_xajsc2lq/finn_vivado_stitch_proj.srcs/sources_1/bd/StreamingDataflowPartition_0/synth/StreamingDataflowPartition_0.v:244]
WARNING: [Synth 8-7023] instance 'StreamingDataflowPartition_0_IODMA_0' of module 'StreamingDataflowPartition_0_StreamingDataflowPartition_0_IODMA_0_0' has 58 connections declared, but only 57 given [/home/grgov/Diplomski_rad/finn_modified_docker_output_dir/vivado_stitch_proj_xajsc2lq/finn_vivado_stitch_proj.srcs/sources_1/bd/StreamingDataflowPartition_0/synth/StreamingDataflowPartition_0.v:244]
INFO: [Synth 8-6155] done synthesizing module 'StreamingDataflowPartition_0' (2#1) [/home/grgov/Diplomski_rad/finn_modified_docker_output_dir/vivado_stitch_proj_xajsc2lq/finn_vivado_stitch_proj.srcs/sources_1/bd/StreamingDataflowPartition_0/synth/StreamingDataflowPartition_0.v:13]
INFO: [Synth 8-6155] done synthesizing module 'StreamingDataflowPartition_0_wrapper' (3#1) [/home/grgov/Diplomski_rad/finn_modified_docker_output_dir/vivado_stitch_proj_xajsc2lq/finn_vivado_stitch_proj.srcs/sources_1/bd/StreamingDataflowPartition_0/hdl/StreamingDataflowPartition_0_wrapper.v:12]
---------------------------------------------------------------------------------
Finished RTL Elaboration : Time (s): cpu = 00:00:05 ; elapsed = 00:00:07 . Memory (MB): peak = 2189.402 ; gain = 43.852 ; free physical = 1989 ; free virtual = 41941
---------------------------------------------------------------------------------
---------------------------------------------------------------------------------
Start Handling Custom Attributes
---------------------------------------------------------------------------------
---------------------------------------------------------------------------------
Finished Handling Custom Attributes : Time (s): cpu = 00:00:06 ; elapsed = 00:00:07 . Memory (MB): peak = 2204.246 ; gain = 58.695 ; free physical = 1986 ; free virtual = 41938
---------------------------------------------------------------------------------
---------------------------------------------------------------------------------
Finished RTL Optimization Phase 1 : Time (s): cpu = 00:00:06 ; elapsed = 00:00:07 . Memory (MB): peak = 2204.246 ; gain = 58.695 ; free physical = 1986 ; free virtual = 41938
---------------------------------------------------------------------------------
Netlist sorting complete. Time (s): cpu = 00:00:00 ; elapsed = 00:00:00 . Memory (MB): peak = 2204.246 ; gain = 0.000 ; free physical = 1979 ; free virtual = 41931
INFO: [Project 1-570] Preparing netlist for logic optimization

Processing XDC Constraints
Initializing timing engine
Parsing XDC File [/home/grgov/Diplomski_rad/finn_modified_docker_output_dir/vivado_stitch_proj_xajsc2lq/finn_vivado_stitch_proj.srcs/sources_1/bd/StreamingDataflowPartition_0/ip/StreamingDataflowPartition_0_StreamingDataflowPartition_0_IODMA_0_0/StreamingDataflowPartition_0_StreamingDataflowPartition_0_IODMA_0_0/StreamingDataflowPartition_0_StreamingDataflowPartition_0_IODMA_0_0_in_context.xdc] for cell 'StreamingDataflowPartition_0_i/StreamingDataflowPartition_0_IODMA_0'
Finished Parsing XDC File [/home/grgov/Diplomski_rad/finn_modified_docker_output_dir/vivado_stitch_proj_xajsc2lq/finn_vivado_stitch_proj.srcs/sources_1/bd/StreamingDataflowPartition_0/ip/StreamingDataflowPartition_0_StreamingDataflowPartition_0_IODMA_0_0/StreamingDataflowPartition_0_StreamingDataflowPartition_0_IODMA_0_0/StreamingDataflowPartition_0_StreamingDataflowPartition_0_IODMA_0_0_in_context.xdc] for cell 'StreamingDataflowPartition_0_i/StreamingDataflowPartition_0_IODMA_0'
Parsing XDC File [/workspace/Diplomski_rad/finn_modified_docker_output_dir/vivado_stitch_proj_xajsc2lq/finn_vivado_stitch_proj.runs/synth_1/dont_touch.xdc]
Finished Parsing XDC File [/workspace/Diplomski_rad/finn_modified_docker_output_dir/vivado_stitch_proj_xajsc2lq/finn_vivado_stitch_proj.runs/synth_1/dont_touch.xdc]
Completed Processing XDC Constraints

Netlist sorting complete. Time (s): cpu = 00:00:00 ; elapsed = 00:00:00 . Memory (MB): peak = 2292.059 ; gain = 0.000 ; free physical = 1900 ; free virtual = 41852
INFO: [Project 1-111] Unisim Transformation Summary:
No Unisim elements were transformed.

Constraint Validation Runtime : Time (s): cpu = 00:00:00.02 ; elapsed = 00:00:00.03 . Memory (MB): peak = 2292.059 ; gain = 0.000 ; free physical = 1900 ; free virtual = 41852
---------------------------------------------------------------------------------
Finished Constraint Validation : Time (s): cpu = 00:00:12 ; elapsed = 00:00:15 . Memory (MB): peak = 2292.059 ; gain = 146.508 ; free physical = 1944 ; free virtual = 41913
---------------------------------------------------------------------------------
---------------------------------------------------------------------------------
Start Loading Part and Timing Information
---------------------------------------------------------------------------------
Loading part: xc7z020clg400-1
---------------------------------------------------------------------------------
Finished Loading Part and Timing Information : Time (s): cpu = 00:00:12 ; elapsed = 00:00:15 . Memory (MB): peak = 2292.059 ; gain = 146.508 ; free physical = 1944 ; free virtual = 41913
---------------------------------------------------------------------------------
---------------------------------------------------------------------------------
Start Applying 'set_property' XDC Constraints
---------------------------------------------------------------------------------
Applied set_property DONT_TOUCH = true for StreamingDataflowPartition_0_i. (constraint file  auto generated constraint, line ).
Applied set_property DONT_TOUCH = true for StreamingDataflowPartition_0_i/StreamingDataflowPartition_0_IODMA_0. (constraint file  auto generated constraint, line ).
---------------------------------------------------------------------------------
Finished applying 'set_property' XDC Constraints : Time (s): cpu = 00:00:12 ; elapsed = 00:00:15 . Memory (MB): peak = 2292.059 ; gain = 146.508 ; free physical = 1944 ; free virtual = 41913
---------------------------------------------------------------------------------
---------------------------------------------------------------------------------
Finished RTL Optimization Phase 2 : Time (s): cpu = 00:00:12 ; elapsed = 00:00:15 . Memory (MB): peak = 2292.059 ; gain = 146.508 ; free physical = 1946 ; free virtual = 41916
---------------------------------------------------------------------------------
---------------------------------------------------------------------------------
Start RTL Component Statistics 
---------------------------------------------------------------------------------
Detailed RTL Component Info : 
---------------------------------------------------------------------------------
Finished RTL Component Statistics 
---------------------------------------------------------------------------------
---------------------------------------------------------------------------------
Start Part Resource Summary
---------------------------------------------------------------------------------
Part Resources:
DSPs: 220 (col length:60)
BRAMs: 280 (col length: RAMB18 60 RAMB36 30)
---------------------------------------------------------------------------------
Finished Part Resource Summary
---------------------------------------------------------------------------------
---------------------------------------------------------------------------------
Start Cross Boundary and Area Optimization
---------------------------------------------------------------------------------
---------------------------------------------------------------------------------
Finished Cross Boundary and Area Optimization : Time (s): cpu = 00:00:13 ; elapsed = 00:00:16 . Memory (MB): peak = 2292.059 ; gain = 146.508 ; free physical = 1936 ; free virtual = 41904
---------------------------------------------------------------------------------
---------------------------------------------------------------------------------
Start Applying XDC Timing Constraints
---------------------------------------------------------------------------------
---------------------------------------------------------------------------------
Finished Applying XDC Timing Constraints : Time (s): cpu = 00:00:19 ; elapsed = 00:00:23 . Memory (MB): peak = 2292.059 ; gain = 146.508 ; free physical = 1816 ; free virtual = 41787
---------------------------------------------------------------------------------
---------------------------------------------------------------------------------
Start Timing Optimization
---------------------------------------------------------------------------------
---------------------------------------------------------------------------------
Finished Timing Optimization : Time (s): cpu = 00:00:19 ; elapsed = 00:00:23 . Memory (MB): peak = 2292.059 ; gain = 146.508 ; free physical = 1816 ; free virtual = 41787
---------------------------------------------------------------------------------
---------------------------------------------------------------------------------
Start Technology Mapping
---------------------------------------------------------------------------------
---------------------------------------------------------------------------------
Finished Technology Mapping : Time (s): cpu = 00:00:19 ; elapsed = 00:00:23 . Memory (MB): peak = 2306.074 ; gain = 160.523 ; free physical = 1814 ; free virtual = 41786
---------------------------------------------------------------------------------
---------------------------------------------------------------------------------
Start IO Insertion
---------------------------------------------------------------------------------
---------------------------------------------------------------------------------
Start Flattening Before IO Insertion
---------------------------------------------------------------------------------
---------------------------------------------------------------------------------
Finished Flattening Before IO Insertion
---------------------------------------------------------------------------------
---------------------------------------------------------------------------------
Start Final Netlist Cleanup
---------------------------------------------------------------------------------
---------------------------------------------------------------------------------
Finished Final Netlist Cleanup
---------------------------------------------------------------------------------
---------------------------------------------------------------------------------
Finished IO Insertion : Time (s): cpu = 00:00:21 ; elapsed = 00:00:25 . Memory (MB): peak = 2312.012 ; gain = 166.461 ; free physical = 1831 ; free virtual = 41787
---------------------------------------------------------------------------------
---------------------------------------------------------------------------------
Start Renaming Generated Instances
---------------------------------------------------------------------------------
---------------------------------------------------------------------------------
Finished Renaming Generated Instances : Time (s): cpu = 00:00:21 ; elapsed = 00:00:25 . Memory (MB): peak = 2312.012 ; gain = 166.461 ; free physical = 1831 ; free virtual = 41787
---------------------------------------------------------------------------------
---------------------------------------------------------------------------------
Start Rebuilding User Hierarchy
---------------------------------------------------------------------------------
---------------------------------------------------------------------------------
Finished Rebuilding User Hierarchy : Time (s): cpu = 00:00:21 ; elapsed = 00:00:25 . Memory (MB): peak = 2312.012 ; gain = 166.461 ; free physical = 1831 ; free virtual = 41787
---------------------------------------------------------------------------------
---------------------------------------------------------------------------------
Start Renaming Generated Ports
---------------------------------------------------------------------------------
---------------------------------------------------------------------------------
Finished Renaming Generated Ports : Time (s): cpu = 00:00:21 ; elapsed = 00:00:25 . Memory (MB): peak = 2312.012 ; gain = 166.461 ; free physical = 1831 ; free virtual = 41787
---------------------------------------------------------------------------------
---------------------------------------------------------------------------------
Start Handling Custom Attributes
---------------------------------------------------------------------------------
---------------------------------------------------------------------------------
Finished Handling Custom Attributes : Time (s): cpu = 00:00:21 ; elapsed = 00:00:25 . Memory (MB): peak = 2312.012 ; gain = 166.461 ; free physical = 1831 ; free virtual = 41787
---------------------------------------------------------------------------------
---------------------------------------------------------------------------------
Start Renaming Generated Nets
---------------------------------------------------------------------------------
---------------------------------------------------------------------------------
Finished Renaming Generated Nets : Time (s): cpu = 00:00:21 ; elapsed = 00:00:25 . Memory (MB): peak = 2312.012 ; gain = 166.461 ; free physical = 1831 ; free virtual = 41787
---------------------------------------------------------------------------------
---------------------------------------------------------------------------------
Start Writing Synthesis Report
---------------------------------------------------------------------------------

Report BlackBoxes: 
+------+--------------------------------------------------------------------+----------+
|      |BlackBox name                                                       |Instances |
+------+--------------------------------------------------------------------+----------+
|1     |StreamingDataflowPartition_0_StreamingDataflowPartition_0_IODMA_0_0 |         1|
+------+--------------------------------------------------------------------+----------+

Report Cell Usage: 
+------+------------------------------------------------------------------+------+
|      |Cell                                                              |Count |
+------+------------------------------------------------------------------+------+
|1     |StreamingDataflowPartition_0_StreamingDataflowPartition_0_IODMA_0 |     1|
+------+------------------------------------------------------------------+------+
---------------------------------------------------------------------------------
Finished Writing Synthesis Report : Time (s): cpu = 00:00:21 ; elapsed = 00:00:25 . Memory (MB): peak = 2312.012 ; gain = 166.461 ; free physical = 1831 ; free virtual = 41787
---------------------------------------------------------------------------------
Synthesis finished with 0 errors, 0 critical warnings and 0 warnings.
Synthesis Optimization Runtime : Time (s): cpu = 00:00:20 ; elapsed = 00:00:23 . Memory (MB): peak = 2312.012 ; gain = 78.648 ; free physical = 1889 ; free virtual = 41844
Synthesis Optimization Complete : Time (s): cpu = 00:00:21 ; elapsed = 00:00:25 . Memory (MB): peak = 2312.020 ; gain = 166.461 ; free physical = 1889 ; free virtual = 41844
INFO: [Project 1-571] Translating synthesized netlist
Netlist sorting complete. Time (s): cpu = 00:00:00 ; elapsed = 00:00:00.01 . Memory (MB): peak = 2312.020 ; gain = 0.000 ; free physical = 1884 ; free virtual = 41840
INFO: [Project 1-570] Preparing netlist for logic optimization
INFO: [Opt 31-138] Pushed 0 inverter(s) to 0 load pin(s).
Netlist sorting complete. Time (s): cpu = 00:00:00 ; elapsed = 00:00:00 . Memory (MB): peak = 2320.918 ; gain = 0.000 ; free physical = 1903 ; free virtual = 41858
INFO: [Project 1-111] Unisim Transformation Summary:
No Unisim elements were transformed.

INFO: [Common 17-83] Releasing license: Synthesis
22 Infos, 2 Warnings, 0 Critical Warnings and 0 Errors encountered.
synth_design completed successfully
synth_design: Time (s): cpu = 00:00:32 ; elapsed = 00:00:33 . Memory (MB): peak = 2320.918 ; gain = 175.391 ; free physical = 2032 ; free virtual = 41988
INFO: [Common 17-1381] The checkpoint '/workspace/Diplomski_rad/finn_modified_docker_output_dir/vivado_stitch_proj_xajsc2lq/finn_vivado_stitch_proj.runs/synth_1/StreamingDataflowPartition_0_wrapper.dcp' has been generated.
INFO: [runtcl-4] Executing : report_utilization -file StreamingDataflowPartition_0_wrapper_utilization_synth.rpt -pb StreamingDataflowPartition_0_wrapper_utilization_synth.pb
INFO: [Common 17-206] Exiting Vivado at Sat Jan 30 17:36:36 2021...
