
****** Vivado(TM) HLS - High-Level Synthesis from C, C++ and SystemC v2020.1.1 (64-bit)
  **** SW Build 2960000 on Wed Aug  5 22:57:21 MDT 2020
  **** IP Build 2956692 on Thu Aug  6 01:41:30 MDT 2020
    ** Copyright 1986-2020 Xilinx, Inc. All Rights Reserved.

source /tools/Xilinx/Vivado/2020.1/scripts/vivado_hls/hls.tcl -notrace
INFO: [HLS 200-10] Running '/tools/Xilinx/Vivado/2020.1/bin/unwrapped/lnx64.o/vivado_hls'
INFO: [HLS 200-10] For user 'grgov' on host 'finn_dev_grgov' (Linux_x86_64 version 5.8.0-41-generic) on Sat Jan 30 13:14:48 +0000 2021
INFO: [HLS 200-10] In directory '/workspace/Diplomski_rad/finn_modified_docker_output_dir/code_gen_ipgen_Thresholding_Batch_2_0eb7bn2y'
Sourcing Tcl script '/home/grgov/Diplomski_rad/finn_modified_docker_output_dir/code_gen_ipgen_Thresholding_Batch_2_0eb7bn2y/hls_syn_Thresholding_Batch_2.tcl'
HLS project: project_Thresholding_Batch_2
HW source dir: /home/grgov/Diplomski_rad/finn_modified_docker_output_dir/code_gen_ipgen_Thresholding_Batch_2_0eb7bn2y
INFO: [HLS 200-10] Creating and opening project '/workspace/Diplomski_rad/finn_modified_docker_output_dir/code_gen_ipgen_Thresholding_Batch_2_0eb7bn2y/project_Thresholding_Batch_2'.
INFO: [HLS 200-10] Adding design file '/home/grgov/Diplomski_rad/finn_modified_docker_output_dir/code_gen_ipgen_Thresholding_Batch_2_0eb7bn2y/top_Thresholding_Batch_2.cpp' to the project
INFO: [HLS 200-10] Creating and opening solution '/workspace/Diplomski_rad/finn_modified_docker_output_dir/code_gen_ipgen_Thresholding_Batch_2_0eb7bn2y/project_Thresholding_Batch_2/sol1'.
INFO: [HLS 200-10] Setting target device to 'xc7z020-clg400-1'
WARNING: [XFORM 203-506] Disable code size check when do loop unroll.
WARNING: [ANALYSIS 214-1] Skip long-run-time warning caused by lots of load/store instructions.
WARNING: [HLS 200-483] The 'config_rtl -auto_prefix' command is deprecated and will be removed in a future release. Use 'config_rtl -module_auto_prefix' as its replacement.
INFO: [SYN 201-201] Setting up clock 'default' with a period of 10ns.
INFO: [SCHED 204-61] Option 'relax_ii_for_timing' is enabled, will increase II to preserve clock frequency constraints.
INFO: [HLS 200-10] Analyzing design file '/home/grgov/Diplomski_rad/finn_modified_docker_output_dir/code_gen_ipgen_Thresholding_Batch_2_0eb7bn2y/top_Thresholding_Batch_2.cpp' ... 
INFO: [HLS 200-111] Finished Linking Time (s): cpu = 00:00:33 ; elapsed = 00:01:01 . Memory (MB): peak = 1661.020 ; gain = 1227.777 ; free physical = 3488 ; free virtual = 42769
INFO: [HLS 200-111] Finished Checking Pragmas Time (s): cpu = 00:00:33 ; elapsed = 00:01:01 . Memory (MB): peak = 1661.020 ; gain = 1227.777 ; free physical = 3488 ; free virtual = 42769
INFO: [HLS 200-10] Starting code transformations ...
INFO: [HLS 200-489] Unrolling loop 'Loop-1.1' (/workspace/finn-hlslib/activations.hpp:228) in function 'void Thresholding_Batch<28u, 64u, 1u, Slice<ap_int<16>, 16u>, Slice<ap_int<4>, 4u>, ap_uint<16>, ap_uint<4>, ThresholdsActivation<64u, 1u, 14u, ap_int<18>, ap_int<4>, -7, std::less_equal<ap_int<18> > > >(hls::stream<FORWARD_REFERENCE, 0>&, hls::stream<FORWARD_REFERENCE, 0>&, FORWARD_REFERENCE const&, int)' completely with a factor of 1.
INFO: [XFORM 203-603] Inlining function 'Slice<ap_int<4>, 4u>::operator()<ap_uint<4> >' into 'Thresholding_Batch<28u, 64u, 1u, Slice<ap_int<16>, 16u>, Slice<ap_int<4>, 4u>, ap_uint<16>, ap_uint<4>, ThresholdsActivation<64u, 1u, 14u, ap_int<18>, ap_int<4>, -7, std::less_equal<ap_int<18> > > >' (/workspace/finn-hlslib/activations.hpp:227).
INFO: [XFORM 203-603] Inlining function 'Slice<ap_int<16>, 16u>::operator()<ap_uint<16> >' into 'Thresholding_Batch<28u, 64u, 1u, Slice<ap_int<16>, 16u>, Slice<ap_int<4>, 4u>, ap_uint<16>, ap_uint<4>, ThresholdsActivation<64u, 1u, 14u, ap_int<18>, ap_int<4>, -7, std::less_equal<ap_int<18> > > >' (/workspace/finn-hlslib/activations.hpp:231).
INFO: [XFORM 203-603] Inlining function 'Slice<ap_int<4>, 4u>::Container<ap_uint<4> >::operator()' into 'Thresholding_Batch<28u, 64u, 1u, Slice<ap_int<16>, 16u>, Slice<ap_int<4>, 4u>, ap_uint<16>, ap_uint<4>, ThresholdsActivation<64u, 1u, 14u, ap_int<18>, ap_int<4>, -7, std::less_equal<ap_int<18> > > >' (/workspace/finn-hlslib/activations.hpp:232).
INFO: [XFORM 203-603] Inlining function 'Slice<ap_int<16>, 16u>::Container<ap_uint<16> >::operator()' into 'Thresholding_Batch<28u, 64u, 1u, Slice<ap_int<16>, 16u>, Slice<ap_int<4>, 4u>, ap_uint<16>, ap_uint<4>, ThresholdsActivation<64u, 1u, 14u, ap_int<18>, ap_int<4>, -7, std::less_equal<ap_int<18> > > >' (/workspace/finn-hlslib/activations.hpp:232).
INFO: [XFORM 203-603] Inlining function 'ThresholdsActivation<64u, 1u, 14u, ap_int<18>, ap_int<4>, -7, std::less_equal<ap_int<18> > >::activate' into 'Thresholding_Batch<28u, 64u, 1u, Slice<ap_int<16>, 16u>, Slice<ap_int<4>, 4u>, ap_uint<16>, ap_uint<4>, ThresholdsActivation<64u, 1u, 14u, ap_int<18>, ap_int<4>, -7, std::less_equal<ap_int<18> > > >' (/workspace/finn-hlslib/activations.hpp:232).
INFO: [XFORM 203-603] Inlining function 'Slice<ap_int<4>, 4u>::Container<ap_uint<4> >::operator ap_uint<4> const&' into 'Thresholding_Batch<28u, 64u, 1u, Slice<ap_int<16>, 16u>, Slice<ap_int<4>, 4u>, ap_uint<16>, ap_uint<4>, ThresholdsActivation<64u, 1u, 14u, ap_int<18>, ap_int<4>, -7, std::less_equal<ap_int<18> > > >' (/workspace/finn-hlslib/activations.hpp:234).
INFO: [HLS 200-111] Finished Standard Transforms Time (s): cpu = 00:00:35 ; elapsed = 00:01:03 . Memory (MB): peak = 1661.020 ; gain = 1227.777 ; free physical = 3346 ; free virtual = 42626
INFO: [HLS 200-10] Checking synthesizability ...
INFO: [XFORM 203-602] Inlining function 'Caster<ap_int<16> >::cast<16>' into 'Thresholding_Batch<28u, 64u, 1u, Slice<ap_int<16>, 16u>, Slice<ap_int<4>, 4u>, ap_uint<16>, ap_uint<4>, ThresholdsActivation<64u, 1u, 14u, ap_int<18>, ap_int<4>, -7, std::less_equal<ap_int<18> > > >' (/workspace/finn-hlslib/interpret.hpp:216->/workspace/finn-hlslib/activations.hpp:232) automatically.
INFO: [XFORM 203-602] Inlining function 'std::less_equal<ap_int<18> >::operator()' into 'Thresholding_Batch<28u, 64u, 1u, Slice<ap_int<16>, 16u>, Slice<ap_int<4>, 4u>, ap_uint<16>, ap_uint<4>, ThresholdsActivation<64u, 1u, 14u, ap_int<18>, ap_int<4>, -7, std::less_equal<ap_int<18> > > >' (/workspace/finn-hlslib/activations.hpp:142->/workspace/finn-hlslib/activations.hpp:232) automatically.
INFO: [HLS 200-111] Finished Checking Synthesizability Time (s): cpu = 00:00:35 ; elapsed = 00:01:03 . Memory (MB): peak = 1661.020 ; gain = 1227.777 ; free physical = 3316 ; free virtual = 42599
INFO: [XFORM 203-502] Unrolling all sub-loops inside loop 'Loop-1' (/workspace/finn-hlslib/activations.hpp:221) in function 'Thresholding_Batch<28u, 64u, 1u, Slice<ap_int<16>, 16u>, Slice<ap_int<4>, 4u>, ap_uint<16>, ap_uint<4>, ThresholdsActivation<64u, 1u, 14u, ap_int<18>, ap_int<4>, -7, std::less_equal<ap_int<18> > > >' for pipelining.
INFO: [HLS 200-489] Unrolling loop 'Loop-1.1' (/workspace/finn-hlslib/activations.hpp:140) in function 'Thresholding_Batch<28u, 64u, 1u, Slice<ap_int<16>, 16u>, Slice<ap_int<4>, 4u>, ap_uint<16>, ap_uint<4>, ThresholdsActivation<64u, 1u, 14u, ap_int<18>, ap_int<4>, -7, std::less_equal<ap_int<18> > > >' completely with a factor of 14.
INFO: [XFORM 203-101] Partitioning array 'threshs.m_thresholds.V'  in dimension 1 completely.
INFO: [XFORM 203-101] Partitioning array 'threshs.m_thresholds.V'  in dimension 3 completely.
INFO: [XFORM 203-602] Inlining function 'Caster<ap_int<16> >::cast<16>' into 'Thresholding_Batch<28u, 64u, 1u, Slice<ap_int<16>, 16u>, Slice<ap_int<4>, 4u>, ap_uint<16>, ap_uint<4>, ThresholdsActivation<64u, 1u, 14u, ap_int<18>, ap_int<4>, -7, std::less_equal<ap_int<18> > > >' (/workspace/finn-hlslib/interpret.hpp:216->/workspace/finn-hlslib/activations.hpp:232) automatically.
INFO: [XFORM 203-602] Inlining function 'std::less_equal<ap_int<18> >::operator()' into 'Thresholding_Batch<28u, 64u, 1u, Slice<ap_int<16>, 16u>, Slice<ap_int<4>, 4u>, ap_uint<16>, ap_uint<4>, ThresholdsActivation<64u, 1u, 14u, ap_int<18>, ap_int<4>, -7, std::less_equal<ap_int<18> > > >' (/workspace/finn-hlslib/activations.hpp:142->/workspace/finn-hlslib/activations.hpp:232) automatically.
INFO: [XFORM 203-11] Balancing expressions in function 'Thresholding_Batch<28u, 64u, 1u, Slice<ap_int<16>, 16u>, Slice<ap_int<4>, 4u>, ap_uint<16>, ap_uint<4>, ThresholdsActivation<64u, 1u, 14u, ap_int<18>, ap_int<4>, -7, std::less_equal<ap_int<18> > > >' (/workspace/finn-hlslib/activations.hpp:142:57)...13 expression(s) balanced.
INFO: [HLS 200-111] Finished Pre-synthesis Time (s): cpu = 00:00:36 ; elapsed = 00:01:04 . Memory (MB): peak = 1661.020 ; gain = 1227.777 ; free physical = 3279 ; free virtual = 42568
WARNING: [XFORM 203-631] Renaming function 'Thresholding_Batch<28u, 64u, 1u, Slice<ap_int<16>, 16u>, Slice<ap_int<4>, 4u>, ap_uint<16>, ap_uint<4>, ThresholdsActivation<64u, 1u, 14u, ap_int<18>, ap_int<4>, -7, std::less_equal<ap_int<18> > > >' to 'Thresholding_Batch' (/workspace/finn-hlslib/activations.hpp:137:57)
INFO: [HLS 200-111] Finished Architecture Synthesis Time (s): cpu = 00:00:36 ; elapsed = 00:01:04 . Memory (MB): peak = 1661.020 ; gain = 1227.777 ; free physical = 3253 ; free virtual = 42546
INFO: [HLS 200-10] Starting hardware synthesis ...
INFO: [HLS 200-10] Synthesizing 'Thresholding_Batch_2' ...
INFO: [HLS 200-10] ----------------------------------------------------------------
INFO: [HLS 200-42] -- Implementing module 'Thresholding_Batch' 
INFO: [HLS 200-10] ----------------------------------------------------------------
INFO: [SCHED 204-11] Starting scheduling ...
INFO: [SCHED 204-61] Pipelining loop 'Loop 1'.
INFO: [SCHED 204-61] Pipelining result : Target II = 1, Final II = 1, Depth = 3.
INFO: [SCHED 204-11] Finished scheduling.
INFO: [HLS 200-111]  Elapsed time: 64.19 seconds; current allocated memory: 174.536 MB.
INFO: [BIND 205-100] Starting micro-architecture generation ...
INFO: [BIND 205-101] Performing variable lifetime analysis.
INFO: [BIND 205-101] Exploring resource sharing.
INFO: [BIND 205-101] Binding ...
INFO: [BIND 205-100] Finished micro-architecture generation.
INFO: [HLS 200-111]  Elapsed time: 0.18 seconds; current allocated memory: 175.078 MB.
INFO: [HLS 200-10] ----------------------------------------------------------------
INFO: [HLS 200-42] -- Implementing module 'Thresholding_Batch_2' 
INFO: [HLS 200-10] ----------------------------------------------------------------
INFO: [SCHED 204-11] Starting scheduling ...
INFO: [SCHED 204-11] Finished scheduling.
INFO: [HLS 200-111]  Elapsed time: 0.25 seconds; current allocated memory: 175.187 MB.
INFO: [BIND 205-100] Starting micro-architecture generation ...
INFO: [BIND 205-101] Performing variable lifetime analysis.
INFO: [BIND 205-101] Exploring resource sharing.
INFO: [BIND 205-101] Binding ...
INFO: [BIND 205-100] Finished micro-architecture generation.
INFO: [HLS 200-111]  Elapsed time: 0.1 seconds; current allocated memory: 175.293 MB.
INFO: [HLS 200-10] ----------------------------------------------------------------
INFO: [HLS 200-10] -- Generating RTL for module 'Thresholding_Batch' 
INFO: [HLS 200-10] ----------------------------------------------------------------
INFO: [SYN 201-210] Renamed object name 'Thresholding_Batch_threshs_m_thresholds_13' to 'Thresholding_Batcbkb' due to the length limit 20
INFO: [SYN 201-210] Renamed object name 'Thresholding_Batch_threshs_m_thresholds_12' to 'Thresholding_Batccud' due to the length limit 20
INFO: [SYN 201-210] Renamed object name 'Thresholding_Batch_threshs_m_thresholds_7' to 'Thresholding_BatcdEe' due to the length limit 20
INFO: [SYN 201-210] Renamed object name 'Thresholding_Batch_threshs_m_thresholds_6' to 'Thresholding_BatceOg' due to the length limit 20
INFO: [SYN 201-210] Renamed object name 'Thresholding_Batch_threshs_m_thresholds_5' to 'Thresholding_BatcfYi' due to the length limit 20
INFO: [SYN 201-210] Renamed object name 'Thresholding_Batch_threshs_m_thresholds_4' to 'Thresholding_Batcg8j' due to the length limit 20
INFO: [SYN 201-210] Renamed object name 'Thresholding_Batch_threshs_m_thresholds_3' to 'Thresholding_Batchbi' due to the length limit 20
INFO: [SYN 201-210] Renamed object name 'Thresholding_Batch_threshs_m_thresholds_2' to 'Thresholding_Batcibs' due to the length limit 20
INFO: [SYN 201-210] Renamed object name 'Thresholding_Batch_threshs_m_thresholds_1' to 'Thresholding_BatcjbC' due to the length limit 20
INFO: [SYN 201-210] Renamed object name 'Thresholding_Batch_threshs_m_thresholds' to 'Thresholding_BatckbM' due to the length limit 20
INFO: [SYN 201-210] Renamed object name 'Thresholding_Batch_threshs_m_thresholds_11' to 'Thresholding_BatclbW' due to the length limit 20
INFO: [SYN 201-210] Renamed object name 'Thresholding_Batch_threshs_m_thresholds_10' to 'Thresholding_Batcmb6' due to the length limit 20
INFO: [SYN 201-210] Renamed object name 'Thresholding_Batch_threshs_m_thresholds_9' to 'Thresholding_Batcncg' due to the length limit 20
INFO: [SYN 201-210] Renamed object name 'Thresholding_Batch_threshs_m_thresholds_8' to 'Thresholding_Batcocq' due to the length limit 20
INFO: [RTGEN 206-100] Finished creating RTL model for 'Thresholding_Batch'.
INFO: [HLS 200-111]  Elapsed time: 0.27 seconds; current allocated memory: 176.301 MB.
INFO: [HLS 200-10] ----------------------------------------------------------------
INFO: [HLS 200-10] -- Generating RTL for module 'Thresholding_Batch_2' 
INFO: [HLS 200-10] ----------------------------------------------------------------
INFO: [RTGEN 206-500] Setting interface mode on port 'Thresholding_Batch_2/in0_V_V' to 'axis' (register, both mode).
INFO: [RTGEN 206-500] Setting interface mode on port 'Thresholding_Batch_2/out_V_V' to 'axis' (register, both mode).
INFO: [RTGEN 206-500] Setting interface mode on function 'Thresholding_Batch_2' to 'ap_ctrl_none'.
INFO: [RTGEN 206-100] Finished creating RTL model for 'Thresholding_Batch_2'.
INFO: [HLS 200-111]  Elapsed time: 0.56 seconds; current allocated memory: 178.651 MB.
INFO: [HLS 200-790] **** Loop Constraint Status: All loop constraints were satisfied.
INFO: [HLS 200-789] **** Estimated Fmax: 114.50 MHz
INFO: [RTMG 210-279] Implementing memory 'Thresholding_Batch_2_Thresholding_Batcbkb_rom' using distributed ROMs.
INFO: [RTMG 210-279] Implementing memory 'Thresholding_Batch_2_Thresholding_Batccud_rom' using distributed ROMs.
INFO: [RTMG 210-279] Implementing memory 'Thresholding_Batch_2_Thresholding_BatcdEe_rom' using distributed ROMs.
INFO: [RTMG 210-279] Implementing memory 'Thresholding_Batch_2_Thresholding_BatceOg_rom' using distributed ROMs.
INFO: [RTMG 210-279] Implementing memory 'Thresholding_Batch_2_Thresholding_BatcfYi_rom' using distributed ROMs.
INFO: [RTMG 210-279] Implementing memory 'Thresholding_Batch_2_Thresholding_Batcg8j_rom' using distributed ROMs.
INFO: [RTMG 210-279] Implementing memory 'Thresholding_Batch_2_Thresholding_Batchbi_rom' using distributed ROMs.
INFO: [RTMG 210-279] Implementing memory 'Thresholding_Batch_2_Thresholding_Batcibs_rom' using distributed ROMs.
INFO: [RTMG 210-279] Implementing memory 'Thresholding_Batch_2_Thresholding_BatcjbC_rom' using distributed ROMs.
INFO: [RTMG 210-279] Implementing memory 'Thresholding_Batch_2_Thresholding_BatckbM_rom' using distributed ROMs.
INFO: [RTMG 210-279] Implementing memory 'Thresholding_Batch_2_Thresholding_BatclbW_rom' using distributed ROMs.
INFO: [RTMG 210-279] Implementing memory 'Thresholding_Batch_2_Thresholding_Batcmb6_rom' using distributed ROMs.
INFO: [RTMG 210-279] Implementing memory 'Thresholding_Batch_2_Thresholding_Batcncg_rom' using distributed ROMs.
INFO: [RTMG 210-279] Implementing memory 'Thresholding_Batch_2_Thresholding_Batcocq_rom' using distributed ROMs.
INFO: [HLS 200-111] Finished generating all RTL models Time (s): cpu = 00:00:40 ; elapsed = 00:01:09 . Memory (MB): peak = 1661.020 ; gain = 1227.777 ; free physical = 3198 ; free virtual = 42504
INFO: [VHDL 208-304] Generating VHDL RTL for Thresholding_Batch_2 with prefix Thresholding_Batch_2_.
INFO: [VLOG 209-307] Generating Verilog RTL for Thresholding_Batch_2 with prefix Thresholding_Batch_2_.
INFO: [IMPL 213-8] Exporting RTL as a Vivado IP.

****** Vivado v2020.1.1 (64-bit)
  **** SW Build 2960000 on Wed Aug  5 22:57:21 MDT 2020
  **** IP Build 2956692 on Thu Aug  6 01:41:30 MDT 2020
    ** Copyright 1986-2020 Xilinx, Inc. All Rights Reserved.

source run_ippack.tcl -notrace
ipx::create_core: Time (s): cpu = 00:00:04 ; elapsed = 00:00:08 . Memory (MB): peak = 2079.438 ; gain = 4.055 ; free physical = 529 ; free virtual = 40202
INFO: [IP_Flow 19-234] Refreshing IP repositories
INFO: [IP_Flow 19-1704] No user IP repositories specified
INFO: [IP_Flow 19-2313] Loaded Vivado IP repository '/tools/Xilinx/Vivado/2020.1/data/ip'.
INFO: [Common 17-206] Exiting Vivado at Sat Jan 30 13:16:53 2021...
INFO: [HLS 200-112] Total elapsed time: 132.13 seconds; peak allocated memory: 178.651 MB.
INFO: [Common 17-206] Exiting vivado_hls at Sat Jan 30 13:16:57 2021...
