

================================================================
== Vivado HLS Report for 'Matrix_Vector_Activa'
================================================================
* Date:           Sat Jan 30 13:16:05 2021

* Version:        2020.1.1 (Build 2951007 on Wed Aug 05 23:24:06 MDT 2020)
* Project:        project_StreamingFCLayer_Batch_6
* Solution:       sol1
* Product family: zynq
* Target device:  xc7z020-clg400-1


================================================================
== Performance Estimates
================================================================
+ Timing: 
    * Summary: 
    +--------+----------+----------+------------+
    |  Clock |  Target  | Estimated| Uncertainty|
    +--------+----------+----------+------------+
    |ap_clk  | 10.00 ns | 8.336 ns |   1.25 ns  |
    +--------+----------+----------+------------+

+ Latency: 
    * Summary: 
    +---------+---------+-----------+-----------+------+------+---------+
    |  Latency (cycles) |   Latency (absolute)  |   Interval  | Pipeline|
    |   min   |   max   |    min    |    max    |  min |  max |   Type  |
    +---------+---------+-----------+-----------+------+------+---------+
    |     1794|     1794| 17.940 us | 17.940 us |  1794|  1794|   none  |
    +---------+---------+-----------+-----------+------+------+---------+

    + Detail: 
        * Instance: 
        N/A

        * Loop: 
        +----------+---------+---------+----------+-----------+-----------+------+----------+
        |          |  Latency (cycles) | Iteration|  Initiation Interval  | Trip |          |
        | Loop Name|   min   |   max   |  Latency |  achieved |   target  | Count| Pipelined|
        +----------+---------+---------+----------+-----------+-----------+------+----------+
        |- Loop 1  |     1792|     1792|         2|          1|          1|  1792|    yes   |
        +----------+---------+---------+----------+-----------+-----------+------+----------+



================================================================
== Utilization Estimates
================================================================
* Summary: 
+-----------------+---------+-------+--------+-------+-----+
|       Name      | BRAM_18K| DSP48E|   FF   |  LUT  | URAM|
+-----------------+---------+-------+--------+-------+-----+
|DSP              |        -|      -|       -|      -|    -|
|Expression       |        -|      -|       0|    276|    -|
|FIFO             |        -|      -|       -|      -|    -|
|Instance         |        -|      0|       0|   1410|    -|
|Memory           |        -|      -|       -|      -|    -|
|Multiplexer      |        -|      -|       -|    114|    -|
|Register         |        -|      -|    2162|      -|    -|
+-----------------+---------+-------+--------+-------+-----+
|Total            |        0|      0|    2162|   1800|    0|
+-----------------+---------+-------+--------+-------+-----+
|Available        |      280|    220|  106400|  53200|    0|
+-----------------+---------+-------+--------+-------+-----+
|Utilization (%)  |        0|      0|       2|      3|    0|
+-----------------+---------+-------+--------+-------+-----+

+ Detail: 
    * Instance: 
    +-------------------------+----------------------+---------+-------+---+------+-----+
    |         Instance        |        Module        | BRAM_18K| DSP48E| FF|  LUT | URAM|
    +-------------------------+----------------------+---------+-------+---+------+-----+
    |StreamingFCLayer_bkb_U1  |StreamingFCLayer_bkb  |        0|      0|  0|  1362|    0|
    |StreamingFCLayer_cud_U2  |StreamingFCLayer_cud  |        0|      0|  0|    24|    0|
    |StreamingFCLayer_cud_U3  |StreamingFCLayer_cud  |        0|      0|  0|    24|    0|
    +-------------------------+----------------------+---------+-------+---+------+-----+
    |Total                    |                      |        0|      0|  0|  1410|    0|
    +-------------------------+----------------------+---------+-------+---+------+-----+

    * DSP48E: 
    N/A

    * Memory: 
    N/A

    * FIFO: 
    N/A

    * Expression: 
    +----------------------------------+----------+-------+---+----+------------+------------+
    |           Variable Name          | Operation| DSP48E| FF| LUT| Bitwidth P0| Bitwidth P1|
    +----------------------------------+----------+-------+---+----+------------+------------+
    |add_ln700_fu_4861_p2              |     +    |      0|  0|  15|           9|           9|
    |i_fu_2171_p2                      |     +    |      0|  0|  13|          11|           1|
    |nf_fu_4886_p2                     |     +    |      0|  0|  39|          32|           1|
    |out_V_V_TDATA                     |     +    |      0|  0|  23|          16|          16|
    |sf_fu_4786_p2                     |     +    |      0|  0|  39|           1|          32|
    |ap_block_pp0_stage0_01001         |    and   |      0|  0|   2|           1|           1|
    |ap_block_state3_io                |    and   |      0|  0|   2|           1|           1|
    |ap_predicate_op540_read_state2    |    and   |      0|  0|   2|           1|           1|
    |icmp_ln248_fu_2165_p2             |   icmp   |      0|  0|  13|          11|          10|
    |icmp_ln252_fu_2180_p2             |   icmp   |      0|  0|  18|          32|           1|
    |icmp_ln271_fu_4766_p2             |   icmp   |      0|  0|  18|          32|           1|
    |icmp_ln289_fu_4792_p2             |   icmp   |      0|  0|  18|          32|           9|
    |icmp_ln301_fu_4892_p2             |   icmp   |      0|  0|  18|          32|           3|
    |ap_block_pp0_stage0_11001         |    or    |      0|  0|   2|           1|           1|
    |ap_block_state2_pp0_stage0_iter0  |    or    |      0|  0|   2|           1|           1|
    |nf_3_fu_4898_p3                   |  select  |      0|  0|  32|           1|           1|
    |res_V_fu_4806_p3                  |  select  |      0|  0|  16|           1|           1|
    |ap_enable_pp0                     |    xor   |      0|  0|   2|           1|           2|
    |ap_enable_reg_pp0_iter1           |    xor   |      0|  0|   2|           2|           1|
    +----------------------------------+----------+-------+---+----+------------+------------+
    |Total                             |          |      0|  0| 276|         218|          93|
    +----------------------------------+----------+-------+---+----+------------+------------+

    * Multiplexer: 
    +-------------------------------------------+----+-----------+-----+-----------+
    |                    Name                   | LUT| Input Size| Bits| Total Bits|
    +-------------------------------------------+----+-----------+-----+-----------+
    |ap_NS_fsm                                  |  21|          4|    1|          4|
    |ap_enable_reg_pp0_iter1                    |  15|          3|    1|          3|
    |ap_phi_reg_pp0_iter1_act_m_val_V_reg_1636  |  15|          3|    8|         24|
    |ap_sig_allocacmp_nf_2_load                 |   9|          2|   32|         64|
    |i_0_reg_1625                               |   9|          2|   11|         22|
    |in_V_V_TDATA_blk_n                         |   9|          2|    1|          2|
    |nf_2_fu_1602                               |   9|          2|   32|         64|
    |out_V_V_TDATA_blk_n                        |   9|          2|    1|          2|
    |sf_1_fu_574                                |   9|          2|   32|         64|
    |weight_V_V_TDATA_blk_n                     |   9|          2|    1|          2|
    +-------------------------------------------+----+-----------+-----+-----------+
    |Total                                      | 114|         24|  120|        251|
    +-------------------------------------------+----+-----------+-----+-----------+

    * Register: 
    +-------------------------------------------+----+----+-----+-----------+
    |                    Name                   | FF | LUT| Bits| Const Bits|
    +-------------------------------------------+----+----+-----+-----------+
    |ap_CS_fsm                                  |   3|   0|    3|          0|
    |ap_enable_reg_pp0_iter0                    |   1|   0|    1|          0|
    |ap_enable_reg_pp0_iter1                    |   1|   0|    1|          0|
    |ap_phi_reg_pp0_iter1_act_m_val_V_reg_1636  |   8|   0|    8|          0|
    |i_0_reg_1625                               |  11|   0|   11|          0|
    |icmp_ln271_reg_6751                        |   1|   0|    1|          0|
    |icmp_ln289_reg_6766                        |   1|   0|    1|          0|
    |nf_2_fu_1602                               |  32|   0|   32|          0|
    |p_Result_s_reg_6761                        |   4|   0|    4|          0|
    |sf_1_fu_574                                |  32|   0|   32|          0|
    |tmp_V_100_fu_970                           |   8|   0|    8|          0|
    |tmp_V_101_fu_974                           |   8|   0|    8|          0|
    |tmp_V_102_fu_978                           |   8|   0|    8|          0|
    |tmp_V_103_fu_982                           |   8|   0|    8|          0|
    |tmp_V_104_fu_986                           |   8|   0|    8|          0|
    |tmp_V_105_fu_990                           |   8|   0|    8|          0|
    |tmp_V_106_fu_994                           |   8|   0|    8|          0|
    |tmp_V_107_fu_998                           |   8|   0|    8|          0|
    |tmp_V_108_fu_1002                          |   8|   0|    8|          0|
    |tmp_V_109_fu_1006                          |   8|   0|    8|          0|
    |tmp_V_10_fu_610                            |   8|   0|    8|          0|
    |tmp_V_110_fu_1010                          |   8|   0|    8|          0|
    |tmp_V_111_fu_1014                          |   8|   0|    8|          0|
    |tmp_V_112_fu_1018                          |   8|   0|    8|          0|
    |tmp_V_113_fu_1022                          |   8|   0|    8|          0|
    |tmp_V_114_fu_1026                          |   8|   0|    8|          0|
    |tmp_V_115_fu_1030                          |   8|   0|    8|          0|
    |tmp_V_116_fu_1034                          |   8|   0|    8|          0|
    |tmp_V_117_fu_1038                          |   8|   0|    8|          0|
    |tmp_V_118_fu_1042                          |   8|   0|    8|          0|
    |tmp_V_119_fu_1046                          |   8|   0|    8|          0|
    |tmp_V_11_fu_614                            |   8|   0|    8|          0|
    |tmp_V_120_fu_1050                          |   8|   0|    8|          0|
    |tmp_V_121_fu_1054                          |   8|   0|    8|          0|
    |tmp_V_122_fu_1058                          |   8|   0|    8|          0|
    |tmp_V_123_fu_1062                          |   8|   0|    8|          0|
    |tmp_V_124_fu_1066                          |   8|   0|    8|          0|
    |tmp_V_125_fu_1070                          |   8|   0|    8|          0|
    |tmp_V_126_fu_1074                          |   8|   0|    8|          0|
    |tmp_V_127_fu_1078                          |   8|   0|    8|          0|
    |tmp_V_128_fu_1082                          |   8|   0|    8|          0|
    |tmp_V_129_fu_1086                          |   8|   0|    8|          0|
    |tmp_V_12_fu_618                            |   8|   0|    8|          0|
    |tmp_V_130_fu_1090                          |   8|   0|    8|          0|
    |tmp_V_131_fu_1094                          |   8|   0|    8|          0|
    |tmp_V_132_fu_1098                          |   8|   0|    8|          0|
    |tmp_V_133_fu_1102                          |   8|   0|    8|          0|
    |tmp_V_134_fu_1106                          |   8|   0|    8|          0|
    |tmp_V_135_fu_1110                          |   8|   0|    8|          0|
    |tmp_V_136_fu_1114                          |   8|   0|    8|          0|
    |tmp_V_137_fu_1118                          |   8|   0|    8|          0|
    |tmp_V_138_fu_1122                          |   8|   0|    8|          0|
    |tmp_V_139_fu_1126                          |   8|   0|    8|          0|
    |tmp_V_13_fu_622                            |   8|   0|    8|          0|
    |tmp_V_140_fu_1130                          |   8|   0|    8|          0|
    |tmp_V_141_fu_1134                          |   8|   0|    8|          0|
    |tmp_V_142_fu_1138                          |   8|   0|    8|          0|
    |tmp_V_143_fu_1142                          |   8|   0|    8|          0|
    |tmp_V_144_fu_1146                          |   8|   0|    8|          0|
    |tmp_V_145_fu_1150                          |   8|   0|    8|          0|
    |tmp_V_146_fu_1154                          |   8|   0|    8|          0|
    |tmp_V_147_fu_1158                          |   8|   0|    8|          0|
    |tmp_V_148_fu_1162                          |   8|   0|    8|          0|
    |tmp_V_149_fu_1166                          |   8|   0|    8|          0|
    |tmp_V_14_fu_626                            |   8|   0|    8|          0|
    |tmp_V_150_fu_1170                          |   8|   0|    8|          0|
    |tmp_V_151_fu_1174                          |   8|   0|    8|          0|
    |tmp_V_152_fu_1178                          |   8|   0|    8|          0|
    |tmp_V_153_fu_1182                          |   8|   0|    8|          0|
    |tmp_V_154_fu_1186                          |   8|   0|    8|          0|
    |tmp_V_155_fu_1190                          |   8|   0|    8|          0|
    |tmp_V_156_fu_1194                          |   8|   0|    8|          0|
    |tmp_V_157_fu_1198                          |   8|   0|    8|          0|
    |tmp_V_158_fu_1202                          |   8|   0|    8|          0|
    |tmp_V_159_fu_1206                          |   8|   0|    8|          0|
    |tmp_V_15_fu_630                            |   8|   0|    8|          0|
    |tmp_V_160_fu_1210                          |   8|   0|    8|          0|
    |tmp_V_161_fu_1214                          |   8|   0|    8|          0|
    |tmp_V_162_fu_1218                          |   8|   0|    8|          0|
    |tmp_V_163_fu_1222                          |   8|   0|    8|          0|
    |tmp_V_164_fu_1226                          |   8|   0|    8|          0|
    |tmp_V_165_fu_1230                          |   8|   0|    8|          0|
    |tmp_V_166_fu_1234                          |   8|   0|    8|          0|
    |tmp_V_167_fu_1238                          |   8|   0|    8|          0|
    |tmp_V_168_fu_1242                          |   8|   0|    8|          0|
    |tmp_V_169_fu_1246                          |   8|   0|    8|          0|
    |tmp_V_16_fu_634                            |   8|   0|    8|          0|
    |tmp_V_170_fu_1250                          |   8|   0|    8|          0|
    |tmp_V_171_fu_1254                          |   8|   0|    8|          0|
    |tmp_V_172_fu_1258                          |   8|   0|    8|          0|
    |tmp_V_173_fu_1262                          |   8|   0|    8|          0|
    |tmp_V_174_fu_1266                          |   8|   0|    8|          0|
    |tmp_V_175_fu_1270                          |   8|   0|    8|          0|
    |tmp_V_176_fu_1274                          |   8|   0|    8|          0|
    |tmp_V_177_fu_1278                          |   8|   0|    8|          0|
    |tmp_V_178_fu_1282                          |   8|   0|    8|          0|
    |tmp_V_179_fu_1286                          |   8|   0|    8|          0|
    |tmp_V_17_fu_638                            |   8|   0|    8|          0|
    |tmp_V_180_fu_1290                          |   8|   0|    8|          0|
    |tmp_V_181_fu_1294                          |   8|   0|    8|          0|
    |tmp_V_182_fu_1298                          |   8|   0|    8|          0|
    |tmp_V_183_fu_1302                          |   8|   0|    8|          0|
    |tmp_V_184_fu_1306                          |   8|   0|    8|          0|
    |tmp_V_185_fu_1310                          |   8|   0|    8|          0|
    |tmp_V_186_fu_1314                          |   8|   0|    8|          0|
    |tmp_V_187_fu_1318                          |   8|   0|    8|          0|
    |tmp_V_188_fu_1322                          |   8|   0|    8|          0|
    |tmp_V_189_fu_1326                          |   8|   0|    8|          0|
    |tmp_V_18_fu_642                            |   8|   0|    8|          0|
    |tmp_V_190_fu_1330                          |   8|   0|    8|          0|
    |tmp_V_191_fu_1334                          |   8|   0|    8|          0|
    |tmp_V_192_fu_1338                          |   8|   0|    8|          0|
    |tmp_V_193_fu_1342                          |   8|   0|    8|          0|
    |tmp_V_194_fu_1346                          |   8|   0|    8|          0|
    |tmp_V_195_fu_1350                          |   8|   0|    8|          0|
    |tmp_V_196_fu_1354                          |   8|   0|    8|          0|
    |tmp_V_197_fu_1358                          |   8|   0|    8|          0|
    |tmp_V_198_fu_1362                          |   8|   0|    8|          0|
    |tmp_V_199_fu_1366                          |   8|   0|    8|          0|
    |tmp_V_19_fu_646                            |   8|   0|    8|          0|
    |tmp_V_1_fu_578                             |   8|   0|    8|          0|
    |tmp_V_200_fu_1370                          |   8|   0|    8|          0|
    |tmp_V_201_fu_1374                          |   8|   0|    8|          0|
    |tmp_V_202_fu_1378                          |   8|   0|    8|          0|
    |tmp_V_203_fu_1382                          |   8|   0|    8|          0|
    |tmp_V_204_fu_1386                          |   8|   0|    8|          0|
    |tmp_V_205_fu_1390                          |   8|   0|    8|          0|
    |tmp_V_206_fu_1394                          |   8|   0|    8|          0|
    |tmp_V_207_fu_1398                          |   8|   0|    8|          0|
    |tmp_V_208_fu_1402                          |   8|   0|    8|          0|
    |tmp_V_209_fu_1406                          |   8|   0|    8|          0|
    |tmp_V_20_fu_650                            |   8|   0|    8|          0|
    |tmp_V_210_fu_1410                          |   8|   0|    8|          0|
    |tmp_V_211_fu_1414                          |   8|   0|    8|          0|
    |tmp_V_212_fu_1418                          |   8|   0|    8|          0|
    |tmp_V_213_fu_1422                          |   8|   0|    8|          0|
    |tmp_V_214_fu_1426                          |   8|   0|    8|          0|
    |tmp_V_215_fu_1430                          |   8|   0|    8|          0|
    |tmp_V_216_fu_1434                          |   8|   0|    8|          0|
    |tmp_V_217_fu_1438                          |   8|   0|    8|          0|
    |tmp_V_218_fu_1442                          |   8|   0|    8|          0|
    |tmp_V_219_fu_1446                          |   8|   0|    8|          0|
    |tmp_V_21_fu_654                            |   8|   0|    8|          0|
    |tmp_V_220_fu_1450                          |   8|   0|    8|          0|
    |tmp_V_221_fu_1454                          |   8|   0|    8|          0|
    |tmp_V_222_fu_1458                          |   8|   0|    8|          0|
    |tmp_V_223_fu_1462                          |   8|   0|    8|          0|
    |tmp_V_224_fu_1466                          |   8|   0|    8|          0|
    |tmp_V_225_fu_1470                          |   8|   0|    8|          0|
    |tmp_V_226_fu_1474                          |   8|   0|    8|          0|
    |tmp_V_227_fu_1478                          |   8|   0|    8|          0|
    |tmp_V_228_fu_1482                          |   8|   0|    8|          0|
    |tmp_V_229_fu_1486                          |   8|   0|    8|          0|
    |tmp_V_22_fu_658                            |   8|   0|    8|          0|
    |tmp_V_230_fu_1490                          |   8|   0|    8|          0|
    |tmp_V_231_fu_1494                          |   8|   0|    8|          0|
    |tmp_V_232_fu_1498                          |   8|   0|    8|          0|
    |tmp_V_233_fu_1502                          |   8|   0|    8|          0|
    |tmp_V_234_fu_1506                          |   8|   0|    8|          0|
    |tmp_V_235_fu_1510                          |   8|   0|    8|          0|
    |tmp_V_236_fu_1514                          |   8|   0|    8|          0|
    |tmp_V_237_fu_1518                          |   8|   0|    8|          0|
    |tmp_V_238_fu_1522                          |   8|   0|    8|          0|
    |tmp_V_239_fu_1526                          |   8|   0|    8|          0|
    |tmp_V_23_fu_662                            |   8|   0|    8|          0|
    |tmp_V_240_fu_1530                          |   8|   0|    8|          0|
    |tmp_V_241_fu_1534                          |   8|   0|    8|          0|
    |tmp_V_242_fu_1538                          |   8|   0|    8|          0|
    |tmp_V_243_fu_1542                          |   8|   0|    8|          0|
    |tmp_V_244_fu_1546                          |   8|   0|    8|          0|
    |tmp_V_245_fu_1550                          |   8|   0|    8|          0|
    |tmp_V_246_fu_1554                          |   8|   0|    8|          0|
    |tmp_V_247_fu_1558                          |   8|   0|    8|          0|
    |tmp_V_248_fu_1562                          |   8|   0|    8|          0|
    |tmp_V_249_fu_1566                          |   8|   0|    8|          0|
    |tmp_V_24_fu_666                            |   8|   0|    8|          0|
    |tmp_V_250_fu_1570                          |   8|   0|    8|          0|
    |tmp_V_251_fu_1574                          |   8|   0|    8|          0|
    |tmp_V_252_fu_1578                          |   8|   0|    8|          0|
    |tmp_V_253_fu_1582                          |   8|   0|    8|          0|
    |tmp_V_254_fu_1586                          |   8|   0|    8|          0|
    |tmp_V_255_fu_1590                          |   8|   0|    8|          0|
    |tmp_V_256_fu_1594                          |   8|   0|    8|          0|
    |tmp_V_257_fu_1598                          |   8|   0|    8|          0|
    |tmp_V_25_fu_670                            |   8|   0|    8|          0|
    |tmp_V_26_fu_674                            |   8|   0|    8|          0|
    |tmp_V_27_fu_678                            |   8|   0|    8|          0|
    |tmp_V_28_fu_682                            |   8|   0|    8|          0|
    |tmp_V_29_fu_686                            |   8|   0|    8|          0|
    |tmp_V_2_fu_582                             |   8|   0|    8|          0|
    |tmp_V_30_fu_690                            |   8|   0|    8|          0|
    |tmp_V_31_fu_694                            |   8|   0|    8|          0|
    |tmp_V_32_fu_698                            |   8|   0|    8|          0|
    |tmp_V_33_fu_702                            |   8|   0|    8|          0|
    |tmp_V_34_fu_706                            |   8|   0|    8|          0|
    |tmp_V_35_fu_710                            |   8|   0|    8|          0|
    |tmp_V_36_fu_714                            |   8|   0|    8|          0|
    |tmp_V_37_fu_718                            |   8|   0|    8|          0|
    |tmp_V_38_fu_722                            |   8|   0|    8|          0|
    |tmp_V_39_fu_726                            |   8|   0|    8|          0|
    |tmp_V_40_fu_730                            |   8|   0|    8|          0|
    |tmp_V_41_fu_734                            |   8|   0|    8|          0|
    |tmp_V_42_fu_738                            |   8|   0|    8|          0|
    |tmp_V_43_fu_742                            |   8|   0|    8|          0|
    |tmp_V_44_fu_746                            |   8|   0|    8|          0|
    |tmp_V_45_fu_750                            |   8|   0|    8|          0|
    |tmp_V_46_fu_754                            |   8|   0|    8|          0|
    |tmp_V_47_fu_758                            |   8|   0|    8|          0|
    |tmp_V_48_fu_762                            |   8|   0|    8|          0|
    |tmp_V_49_fu_766                            |   8|   0|    8|          0|
    |tmp_V_4_fu_586                             |   8|   0|    8|          0|
    |tmp_V_50_fu_770                            |   8|   0|    8|          0|
    |tmp_V_51_fu_774                            |   8|   0|    8|          0|
    |tmp_V_52_fu_778                            |   8|   0|    8|          0|
    |tmp_V_53_fu_782                            |   8|   0|    8|          0|
    |tmp_V_54_fu_786                            |   8|   0|    8|          0|
    |tmp_V_55_fu_790                            |   8|   0|    8|          0|
    |tmp_V_56_fu_794                            |   8|   0|    8|          0|
    |tmp_V_57_fu_798                            |   8|   0|    8|          0|
    |tmp_V_58_fu_802                            |   8|   0|    8|          0|
    |tmp_V_59_fu_806                            |   8|   0|    8|          0|
    |tmp_V_5_fu_590                             |   8|   0|    8|          0|
    |tmp_V_60_fu_810                            |   8|   0|    8|          0|
    |tmp_V_61_fu_814                            |   8|   0|    8|          0|
    |tmp_V_62_fu_818                            |   8|   0|    8|          0|
    |tmp_V_63_fu_822                            |   8|   0|    8|          0|
    |tmp_V_64_fu_826                            |   8|   0|    8|          0|
    |tmp_V_65_fu_830                            |   8|   0|    8|          0|
    |tmp_V_66_fu_834                            |   8|   0|    8|          0|
    |tmp_V_67_fu_838                            |   8|   0|    8|          0|
    |tmp_V_68_fu_842                            |   8|   0|    8|          0|
    |tmp_V_69_fu_846                            |   8|   0|    8|          0|
    |tmp_V_6_fu_594                             |   8|   0|    8|          0|
    |tmp_V_70_fu_850                            |   8|   0|    8|          0|
    |tmp_V_71_fu_854                            |   8|   0|    8|          0|
    |tmp_V_72_fu_858                            |   8|   0|    8|          0|
    |tmp_V_73_fu_862                            |   8|   0|    8|          0|
    |tmp_V_74_fu_866                            |   8|   0|    8|          0|
    |tmp_V_75_fu_870                            |   8|   0|    8|          0|
    |tmp_V_76_fu_874                            |   8|   0|    8|          0|
    |tmp_V_77_fu_878                            |   8|   0|    8|          0|
    |tmp_V_78_fu_882                            |   8|   0|    8|          0|
    |tmp_V_79_fu_886                            |   8|   0|    8|          0|
    |tmp_V_7_fu_598                             |   8|   0|    8|          0|
    |tmp_V_80_fu_890                            |   8|   0|    8|          0|
    |tmp_V_81_fu_894                            |   8|   0|    8|          0|
    |tmp_V_82_fu_898                            |   8|   0|    8|          0|
    |tmp_V_83_fu_902                            |   8|   0|    8|          0|
    |tmp_V_84_fu_906                            |   8|   0|    8|          0|
    |tmp_V_85_fu_910                            |   8|   0|    8|          0|
    |tmp_V_86_fu_914                            |   8|   0|    8|          0|
    |tmp_V_87_fu_918                            |   8|   0|    8|          0|
    |tmp_V_88_fu_922                            |   8|   0|    8|          0|
    |tmp_V_89_fu_926                            |   8|   0|    8|          0|
    |tmp_V_8_fu_602                             |   8|   0|    8|          0|
    |tmp_V_90_fu_930                            |   8|   0|    8|          0|
    |tmp_V_91_fu_934                            |   8|   0|    8|          0|
    |tmp_V_92_fu_938                            |   8|   0|    8|          0|
    |tmp_V_93_fu_942                            |   8|   0|    8|          0|
    |tmp_V_94_fu_946                            |   8|   0|    8|          0|
    |tmp_V_95_fu_950                            |   8|   0|    8|          0|
    |tmp_V_96_fu_954                            |   8|   0|    8|          0|
    |tmp_V_97_fu_958                            |   8|   0|    8|          0|
    |tmp_V_98_fu_962                            |   8|   0|    8|          0|
    |tmp_V_99_fu_966                            |   8|   0|    8|          0|
    |tmp_V_9_fu_606                             |   8|   0|    8|          0|
    |tmp_V_fu_570                               |  16|   0|   16|          0|
    |trunc_ln647_reg_6756                       |   4|   0|    4|          0|
    +-------------------------------------------+----+----+-----+-----------+
    |Total                                      |2162|   0| 2162|          0|
    +-------------------------------------------+----+----+-----+-----------+



================================================================
== Interface
================================================================
* Summary: 
+-------------------+-----+-----+------------+----------------------+--------------+
|     RTL Ports     | Dir | Bits|  Protocol  |     Source Object    |    C Type    |
+-------------------+-----+-----+------------+----------------------+--------------+
|ap_clk             |  in |    1| ap_ctrl_hs | Matrix_Vector_Activa | return value |
|ap_rst             |  in |    1| ap_ctrl_hs | Matrix_Vector_Activa | return value |
|ap_start           |  in |    1| ap_ctrl_hs | Matrix_Vector_Activa | return value |
|ap_done            | out |    1| ap_ctrl_hs | Matrix_Vector_Activa | return value |
|ap_idle            | out |    1| ap_ctrl_hs | Matrix_Vector_Activa | return value |
|ap_ready           | out |    1| ap_ctrl_hs | Matrix_Vector_Activa | return value |
|in_V_V_TDATA       |  in |    8|    axis    |        in_V_V        |    pointer   |
|in_V_V_TVALID      |  in |    1|    axis    |        in_V_V        |    pointer   |
|in_V_V_TREADY      | out |    1|    axis    |        in_V_V        |    pointer   |
|out_V_V_TDATA      | out |   16|    axis    |        out_V_V       |    pointer   |
|out_V_V_TVALID     | out |    1|    axis    |        out_V_V       |    pointer   |
|out_V_V_TREADY     |  in |    1|    axis    |        out_V_V       |    pointer   |
|weight_V_V_TDATA   |  in |    8|    axis    |      weight_V_V      |    pointer   |
|weight_V_V_TVALID  |  in |    1|    axis    |      weight_V_V      |    pointer   |
|weight_V_V_TREADY  | out |    1|    axis    |      weight_V_V      |    pointer   |
+-------------------+-----+-----+------------+----------------------+--------------+

