

================================================================
== Vivado HLS Report for 'Matrix_Vector_Activa'
================================================================
* Date:           Sat Jan 30 15:27:22 2021

* Version:        2020.1.1 (Build 2951007 on Wed Aug 05 23:24:06 MDT 2020)
* Project:        project_StreamingFCLayer_Batch_5
* Solution:       sol1
* Product family: zynq
* Target device:  xc7z020-clg400-1


================================================================
== Performance Estimates
================================================================
+ Timing: 
    * Summary: 
    +--------+----------+----------+------------+
    |  Clock |  Target  | Estimated| Uncertainty|
    +--------+----------+----------+------------+
    |ap_clk  | 10.00 ns | 8.042 ns |   1.25 ns  |
    +--------+----------+----------+------------+

+ Latency: 
    * Summary: 
    +---------+---------+-----------+-----------+---------+---------+---------+
    |  Latency (cycles) |   Latency (absolute)  |      Interval     | Pipeline|
    |   min   |   max   |    min    |    max    |   min   |   max   |   Type  |
    +---------+---------+-----------+-----------+---------+---------+---------+
    |  3612675|  3612675| 36.127 ms | 36.127 ms |  3612675|  3612675|   none  |
    +---------+---------+-----------+-----------+---------+---------+---------+

    + Detail: 
        * Instance: 
        N/A

        * Loop: 
        +----------+---------+---------+----------+-----------+-----------+---------+----------+
        |          |  Latency (cycles) | Iteration|  Initiation Interval  |   Trip  |          |
        | Loop Name|   min   |   max   |  Latency |  achieved |   target  |  Count  | Pipelined|
        +----------+---------+---------+----------+-----------+-----------+---------+----------+
        |- Loop 1  |  3612673|  3612673|         3|          1|          1|  3612672|    yes   |
        +----------+---------+---------+----------+-----------+-----------+---------+----------+



================================================================
== Utilization Estimates
================================================================
* Summary: 
+-----------------+---------+-------+--------+-------+-----+
|       Name      | BRAM_18K| DSP48E|   FF   |  LUT  | URAM|
+-----------------+---------+-------+--------+-------+-----+
|DSP              |        -|      -|       -|      -|    -|
|Expression       |        -|      -|       0|    390|    -|
|FIFO             |        -|      -|       -|      -|    -|
|Instance         |        -|      0|       0|    529|    -|
|Memory           |        -|      -|       -|      -|    -|
|Multiplexer      |        -|      -|       -|    117|    -|
|Register         |        -|      -|    2515|      -|    -|
+-----------------+---------+-------+--------+-------+-----+
|Total            |        0|      0|    2515|   1036|    0|
+-----------------+---------+-------+--------+-------+-----+
|Available        |      280|    220|  106400|  53200|    0|
+-----------------+---------+-------+--------+-------+-----+
|Utilization (%)  |        0|      0|       2|      1|    0|
+-----------------+---------+-------+--------+-------+-----+

+ Detail: 
    * Instance: 
    +-------------------------+----------------------+---------+-------+---+-----+-----+
    |         Instance        |        Module        | BRAM_18K| DSP48E| FF| LUT | URAM|
    +-------------------------+----------------------+---------+-------+---+-----+-----+
    |StreamingFCLayer_bkb_U1  |StreamingFCLayer_bkb  |        0|      0|  0|  337|    0|
    |StreamingFCLayer_cud_U2  |StreamingFCLayer_cud  |        0|      0|  0|   24|    0|
    |StreamingFCLayer_cud_U3  |StreamingFCLayer_cud  |        0|      0|  0|   24|    0|
    |StreamingFCLayer_cud_U4  |StreamingFCLayer_cud  |        0|      0|  0|   24|    0|
    |StreamingFCLayer_cud_U5  |StreamingFCLayer_cud  |        0|      0|  0|   24|    0|
    |StreamingFCLayer_cud_U6  |StreamingFCLayer_cud  |        0|      0|  0|   24|    0|
    |StreamingFCLayer_cud_U7  |StreamingFCLayer_cud  |        0|      0|  0|   24|    0|
    |StreamingFCLayer_cud_U8  |StreamingFCLayer_cud  |        0|      0|  0|   24|    0|
    |StreamingFCLayer_cud_U9  |StreamingFCLayer_cud  |        0|      0|  0|   24|    0|
    +-------------------------+----------------------+---------+-------+---+-----+-----+
    |Total                    |                      |        0|      0|  0|  529|    0|
    +-------------------------+----------------------+---------+-------+---+-----+-----+

    * DSP48E: 
    N/A

    * Memory: 
    N/A

    * FIFO: 
    N/A

    * Expression: 
    +----------------------------------+----------+-------+---+----+------------+------------+
    |           Variable Name          | Operation| DSP48E| FF| LUT| Bitwidth P0| Bitwidth P1|
    +----------------------------------+----------+-------+---+----+------------+------------+
    |add_ln700_1_fu_1783_p2            |     +    |      0|  0|  15|           9|           9|
    |add_ln700_2_fu_1857_p2            |     +    |      0|  0|  16|          16|          16|
    |add_ln700_3_fu_1789_p2            |     +    |      0|  0|  15|           9|           9|
    |add_ln700_4_fu_1795_p2            |     +    |      0|  0|  16|           9|           9|
    |add_ln700_5_fu_1801_p2            |     +    |      0|  0|  16|           9|           9|
    |add_ln700_6_fu_1869_p2            |     +    |      0|  0|  14|          10|          10|
    |add_ln700_fu_1848_p2              |     +    |      0|  0|  23|          16|          16|
    |i_fu_725_p2                       |     +    |      0|  0|  29|          22|           1|
    |nf_fu_1810_p2                     |     +    |      0|  0|  39|          32|           1|
    |out_V_V_TDATA                     |     +    |      0|  0|  16|          16|          16|
    |sf_fu_1560_p2                     |     +    |      0|  0|  39|           1|          32|
    |ap_block_pp0_stage0_01001         |    and   |      0|  0|   2|           1|           1|
    |ap_block_state4_io                |    and   |      0|  0|   2|           1|           1|
    |ap_predicate_op173_read_state2    |    and   |      0|  0|   2|           1|           1|
    |icmp_ln248_fu_719_p2              |   icmp   |      0|  0|  18|          22|          21|
    |icmp_ln252_fu_734_p2              |   icmp   |      0|  0|  18|          32|           1|
    |icmp_ln271_fu_1480_p2             |   icmp   |      0|  0|  18|          32|           1|
    |icmp_ln289_fu_1566_p2             |   icmp   |      0|  0|  18|          32|           7|
    |icmp_ln301_fu_1816_p2             |   icmp   |      0|  0|  18|          32|           7|
    |ap_block_pp0_stage0_11001         |    or    |      0|  0|   2|           1|           1|
    |ap_block_state2_pp0_stage0_iter0  |    or    |      0|  0|   2|           1|           1|
    |nf_3_fu_1822_p3                   |  select  |      0|  0|  32|           1|           1|
    |res_V_fu_1838_p3                  |  select  |      0|  0|  16|           1|           1|
    |ap_enable_pp0                     |    xor   |      0|  0|   2|           1|           2|
    |ap_enable_reg_pp0_iter1           |    xor   |      0|  0|   2|           2|           1|
    +----------------------------------+----------+-------+---+----+------------+------------+
    |Total                             |          |      0|  0| 390|         309|         175|
    +----------------------------------+----------+-------+---+----+------------+------------+

    * Multiplexer: 
    +------------------------------------------+----+-----------+-----+-----------+
    |                   Name                   | LUT| Input Size| Bits| Total Bits|
    +------------------------------------------+----+-----------+-----+-----------+
    |ap_NS_fsm                                 |  21|          4|    1|          4|
    |ap_enable_reg_pp0_iter1                   |   9|          2|    1|          2|
    |ap_enable_reg_pp0_iter2                   |   9|          2|    1|          2|
    |ap_phi_reg_pp0_iter1_act_m_val_V_reg_558  |  15|          3|   32|         96|
    |ap_sig_allocacmp_nf_2_load                |   9|          2|   32|         64|
    |i_0_reg_547                               |   9|          2|   22|         44|
    |in_V_V_TDATA_blk_n                        |   9|          2|    1|          2|
    |nf_2_fu_524                               |   9|          2|   32|         64|
    |out_V_V_TDATA_blk_n                       |   9|          2|    1|          2|
    |sf_1_fu_232                               |   9|          2|   32|         64|
    |weight_V_V_TDATA_blk_n                    |   9|          2|    1|          2|
    +------------------------------------------+----+-----------+-----+-----------+
    |Total                                     | 117|         25|  156|        346|
    +------------------------------------------+----+-----------+-----+-----------+

    * Register: 
    +------------------------------------------+----+----+-----+-----------+
    |                   Name                   | FF | LUT| Bits| Const Bits|
    +------------------------------------------+----+----+-----+-----------+
    |add_ln700_1_reg_2497                      |   9|   0|    9|          0|
    |add_ln700_3_reg_2502                      |   9|   0|    9|          0|
    |add_ln700_5_reg_2507                      |   9|   0|    9|          0|
    |ap_CS_fsm                                 |   3|   0|    3|          0|
    |ap_enable_reg_pp0_iter0                   |   1|   0|    1|          0|
    |ap_enable_reg_pp0_iter1                   |   1|   0|    1|          0|
    |ap_enable_reg_pp0_iter2                   |   1|   0|    1|          0|
    |ap_phi_reg_pp0_iter1_act_m_val_V_reg_558  |  32|   0|   32|          0|
    |i_0_reg_547                               |  22|   0|   22|          0|
    |icmp_ln271_reg_2443                       |   1|   0|    1|          0|
    |icmp_ln271_reg_2443_pp0_iter1_reg         |   1|   0|    1|          0|
    |icmp_ln289_reg_2488                       |   1|   0|    1|          0|
    |icmp_ln289_reg_2488_pp0_iter1_reg         |   1|   0|    1|          0|
    |mul_ln1352_5_reg_2492                     |   8|   0|    8|          0|
    |nf_2_fu_524                               |  32|   0|   32|          0|
    |p_Result_2_reg_2458                       |   4|   0|    4|          0|
    |p_Result_3_reg_2463                       |   4|   0|    4|          0|
    |p_Result_4_reg_2468                       |   4|   0|    4|          0|
    |p_Result_5_reg_2473                       |   4|   0|    4|          0|
    |p_Result_6_reg_2478                       |   4|   0|    4|          0|
    |p_Result_7_reg_2483                       |   4|   0|    4|          0|
    |p_Result_s_reg_2453                       |   4|   0|    4|          0|
    |sf_1_fu_232                               |  32|   0|   32|          0|
    |tmp_V_10_fu_268                           |  32|   0|   32|          0|
    |tmp_V_11_fu_272                           |  32|   0|   32|          0|
    |tmp_V_12_fu_276                           |  32|   0|   32|          0|
    |tmp_V_13_fu_280                           |  32|   0|   32|          0|
    |tmp_V_14_fu_284                           |  32|   0|   32|          0|
    |tmp_V_15_fu_288                           |  32|   0|   32|          0|
    |tmp_V_16_fu_292                           |  32|   0|   32|          0|
    |tmp_V_17_fu_296                           |  32|   0|   32|          0|
    |tmp_V_18_fu_300                           |  32|   0|   32|          0|
    |tmp_V_19_fu_304                           |  32|   0|   32|          0|
    |tmp_V_1_fu_236                            |  32|   0|   32|          0|
    |tmp_V_20_fu_308                           |  32|   0|   32|          0|
    |tmp_V_21_fu_312                           |  32|   0|   32|          0|
    |tmp_V_22_fu_316                           |  32|   0|   32|          0|
    |tmp_V_23_fu_320                           |  32|   0|   32|          0|
    |tmp_V_24_fu_324                           |  32|   0|   32|          0|
    |tmp_V_25_fu_328                           |  32|   0|   32|          0|
    |tmp_V_26_fu_332                           |  32|   0|   32|          0|
    |tmp_V_27_fu_336                           |  32|   0|   32|          0|
    |tmp_V_28_fu_340                           |  32|   0|   32|          0|
    |tmp_V_29_fu_344                           |  32|   0|   32|          0|
    |tmp_V_2_fu_240                            |  32|   0|   32|          0|
    |tmp_V_30_fu_348                           |  32|   0|   32|          0|
    |tmp_V_31_fu_352                           |  32|   0|   32|          0|
    |tmp_V_32_fu_356                           |  32|   0|   32|          0|
    |tmp_V_33_fu_360                           |  32|   0|   32|          0|
    |tmp_V_34_fu_364                           |  32|   0|   32|          0|
    |tmp_V_35_fu_368                           |  32|   0|   32|          0|
    |tmp_V_36_fu_372                           |  32|   0|   32|          0|
    |tmp_V_37_fu_376                           |  32|   0|   32|          0|
    |tmp_V_38_fu_380                           |  32|   0|   32|          0|
    |tmp_V_39_fu_384                           |  32|   0|   32|          0|
    |tmp_V_40_fu_388                           |  32|   0|   32|          0|
    |tmp_V_41_fu_392                           |  32|   0|   32|          0|
    |tmp_V_42_fu_396                           |  32|   0|   32|          0|
    |tmp_V_43_fu_400                           |  32|   0|   32|          0|
    |tmp_V_44_fu_404                           |  32|   0|   32|          0|
    |tmp_V_45_fu_408                           |  32|   0|   32|          0|
    |tmp_V_46_fu_412                           |  32|   0|   32|          0|
    |tmp_V_47_fu_416                           |  32|   0|   32|          0|
    |tmp_V_48_fu_420                           |  32|   0|   32|          0|
    |tmp_V_49_fu_424                           |  32|   0|   32|          0|
    |tmp_V_4_fu_244                            |  32|   0|   32|          0|
    |tmp_V_50_fu_428                           |  32|   0|   32|          0|
    |tmp_V_51_fu_432                           |  32|   0|   32|          0|
    |tmp_V_52_fu_436                           |  32|   0|   32|          0|
    |tmp_V_53_fu_440                           |  32|   0|   32|          0|
    |tmp_V_54_fu_444                           |  32|   0|   32|          0|
    |tmp_V_55_fu_448                           |  32|   0|   32|          0|
    |tmp_V_56_fu_452                           |  32|   0|   32|          0|
    |tmp_V_57_fu_456                           |  32|   0|   32|          0|
    |tmp_V_58_fu_460                           |  32|   0|   32|          0|
    |tmp_V_59_fu_464                           |  32|   0|   32|          0|
    |tmp_V_5_fu_248                            |  32|   0|   32|          0|
    |tmp_V_60_fu_468                           |  32|   0|   32|          0|
    |tmp_V_61_fu_472                           |  32|   0|   32|          0|
    |tmp_V_62_fu_476                           |  32|   0|   32|          0|
    |tmp_V_63_fu_480                           |  32|   0|   32|          0|
    |tmp_V_64_fu_484                           |  32|   0|   32|          0|
    |tmp_V_65_fu_488                           |  32|   0|   32|          0|
    |tmp_V_66_fu_492                           |  32|   0|   32|          0|
    |tmp_V_67_fu_496                           |  32|   0|   32|          0|
    |tmp_V_68_fu_500                           |  32|   0|   32|          0|
    |tmp_V_69_fu_504                           |  32|   0|   32|          0|
    |tmp_V_6_fu_252                            |  32|   0|   32|          0|
    |tmp_V_70_fu_508                           |  32|   0|   32|          0|
    |tmp_V_71_fu_512                           |  32|   0|   32|          0|
    |tmp_V_72_fu_516                           |  32|   0|   32|          0|
    |tmp_V_73_fu_520                           |  32|   0|   32|          0|
    |tmp_V_7_fu_256                            |  32|   0|   32|          0|
    |tmp_V_8_fu_260                            |  32|   0|   32|          0|
    |tmp_V_9_fu_264                            |  32|   0|   32|          0|
    |tmp_V_fu_228                              |  16|   0|   16|          0|
    |trunc_ln647_reg_2448                      |   4|   0|    4|          0|
    +------------------------------------------+----+----+-----+-----------+
    |Total                                     |2515|   0| 2515|          0|
    +------------------------------------------+----+----+-----+-----------+



================================================================
== Interface
================================================================
* Summary: 
+-------------------+-----+-----+------------+----------------------+--------------+
|     RTL Ports     | Dir | Bits|  Protocol  |     Source Object    |    C Type    |
+-------------------+-----+-----+------------+----------------------+--------------+
|ap_clk             |  in |    1| ap_ctrl_hs | Matrix_Vector_Activa | return value |
|ap_rst             |  in |    1| ap_ctrl_hs | Matrix_Vector_Activa | return value |
|ap_start           |  in |    1| ap_ctrl_hs | Matrix_Vector_Activa | return value |
|ap_done            | out |    1| ap_ctrl_hs | Matrix_Vector_Activa | return value |
|ap_idle            | out |    1| ap_ctrl_hs | Matrix_Vector_Activa | return value |
|ap_ready           | out |    1| ap_ctrl_hs | Matrix_Vector_Activa | return value |
|in_V_V_TDATA       |  in |   32|    axis    |        in_V_V        |    pointer   |
|in_V_V_TVALID      |  in |    1|    axis    |        in_V_V        |    pointer   |
|in_V_V_TREADY      | out |    1|    axis    |        in_V_V        |    pointer   |
|out_V_V_TDATA      | out |   16|    axis    |        out_V_V       |    pointer   |
|out_V_V_TVALID     | out |    1|    axis    |        out_V_V       |    pointer   |
|out_V_V_TREADY     |  in |    1|    axis    |        out_V_V       |    pointer   |
|weight_V_V_TDATA   |  in |   32|    axis    |      weight_V_V      |    pointer   |
|weight_V_V_TVALID  |  in |    1|    axis    |      weight_V_V      |    pointer   |
|weight_V_V_TREADY  | out |    1|    axis    |      weight_V_V      |    pointer   |
+-------------------+-----+-----+------------+----------------------+--------------+

