

================================================================
== Vivado HLS Report for 'StreamingDataWidthCo_1'
================================================================
* Date:           Sat Jan 30 15:33:24 2021

* Version:        2020.1.1 (Build 2951007 on Wed Aug 05 23:24:06 MDT 2020)
* Project:        project_StreamingDataWidthConverter_Batch_1
* Solution:       sol1
* Product family: zynq
* Target device:  xc7z020-clg400-1


================================================================
== Performance Estimates
================================================================
+ Timing: 
    * Summary: 
    +--------+----------+----------+------------+
    |  Clock |  Target  | Estimated| Uncertainty|
    +--------+----------+----------+------------+
    |ap_clk  | 10.00 ns | 5.723 ns |   1.25 ns  |
    +--------+----------+----------+------------+

+ Latency: 
    * Summary: 
    +---------+---------+----------+----------+-------+-------+---------+
    |  Latency (cycles) |  Latency (absolute) |    Interval   | Pipeline|
    |   min   |   max   |    min   |    max   |  min  |  max  |   Type  |
    +---------+---------+----------+----------+-------+-------+---------+
    |    12802|    12802| 0.128 ms | 0.128 ms |  12802|  12802|   none  |
    +---------+---------+----------+----------+-------+-------+---------+

    + Detail: 
        * Instance: 
        N/A

        * Loop: 
        +----------+---------+---------+----------+-----------+-----------+-------+----------+
        |          |  Latency (cycles) | Iteration|  Initiation Interval  |  Trip |          |
        | Loop Name|   min   |   max   |  Latency |  achieved |   target  | Count | Pipelined|
        +----------+---------+---------+----------+-----------+-----------+-------+----------+
        |- Loop 1  |    12800|    12800|         2|          1|          1|  12800|    yes   |
        +----------+---------+---------+----------+-----------+-----------+-------+----------+



================================================================
== Utilization Estimates
================================================================
* Summary: 
+-----------------+---------+-------+--------+-------+-----+
|       Name      | BRAM_18K| DSP48E|   FF   |  LUT  | URAM|
+-----------------+---------+-------+--------+-------+-----+
|DSP              |        -|      -|       -|      -|    -|
|Expression       |        -|      -|       0|    155|    -|
|FIFO             |        -|      -|       -|      -|    -|
|Instance         |        -|      -|       -|      -|    -|
|Memory           |        -|      -|       -|      -|    -|
|Multiplexer      |        -|      -|       -|     99|    -|
|Register         |        -|      -|     221|      -|    -|
+-----------------+---------+-------+--------+-------+-----+
|Total            |        0|      0|     221|    254|    0|
+-----------------+---------+-------+--------+-------+-----+
|Available        |      280|    220|  106400|  53200|    0|
+-----------------+---------+-------+--------+-------+-----+
|Utilization (%)  |        0|      0|   ~0   |   ~0  |    0|
+-----------------+---------+-------+--------+-------+-----+

+ Detail: 
    * Instance: 
    N/A

    * DSP48E: 
    N/A

    * Memory: 
    N/A

    * FIFO: 
    N/A

    * Expression: 
    +----------------------------------+----------+-------+---+----+------------+------------+
    |           Variable Name          | Operation| DSP48E| FF| LUT| Bitwidth P0| Bitwidth P1|
    +----------------------------------+----------+-------+---+----+------------+------------+
    |o_fu_122_p2                       |     +    |      0|  0|  39|           1|          32|
    |t_fu_110_p2                       |     +    |      0|  0|  19|          14|           1|
    |ap_block_pp0_stage0_01001         |    and   |      0|  0|   2|           1|           1|
    |ap_block_state2_pp0_stage0_iter0  |    and   |      0|  0|   2|           1|           1|
    |ap_block_state3_io                |    and   |      0|  0|   2|           1|           1|
    |ap_condition_86                   |    and   |      0|  0|   2|           1|           1|
    |ap_predicate_op16_read_state2     |    and   |      0|  0|   2|           1|           1|
    |icmp_ln370_fu_104_p2              |   icmp   |      0|  0|  13|          14|          13|
    |icmp_ln373_fu_116_p2              |   icmp   |      0|  0|  18|          32|           1|
    |icmp_ln384_fu_128_p2              |   icmp   |      0|  0|  18|          32|           3|
    |ap_block_pp0_stage0_11001         |    or    |      0|  0|   2|           1|           1|
    |select_ln384_fu_134_p3            |  select  |      0|  0|  32|           1|           1|
    |ap_enable_pp0                     |    xor   |      0|  0|   2|           1|           2|
    |ap_enable_reg_pp0_iter1           |    xor   |      0|  0|   2|           2|           1|
    +----------------------------------+----------+-------+---+----+------------+------------+
    |Total                             |          |      0|  0| 155|         103|          60|
    +----------------------------------+----------+-------+---+----+------------+------------+

    * Multiplexer: 
    +--------------------------------------+----+-----------+-----+-----------+
    |                 Name                 | LUT| Input Size| Bits| Total Bits|
    +--------------------------------------+----+-----------+-----+-----------+
    |ap_NS_fsm                             |  21|          4|    1|          4|
    |ap_enable_reg_pp0_iter1               |  15|          3|    1|          3|
    |ap_phi_mux_p_Val2_s_phi_fu_98_p4      |   9|          2|   96|        192|
    |ap_phi_reg_pp0_iter1_p_Val2_s_reg_95  |   9|          2|   96|        192|
    |in_V_V_TDATA_blk_n                    |   9|          2|    1|          2|
    |o_0_reg_73                            |   9|          2|   32|         64|
    |out_V_V_TDATA_blk_n                   |   9|          2|    1|          2|
    |p_025_0_reg_61                        |   9|          2|   72|        144|
    |t_0_reg_84                            |   9|          2|   14|         28|
    +--------------------------------------+----+-----------+-----+-----------+
    |Total                                 |  99|         21|  314|        631|
    +--------------------------------------+----+-----------+-----+-----------+

    * Register: 
    +--------------------------------------+----+----+-----+-----------+
    |                 Name                 | FF | LUT| Bits| Const Bits|
    +--------------------------------------+----+----+-----+-----------+
    |ap_CS_fsm                             |   3|   0|    3|          0|
    |ap_enable_reg_pp0_iter0               |   1|   0|    1|          0|
    |ap_enable_reg_pp0_iter1               |   1|   0|    1|          0|
    |ap_phi_reg_pp0_iter1_p_Val2_s_reg_95  |  96|   0|   96|          0|
    |icmp_ln370_reg_162                    |   1|   0|    1|          0|
    |icmp_ln373_reg_171                    |   1|   0|    1|          0|
    |o_0_reg_73                            |  32|   0|   32|          0|
    |p_025_0_reg_61                        |  72|   0|   72|          0|
    |t_0_reg_84                            |  14|   0|   14|          0|
    +--------------------------------------+----+----+-----+-----------+
    |Total                                 | 221|   0|  221|          0|
    +--------------------------------------+----+----+-----+-----------+



================================================================
== Interface
================================================================
* Summary: 
+----------------+-----+-----+------------+------------------------+--------------+
|    RTL Ports   | Dir | Bits|  Protocol  |      Source Object     |    C Type    |
+----------------+-----+-----+------------+------------------------+--------------+
|ap_clk          |  in |    1| ap_ctrl_hs | StreamingDataWidthCo.1 | return value |
|ap_rst          |  in |    1| ap_ctrl_hs | StreamingDataWidthCo.1 | return value |
|ap_start        |  in |    1| ap_ctrl_hs | StreamingDataWidthCo.1 | return value |
|ap_done         | out |    1| ap_ctrl_hs | StreamingDataWidthCo.1 | return value |
|ap_idle         | out |    1| ap_ctrl_hs | StreamingDataWidthCo.1 | return value |
|ap_ready        | out |    1| ap_ctrl_hs | StreamingDataWidthCo.1 | return value |
|in_V_V_TDATA    |  in |   96|    axis    |         in_V_V         |    pointer   |
|in_V_V_TVALID   |  in |    1|    axis    |         in_V_V         |    pointer   |
|in_V_V_TREADY   | out |    1|    axis    |         in_V_V         |    pointer   |
|out_V_V_TDATA   | out |   24|    axis    |         out_V_V        |    pointer   |
|out_V_V_TVALID  | out |    1|    axis    |         out_V_V        |    pointer   |
|out_V_V_TREADY  |  in |    1|    axis    |         out_V_V        |    pointer   |
+----------------+-----+-----+------------+------------------------+--------------+

